-------------------------------------
PRODIGAL v2.6.3 [February, 2016]         
Univ of Tenn / Oak Ridge National Lab
Doug Hyatt, Loren Hauser, et al.     
-------------------------------------
Request:  Single Genome, Phase:  Training
Reading in the sequence(s) to train...4693244 bp seq created, 50.63 pct GC
Locating all potential starts and stops...241486 nodes
Looking for GC bias in different frames...frame bias scores: 1.55 0.19 1.26
Building initial set of genes to train from...done!
Creating coding model and scoring nodes...done!
Examining upstream regions and training starts...done!
-------------------------------------
Request:  Single Genome, Phase:  Gene Finding
Finding genes in sequence #1 (414005 bp)...done!
Finding genes in sequence #2 (297149 bp)...done!
Finding genes in sequence #3 (284896 bp)...done!
Finding genes in sequence #4 (268404 bp)...done!
Finding genes in sequence #5 (264628 bp)...done!
Finding genes in sequence #6 (224367 bp)...done!
Finding genes in sequence #7 (205025 bp)...done!
Finding genes in sequence #8 (203054 bp)...done!
Finding genes in sequence #9 (178300 bp)...done!
Finding genes in sequence #10 (175988 bp)...done!
Finding genes in sequence #11 (148513 bp)...done!
Finding genes in sequence #12 (133233 bp)...done!
Finding genes in sequence #13 (133063 bp)...done!
Finding genes in sequence #14 (125752 bp)...done!
Finding genes in sequence #15 (117642 bp)...done!
Finding genes in sequence #16 (112849 bp)...done!
Finding genes in sequence #17 (95774 bp)...done!
Finding genes in sequence #18 (88469 bp)...done!
Finding genes in sequence #19 (78649 bp)...done!
Finding genes in sequence #20 (67374 bp)...done!
Finding genes in sequence #21 (65161 bp)...done!
Finding genes in sequence #22 (62449 bp)...done!
Finding genes in sequence #23 (58431 bp)...done!
Finding genes in sequence #24 (56917 bp)...done!
Finding genes in sequence #25 (54904 bp)...done!
Finding genes in sequence #26 (47992 bp)...done!
Finding genes in sequence #27 (43853 bp)...done!
Finding genes in sequence #28 (41847 bp)...done!
Finding genes in sequence #29 (41409 bp)...done!
Finding genes in sequence #30 (40969 bp)...done!
Finding genes in sequence #31 (40911 bp)...done!
Finding genes in sequence #32 (40204 bp)...done!
Finding genes in sequence #33 (35474 bp)...done!
Finding genes in sequence #34 (35227 bp)...done!
Finding genes in sequence #35 (33326 bp)...done!
Finding genes in sequence #36 (32370 bp)...done!
Finding genes in sequence #37 (31626 bp)...done!
Finding genes in sequence #38 (31036 bp)...done!
Finding genes in sequence #39 (29321 bp)...done!
Finding genes in sequence #40 (23981 bp)...done!
Finding genes in sequence #41 (15974 bp)...done!
Finding genes in sequence #42 (13124 bp)...done!
Finding genes in sequence #43 (10483 bp)...done!
Finding genes in sequence #44 (9269 bp)...done!
Finding genes in sequence #45 (8099 bp)...done!
Finding genes in sequence #46 (6704 bp)...done!
Finding genes in sequence #47 (5682 bp)...done!
Finding genes in sequence #48 (5463 bp)...done!
Finding genes in sequence #49 (4267 bp)...done!
Finding genes in sequence #50 (4167 bp)...done!
Finding genes in sequence #51 (3217 bp)...done!
Finding genes in sequence #52 (2347 bp)...done!
Finding genes in sequence #53 (1926 bp)...done!
Finding genes in sequence #54 (1794 bp)...done!
Finding genes in sequence #55 (1742 bp)...done!
Finding genes in sequence #56 (1702 bp)...done!
Finding genes in sequence #57 (1608 bp)...done!
Finding genes in sequence #58 (1345 bp)...done!
Finding genes in sequence #59 (1255 bp)...done!
Finding genes in sequence #60 (1124 bp)...done!
Finding genes in sequence #61 (1058 bp)...done!
Finding genes in sequence #62 (848 bp)...done!
Finding genes in sequence #63 (754 bp)...done!
Finding genes in sequence #64 (734 bp)...done!
Finding genes in sequence #65 (706 bp)...done!
Finding genes in sequence #66 (676 bp)...done!
Finding genes in sequence #67 (569 bp)...done!
Finding genes in sequence #68 (566 bp)...done!
Finding genes in sequence #69 (533 bp)...done!
Finding genes in sequence #70 (486 bp)...done!
Finding genes in sequence #71 (479 bp)...done!
Finding genes in sequence #72 (464 bp)...done!
Finding genes in sequence #73 (450 bp)...done!
Finding genes in sequence #74 (435 bp)...done!
Finding genes in sequence #75 (430 bp)...done!
Finding genes in sequence #76 (392 bp)...done!
Finding genes in sequence #77 (370 bp)...done!
Finding genes in sequence #78 (364 bp)...done!
Finding genes in sequence #79 (341 bp)...done!
Finding genes in sequence #80 (337 bp)...done!
Finding genes in sequence #81 (335 bp)...done!
Finding genes in sequence #82 (334 bp)...done!
Finding genes in sequence #83 (334 bp)...done!
Finding genes in sequence #84 (330 bp)...done!
Finding genes in sequence #85 (330 bp)...done!
Finding genes in sequence #86 (325 bp)...done!
Finding genes in sequence #87 (325 bp)...done!
Finding genes in sequence #88 (324 bp)...done!
Finding genes in sequence #89 (321 bp)...done!
Finding genes in sequence #90 (317 bp)...done!
Finding genes in sequence #91 (314 bp)...done!
Finding genes in sequence #92 (314 bp)...done!
Finding genes in sequence #93 (314 bp)...done!
Finding genes in sequence #94 (310 bp)...done!
Finding genes in sequence #95 (309 bp)...done!
Finding genes in sequence #96 (309 bp)...done!
Finding genes in sequence #97 (307 bp)...done!
Finding genes in sequence #98 (306 bp)...done!
Finding genes in sequence #99 (302 bp)...done!
Finding genes in sequence #100 (298 bp)...done!
Finding genes in sequence #101 (298 bp)...done!
Finding genes in sequence #102 (297 bp)...done!
Finding genes in sequence #103 (295 bp)...done!
Finding genes in sequence #104 (295 bp)...done!
Finding genes in sequence #105 (295 bp)...done!
Finding genes in sequence #106 (294 bp)...done!
Finding genes in sequence #107 (294 bp)...done!
Finding genes in sequence #108 (293 bp)...done!
Finding genes in sequence #109 (292 bp)...done!
Finding genes in sequence #110 (291 bp)...done!
Finding genes in sequence #111 (291 bp)...done!
Finding genes in sequence #112 (288 bp)...done!
Finding genes in sequence #113 (287 bp)...done!
Finding genes in sequence #114 (286 bp)...done!
Finding genes in sequence #115 (285 bp)...done!
Finding genes in sequence #116 (284 bp)...done!
Finding genes in sequence #117 (284 bp)...done!
Finding genes in sequence #118 (283 bp)...done!
Finding genes in sequence #119 (283 bp)...done!
Finding genes in sequence #120 (283 bp)...done!
Finding genes in sequence #121 (282 bp)...done!
Finding genes in sequence #122 (281 bp)...done!
Finding genes in sequence #123 (280 bp)...done!
Finding genes in sequence #124 (280 bp)...done!
Finding genes in sequence #125 (279 bp)...done!
Finding genes in sequence #126 (278 bp)...done!
Finding genes in sequence #127 (278 bp)...done!
Finding genes in sequence #128 (278 bp)...done!
Finding genes in sequence #129 (278 bp)...done!
Finding genes in sequence #130 (278 bp)...done!
Finding genes in sequence #131 (277 bp)...done!
Finding genes in sequence #132 (277 bp)...done!
Finding genes in sequence #133 (277 bp)...done!
Finding genes in sequence #134 (276 bp)...done!
Finding genes in sequence #135 (276 bp)...done!
Finding genes in sequence #136 (276 bp)...done!
Finding genes in sequence #137 (275 bp)...done!
Finding genes in sequence #138 (275 bp)...done!
Finding genes in sequence #139 (275 bp)...done!
Finding genes in sequence #140 (274 bp)...done!
Finding genes in sequence #141 (274 bp)...done!
Finding genes in sequence #142 (274 bp)...done!
Finding genes in sequence #143 (274 bp)...done!
Finding genes in sequence #144 (273 bp)...done!
Finding genes in sequence #145 (273 bp)...done!
Finding genes in sequence #146 (273 bp)...done!
Finding genes in sequence #147 (273 bp)...done!
Finding genes in sequence #148 (273 bp)...done!
Finding genes in sequence #149 (271 bp)...done!
Finding genes in sequence #150 (271 bp)...done!
Finding genes in sequence #151 (270 bp)...done!
Finding genes in sequence #152 (270 bp)...done!
Finding genes in sequence #153 (270 bp)...done!
Finding genes in sequence #154 (270 bp)...done!
Finding genes in sequence #155 (269 bp)...done!
Finding genes in sequence #156 (269 bp)...done!
Finding genes in sequence #157 (269 bp)...done!
Finding genes in sequence #158 (268 bp)...done!
Finding genes in sequence #159 (268 bp)...done!
Finding genes in sequence #160 (268 bp)...done!
Finding genes in sequence #161 (268 bp)...done!
Finding genes in sequence #162 (267 bp)...done!
Finding genes in sequence #163 (267 bp)...done!
Finding genes in sequence #164 (267 bp)...done!
Finding genes in sequence #165 (267 bp)...done!
Finding genes in sequence #166 (266 bp)...done!
Finding genes in sequence #167 (266 bp)...done!
Finding genes in sequence #168 (266 bp)...done!
Finding genes in sequence #169 (265 bp)...done!
Finding genes in sequence #170 (265 bp)...done!
Finding genes in sequence #171 (265 bp)...done!
Finding genes in sequence #172 (265 bp)...done!
Finding genes in sequence #173 (265 bp)...done!
Finding genes in sequence #174 (265 bp)...done!
Finding genes in sequence #175 (265 bp)...done!
Finding genes in sequence #176 (265 bp)...done!
Finding genes in sequence #177 (264 bp)...done!
Finding genes in sequence #178 (264 bp)...done!
Finding genes in sequence #179 (264 bp)...done!
Finding genes in sequence #180 (264 bp)...done!
Finding genes in sequence #181 (263 bp)...done!
Finding genes in sequence #182 (263 bp)...done!
Finding genes in sequence #183 (263 bp)...done!
Finding genes in sequence #184 (263 bp)...done!
Finding genes in sequence #185 (263 bp)...done!
Finding genes in sequence #186 (263 bp)...done!
Finding genes in sequence #187 (263 bp)...done!
Finding genes in sequence #188 (262 bp)...done!
Finding genes in sequence #189 (262 bp)...done!
Finding genes in sequence #190 (262 bp)...done!
Finding genes in sequence #191 (262 bp)...done!
Finding genes in sequence #192 (261 bp)...done!
Finding genes in sequence #193 (261 bp)...done!
Finding genes in sequence #194 (261 bp)...done!
Finding genes in sequence #195 (261 bp)...done!
Finding genes in sequence #196 (261 bp)...done!
Finding genes in sequence #197 (261 bp)...done!
Finding genes in sequence #198 (260 bp)...done!
Finding genes in sequence #199 (260 bp)...done!
Finding genes in sequence #200 (259 bp)...done!
Finding genes in sequence #201 (259 bp)...done!
Finding genes in sequence #202 (259 bp)...done!
Finding genes in sequence #203 (259 bp)...done!
Finding genes in sequence #204 (259 bp)...done!
Finding genes in sequence #205 (258 bp)...done!
Finding genes in sequence #206 (258 bp)...done!
Finding genes in sequence #207 (258 bp)...done!
Finding genes in sequence #208 (258 bp)...done!
Finding genes in sequence #209 (256 bp)...done!
Finding genes in sequence #210 (256 bp)...done!
Finding genes in sequence #211 (256 bp)...done!
Finding genes in sequence #212 (256 bp)...done!
Finding genes in sequence #213 (255 bp)...done!
Finding genes in sequence #214 (255 bp)...done!
Finding genes in sequence #215 (255 bp)...done!
Finding genes in sequence #216 (255 bp)...done!
Finding genes in sequence #217 (254 bp)...done!
Finding genes in sequence #218 (254 bp)...done!
Finding genes in sequence #219 (254 bp)...done!
Finding genes in sequence #220 (253 bp)...done!
Finding genes in sequence #221 (253 bp)...done!
Finding genes in sequence #222 (253 bp)...done!
Finding genes in sequence #223 (253 bp)...done!
Finding genes in sequence #224 (253 bp)...done!
Finding genes in sequence #225 (253 bp)...done!
Finding genes in sequence #226 (253 bp)...done!
Finding genes in sequence #227 (253 bp)...done!
Finding genes in sequence #228 (252 bp)...done!
Finding genes in sequence #229 (252 bp)...done!
Finding genes in sequence #230 (251 bp)...done!
Finding genes in sequence #231 (251 bp)...done!
Finding genes in sequence #232 (251 bp)...done!
Finding genes in sequence #233 (251 bp)...done!
Finding genes in sequence #234 (251 bp)...done!
Finding genes in sequence #235 (250 bp)...done!
Finding genes in sequence #236 (250 bp)...done!
Finding genes in sequence #237 (250 bp)...done!
Finding genes in sequence #238 (250 bp)...done!
Finding genes in sequence #239 (250 bp)...done!
Finding genes in sequence #240 (249 bp)...done!
Finding genes in sequence #241 (249 bp)...done!
Finding genes in sequence #242 (249 bp)...done!
Finding genes in sequence #243 (249 bp)...done!
Finding genes in sequence #244 (249 bp)...done!
Finding genes in sequence #245 (249 bp)...done!
Finding genes in sequence #246 (249 bp)...done!
Finding genes in sequence #247 (249 bp)...done!
Finding genes in sequence #248 (249 bp)...done!
Finding genes in sequence #249 (249 bp)...done!
Finding genes in sequence #250 (248 bp)...done!
Finding genes in sequence #251 (248 bp)...done!
Finding genes in sequence #252 (248 bp)...done!
Finding genes in sequence #253 (248 bp)...done!
Finding genes in sequence #254 (248 bp)...done!
Finding genes in sequence #255 (248 bp)...done!
Finding genes in sequence #256 (247 bp)...done!
Finding genes in sequence #257 (247 bp)...done!
Finding genes in sequence #258 (247 bp)...done!
Finding genes in sequence #259 (247 bp)...done!
Finding genes in sequence #260 (247 bp)...done!
Finding genes in sequence #261 (247 bp)...done!
Finding genes in sequence #262 (247 bp)...done!
Finding genes in sequence #263 (247 bp)...done!
Finding genes in sequence #264 (246 bp)...done!
Finding genes in sequence #265 (246 bp)...done!
Finding genes in sequence #266 (246 bp)...done!
Finding genes in sequence #267 (246 bp)...done!
Finding genes in sequence #268 (246 bp)...done!
Finding genes in sequence #269 (246 bp)...done!
Finding genes in sequence #270 (246 bp)...done!
Finding genes in sequence #271 (246 bp)...done!
Finding genes in sequence #272 (246 bp)...done!
Finding genes in sequence #273 (245 bp)...done!
Finding genes in sequence #274 (245 bp)...done!
Finding genes in sequence #275 (245 bp)...done!
Finding genes in sequence #276 (245 bp)...done!
Finding genes in sequence #277 (245 bp)...done!
Finding genes in sequence #278 (245 bp)...done!
Finding genes in sequence #279 (245 bp)...done!
Finding genes in sequence #280 (244 bp)...done!
Finding genes in sequence #281 (244 bp)...done!
Finding genes in sequence #282 (244 bp)...done!
Finding genes in sequence #283 (244 bp)...done!
Finding genes in sequence #284 (244 bp)...done!
Finding genes in sequence #285 (244 bp)...done!
Finding genes in sequence #286 (244 bp)...done!
Finding genes in sequence #287 (243 bp)...done!
Finding genes in sequence #288 (243 bp)...done!
Finding genes in sequence #289 (243 bp)...done!
Finding genes in sequence #290 (243 bp)...done!
Finding genes in sequence #291 (243 bp)...done!
Finding genes in sequence #292 (243 bp)...done!
Finding genes in sequence #293 (243 bp)...done!
Finding genes in sequence #294 (243 bp)...done!
Finding genes in sequence #295 (243 bp)...done!
Finding genes in sequence #296 (243 bp)...done!
Finding genes in sequence #297 (243 bp)...done!
Finding genes in sequence #298 (243 bp)...done!
Finding genes in sequence #299 (242 bp)...done!
Finding genes in sequence #300 (242 bp)...done!
Finding genes in sequence #301 (242 bp)...done!
Finding genes in sequence #302 (242 bp)...done!
Finding genes in sequence #303 (242 bp)...done!
Finding genes in sequence #304 (242 bp)...done!
Finding genes in sequence #305 (242 bp)...done!
Finding genes in sequence #306 (242 bp)...done!
Finding genes in sequence #307 (242 bp)...done!
Finding genes in sequence #308 (242 bp)...done!
Finding genes in sequence #309 (242 bp)...done!
Finding genes in sequence #310 (242 bp)...done!
Finding genes in sequence #311 (242 bp)...done!
Finding genes in sequence #312 (242 bp)...done!
Finding genes in sequence #313 (242 bp)...done!
Finding genes in sequence #314 (242 bp)...done!
Finding genes in sequence #315 (241 bp)...done!
Finding genes in sequence #316 (241 bp)...done!
Finding genes in sequence #317 (241 bp)...done!
Finding genes in sequence #318 (241 bp)...done!
Finding genes in sequence #319 (241 bp)...done!
Finding genes in sequence #320 (241 bp)...done!
Finding genes in sequence #321 (241 bp)...done!
Finding genes in sequence #322 (240 bp)...done!
Finding genes in sequence #323 (240 bp)...done!
Finding genes in sequence #324 (240 bp)...done!
Finding genes in sequence #325 (240 bp)...done!
Finding genes in sequence #326 (240 bp)...done!
Finding genes in sequence #327 (240 bp)...done!
Finding genes in sequence #328 (240 bp)...done!
Finding genes in sequence #329 (239 bp)...done!
Finding genes in sequence #330 (239 bp)...done!
Finding genes in sequence #331 (239 bp)...done!
Finding genes in sequence #332 (239 bp)...done!
Finding genes in sequence #333 (239 bp)...done!
Finding genes in sequence #334 (239 bp)...done!
Finding genes in sequence #335 (238 bp)...done!
Finding genes in sequence #336 (238 bp)...done!
Finding genes in sequence #337 (238 bp)...done!
Finding genes in sequence #338 (238 bp)...done!
Finding genes in sequence #339 (238 bp)...done!
Finding genes in sequence #340 (238 bp)...done!
Finding genes in sequence #341 (237 bp)...done!
Finding genes in sequence #342 (237 bp)...done!
Finding genes in sequence #343 (237 bp)...done!
Finding genes in sequence #344 (237 bp)...done!
Finding genes in sequence #345 (237 bp)...done!
Finding genes in sequence #346 (237 bp)...done!
Finding genes in sequence #347 (237 bp)...done!
Finding genes in sequence #348 (237 bp)...done!
Finding genes in sequence #349 (237 bp)...done!
Finding genes in sequence #350 (237 bp)...done!
Finding genes in sequence #351 (237 bp)...done!
Finding genes in sequence #352 (237 bp)...done!
Finding genes in sequence #353 (236 bp)...done!
Finding genes in sequence #354 (236 bp)...done!
Finding genes in sequence #355 (236 bp)...done!
Finding genes in sequence #356 (236 bp)...done!
Finding genes in sequence #357 (236 bp)...done!
Finding genes in sequence #358 (236 bp)...done!
Finding genes in sequence #359 (236 bp)...done!
Finding genes in sequence #360 (236 bp)...done!
Finding genes in sequence #361 (236 bp)...done!
Finding genes in sequence #362 (236 bp)...done!
Finding genes in sequence #363 (236 bp)...done!
Finding genes in sequence #364 (236 bp)...done!
Finding genes in sequence #365 (235 bp)...done!
Finding genes in sequence #366 (235 bp)...done!
Finding genes in sequence #367 (235 bp)...done!
Finding genes in sequence #368 (235 bp)...done!
Finding genes in sequence #369 (235 bp)...done!
Finding genes in sequence #370 (235 bp)...done!
Finding genes in sequence #371 (235 bp)...done!
Finding genes in sequence #372 (235 bp)...done!
Finding genes in sequence #373 (235 bp)...done!
Finding genes in sequence #374 (235 bp)...done!
Finding genes in sequence #375 (235 bp)...done!
Finding genes in sequence #376 (235 bp)...done!
Finding genes in sequence #377 (235 bp)...done!
Finding genes in sequence #378 (235 bp)...done!
Finding genes in sequence #379 (235 bp)...done!
Finding genes in sequence #380 (235 bp)...done!
Finding genes in sequence #381 (235 bp)...done!
Finding genes in sequence #382 (235 bp)...done!
Finding genes in sequence #383 (234 bp)...done!
Finding genes in sequence #384 (234 bp)...done!
Finding genes in sequence #385 (234 bp)...done!
Finding genes in sequence #386 (234 bp)...done!
Finding genes in sequence #387 (234 bp)...done!
Finding genes in sequence #388 (234 bp)...done!
Finding genes in sequence #389 (234 bp)...done!
Finding genes in sequence #390 (234 bp)...done!
Finding genes in sequence #391 (234 bp)...done!
Finding genes in sequence #392 (234 bp)...done!
Finding genes in sequence #393 (234 bp)...done!
Finding genes in sequence #394 (234 bp)...done!
Finding genes in sequence #395 (234 bp)...done!
Finding genes in sequence #396 (234 bp)...done!
Finding genes in sequence #397 (234 bp)...done!
Finding genes in sequence #398 (234 bp)...done!
Finding genes in sequence #399 (234 bp)...done!
Finding genes in sequence #400 (234 bp)...done!
Finding genes in sequence #401 (234 bp)...done!
Finding genes in sequence #402 (233 bp)...done!
Finding genes in sequence #403 (233 bp)...done!
Finding genes in sequence #404 (233 bp)...done!
Finding genes in sequence #405 (233 bp)...done!
Finding genes in sequence #406 (233 bp)...done!
Finding genes in sequence #407 (233 bp)...done!
Finding genes in sequence #408 (233 bp)...done!
Finding genes in sequence #409 (233 bp)...done!
Finding genes in sequence #410 (233 bp)...done!
Finding genes in sequence #411 (233 bp)...done!
Finding genes in sequence #412 (233 bp)...done!
Finding genes in sequence #413 (233 bp)...done!
Finding genes in sequence #414 (233 bp)...done!
Finding genes in sequence #415 (233 bp)...done!
Finding genes in sequence #416 (233 bp)...done!
Finding genes in sequence #417 (233 bp)...done!
Finding genes in sequence #418 (232 bp)...done!
Finding genes in sequence #419 (232 bp)...done!
Finding genes in sequence #420 (232 bp)...done!
Finding genes in sequence #421 (232 bp)...done!
Finding genes in sequence #422 (232 bp)...done!
Finding genes in sequence #423 (232 bp)...done!
Finding genes in sequence #424 (232 bp)...done!
Finding genes in sequence #425 (232 bp)...done!
Finding genes in sequence #426 (232 bp)...done!
Finding genes in sequence #427 (232 bp)...done!
Finding genes in sequence #428 (232 bp)...done!
Finding genes in sequence #429 (232 bp)...done!
Finding genes in sequence #430 (232 bp)...done!
Finding genes in sequence #431 (231 bp)...done!
Finding genes in sequence #432 (231 bp)...done!
Finding genes in sequence #433 (231 bp)...done!
Finding genes in sequence #434 (231 bp)...done!
Finding genes in sequence #435 (231 bp)...done!
Finding genes in sequence #436 (231 bp)...done!
Finding genes in sequence #437 (231 bp)...done!
Finding genes in sequence #438 (231 bp)...done!
Finding genes in sequence #439 (231 bp)...done!
Finding genes in sequence #440 (231 bp)...done!
Finding genes in sequence #441 (231 bp)...done!
Finding genes in sequence #442 (231 bp)...done!
Finding genes in sequence #443 (231 bp)...done!
Finding genes in sequence #444 (231 bp)...done!
Finding genes in sequence #445 (231 bp)...done!
Finding genes in sequence #446 (231 bp)...done!
Finding genes in sequence #447 (231 bp)...done!
Finding genes in sequence #448 (230 bp)...done!
Finding genes in sequence #449 (230 bp)...done!
Finding genes in sequence #450 (230 bp)...done!
Finding genes in sequence #451 (230 bp)...done!
Finding genes in sequence #452 (230 bp)...done!
Finding genes in sequence #453 (230 bp)...done!
Finding genes in sequence #454 (230 bp)...done!
Finding genes in sequence #455 (230 bp)...done!
Finding genes in sequence #456 (230 bp)...done!
Finding genes in sequence #457 (230 bp)...done!
Finding genes in sequence #458 (229 bp)...done!
Finding genes in sequence #459 (229 bp)...done!
Finding genes in sequence #460 (229 bp)...done!
Finding genes in sequence #461 (229 bp)...done!
Finding genes in sequence #462 (229 bp)...done!
Finding genes in sequence #463 (229 bp)...done!
Finding genes in sequence #464 (229 bp)...done!
Finding genes in sequence #465 (212 bp)...done!
Finding genes in sequence #466 (212 bp)...done!
Finding genes in sequence #467 (208 bp)...done!
Finding genes in sequence #468 (206 bp)...done!
Finding genes in sequence #469 (206 bp)...done!
Finding genes in sequence #470 (206 bp)...done!
Finding genes in sequence #471 (206 bp)...done!
Finding genes in sequence #472 (204 bp)...done!
Finding genes in sequence #473 (200 bp)...done!
Finding genes in sequence #474 (199 bp)...done!
Finding genes in sequence #475 (193 bp)...done!
Finding genes in sequence #476 (193 bp)...done!
Finding genes in sequence #477 (192 bp)...done!
Finding genes in sequence #478 (192 bp)...done!
Finding genes in sequence #479 (189 bp)...done!
Finding genes in sequence #480 (189 bp)...done!
Finding genes in sequence #481 (184 bp)...done!
Finding genes in sequence #482 (174 bp)...done!
Finding genes in sequence #483 (174 bp)...done!
Finding genes in sequence #484 (169 bp)...done!
Finding genes in sequence #485 (167 bp)...done!
Finding genes in sequence #486 (167 bp)...done!
Finding genes in sequence #487 (164 bp)...done!
Finding genes in sequence #488 (163 bp)...done!
Finding genes in sequence #489 (161 bp)...done!
Finding genes in sequence #490 (160 bp)...done!
Finding genes in sequence #491 (159 bp)...done!
Finding genes in sequence #492 (155 bp)...done!
Finding genes in sequence #493 (155 bp)...done!
Finding genes in sequence #494 (155 bp)...done!
Finding genes in sequence #495 (155 bp)...done!
Finding genes in sequence #496 (155 bp)...done!
Finding genes in sequence #497 (155 bp)...done!
Finding genes in sequence #498 (155 bp)...done!
Finding genes in sequence #499 (155 bp)...done!
Finding genes in sequence #500 (155 bp)...done!
Finding genes in sequence #501 (155 bp)...done!
Finding genes in sequence #502 (155 bp)...done!
Finding genes in sequence #503 (155 bp)...done!
Finding genes in sequence #504 (155 bp)...done!
Finding genes in sequence #505 (155 bp)...done!
Finding genes in sequence #506 (155 bp)...done!
Finding genes in sequence #507 (155 bp)...done!
Finding genes in sequence #508 (155 bp)...done!
Finding genes in sequence #509 (155 bp)...done!
Finding genes in sequence #510 (155 bp)...done!
Finding genes in sequence #511 (154 bp)...done!
Finding genes in sequence #512 (154 bp)...done!
Finding genes in sequence #513 (154 bp)...done!
Finding genes in sequence #514 (153 bp)...done!
Finding genes in sequence #515 (152 bp)...done!
Finding genes in sequence #516 (151 bp)...done!
Finding genes in sequence #517 (146 bp)...done!
Finding genes in sequence #518 (142 bp)...done!
Finding genes in sequence #519 (141 bp)...done!
Finding genes in sequence #520 (138 bp)...done!
Finding genes in sequence #521 (126 bp)...done!
Finding genes in sequence #522 (126 bp)...done!
Finding genes in sequence #523 (120 bp)...done!
Finding genes in sequence #524 (119 bp)...done!
Finding genes in sequence #525 (119 bp)...done!
Finding genes in sequence #526 (119 bp)...done!
Finding genes in sequence #527 (119 bp)...done!
Finding genes in sequence #528 (117 bp)...done!
Finding genes in sequence #529 (115 bp)...done!
Finding genes in sequence #530 (114 bp)...done!
Finding genes in sequence #531 (106 bp)...done!
Finding genes in sequence #532 (105 bp)...done!
Finding genes in sequence #533 (103 bp)...done!
Finding genes in sequence #534 (100 bp)...done!
Finding genes in sequence #535 (92 bp)...done!
Finding genes in sequence #536 (90 bp)...done!
Finding genes in sequence #537 (87 bp)...done!
Finding genes in sequence #538 (87 bp)...done!
Finding genes in sequence #539 (86 bp)...done!
Finding genes in sequence #540 (86 bp)...done!
Finding genes in sequence #541 (85 bp)...done!
Finding genes in sequence #542 (85 bp)...done!
Finding genes in sequence #543 (85 bp)...done!
Finding genes in sequence #544 (84 bp)...done!
Finding genes in sequence #545 (83 bp)...done!
Finding genes in sequence #546 (83 bp)...done!
Finding genes in sequence #547 (82 bp)...done!
Finding genes in sequence #548 (79 bp)...done!
Finding genes in sequence #549 (78 bp)...done!
Finding genes in sequence #550 (78 bp)...done!
Finding genes in sequence #551 (78 bp)...done!
Finding genes in sequence #552 (78 bp)...done!
Finding genes in sequence #553 (78 bp)...done!
