#                                                                                                           --- full sequence --- -------------- this domain -------------   hmm coord   ali coord   env coord
# target name                                       accession   tlen query name           accession   qlen   E-value  score  bias   #  of  c-Evalue  i-Evalue  score  bias  from    to  from    to  from    to  acc description of target
#                               ------------------- ---------- ----- -------------------- ---------- ----- --------- ------ ----- --- --- --------- --------- ------ ----- ----- ----- ----- ----- ----- ----- ---- ---------------------
NODE_8_length_203214_cov_402.531626:76600-77916|+   -            439 1093223at2           -            361   1.3e-98  328.6   0.0   1   1  2.6e-101   1.9e-98  328.1   0.0     2   358     6   437     5   438 0.84 NODE_8_length_203214_cov_402.531626_64 # 76600 # 77916 # 1 # ID=8_64;partial=00;start_type=ATG;rbs_motif=GGA/GAG/AGG;rbs_spacer=5-10bp;gc_cont=0.549
NODE_8_length_203214_cov_402.531626:80278-81753|+   -            492 1093223at2           -            361   4.8e-23   80.1   0.0   1   1   1.4e-25     1e-22   79.0   0.0    36   254    76   340    56   348 0.77 NODE_8_length_203214_cov_402.531626_67 # 80278 # 81753 # 1 # ID=8_67;partial=00;start_type=ATG;rbs_motif=3Base/5BMM;rbs_spacer=13-15bp;gc_cont=0.547
NODE_8_length_203214_cov_402.531626:74163-75521|+   -            453 1093223at2           -            361   3.1e-17   61.0   0.1   1   1   7.3e-20   5.4e-17   60.2   0.1    64   279    88   359    61   397 0.80 NODE_8_length_203214_cov_402.531626_62 # 74163 # 75521 # 1 # ID=8_62;partial=00;start_type=ATG;rbs_motif=GGxGG;rbs_spacer=5-10bp;gc_cont=0.551
NODE_8_length_203214_cov_402.531626:72679-74166|+   -            496 1093223at2           -            361   2.7e-15   54.6   4.1   1   1   5.6e-16   4.1e-13   47.4   4.1    73   270   109   372   100   423 0.67 NODE_8_length_203214_cov_402.531626_61 # 72679 # 74166 # 1 # ID=8_61;partial=00;start_type=GTG;rbs_motif=GGAG/GAGG;rbs_spacer=5-10bp;gc_cont=0.566
NODE_4_length_294422_cov_404.790256:50465-51838|-   -            458 1093223at2           -            361   3.3e-11   41.1   0.0   1   2   2.3e-06    0.0017   15.8   0.0    67   101    97   131    55   165 0.70 NODE_4_length_294422_cov_404.790256_46 # 50465 # 51838 # -1 # ID=4_46;partial=00;start_type=ATG;rbs_motif=AGGA;rbs_spacer=5-10bp;gc_cont=0.553
NODE_4_length_294422_cov_404.790256:50465-51838|-   -            458 1093223at2           -            361   3.3e-11   41.1   0.0   2   2   1.1e-08     8e-06   23.4   0.0   202   264   271   340   226   404 0.76 NODE_4_length_294422_cov_404.790256_46 # 50465 # 51838 # -1 # ID=4_46;partial=00;start_type=ATG;rbs_motif=AGGA;rbs_spacer=5-10bp;gc_cont=0.553
NODE_6_length_224413_cov_385.164414:141738-143006|- -            423 1093223at2           -            361   6.7e-05   20.4   0.1   1   3   7.1e-05     0.052   10.9   0.0    75   102    51    78    37    91 0.86 NODE_6_length_224413_cov_385.164414_127 # 141738 # 143006 # -1 # ID=6_127;partial=00;start_type=ATG;rbs_motif=GGA/GAG/AGG;rbs_spacer=3-4bp;gc_cont=0.561
NODE_6_length_224413_cov_385.164414:141738-143006|- -            423 1093223at2           -            361   6.7e-05   20.4   0.1   2   3    0.0015       1.1    6.5   0.0   130   267   160   313   155   332 0.64 NODE_6_length_224413_cov_385.164414_127 # 141738 # 143006 # -1 # ID=6_127;partial=00;start_type=ATG;rbs_motif=GGA/GAG/AGG;rbs_spacer=3-4bp;gc_cont=0.561
NODE_6_length_224413_cov_385.164414:141738-143006|- -            423 1093223at2           -            361   6.7e-05   20.4   0.1   3   3       1.4     1e+03   -3.2   0.1   220   245   388   414   378   417 0.50 NODE_6_length_224413_cov_385.164414_127 # 141738 # 143006 # -1 # ID=6_127;partial=00;start_type=ATG;rbs_motif=GGA/GAG/AGG;rbs_spacer=3-4bp;gc_cont=0.561
#
# Program:         hmmsearch
# Version:         3.1b2 (February 2015)
# Pipeline mode:   SEARCH
# Query file:      /media/saurav/DATA/ubuntu/Learning/NGS/5-denovo/busco_downloads/lineages/bacteria_odb10/hmms/1093223at2.hmm
# Target file:     5-qc/BUSCO/spades_hyb_ecoli_ass.out/prodigal_output/predicted_genes/predicted.faa
# Option settings: hmmsearch --domtblout 5-qc/BUSCO/spades_hyb_ecoli_ass.out/run_bacteria_odb10/hmmer_output/1093223at2.out --cpu 1 /media/saurav/DATA/ubuntu/Learning/NGS/5-denovo/busco_downloads/lineages/bacteria_odb10/hmms/1093223at2.hmm 5-qc/BUSCO/spades_hyb_ecoli_ass.out/prodigal_output/predicted_genes/predicted.faa 
# Current dir:     /media/saurav/DATA/ubuntu/Learning/NGS/5-denovo
# Date:            Sun Jul 28 18:59:35 2024
# [ok]
