#                                                                                                            --- full sequence --- -------------- this domain -------------   hmm coord   ali coord   env coord
# target name                                        accession   tlen query name           accession   qlen   E-value  score  bias   #  of  c-Evalue  i-Evalue  score  bias  from    to  from    to  from    to  acc description of target
#                                ------------------- ---------- ----- -------------------- ---------- ----- --------- ------ ----- --- --- --------- --------- ------ ----- ----- ----- ----- ----- ----- ----- ---- ---------------------
NODE_14_length_125752_cov_403.157446:106246-108069|- -            608 143460at2            -            439  4.8e-170  564.0   0.6   1   2   2.7e-87   9.8e-85  282.8   0.4     1   191     5   240     5   260 0.89 NODE_14_length_125752_cov_403.157446_98 # 106246 # 108069 # -1 # ID=14_98;partial=00;start_type=GTG;rbs_motif=GGAG/GAGG;rbs_spacer=5-10bp;gc_cont=0.535
NODE_14_length_125752_cov_403.157446:106246-108069|- -            608 143460at2            -            439  4.8e-170  564.0   0.6   2   2   6.4e-85   2.4e-82  275.0   0.0   191   439   265   590   249   590 0.87 NODE_14_length_125752_cov_403.157446_98 # 106246 # 108069 # -1 # ID=14_98;partial=00;start_type=GTG;rbs_motif=GGAG/GAGG;rbs_spacer=5-10bp;gc_cont=0.535
NODE_7_length_210698_cov_397.859914:189885-191684|-  -            600 143460at2            -            439   1.2e-36  124.3   0.2   1   2     2e-38   7.4e-36  121.8   0.0     1   193     4   228     4   237 0.81 NODE_7_length_210698_cov_397.859914_173 # 189885 # 191684 # -1 # ID=7_173;partial=00;start_type=ATG;rbs_motif=None;rbs_spacer=None;gc_cont=0.537
NODE_7_length_210698_cov_397.859914:189885-191684|-  -            600 143460at2            -            439   1.2e-36  124.3   0.2   2   2      0.21        77   -0.2   0.0   268   301   344   378   336   389 0.78 NODE_7_length_210698_cov_397.859914_173 # 189885 # 191684 # -1 # ID=7_173;partial=00;start_type=ATG;rbs_motif=None;rbs_spacer=None;gc_cont=0.537
NODE_16_length_112849_cov_403.621697:745-2859|-      -            705 143460at2            -            439     7e-35  118.5   1.4   1   3   6.5e-26   2.4e-23   80.5   0.1     2   122    11   156    10   190 0.83 NODE_16_length_112849_cov_403.621697_2 # 745 # 2859 # -1 # ID=16_2;partial=00;start_type=ATG;rbs_motif=GGAG/GAGG;rbs_spacer=5-10bp;gc_cont=0.508
NODE_16_length_112849_cov_403.621697:745-2859|-      -            705 143460at2            -            439     7e-35  118.5   1.4   2   3   2.1e-08   7.6e-06   22.9   0.0   178   308   364   503   272   514 0.71 NODE_16_length_112849_cov_403.621697_2 # 745 # 2859 # -1 # ID=16_2;partial=00;start_type=ATG;rbs_motif=GGAG/GAGG;rbs_spacer=5-10bp;gc_cont=0.508
NODE_16_length_112849_cov_403.621697:745-2859|-      -            705 143460at2            -            439     7e-35  118.5   1.4   3   3     0.002      0.75    6.4   0.0   294   345   618   678   601   683 0.79 NODE_16_length_112849_cov_403.621697_2 # 745 # 2859 # -1 # ID=16_2;partial=00;start_type=ATG;rbs_motif=GGAG/GAGG;rbs_spacer=5-10bp;gc_cont=0.508
NODE_16_length_112849_cov_403.621697:3-674|-         -            224 143460at2            -            439   4.6e-18   63.1   0.1   1   1   1.5e-20   5.6e-18   62.8   0.1     3   124    14   152    12   174 0.70 NODE_16_length_112849_cov_403.621697_1 # 3 # 674 # -1 # ID=16_1;partial=10;start_type=GTG;rbs_motif=AGGA;rbs_spacer=5-10bp;gc_cont=0.543
NODE_9_length_178278_cov_394.979327:125992-128664|-  -            891 143460at2            -            439   7.8e-18   62.4   0.5   1   1   5.1e-20   1.9e-17   61.1   0.5     4   120   394   513   392   597 0.79 NODE_9_length_178278_cov_394.979327_117 # 125992 # 128664 # -1 # ID=9_117;partial=00;start_type=ATG;rbs_motif=AGGA;rbs_spacer=5-10bp;gc_cont=0.535
NODE_11_length_148513_cov_395.042779:100812-102401|+ -            530 143460at2            -            439   5.2e-17   59.7   0.2   1   2   4.5e-19   1.7e-16   58.0   0.1     2   115    14   149    13   165 0.74 NODE_11_length_148513_cov_395.042779_95 # 100812 # 102401 # 1 # ID=11_95;partial=00;start_type=ATG;rbs_motif=AGxAG;rbs_spacer=5-10bp;gc_cont=0.540
NODE_11_length_148513_cov_395.042779:100812-102401|+ -            530 143460at2            -            439   5.2e-17   59.7   0.2   2   2      0.73   2.7e+02   -2.0   0.0   169   200   312   341   293   354 0.70 NODE_11_length_148513_cov_395.042779_95 # 100812 # 102401 # 1 # ID=11_95;partial=00;start_type=ATG;rbs_motif=AGxAG;rbs_spacer=5-10bp;gc_cont=0.540
NODE_5_length_264618_cov_388.501291:121009-122436|+  -            476 143460at2            -            439   1.3e-10   38.6   0.2   1   3     0.046        17    1.9   0.1     9    32    35    59    31    71 0.76 NODE_5_length_264618_cov_388.501291_108 # 121009 # 122436 # 1 # ID=5_108;partial=00;start_type=ATG;rbs_motif=GGA/GAG/AGG;rbs_spacer=11-12bp;gc_cont=0.546
NODE_5_length_264618_cov_388.501291:121009-122436|+  -            476 143460at2            -            439   1.3e-10   38.6   0.2   2   3     2e-10   7.5e-08   29.5   0.0    30   112    80   172    70   186 0.79 NODE_5_length_264618_cov_388.501291_108 # 121009 # 122436 # 1 # ID=5_108;partial=00;start_type=ATG;rbs_motif=GGA/GAG/AGG;rbs_spacer=11-12bp;gc_cont=0.546
NODE_5_length_264618_cov_388.501291:121009-122436|+  -            476 143460at2            -            439   1.3e-10   38.6   0.2   3   3     0.016       5.9    3.4   0.0   139   221   227   314   211   322 0.59 NODE_5_length_264618_cov_388.501291_108 # 121009 # 122436 # 1 # ID=5_108;partial=00;start_type=ATG;rbs_motif=GGA/GAG/AGG;rbs_spacer=11-12bp;gc_cont=0.546
NODE_227_length_155_cov_398.282051:3-155|-           -             51 143460at2            -            439   6.4e-09   33.0   0.1   1   1   1.9e-11   7.1e-09   32.8   0.1    56    93     9    46     4    50 0.95 NODE_227_length_155_cov_398.282051_1 # 3 # 155 # -1 # ID=227_1;partial=11;start_type=Edge;rbs_motif=None;rbs_spacer=None;gc_cont=0.614
NODE_17_length_95774_cov_395.556945:91313-93157|-    -            615 143460at2            -            439   2.4e-08   31.1   0.0   1   1   8.9e-11   3.3e-08   30.7   0.0     4   126     3   130     1   213 0.79 NODE_17_length_95774_cov_395.556945_78 # 91313 # 93157 # -1 # ID=17_78;partial=00;start_type=ATG;rbs_motif=AGGA/GGAG/GAGG;rbs_spacer=11-12bp;gc_cont=0.564
NODE_43_length_4267_cov_384.952029:4056-4265|+       -             70 143460at2            -            439   3.5e-06   24.0   0.2   1   1   1.1e-08   3.9e-06   23.8   0.2     3    47    14    65    12    69 0.66 NODE_43_length_4267_cov_384.952029_4 # 4056 # 4265 # 1 # ID=43_4;partial=01;start_type=ATG;rbs_motif=GGAG/GAGG;rbs_spacer=5-10bp;gc_cont=0.490
NODE_7_length_210698_cov_397.859914:120444-121916|-  -            491 143460at2            -            439   0.00019   18.3   0.1   1   3    0.0078       2.9    4.5   0.0    72   112    79   122     4   158 0.75 NODE_7_length_210698_cov_397.859914_115 # 120444 # 121916 # -1 # ID=7_115;partial=00;start_type=ATG;rbs_motif=GGAG/GAGG;rbs_spacer=5-10bp;gc_cont=0.523
NODE_7_length_210698_cov_397.859914:120444-121916|-  -            491 143460at2            -            439   0.00019   18.3   0.1   2   3       2.3   8.6e+02   -3.7   0.0     4    25   205   226   204   247 0.84 NODE_7_length_210698_cov_397.859914_115 # 120444 # 121916 # -1 # ID=7_115;partial=00;start_type=ATG;rbs_motif=GGAG/GAGG;rbs_spacer=5-10bp;gc_cont=0.523
NODE_7_length_210698_cov_397.859914:120444-121916|-  -            491 143460at2            -            439   0.00019   18.3   0.1   3   3   5.9e-05     0.022   11.5   0.1    73   136   283   352   251   391 0.73 NODE_7_length_210698_cov_397.859914_115 # 120444 # 121916 # -1 # ID=7_115;partial=00;start_type=ATG;rbs_motif=GGAG/GAGG;rbs_spacer=5-10bp;gc_cont=0.523
NODE_7_length_210698_cov_397.859914:187041-187946|-  -            302 143460at2            -            439   0.00026   17.8   0.1   1   1     1e-06   0.00038   17.3   0.1     4   147    11   165     9   184 0.70 NODE_7_length_210698_cov_397.859914_170 # 187041 # 187946 # -1 # ID=7_170;partial=00;start_type=ATG;rbs_motif=GGAG/GAGG;rbs_spacer=5-10bp;gc_cont=0.524
#
# Program:         hmmsearch
# Version:         3.1b2 (February 2015)
# Pipeline mode:   SEARCH
# Query file:      /media/saurav/DATA/ubuntu/Learning/NGS/5-denovo/busco_downloads/lineages/bacteria_odb10/hmms/143460at2.hmm
# Target file:     5-qc/BUSCO/spades_hyb_ecoli_ass.out/prodigal_output/predicted_genes/predicted.faa
# Option settings: hmmsearch --domtblout 5-qc/BUSCO/spades_hyb_ecoli_ass.out/run_bacteria_odb10/hmmer_output/143460at2.out --cpu 1 /media/saurav/DATA/ubuntu/Learning/NGS/5-denovo/busco_downloads/lineages/bacteria_odb10/hmms/143460at2.hmm 5-qc/BUSCO/spades_hyb_ecoli_ass.out/prodigal_output/predicted_genes/predicted.faa 
# Current dir:     /media/saurav/DATA/ubuntu/Learning/NGS/5-denovo
# Date:            Sun Jul 28 18:59:35 2024
# [ok]
