#                                                                                                            --- full sequence --- -------------- this domain -------------   hmm coord   ali coord   env coord
# target name                                        accession   tlen query name           accession   qlen   E-value  score  bias   #  of  c-Evalue  i-Evalue  score  bias  from    to  from    to  from    to  acc description of target
#                                ------------------- ---------- ----- -------------------- ---------- ----- --------- ------ ----- --- --- --------- --------- ------ ----- ----- ----- ----- ----- ----- ----- ---- ---------------------
NODE_4_length_294422_cov_404.790256:105671-106951|-  -            427 1592033at2           -            393  9.2e-152  503.6   3.5   1   1  3.6e-154  1.2e-151  503.2   3.5     7   379     7   393     2   404 0.93 NODE_4_length_294422_cov_404.790256_104 # 105671 # 106951 # -1 # ID=4_104;partial=00;start_type=TTG;rbs_motif=GGAG/GAGG;rbs_spacer=5-10bp;gc_cont=0.539
NODE_7_length_210698_cov_397.859914:120444-121916|-  -            491 1592033at2           -            393     2e-26   90.9   0.0   1   2   1.4e-14   4.8e-12   43.6   0.0   194   379     2   192     1   201 0.78 NODE_7_length_210698_cov_397.859914_115 # 120444 # 121916 # -1 # ID=7_115;partial=00;start_type=ATG;rbs_motif=GGAG/GAGG;rbs_spacer=5-10bp;gc_cont=0.523
NODE_7_length_210698_cov_397.859914:120444-121916|-  -            491 1592033at2           -            393     2e-26   90.9   0.0   2   2     5e-15   1.7e-12   45.1   0.0   196   360   204   382   198   397 0.84 NODE_7_length_210698_cov_397.859914_115 # 120444 # 121916 # -1 # ID=7_115;partial=00;start_type=ATG;rbs_motif=GGAG/GAGG;rbs_spacer=5-10bp;gc_cont=0.523
NODE_10_length_175988_cov_386.970121:121078-122442|+ -            455 1592033at2           -            393   3.8e-15   53.8   0.0   1   1     2e-17   6.8e-15   53.0   0.0   165   377   189   404   179   412 0.83 NODE_10_length_175988_cov_386.970121_116 # 121078 # 122442 # 1 # ID=10_116;partial=00;start_type=ATG;rbs_motif=AGGA;rbs_spacer=5-10bp;gc_cont=0.563
NODE_9_length_178278_cov_394.979327:143232-144404|-  -            391 1592033at2           -            393   6.5e-13   46.4   0.0   1   1   3.2e-15   1.1e-12   45.7   0.0   196   355   161   338   157   371 0.81 NODE_9_length_178278_cov_394.979327_130 # 143232 # 144404 # -1 # ID=9_130;partial=00;start_type=ATG;rbs_motif=GGAG/GAGG;rbs_spacer=5-10bp;gc_cont=0.531
NODE_7_length_210698_cov_397.859914:187041-187946|-  -            302 1592033at2           -            393     4e-09   34.0   0.2   1   1   7.2e-11   2.4e-08   31.4   0.2   197   372    11   195     5   204 0.80 NODE_7_length_210698_cov_397.859914_170 # 187041 # 187946 # -1 # ID=7_170;partial=00;start_type=ATG;rbs_motif=GGAG/GAGG;rbs_spacer=5-10bp;gc_cont=0.524
NODE_3_length_297513_cov_387.844965:137284-138375|+  -            364 1592033at2           -            393   2.7e-07   28.0   0.0   1   1   1.4e-09   4.9e-07   27.1   0.0   197   248     5    57     2    68 0.83 NODE_3_length_297513_cov_387.844965_134 # 137284 # 138375 # 1 # ID=3_134;partial=00;start_type=ATG;rbs_motif=GGA/GAG/AGG;rbs_spacer=11-12bp;gc_cont=0.510
NODE_16_length_112849_cov_403.621697:69752-72073|+   -            774 1592033at2           -            393   2.7e-07   27.9   0.1   1   1   8.3e-09   2.8e-06   24.6   0.1   196   375     5   191     2   203 0.78 NODE_16_length_112849_cov_403.621697_71 # 69752 # 72073 # 1 # ID=16_71;partial=00;start_type=ATG;rbs_motif=None;rbs_spacer=None;gc_cont=0.547
NODE_4_length_294422_cov_404.790256:178260-180488|-  -            743 1592033at2           -            393   4.8e-05   20.5   0.1   1   2   9.7e-05     0.033   11.2   0.0   195   238    70   114    51   137 0.77 NODE_4_length_294422_cov_404.790256_168 # 178260 # 180488 # -1 # ID=4_168;partial=00;start_type=ATG;rbs_motif=AGGA;rbs_spacer=5-10bp;gc_cont=0.515
NODE_4_length_294422_cov_404.790256:178260-180488|-  -            743 1592033at2           -            393   4.8e-05   20.5   0.1   2   2    0.0026      0.89    6.5   0.1   271   333   257   318   253   327 0.79 NODE_4_length_294422_cov_404.790256_168 # 178260 # 180488 # -1 # ID=4_168;partial=00;start_type=ATG;rbs_motif=AGGA;rbs_spacer=5-10bp;gc_cont=0.515
NODE_14_length_125752_cov_403.157446:115711-116343|+ -            211 1592033at2           -            393   0.00016   18.8   0.2   1   2   1.1e-05    0.0036   14.4   0.0   195   221    27    53    16    57 0.89 NODE_14_length_125752_cov_403.157446_105 # 115711 # 116343 # 1 # ID=14_105;partial=00;start_type=TTG;rbs_motif=GGAG/GAGG;rbs_spacer=5-10bp;gc_cont=0.517
NODE_14_length_125752_cov_403.157446:115711-116343|+ -            211 1592033at2           -            393   0.00016   18.8   0.2   2   2     0.042        14    2.5   0.1   303   352   136   199    97   208 0.63 NODE_14_length_125752_cov_403.157446_105 # 115711 # 116343 # 1 # ID=14_105;partial=00;start_type=TTG;rbs_motif=GGAG/GAGG;rbs_spacer=5-10bp;gc_cont=0.517
NODE_5_length_264618_cov_388.501291:227341-228204|-  -            288 1592033at2           -            393   0.00029   18.0   0.0   1   1   3.4e-06    0.0012   16.0   0.0   193   319    35   160    21   213 0.68 NODE_5_length_264618_cov_388.501291_218 # 227341 # 228204 # -1 # ID=5_218;partial=00;start_type=ATG;rbs_motif=AGGAG;rbs_spacer=5-10bp;gc_cont=0.541
NODE_7_length_210698_cov_397.859914:59538-60017|-    -            160 1592033at2           -            393    0.0018   15.4   0.5   1   2   8.4e-05     0.029   11.4   0.1   195   221     2    28     1    32 0.87 NODE_7_length_210698_cov_397.859914_62 # 59538 # 60017 # -1 # ID=7_62;partial=00;start_type=ATG;rbs_motif=GGAG/GAGG;rbs_spacer=5-10bp;gc_cont=0.500
NODE_7_length_210698_cov_397.859914:59538-60017|-    -            160 1592033at2           -            393    0.0018   15.4   0.5   2   2     0.042        14    2.5   0.0   297   353    84   149    55   158 0.67 NODE_7_length_210698_cov_397.859914_62 # 59538 # 60017 # -1 # ID=7_62;partial=00;start_type=ATG;rbs_motif=GGAG/GAGG;rbs_spacer=5-10bp;gc_cont=0.500
NODE_30_length_40911_cov_392.920116:38393-39256|-    -            288 1592033at2           -            393    0.0025   14.9   0.0   1   1   1.6e-05    0.0054   13.8   0.0   191   248    33    91     8   220 0.72 NODE_30_length_40911_cov_392.920116_48 # 38393 # 39256 # -1 # ID=30_48;partial=00;start_type=ATG;rbs_motif=AGGAG;rbs_spacer=5-10bp;gc_cont=0.568
NODE_4_length_294422_cov_404.790256:116114-117166|+  -            351 1592033at2           -            393    0.0042   14.2   0.0   1   2   0.00018      0.06   10.3   0.0   304   350   152   209   137   218 0.85 NODE_4_length_294422_cov_404.790256_113 # 116114 # 117166 # 1 # ID=4_113;partial=00;start_type=TTG;rbs_motif=AGGAG;rbs_spacer=5-10bp;gc_cont=0.539
NODE_4_length_294422_cov_404.790256:116114-117166|+  -            351 1592033at2           -            393    0.0042   14.2   0.0   2   2      0.07        24    1.8   0.0   201   218   214   231   208   239 0.76 NODE_4_length_294422_cov_404.790256_113 # 116114 # 117166 # 1 # ID=4_113;partial=00;start_type=TTG;rbs_motif=AGGAG;rbs_spacer=5-10bp;gc_cont=0.539
#
# Program:         hmmsearch
# Version:         3.1b2 (February 2015)
# Pipeline mode:   SEARCH
# Query file:      /media/saurav/DATA/ubuntu/Learning/NGS/5-denovo/busco_downloads/lineages/bacteria_odb10/hmms/1592033at2.hmm
# Target file:     5-qc/BUSCO/spades_hyb_ecoli_ass.out/prodigal_output/predicted_genes/predicted.faa
# Option settings: hmmsearch --domtblout 5-qc/BUSCO/spades_hyb_ecoli_ass.out/run_bacteria_odb10/hmmer_output/1592033at2.out --cpu 1 /media/saurav/DATA/ubuntu/Learning/NGS/5-denovo/busco_downloads/lineages/bacteria_odb10/hmms/1592033at2.hmm 5-qc/BUSCO/spades_hyb_ecoli_ass.out/prodigal_output/predicted_genes/predicted.faa 
# Current dir:     /media/saurav/DATA/ubuntu/Learning/NGS/5-denovo
# Date:            Sun Jul 28 18:59:35 2024
# [ok]
