#                                                                                                            --- full sequence --- -------------- this domain -------------   hmm coord   ali coord   env coord
# target name                                        accession   tlen query name           accession   qlen   E-value  score  bias   #  of  c-Evalue  i-Evalue  score  bias  from    to  from    to  from    to  acc description of target
#                                ------------------- ---------- ----- -------------------- ---------- ----- --------- ------ ----- --- --- --------- --------- ------ ----- ----- ----- ----- ----- ----- ----- ---- ---------------------
NODE_7_length_210698_cov_397.859914:189885-191684|-  -            600 182107at2            -            492  1.6e-222  737.2   7.2   1   1  1.2e-222  4.3e-220  729.2   7.2     1   491     4   594     4   595 0.88 NODE_7_length_210698_cov_397.859914_173 # 189885 # 191684 # -1 # ID=7_173;partial=00;start_type=ATG;rbs_motif=None;rbs_spacer=None;gc_cont=0.537
NODE_14_length_125752_cov_403.157446:106246-108069|- -            608 182107at2            -            492   5.3e-44  148.4   2.1   1   2   4.3e-41   1.6e-38  130.3   0.9     1   231     5   278     5   283 0.76 NODE_14_length_125752_cov_403.157446_98 # 106246 # 108069 # -1 # ID=14_98;partial=00;start_type=GTG;rbs_motif=GGAG/GAGG;rbs_spacer=5-10bp;gc_cont=0.535
NODE_14_length_125752_cov_403.157446:106246-108069|- -            608 182107at2            -            492   5.3e-44  148.4   2.1   2   2   1.5e-06   0.00055   16.4   0.0   261   350   341   424   311   430 0.80 NODE_14_length_125752_cov_403.157446_98 # 106246 # 108069 # -1 # ID=14_98;partial=00;start_type=GTG;rbs_motif=GGAG/GAGG;rbs_spacer=5-10bp;gc_cont=0.535
NODE_16_length_112849_cov_403.621697:745-2859|-      -            705 182107at2            -            492   1.5e-32  110.6   0.1   1   4   3.2e-24   1.2e-21   74.7   0.0     2   133    11   167    10   194 0.81 NODE_16_length_112849_cov_403.621697_2 # 745 # 2859 # -1 # ID=16_2;partial=00;start_type=ATG;rbs_motif=GGAG/GAGG;rbs_spacer=5-10bp;gc_cont=0.508
NODE_16_length_112849_cov_403.621697:745-2859|-      -            705 182107at2            -            492   1.5e-32  110.6   0.1   2   4      0.17        63   -0.3   0.0   135   160   266   291   244   306 0.76 NODE_16_length_112849_cov_403.621697_2 # 745 # 2859 # -1 # ID=16_2;partial=00;start_type=ATG;rbs_motif=GGAG/GAGG;rbs_spacer=5-10bp;gc_cont=0.508
NODE_16_length_112849_cov_403.621697:745-2859|-      -            705 182107at2            -            492   1.5e-32  110.6   0.1   3   4   2.8e-09     1e-06   25.4   0.0   157   314   312   491   303   505 0.68 NODE_16_length_112849_cov_403.621697_2 # 745 # 2859 # -1 # ID=16_2;partial=00;start_type=ATG;rbs_motif=GGAG/GAGG;rbs_spacer=5-10bp;gc_cont=0.508
NODE_16_length_112849_cov_403.621697:745-2859|-      -            705 182107at2            -            492   1.5e-32  110.6   0.1   4   4      0.03        11    2.2   0.0   322   351   612   641   602   688 0.71 NODE_16_length_112849_cov_403.621697_2 # 745 # 2859 # -1 # ID=16_2;partial=00;start_type=ATG;rbs_motif=GGAG/GAGG;rbs_spacer=5-10bp;gc_cont=0.508
NODE_9_length_178278_cov_394.979327:125992-128664|-  -            891 182107at2            -            492   2.3e-26   90.2   0.2   1   1   1.5e-28   5.4e-26   89.0   0.2     5   194   395   597   393   612 0.82 NODE_9_length_178278_cov_394.979327_117 # 125992 # 128664 # -1 # ID=9_117;partial=00;start_type=ATG;rbs_motif=AGGA;rbs_spacer=5-10bp;gc_cont=0.535
NODE_11_length_148513_cov_395.042779:100812-102401|+ -            530 182107at2            -            492   1.8e-23   80.7   0.2   1   2     4e-21   1.5e-18   64.5   0.0     2   128    14   162    13   170 0.82 NODE_11_length_148513_cov_395.042779_95 # 100812 # 102401 # 1 # ID=11_95;partial=00;start_type=ATG;rbs_motif=AGxAG;rbs_spacer=5-10bp;gc_cont=0.540
NODE_11_length_148513_cov_395.042779:100812-102401|+ -            530 182107at2            -            492   1.8e-23   80.7   0.2   2   2    0.0002     0.073    9.4   0.0   220   311   372   468   202   477 0.72 NODE_11_length_148513_cov_395.042779_95 # 100812 # 102401 # 1 # ID=11_95;partial=00;start_type=ATG;rbs_motif=AGxAG;rbs_spacer=5-10bp;gc_cont=0.540
NODE_16_length_112849_cov_403.621697:3-674|-         -            224 182107at2            -            492   1.5e-12   44.7   0.1   1   1   5.9e-15   2.2e-12   44.1   0.1     3   128    14   158    13   165 0.76 NODE_16_length_112849_cov_403.621697_1 # 3 # 674 # -1 # ID=16_1;partial=10;start_type=GTG;rbs_motif=AGGA;rbs_spacer=5-10bp;gc_cont=0.543
NODE_5_length_264618_cov_388.501291:121009-122436|+  -            476 182107at2            -            492   3.1e-11   40.3   0.1   1   2      0.24        89   -0.8   0.0     8    23    34    49    29    58 0.81 NODE_5_length_264618_cov_388.501291_108 # 121009 # 122436 # 1 # ID=5_108;partial=00;start_type=ATG;rbs_motif=GGA/GAG/AGG;rbs_spacer=11-12bp;gc_cont=0.546
NODE_5_length_264618_cov_388.501291:121009-122436|+  -            476 182107at2            -            492   3.1e-11   40.3   0.1   2   2   3.5e-13   1.3e-10   38.3   0.0    25   120    80   180    63   193 0.81 NODE_5_length_264618_cov_388.501291_108 # 121009 # 122436 # 1 # ID=5_108;partial=00;start_type=ATG;rbs_motif=GGA/GAG/AGG;rbs_spacer=11-12bp;gc_cont=0.546
NODE_17_length_95774_cov_395.556945:91313-93157|-    -            615 182107at2            -            492   3.3e-11   40.2   0.0   1   1   1.2e-13   4.5e-11   39.8   0.0     8   196     7   209     1   217 0.75 NODE_17_length_95774_cov_395.556945_78 # 91313 # 93157 # -1 # ID=17_78;partial=00;start_type=ATG;rbs_motif=AGGA/GGAG/GAGG;rbs_spacer=11-12bp;gc_cont=0.564
NODE_7_length_210698_cov_397.859914:120444-121916|-  -            491 182107at2            -            492   4.7e-09   33.1   0.0   1   2     0.056        21    1.3   0.0    67   152    74   159     6   172 0.72 NODE_7_length_210698_cov_397.859914_115 # 120444 # 121916 # -1 # ID=7_115;partial=00;start_type=ATG;rbs_motif=GGAG/GAGG;rbs_spacer=5-10bp;gc_cont=0.523
NODE_7_length_210698_cov_397.859914:120444-121916|-  -            491 182107at2            -            492   4.7e-09   33.1   0.0   2   2   1.5e-10   5.7e-08   29.6   0.0     5   154   206   371   203   385 0.73 NODE_7_length_210698_cov_397.859914_115 # 120444 # 121916 # -1 # ID=7_115;partial=00;start_type=ATG;rbs_motif=GGAG/GAGG;rbs_spacer=5-10bp;gc_cont=0.523
NODE_7_length_210698_cov_397.859914:187041-187946|-  -            302 182107at2            -            492     4e-05   20.2   0.1   1   1   1.6e-07   5.8e-05   19.6   0.1     5   159    12   177     9   188 0.75 NODE_7_length_210698_cov_397.859914_170 # 187041 # 187946 # -1 # ID=7_170;partial=00;start_type=ATG;rbs_motif=GGAG/GAGG;rbs_spacer=5-10bp;gc_cont=0.524
NODE_227_length_155_cov_398.282051:3-155|-           -             51 182107at2            -            492   0.00016   18.1   0.0   1   1   4.5e-07   0.00016   18.1   0.0    51    89     7    45     3    51 0.89 NODE_227_length_155_cov_398.282051_1 # 3 # 155 # -1 # ID=227_1;partial=11;start_type=Edge;rbs_motif=None;rbs_spacer=None;gc_cont=0.614
NODE_43_length_4267_cov_384.952029:4056-4265|+       -             70 182107at2            -            492    0.0019   14.6   0.0   1   1   7.6e-06    0.0028   14.1   0.0     3    46    14    69    13    70 0.65 NODE_43_length_4267_cov_384.952029_4 # 4056 # 4265 # 1 # ID=43_4;partial=01;start_type=ATG;rbs_motif=GGAG/GAGG;rbs_spacer=5-10bp;gc_cont=0.490
#
# Program:         hmmsearch
# Version:         3.1b2 (February 2015)
# Pipeline mode:   SEARCH
# Query file:      /media/saurav/DATA/ubuntu/Learning/NGS/5-denovo/busco_downloads/lineages/bacteria_odb10/hmms/182107at2.hmm
# Target file:     5-qc/BUSCO/spades_hyb_ecoli_ass.out/prodigal_output/predicted_genes/predicted.faa
# Option settings: hmmsearch --domtblout 5-qc/BUSCO/spades_hyb_ecoli_ass.out/run_bacteria_odb10/hmmer_output/182107at2.out --cpu 1 /media/saurav/DATA/ubuntu/Learning/NGS/5-denovo/busco_downloads/lineages/bacteria_odb10/hmms/182107at2.hmm 5-qc/BUSCO/spades_hyb_ecoli_ass.out/prodigal_output/predicted_genes/predicted.faa 
# Current dir:     /media/saurav/DATA/ubuntu/Learning/NGS/5-denovo
# Date:            Sun Jul 28 18:59:36 2024
# [ok]
