#                                                                                                            --- full sequence --- -------------- this domain -------------   hmm coord   ali coord   env coord
# target name                                        accession   tlen query name           accession   qlen   E-value  score  bias   #  of  c-Evalue  i-Evalue  score  bias  from    to  from    to  from    to  acc description of target
#                                ------------------- ---------- ----- -------------------- ---------- ----- --------- ------ ----- --- --- --------- --------- ------ ----- ----- ----- ----- ----- ----- ----- ---- ---------------------
NODE_4_length_294422_cov_404.790256:111577-112038|-  -            154 1827295at2           -             74   1.4e-24   83.8   1.4   1   1   3.2e-26   6.1e-24   81.7   1.4     8    74    20   111    12   111 0.82 NODE_4_length_294422_cov_404.790256_109 # 111577 # 112038 # -1 # ID=4_109;partial=00;start_type=ATG;rbs_motif=None;rbs_spacer=None;gc_cont=0.526
NODE_2_length_312554_cov_398.527437:82451-84358|-    -            636 1827295at2           -             74   0.00034   18.5   0.1   1   2     0.006       1.1    7.2   0.0     9    31    30    52    19    56 0.79 NODE_2_length_312554_cov_398.527437_77 # 82451 # 84358 # -1 # ID=2_77;partial=00;start_type=ATG;rbs_motif=AGGA;rbs_spacer=5-10bp;gc_cont=0.523
NODE_2_length_312554_cov_398.527437:82451-84358|-    -            636 1827295at2           -             74   0.00034   18.5   0.1   2   2    0.0022      0.42    8.6   0.1     8    33   344   370   332   374 0.80 NODE_2_length_312554_cov_398.527437_77 # 82451 # 84358 # -1 # ID=2_77;partial=00;start_type=ATG;rbs_motif=AGGA;rbs_spacer=5-10bp;gc_cont=0.523
NODE_11_length_148513_cov_395.042779:79307-80263|-   -            319 1827295at2           -             74   0.00056   17.8   0.1   1   1   5.9e-06    0.0011   16.8   0.1    10    31     6    27     2    34 0.87 NODE_11_length_148513_cov_395.042779_74 # 79307 # 80263 # -1 # ID=11_74;partial=00;start_type=ATG;rbs_motif=GGAG/GAGG;rbs_spacer=5-10bp;gc_cont=0.548
NODE_16_length_112849_cov_403.621697:47888-48409|-   -            174 1827295at2           -             74   0.00067   17.5   0.0   1   1   7.7e-06    0.0015   16.4   0.0    10    33     6    29     1    33 0.88 NODE_16_length_112849_cov_403.621697_52 # 47888 # 48409 # -1 # ID=16_52;partial=00;start_type=ATG;rbs_motif=AGxAG;rbs_spacer=5-10bp;gc_cont=0.490
NODE_5_length_264618_cov_388.501291:261741-264314|+  -            858 1827295at2           -             74    0.0014   16.5   0.0   1   2    0.0069       1.3    7.0   0.0    12    36   203   228   189   230 0.82 NODE_5_length_264618_cov_388.501291_254 # 261741 # 264314 # 1 # ID=5_254;partial=00;start_type=ATG;rbs_motif=GGAGG;rbs_spacer=3-4bp;gc_cont=0.514
NODE_5_length_264618_cov_388.501291:261741-264314|+  -            858 1827295at2           -             74    0.0014   16.5   0.0   2   2    0.0098       1.9    6.5   0.0    11    30   601   620   586   625 0.85 NODE_5_length_264618_cov_388.501291_254 # 261741 # 264314 # 1 # ID=5_254;partial=00;start_type=ATG;rbs_motif=GGAGG;rbs_spacer=3-4bp;gc_cont=0.514
NODE_2_length_312554_cov_398.527437:265341-267077|+  -            579 1827295at2           -             74    0.0022   15.9   0.8   1   2    0.0016       0.3    9.0   0.1    10    32    35    57    22    66 0.82 NODE_2_length_312554_cov_398.527437_231 # 265341 # 267077 # 1 # ID=2_231;partial=00;start_type=ATG;rbs_motif=GGAG/GAGG;rbs_spacer=5-10bp;gc_cont=0.556
NODE_2_length_312554_cov_398.527437:265341-267077|+  -            579 1827295at2           -             74    0.0022   15.9   0.8   2   2      0.03       5.7    5.0   0.1     8    29   351   376   336   383 0.78 NODE_2_length_312554_cov_398.527437_231 # 265341 # 267077 # 1 # ID=2_231;partial=00;start_type=ATG;rbs_motif=GGAG/GAGG;rbs_spacer=5-10bp;gc_cont=0.556
NODE_2_length_312554_cov_398.527437:168782-171058|-  -            759 1827295at2           -             74    0.0024   15.8   0.1   1   2     0.026         5    5.1   0.0    12    31   211   230   197   237 0.82 NODE_2_length_312554_cov_398.527437_143 # 168782 # 171058 # -1 # ID=2_143;partial=00;start_type=ATG;rbs_motif=GGAGG;rbs_spacer=5-10bp;gc_cont=0.527
NODE_2_length_312554_cov_398.527437:168782-171058|-  -            759 1827295at2           -             74    0.0024   15.8   0.1   2   2    0.0036      0.68    7.9   0.1    10    33   490   513   472   517 0.84 NODE_2_length_312554_cov_398.527437_143 # 168782 # 171058 # -1 # ID=2_143;partial=00;start_type=ATG;rbs_motif=GGAGG;rbs_spacer=5-10bp;gc_cont=0.527
NODE_2_length_312554_cov_398.527437:132438-133121|-  -            228 1827295at2           -             74    0.0024   15.8   0.1   1   1   2.3e-05    0.0044   14.9   0.1     9    34     6    31     1    54 0.88 NODE_2_length_312554_cov_398.527437_116 # 132438 # 133121 # -1 # ID=2_116;partial=00;start_type=ATG;rbs_motif=AGGAG;rbs_spacer=5-10bp;gc_cont=0.537
NODE_10_length_175988_cov_386.970121:168028-169533|+ -            502 1827295at2           -             74    0.0027   15.6   0.6   1   2    0.0057       1.1    7.2   0.1     8    28    27    50    17    55 0.80 NODE_10_length_175988_cov_386.970121_158 # 168028 # 169533 # 1 # ID=10_158;partial=00;start_type=ATG;rbs_motif=GGAG/GAGG;rbs_spacer=5-10bp;gc_cont=0.512
NODE_10_length_175988_cov_386.970121:168028-169533|+ -            502 1827295at2           -             74    0.0027   15.6   0.6   2   2     0.013       2.5    6.1   0.1     9    32   279   302   269   308 0.81 NODE_10_length_175988_cov_386.970121_158 # 168028 # 169533 # 1 # ID=10_158;partial=00;start_type=ATG;rbs_motif=GGAG/GAGG;rbs_spacer=5-10bp;gc_cont=0.512
NODE_173_length_234_cov_0.936306:2-232|+             -             77 1827295at2           -             74    0.0052   14.7   0.0   1   1   3.7e-05     0.007   14.3   0.0     9    33    10    34     2    42 0.85 NODE_173_length_234_cov_0.936306_1 # 2 # 232 # 1 # ID=173_1;partial=11;start_type=Edge;rbs_motif=None;rbs_spacer=None;gc_cont=0.589
NODE_4_length_294422_cov_404.790256:124003-124980|-  -            326 1827295at2           -             74    0.0061   14.5   0.0   1   1   9.3e-05     0.018   13.0   0.0    28    64    99   136    94   141 0.78 NODE_4_length_294422_cov_404.790256_119 # 124003 # 124980 # -1 # ID=4_119;partial=00;start_type=ATG;rbs_motif=GGAG/GAGG;rbs_spacer=5-10bp;gc_cont=0.527
NODE_4_length_294422_cov_404.790256:55063-56565|-    -            501 1827295at2           -             74    0.0069   14.3   0.2   1   2    0.0016      0.31    9.0   0.0     8    29    33    56    23    61 0.82 NODE_4_length_294422_cov_404.790256_50 # 55063 # 56565 # -1 # ID=4_50;partial=00;start_type=ATG;rbs_motif=GGxGG;rbs_spacer=5-10bp;gc_cont=0.556
NODE_4_length_294422_cov_404.790256:55063-56565|-    -            501 1827295at2           -             74    0.0069   14.3   0.2   2   2      0.17        32    2.5   0.0     8    26   284   304   266   310 0.81 NODE_4_length_294422_cov_404.790256_50 # 55063 # 56565 # -1 # ID=4_50;partial=00;start_type=ATG;rbs_motif=GGxGG;rbs_spacer=5-10bp;gc_cont=0.556
NODE_1_length_433760_cov_397.357256:84036-85550|+    -            505 1827295at2           -             74      0.01   13.8   1.2   1   2    0.0087       1.7    6.7   0.0     9    28    34    53    20    62 0.80 NODE_1_length_433760_cov_397.357256_85 # 84036 # 85550 # 1 # ID=1_85;partial=00;start_type=ATG;rbs_motif=GGAG/GAGG;rbs_spacer=5-10bp;gc_cont=0.523
NODE_1_length_433760_cov_397.357256:84036-85550|+    -            505 1827295at2           -             74      0.01   13.8   1.2   2   2     0.021         4    5.4   0.2     8    32   280   306   270   311 0.82 NODE_1_length_433760_cov_397.357256_85 # 84036 # 85550 # 1 # ID=1_85;partial=00;start_type=ATG;rbs_motif=GGAG/GAGG;rbs_spacer=5-10bp;gc_cont=0.523
NODE_22_length_62449_cov_372.382255:5932-7617|-      -            562 1827295at2           -             74     0.015   13.2   0.0   1   1   0.00019     0.036   12.0   0.0     9    41   394   429   382   434 0.78 NODE_22_length_62449_cov_372.382255_4 # 5932 # 7617 # -1 # ID=22_4;partial=00;start_type=ATG;rbs_motif=None;rbs_spacer=None;gc_cont=0.437
NODE_12_length_133063_cov_394.001414:19721-22867|-   -           1049 1827295at2           -             74     0.017   13.1   0.0   1   1   0.00021     0.041   11.8   0.0    10    33    32    55    21    60 0.83 NODE_12_length_133063_cov_394.001414_24 # 19721 # 22867 # -1 # ID=12_24;partial=00;start_type=ATG;rbs_motif=GGAG/GAGG;rbs_spacer=5-10bp;gc_cont=0.539
NODE_7_length_210698_cov_397.859914:161410-162921|-  -            504 1827295at2           -             74     0.017   13.1   0.2   1   2     0.011       2.1    6.3   0.1     9    28    37    56    25    60 0.81 NODE_7_length_210698_cov_397.859914_151 # 161410 # 162921 # -1 # ID=7_151;partial=00;start_type=ATG;rbs_motif=GGAG/GAGG;rbs_spacer=5-10bp;gc_cont=0.561
NODE_7_length_210698_cov_397.859914:161410-162921|-  -            504 1827295at2           -             74     0.017   13.1   0.2   2   2     0.059        11    4.0   0.0     8    29   287   309   274   313 0.83 NODE_7_length_210698_cov_397.859914_151 # 161410 # 162921 # -1 # ID=7_151;partial=00;start_type=ATG;rbs_motif=GGAG/GAGG;rbs_spacer=5-10bp;gc_cont=0.561
NODE_12_length_133063_cov_394.001414:64540-65814|+   -            425 1827295at2           -             74     0.018   13.0   0.1   1   1   0.00021     0.041   11.8   0.1     5    33   109   137   102   144 0.85 NODE_12_length_133063_cov_394.001414_65 # 64540 # 65814 # 1 # ID=12_65;partial=00;start_type=ATG;rbs_motif=GGAG/GAGG;rbs_spacer=5-10bp;gc_cont=0.515
NODE_5_length_264618_cov_388.501291:248119-249480|+  -            454 1827295at2           -             74     0.018   12.9   0.1   1   1    0.0002     0.039   11.9   0.1     2    33    91   125    88   130 0.84 NODE_5_length_264618_cov_388.501291_238 # 248119 # 249480 # 1 # ID=5_238;partial=00;start_type=ATG;rbs_motif=GGA/GAG/AGG;rbs_spacer=5-10bp;gc_cont=0.542
NODE_7_length_210698_cov_397.859914:59538-60017|-    -            160 1827295at2           -             74      0.02   12.8   0.1   1   1   0.00019     0.037   12.0   0.1    11    30     4    23     2    31 0.86 NODE_7_length_210698_cov_397.859914_62 # 59538 # 60017 # -1 # ID=7_62;partial=00;start_type=ATG;rbs_motif=GGAG/GAGG;rbs_spacer=5-10bp;gc_cont=0.500
NODE_34_length_35227_cov_402.748393:25913-26626|+    -            238 1827295at2           -             74     0.023   12.6   0.1   1   1   0.00022     0.042   11.8   0.1     8    29    29    52    17    59 0.80 NODE_34_length_35227_cov_402.748393_29 # 25913 # 26626 # 1 # ID=34_29;partial=00;start_type=ATG;rbs_motif=GGAG/GAGG;rbs_spacer=5-10bp;gc_cont=0.567
NODE_4_length_294422_cov_404.790256:189728-190408|+  -            227 1827295at2           -             74     0.032   12.1   0.0   1   1   0.00031      0.06   11.3   0.0     8    31    32    57    23    61 0.81 NODE_4_length_294422_cov_404.790256_180 # 189728 # 190408 # 1 # ID=4_180;partial=00;start_type=ATG;rbs_motif=GGAG/GAGG;rbs_spacer=5-10bp;gc_cont=0.602
NODE_16_length_112849_cov_403.621697:87613-89211|+   -            533 1827295at2           -             74     0.042   11.8   0.0   1   1   0.00054       0.1   10.5   0.0     9    30   209   230   198   240 0.81 NODE_16_length_112849_cov_403.621697_83 # 87613 # 89211 # 1 # ID=16_83;partial=00;start_type=ATG;rbs_motif=AGGA;rbs_spacer=5-10bp;gc_cont=0.558
NODE_22_length_62449_cov_372.382255:29765-31300|+    -            512 1827295at2           -             74     0.085   10.8   1.8   1   2     0.021       4.1    5.4   0.1     9    29    38    58    26    72 0.81 NODE_22_length_62449_cov_372.382255_20 # 29765 # 31300 # 1 # ID=22_20;partial=00;start_type=ATG;rbs_motif=GGxGG;rbs_spacer=3-4bp;gc_cont=0.533
NODE_22_length_62449_cov_372.382255:29765-31300|+    -            512 1827295at2           -             74     0.085   10.8   1.8   2   2     0.053        10    4.1   0.2     9    28   290   309   276   314 0.82 NODE_22_length_62449_cov_372.382255_20 # 29765 # 31300 # 1 # ID=22_20;partial=00;start_type=ATG;rbs_motif=GGxGG;rbs_spacer=3-4bp;gc_cont=0.533
#
# Program:         hmmsearch
# Version:         3.1b2 (February 2015)
# Pipeline mode:   SEARCH
# Query file:      /media/saurav/DATA/ubuntu/Learning/NGS/5-denovo/busco_downloads/lineages/bacteria_odb10/hmms/1827295at2.hmm
# Target file:     5-qc/BUSCO/spades_hyb_ecoli_ass.out/prodigal_output/predicted_genes/predicted.faa
# Option settings: hmmsearch --domtblout 5-qc/BUSCO/spades_hyb_ecoli_ass.out/run_bacteria_odb10/hmmer_output/1827295at2.out --cpu 1 /media/saurav/DATA/ubuntu/Learning/NGS/5-denovo/busco_downloads/lineages/bacteria_odb10/hmms/1827295at2.hmm 5-qc/BUSCO/spades_hyb_ecoli_ass.out/prodigal_output/predicted_genes/predicted.faa 
# Current dir:     /media/saurav/DATA/ubuntu/Learning/NGS/5-denovo
# Date:            Sun Jul 28 18:59:36 2024
# [ok]
