#                                                                                                           --- full sequence --- -------------- this domain -------------   hmm coord   ali coord   env coord
# target name                                       accession   tlen query name           accession   qlen   E-value  score  bias   #  of  c-Evalue  i-Evalue  score  bias  from    to  from    to  from    to  acc description of target
#                               ------------------- ---------- ----- -------------------- ---------- ----- --------- ------ ----- --- --- --------- --------- ------ ----- ----- ----- ----- ----- ----- ----- ---- ---------------------
NODE_34_length_35227_cov_402.748393:14361-14957|-   -            199 1827334at2           -             97   3.1e-29   98.9   0.0   1   2   4.8e-28   4.2e-25   85.7   0.0     1    75    12    95    12   110 0.86 NODE_34_length_35227_cov_402.748393_18 # 14361 # 14957 # -1 # ID=34_18;partial=00;start_type=ATG;rbs_motif=GGA/GAG/AGG;rbs_spacer=5-10bp;gc_cont=0.541
NODE_34_length_35227_cov_402.748393:14361-14957|-   -            199 1827334at2           -             97   3.1e-29   98.9   0.0   2   2   5.9e-05     0.052   11.7   0.0    55    91   102   140    94   160 0.63 NODE_34_length_35227_cov_402.748393_18 # 14361 # 14957 # -1 # ID=34_18;partial=00;start_type=ATG;rbs_motif=GGA/GAG/AGG;rbs_spacer=5-10bp;gc_cont=0.541
NODE_7_length_210698_cov_397.859914:196587-197324|- -            246 1827334at2           -             97   0.00024   19.1   0.2   1   2    0.0004      0.35    9.0   0.1    34    61    46    72    42    91 0.77 NODE_7_length_210698_cov_397.859914_179 # 196587 # 197324 # -1 # ID=7_179;partial=00;start_type=ATG;rbs_motif=GGA/GAG/AGG;rbs_spacer=5-10bp;gc_cont=0.524
NODE_7_length_210698_cov_397.859914:196587-197324|- -            246 1827334at2           -             97   0.00024   19.1   0.2   2   2   0.00074      0.65    8.1   0.0    65    84   108   127    95   141 0.78 NODE_7_length_210698_cov_397.859914_179 # 196587 # 197324 # -1 # ID=7_179;partial=00;start_type=ATG;rbs_motif=GGA/GAG/AGG;rbs_spacer=5-10bp;gc_cont=0.524
NODE_2_length_312554_cov_398.527437:84370-86478|-   -            703 1827334at2           -             97    0.0051   14.9   0.4   1   5     0.074        66    1.7   0.0    36    53   193   210   189   219 0.85 NODE_2_length_312554_cov_398.527437_78 # 84370 # 86478 # -1 # ID=2_78;partial=00;start_type=ATG;rbs_motif=3Base/5BMM;rbs_spacer=13-15bp;gc_cont=0.541
NODE_2_length_312554_cov_398.527437:84370-86478|-   -            703 1827334at2           -             97    0.0051   14.9   0.4   2   5       3.5   3.1e+03   -3.7   0.0    75    86   305   316   303   319 0.78 NODE_2_length_312554_cov_398.527437_78 # 84370 # 86478 # -1 # ID=2_78;partial=00;start_type=ATG;rbs_motif=3Base/5BMM;rbs_spacer=13-15bp;gc_cont=0.541
NODE_2_length_312554_cov_398.527437:84370-86478|-   -            703 1827334at2           -             97    0.0051   14.9   0.4   3   5       2.2     2e+03   -3.0   0.0    23    37   453   467   451   471 0.79 NODE_2_length_312554_cov_398.527437_78 # 84370 # 86478 # -1 # ID=2_78;partial=00;start_type=ATG;rbs_motif=3Base/5BMM;rbs_spacer=13-15bp;gc_cont=0.541
NODE_2_length_312554_cov_398.527437:84370-86478|-   -            703 1827334at2           -             97    0.0051   14.9   0.4   4   5      0.11     1e+02    1.1   0.0    35    67   541   573   535   583 0.88 NODE_2_length_312554_cov_398.527437_78 # 84370 # 86478 # -1 # ID=2_78;partial=00;start_type=ATG;rbs_motif=3Base/5BMM;rbs_spacer=13-15bp;gc_cont=0.541
NODE_2_length_312554_cov_398.527437:84370-86478|-   -            703 1827334at2           -             97    0.0051   14.9   0.4   5   5    0.0023         2    6.5   0.0    68    81   604   617   578   634 0.80 NODE_2_length_312554_cov_398.527437_78 # 84370 # 86478 # -1 # ID=2_78;partial=00;start_type=ATG;rbs_motif=3Base/5BMM;rbs_spacer=13-15bp;gc_cont=0.541
NODE_24_length_56917_cov_396.253818:10958-11842|-   -            295 1827334at2           -             97     0.017   13.2   0.0   1   2   0.00034       0.3    9.2   0.0    72    84    33    51    11    72 0.77 NODE_24_length_56917_cov_396.253818_12 # 10958 # 11842 # -1 # ID=24_12;partial=00;start_type=ATG;rbs_motif=GGAG/GAGG;rbs_spacer=5-10bp;gc_cont=0.476
NODE_24_length_56917_cov_396.253818:10958-11842|-   -            295 1827334at2           -             97     0.017   13.2   0.0   2   2     0.092        82    1.4   0.0    36    56   218   238   213   254 0.79 NODE_24_length_56917_cov_396.253818_12 # 10958 # 11842 # -1 # ID=24_12;partial=00;start_type=ATG;rbs_motif=GGAG/GAGG;rbs_spacer=5-10bp;gc_cont=0.476
NODE_2_length_312554_cov_398.527437:64368-65543|+   -            392 1827334at2           -             97     0.039   12.0   0.1   1   2   0.00068       0.6    8.2   0.0    34    65   217   248   203   262 0.87 NODE_2_length_312554_cov_398.527437_59 # 64368 # 65543 # 1 # ID=2_59;partial=00;start_type=GTG;rbs_motif=GGA/GAG/AGG;rbs_spacer=5-10bp;gc_cont=0.520
NODE_2_length_312554_cov_398.527437:64368-65543|+   -            392 1827334at2           -             97     0.039   12.0   0.1   2   2      0.14   1.2e+02    0.9   0.0    72    81   288   297   269   307 0.88 NODE_2_length_312554_cov_398.527437_59 # 64368 # 65543 # 1 # ID=2_59;partial=00;start_type=GTG;rbs_motif=GGA/GAG/AGG;rbs_spacer=5-10bp;gc_cont=0.520
#
# Program:         hmmsearch
# Version:         3.1b2 (February 2015)
# Pipeline mode:   SEARCH
# Query file:      /media/saurav/DATA/ubuntu/Learning/NGS/5-denovo/busco_downloads/lineages/bacteria_odb10/hmms/1827334at2.hmm
# Target file:     5-qc/BUSCO/spades_hyb_ecoli_ass.out/prodigal_output/predicted_genes/predicted.faa
# Option settings: hmmsearch --domtblout 5-qc/BUSCO/spades_hyb_ecoli_ass.out/run_bacteria_odb10/hmmer_output/1827334at2.out --cpu 1 /media/saurav/DATA/ubuntu/Learning/NGS/5-denovo/busco_downloads/lineages/bacteria_odb10/hmms/1827334at2.hmm 5-qc/BUSCO/spades_hyb_ecoli_ass.out/prodigal_output/predicted_genes/predicted.faa 
# Current dir:     /media/saurav/DATA/ubuntu/Learning/NGS/5-denovo
# Date:            Sun Jul 28 18:59:36 2024
# [ok]
