#                                                                                                         --- full sequence --- -------------- this domain -------------   hmm coord   ali coord   env coord
# target name                                     accession   tlen query name           accession   qlen   E-value  score  bias   #  of  c-Evalue  i-Evalue  score  bias  from    to  from    to  from    to  acc description of target
#                             ------------------- ---------- ----- -------------------- ---------- ----- --------- ------ ----- --- --- --------- --------- ------ ----- ----- ----- ----- ----- ----- ----- ---- ---------------------
NODE_4_length_294422_cov_404.790256:35228-36163|+ -            312 1844275at2           -            194   1.4e-45  153.2   4.1   1   2   1.2e-37   1.1e-34  117.7   0.4    10   126    42   182    36   199 0.84 NODE_4_length_294422_cov_404.790256_34 # 35228 # 36163 # 1 # ID=4_34;partial=00;start_type=ATG;rbs_motif=AGGAG;rbs_spacer=5-10bp;gc_cont=0.537
NODE_4_length_294422_cov_404.790256:35228-36163|+ -            312 1844275at2           -            194   1.4e-45  153.2   4.1   2   2   1.9e-10   1.7e-07   29.0   0.2   132   194   220   305   209   305 0.73 NODE_4_length_294422_cov_404.790256_34 # 35228 # 36163 # 1 # ID=4_34;partial=00;start_type=ATG;rbs_motif=AGGAG;rbs_spacer=5-10bp;gc_cont=0.537
NODE_33_length_35357_cov_407.491043:25088-26092|+ -            335 1844275at2           -            194     2e-10   38.5   0.8   1   2   6.8e-12     6e-09   33.7   0.1    10    99    45   147    40   149 0.72 NODE_33_length_35357_cov_407.491043_26 # 25088 # 26092 # 1 # ID=33_26;partial=00;start_type=ATG;rbs_motif=GGAG/GAGG;rbs_spacer=5-10bp;gc_cont=0.588
NODE_33_length_35357_cov_407.491043:25088-26092|+ -            335 1844275at2           -            194     2e-10   38.5   0.8   2   2     0.047        42    1.6   0.1   163   193   299   331   288   332 0.80 NODE_33_length_35357_cov_407.491043_26 # 25088 # 26092 # 1 # ID=33_26;partial=00;start_type=ATG;rbs_motif=GGAG/GAGG;rbs_spacer=5-10bp;gc_cont=0.588
NODE_4_length_294422_cov_404.790256:29312-30316|+ -            335 1844275at2           -            194   2.1e-10   38.5   0.2   1   2   9.6e-12   8.5e-09   33.2   0.0     8    99    43   147    40   150 0.71 NODE_4_length_294422_cov_404.790256_28 # 29312 # 30316 # 1 # ID=4_28;partial=00;start_type=ATG;rbs_motif=AGGAG;rbs_spacer=5-10bp;gc_cont=0.521
NODE_4_length_294422_cov_404.790256:29312-30316|+ -            335 1844275at2           -            194   2.1e-10   38.5   0.2   2   2     0.065        58    1.1   0.1   162   192   298   330   288   332 0.79 NODE_4_length_294422_cov_404.790256_28 # 29312 # 30316 # 1 # ID=4_28;partial=00;start_type=ATG;rbs_motif=AGGAG;rbs_spacer=5-10bp;gc_cont=0.521
NODE_13_length_132605_cov_400.727069:8651-9838|+  -            396 1844275at2           -            194   3.9e-08   31.0   0.1   1   3   6.8e-09     6e-06   23.9   0.0    14    71    63   122    50   131 0.79 NODE_13_length_132605_cov_400.727069_8 # 8651 # 9838 # 1 # ID=13_8;partial=00;start_type=ATG;rbs_motif=GGA/GAG/AGG;rbs_spacer=5-10bp;gc_cont=0.500
NODE_13_length_132605_cov_400.727069:8651-9838|+  -            396 1844275at2           -            194   3.9e-08   31.0   0.1   2   3     0.016        14    3.1   0.0    85    99   163   177   150   180 0.81 NODE_13_length_132605_cov_400.727069_8 # 8651 # 9838 # 1 # ID=13_8;partial=00;start_type=ATG;rbs_motif=GGA/GAG/AGG;rbs_spacer=5-10bp;gc_cont=0.500
NODE_13_length_132605_cov_400.727069:8651-9838|+  -            396 1844275at2           -            194   3.9e-08   31.0   0.1   3   3      0.29   2.6e+02   -1.0   0.0   145   167   313   336   309   348 0.77 NODE_13_length_132605_cov_400.727069_8 # 8651 # 9838 # 1 # ID=13_8;partial=00;start_type=ATG;rbs_motif=GGA/GAG/AGG;rbs_spacer=5-10bp;gc_cont=0.500
NODE_39_length_30887_cov_412.064232:26995-27360|- -            122 1844275at2           -            194   0.00073   17.1   0.3   1   1   1.1e-06   0.00097   16.7   0.3   131   188    14    72     6    76 0.86 NODE_39_length_30887_cov_412.064232_23 # 26995 # 27360 # -1 # ID=39_23;partial=00;start_type=ATG;rbs_motif=AGGA;rbs_spacer=5-10bp;gc_cont=0.462
#
# Program:         hmmsearch
# Version:         3.1b2 (February 2015)
# Pipeline mode:   SEARCH
# Query file:      /media/saurav/DATA/ubuntu/Learning/NGS/5-denovo/busco_downloads/lineages/bacteria_odb10/hmms/1844275at2.hmm
# Target file:     5-qc/BUSCO/spades_hyb_ecoli_ass.out/prodigal_output/predicted_genes/predicted.faa
# Option settings: hmmsearch --domtblout 5-qc/BUSCO/spades_hyb_ecoli_ass.out/run_bacteria_odb10/hmmer_output/1844275at2.out --cpu 1 /media/saurav/DATA/ubuntu/Learning/NGS/5-denovo/busco_downloads/lineages/bacteria_odb10/hmms/1844275at2.hmm 5-qc/BUSCO/spades_hyb_ecoli_ass.out/prodigal_output/predicted_genes/predicted.faa 
# Current dir:     /media/saurav/DATA/ubuntu/Learning/NGS/5-denovo
# Date:            Sun Jul 28 18:59:36 2024
# [ok]
