#                                                                                                            --- full sequence --- -------------- this domain -------------   hmm coord   ali coord   env coord
# target name                                        accession   tlen query name           accession   qlen   E-value  score  bias   #  of  c-Evalue  i-Evalue  score  bias  from    to  from    to  from    to  acc description of target
#                                ------------------- ---------- ----- -------------------- ---------- ----- --------- ------ ----- --- --- --------- --------- ------ ----- ----- ----- ----- ----- ----- ----- ---- ---------------------
NODE_10_length_175988_cov_386.970121:116576-117979|- -            468 219876at2            -            282  7.9e-100  331.8   0.7   1   1  4.1e-102   1.7e-99  330.8   0.7     2   278   117   449   116   452 0.88 NODE_10_length_175988_cov_386.970121_112 # 116576 # 117979 # -1 # ID=10_112;partial=00;start_type=GTG;rbs_motif=GGAG/GAGG;rbs_spacer=5-10bp;gc_cont=0.541
NODE_7_length_210698_cov_397.859914:102635-103381|-  -            249 219876at2            -            282   1.4e-07   29.2   0.0   1   1   5.9e-10   2.4e-07   28.4   0.0    20   164    31   193    26   247 0.78 NODE_7_length_210698_cov_397.859914_99 # 102635 # 103381 # -1 # ID=7_99;partial=00;start_type=GTG;rbs_motif=GGA/GAG/AGG;rbs_spacer=3-4bp;gc_cont=0.531
NODE_1_length_433760_cov_397.357256:122973-123983|+  -            337 219876at2            -            282   4.5e-06   24.2   0.0   1   1   1.8e-08   7.2e-06   23.6   0.0    45   107    53   119    28   127 0.82 NODE_1_length_433760_cov_397.357256_122 # 122973 # 123983 # 1 # ID=1_122;partial=00;start_type=ATG;rbs_motif=GGAG/GAGG;rbs_spacer=5-10bp;gc_cont=0.527
NODE_35_length_35184_cov_410.985900:24817-25563|+    -            249 219876at2            -            282   7.5e-06   23.5   0.1   1   1   4.2e-08   1.7e-05   22.4   0.1     7    86    57   145    53   189 0.73 NODE_35_length_35184_cov_410.985900_30 # 24817 # 25563 # 1 # ID=35_30;partial=00;start_type=ATG;rbs_motif=AGxAGG/AGGxGG;rbs_spacer=5-10bp;gc_cont=0.527
NODE_11_length_148513_cov_395.042779:91636-92373|-   -            246 219876at2            -            282   2.2e-05   22.0   0.2   1   1   1.5e-07   6.2e-05   20.5   0.2     8   105    56   173    51   200 0.71 NODE_11_length_148513_cov_395.042779_83 # 91636 # 92373 # -1 # ID=11_83;partial=00;start_type=ATG;rbs_motif=GGAG/GAGG;rbs_spacer=5-10bp;gc_cont=0.508
NODE_12_length_133063_cov_394.001414:13519-14043|+   -            175 219876at2            -            282   0.00079   16.9   0.0   1   2   1.9e-05    0.0078   13.6   0.0    48    86     3    41     1    48 0.89 NODE_12_length_133063_cov_394.001414_16 # 13519 # 14043 # 1 # ID=12_16;partial=00;start_type=ATG;rbs_motif=GGA/GAG/AGG;rbs_spacer=5-10bp;gc_cont=0.522
NODE_12_length_133063_cov_394.001414:13519-14043|+   -            175 219876at2            -            282   0.00079   16.9   0.0   2   2      0.13        54    1.0   0.0   102   135   131   163   128   173 0.68 NODE_12_length_133063_cov_394.001414_16 # 13519 # 14043 # 1 # ID=12_16;partial=00;start_type=ATG;rbs_motif=GGA/GAG/AGG;rbs_spacer=5-10bp;gc_cont=0.522
NODE_9_length_178278_cov_394.979327:137651-139594|-  -            648 219876at2            -            282    0.0084   13.5   0.0   1   1   4.8e-05     0.019   12.3   0.0    50    87   191   230   184   239 0.80 NODE_9_length_178278_cov_394.979327_125 # 137651 # 139594 # -1 # ID=9_125;partial=00;start_type=TTG;rbs_motif=GGAG/GAGG;rbs_spacer=5-10bp;gc_cont=0.536
NODE_5_length_264618_cov_388.501291:261741-264314|+  -            858 219876at2            -            282     0.013   12.9   0.0   1   2     0.035        14    2.9   0.0    43    68   195   220   180   225 0.74 NODE_5_length_264618_cov_388.501291_254 # 261741 # 264314 # 1 # ID=5_254;partial=00;start_type=ATG;rbs_motif=GGAGG;rbs_spacer=3-4bp;gc_cont=0.514
NODE_5_length_264618_cov_388.501291:261741-264314|+  -            858 219876at2            -            282     0.013   12.9   0.0   2   2    0.0024      0.96    6.7   0.0    50    69   601   620   581   641 0.84 NODE_5_length_264618_cov_388.501291_254 # 261741 # 264314 # 1 # ID=5_254;partial=00;start_type=ATG;rbs_motif=GGAGG;rbs_spacer=3-4bp;gc_cont=0.514
NODE_3_length_297513_cov_387.844965:142111-144030|-  -            640 219876at2            -            282     0.019   12.3   0.0   1   1   0.00011     0.043   11.2   0.0    42    71   344   372   321   375 0.86 NODE_3_length_297513_cov_387.844965_137 # 142111 # 144030 # -1 # ID=3_137;partial=00;start_type=ATG;rbs_motif=GGA/GAG/AGG;rbs_spacer=5-10bp;gc_cont=0.515
NODE_12_length_133063_cov_394.001414:66002-68356|+   -            785 219876at2            -            282     0.024   12.0   1.3   1   2      0.11        44    1.3   0.5   135   219   164   244   146   259 0.81 NODE_12_length_133063_cov_394.001414_66 # 66002 # 68356 # 1 # ID=12_66;partial=00;start_type=ATG;rbs_motif=GGA/GAG/AGG;rbs_spacer=5-10bp;gc_cont=0.523
NODE_12_length_133063_cov_394.001414:66002-68356|+   -            785 219876at2            -            282     0.024   12.0   1.3   2   2   0.00049       0.2    9.0   0.0    40    76   342   378   336   381 0.82 NODE_12_length_133063_cov_394.001414_66 # 66002 # 68356 # 1 # ID=12_66;partial=00;start_type=ATG;rbs_motif=GGA/GAG/AGG;rbs_spacer=5-10bp;gc_cont=0.523
NODE_2_length_312554_cov_398.527437:154985-156328|-  -            448 219876at2            -            282     0.026   11.9   0.0   1   1   0.00011     0.044   11.1   0.0    40   154    43   171     8   182 0.63 NODE_2_length_312554_cov_398.527437_134 # 154985 # 156328 # -1 # ID=2_134;partial=00;start_type=GTG;rbs_motif=GGAG/GAGG;rbs_spacer=5-10bp;gc_cont=0.536
#
# Program:         hmmsearch
# Version:         3.1b2 (February 2015)
# Pipeline mode:   SEARCH
# Query file:      /media/saurav/DATA/ubuntu/Learning/NGS/5-denovo/busco_downloads/lineages/bacteria_odb10/hmms/219876at2.hmm
# Target file:     5-qc/BUSCO/spades_hyb_ecoli_ass.out/prodigal_output/predicted_genes/predicted.faa
# Option settings: hmmsearch --domtblout 5-qc/BUSCO/spades_hyb_ecoli_ass.out/run_bacteria_odb10/hmmer_output/219876at2.out --cpu 1 /media/saurav/DATA/ubuntu/Learning/NGS/5-denovo/busco_downloads/lineages/bacteria_odb10/hmms/219876at2.hmm 5-qc/BUSCO/spades_hyb_ecoli_ass.out/prodigal_output/predicted_genes/predicted.faa 
# Current dir:     /media/saurav/DATA/ubuntu/Learning/NGS/5-denovo
# Date:            Sun Jul 28 18:59:37 2024
# [ok]
