#                                                                                                           --- full sequence --- -------------- this domain -------------   hmm coord   ali coord   env coord
# target name                                       accession   tlen query name           accession   qlen   E-value  score  bias   #  of  c-Evalue  i-Evalue  score  bias  from    to  from    to  from    to  acc description of target
#                               ------------------- ---------- ----- -------------------- ---------- ----- --------- ------ ----- --- --- --------- --------- ------ ----- ----- ----- ----- ----- ----- ----- ---- ---------------------
NODE_1_length_433760_cov_397.357256:117807-119579|+ -            591 226836at2            -            473  4.6e-184  610.0   0.0   1   1  9.1e-187    8e-184  609.2   0.0     1   473     2   579     2   579 0.84 NODE_1_length_433760_cov_397.357256_116 # 117807 # 119579 # 1 # ID=1_116;partial=00;start_type=ATG;rbs_motif=GGA/GAG/AGG;rbs_spacer=5-10bp;gc_cont=0.538
NODE_4_length_294422_cov_404.790256:152906-154423|+ -            506 226836at2            -            473   6.7e-34  114.9   4.0   1   2   2.3e-22     2e-19   67.1   1.3     6   242    59   322    55   365 0.75 NODE_4_length_294422_cov_404.790256_146 # 152906 # 154423 # 1 # ID=4_146;partial=00;start_type=ATG;rbs_motif=GGAG/GAGG;rbs_spacer=5-10bp;gc_cont=0.474
NODE_4_length_294422_cov_404.790256:152906-154423|+ -            506 226836at2            -            473   6.7e-34  114.9   4.0   2   2   1.8e-16   1.6e-13   47.6   0.1   364   450   410   500   366   504 0.77 NODE_4_length_294422_cov_404.790256_146 # 152906 # 154423 # 1 # ID=4_146;partial=00;start_type=ATG;rbs_motif=GGAG/GAGG;rbs_spacer=5-10bp;gc_cont=0.474
NODE_13_length_132605_cov_400.727069:36043-37560|-  -            506 226836at2            -            473   5.4e-33  111.9   3.1   1   2     4e-22   3.5e-19   66.3   0.8     6   241    59   321    55   364 0.74 NODE_13_length_132605_cov_400.727069_28 # 36043 # 37560 # -1 # ID=13_28;partial=00;start_type=ATG;rbs_motif=GGAG/GAGG;rbs_spacer=5-10bp;gc_cont=0.532
NODE_13_length_132605_cov_400.727069:36043-37560|-  -            506 226836at2            -            473   5.4e-33  111.9   3.1   2   2   1.2e-15   1.1e-12   45.0   0.1   364   450   410   500   368   504 0.76 NODE_13_length_132605_cov_400.727069_28 # 36043 # 37560 # -1 # ID=13_28;partial=00;start_type=ATG;rbs_motif=GGAG/GAGG;rbs_spacer=5-10bp;gc_cont=0.532
NODE_2_length_312554_cov_398.527437:105337-106737|+ -            467 226836at2            -            473     4e-21   72.7   0.1   1   3   1.8e-08   1.6e-05   21.3   0.0    12   146    17   175    10   190 0.69 NODE_2_length_312554_cov_398.527437_96 # 105337 # 106737 # 1 # ID=2_96;partial=00;start_type=ATG;rbs_motif=GGA/GAG/AGG;rbs_spacer=5-10bp;gc_cont=0.524
NODE_2_length_312554_cov_398.527437:105337-106737|+ -            467 226836at2            -            473     4e-21   72.7   0.1   2   3   5.6e-05     0.049    9.8   0.1   176   229   222   279   209   322 0.84 NODE_2_length_312554_cov_398.527437_96 # 105337 # 106737 # 1 # ID=2_96;partial=00;start_type=ATG;rbs_motif=GGA/GAG/AGG;rbs_spacer=5-10bp;gc_cont=0.524
NODE_2_length_312554_cov_398.527437:105337-106737|+ -            467 226836at2            -            473     4e-21   72.7   0.1   3   3   1.6e-13   1.5e-10   37.9   0.0   362   453   374   462   345   466 0.86 NODE_2_length_312554_cov_398.527437_96 # 105337 # 106737 # 1 # ID=2_96;partial=00;start_type=ATG;rbs_motif=GGA/GAG/AGG;rbs_spacer=5-10bp;gc_cont=0.524
NODE_4_length_294422_cov_404.790256:124003-124980|- -            326 226836at2            -            473   2.5e-19   66.8   0.3   1   2   8.1e-11   7.1e-08   29.0   0.1   122   263    27   185    14   200 0.75 NODE_4_length_294422_cov_404.790256_119 # 124003 # 124980 # -1 # ID=4_119;partial=00;start_type=ATG;rbs_motif=GGAG/GAGG;rbs_spacer=5-10bp;gc_cont=0.527
NODE_4_length_294422_cov_404.790256:124003-124980|- -            326 226836at2            -            473   2.5e-19   66.8   0.3   2   2   5.9e-13   5.2e-10   36.1   0.0   361   449   229   321   206   325 0.80 NODE_4_length_294422_cov_404.790256_119 # 124003 # 124980 # -1 # ID=4_119;partial=00;start_type=ATG;rbs_motif=GGAG/GAGG;rbs_spacer=5-10bp;gc_cont=0.527
#
# Program:         hmmsearch
# Version:         3.1b2 (February 2015)
# Pipeline mode:   SEARCH
# Query file:      /media/saurav/DATA/ubuntu/Learning/NGS/5-denovo/busco_downloads/lineages/bacteria_odb10/hmms/226836at2.hmm
# Target file:     5-qc/BUSCO/spades_hyb_ecoli_ass.out/prodigal_output/predicted_genes/predicted.faa
# Option settings: hmmsearch --domtblout 5-qc/BUSCO/spades_hyb_ecoli_ass.out/run_bacteria_odb10/hmmer_output/226836at2.out --cpu 1 /media/saurav/DATA/ubuntu/Learning/NGS/5-denovo/busco_downloads/lineages/bacteria_odb10/hmms/226836at2.hmm 5-qc/BUSCO/spades_hyb_ecoli_ass.out/prodigal_output/predicted_genes/predicted.faa 
# Current dir:     /media/saurav/DATA/ubuntu/Learning/NGS/5-denovo
# Date:            Sun Jul 28 18:59:37 2024
# [ok]
