#                                                                                                           --- full sequence --- -------------- this domain -------------   hmm coord   ali coord   env coord
# target name                                       accession   tlen query name           accession   qlen   E-value  score  bias   #  of  c-Evalue  i-Evalue  score  bias  from    to  from    to  from    to  acc description of target
#                               ------------------- ---------- ----- -------------------- ---------- ----- --------- ------ ----- --- --- --------- --------- ------ ----- ----- ----- ----- ----- ----- ----- ---- ---------------------
NODE_7_length_210698_cov_397.859914:176216-180103|- -           1296 26038at2             -            439   3.4e-79  264.7  11.7   1   7     2e-15   8.8e-12   42.6   0.0     9    49   190   231   185   239 0.91 NODE_7_length_210698_cov_397.859914_161 # 176216 # 180103 # -1 # ID=7_161;partial=00;start_type=ATG;rbs_motif=GGA/GAG/AGG;rbs_spacer=5-10bp;gc_cont=0.568
NODE_7_length_210698_cov_397.859914:176216-180103|- -           1296 26038at2             -            439   3.4e-79  264.7  11.7   2   7   8.6e-21   3.8e-17   60.2   0.3    57    99   288   332   286   342 0.87 NODE_7_length_210698_cov_397.859914_161 # 176216 # 180103 # -1 # ID=7_161;partial=00;start_type=ATG;rbs_motif=GGA/GAG/AGG;rbs_spacer=5-10bp;gc_cont=0.568
NODE_7_length_210698_cov_397.859914:176216-180103|- -           1296 26038at2             -            439   3.4e-79  264.7  11.7   3   7     0.012        55    0.4   0.0   105   128   363   387   356   391 0.88 NODE_7_length_210698_cov_397.859914_161 # 176216 # 180103 # -1 # ID=7_161;partial=00;start_type=ATG;rbs_motif=GGA/GAG/AGG;rbs_spacer=5-10bp;gc_cont=0.568
NODE_7_length_210698_cov_397.859914:176216-180103|- -           1296 26038at2             -            439   3.4e-79  264.7  11.7   4   7     1e-30   4.4e-27   93.0   0.1   129   260   408   587   401   665 0.78 NODE_7_length_210698_cov_397.859914_161 # 176216 # 180103 # -1 # ID=7_161;partial=00;start_type=ATG;rbs_motif=GGA/GAG/AGG;rbs_spacer=5-10bp;gc_cont=0.568
NODE_7_length_210698_cov_397.859914:176216-180103|- -           1296 26038at2             -            439   3.4e-79  264.7  11.7   5   7   2.5e-09   1.1e-05   22.4   0.4   284   329   691   736   674   739 0.88 NODE_7_length_210698_cov_397.859914_161 # 176216 # 180103 # -1 # ID=7_161;partial=00;start_type=ATG;rbs_motif=GGA/GAG/AGG;rbs_spacer=5-10bp;gc_cont=0.568
NODE_7_length_210698_cov_397.859914:176216-180103|- -           1296 26038at2             -            439   3.4e-79  264.7  11.7   6   7   2.7e-09   1.2e-05   22.3   0.0   315   390   756   850   748   862 0.75 NODE_7_length_210698_cov_397.859914_161 # 176216 # 180103 # -1 # ID=7_161;partial=00;start_type=ATG;rbs_motif=GGA/GAG/AGG;rbs_spacer=5-10bp;gc_cont=0.568
NODE_7_length_210698_cov_397.859914:176216-180103|- -           1296 26038at2             -            439   3.4e-79  264.7  11.7   7   7   9.1e-09     4e-05   20.6   0.0   388   436   877   936   867   939 0.75 NODE_7_length_210698_cov_397.859914_161 # 176216 # 180103 # -1 # ID=7_161;partial=00;start_type=ATG;rbs_motif=GGA/GAG/AGG;rbs_spacer=5-10bp;gc_cont=0.568
#
# Program:         hmmsearch
# Version:         3.1b2 (February 2015)
# Pipeline mode:   SEARCH
# Query file:      /media/saurav/DATA/ubuntu/Learning/NGS/5-denovo/busco_downloads/lineages/bacteria_odb10/hmms/26038at2.hmm
# Target file:     5-qc/BUSCO/spades_hyb_ecoli_ass.out/prodigal_output/predicted_genes/predicted.faa
# Option settings: hmmsearch --domtblout 5-qc/BUSCO/spades_hyb_ecoli_ass.out/run_bacteria_odb10/hmmer_output/26038at2.out --cpu 1 /media/saurav/DATA/ubuntu/Learning/NGS/5-denovo/busco_downloads/lineages/bacteria_odb10/hmms/26038at2.hmm 5-qc/BUSCO/spades_hyb_ecoli_ass.out/prodigal_output/predicted_genes/predicted.faa 
# Current dir:     /media/saurav/DATA/ubuntu/Learning/NGS/5-denovo
# Date:            Sun Jul 28 18:59:37 2024
# [ok]
