#                                                                                                          --- full sequence --- -------------- this domain -------------   hmm coord   ali coord   env coord
# target name                                      accession   tlen query name           accession   qlen   E-value  score  bias   #  of  c-Evalue  i-Evalue  score  bias  from    to  from    to  from    to  acc description of target
#                              ------------------- ---------- ----- -------------------- ---------- ----- --------- ------ ----- --- --- --------- --------- ------ ----- ----- ----- ----- ----- ----- ----- ---- ---------------------
NODE_15_length_117642_cov_390.199022:92663-94696|- -            678 761140at2            -            323   1.1e-58  197.2  11.1   1   3   4.6e-28   5.1e-25   86.5   0.1     1   115     6   154     6   158 0.80 NODE_15_length_117642_cov_390.199022_78 # 92663 # 94696 # -1 # ID=15_78;partial=00;start_type=ATG;rbs_motif=AGxAG;rbs_spacer=11-12bp;gc_cont=0.531
NODE_15_length_117642_cov_390.199022:92663-94696|- -            678 761140at2            -            323   1.1e-58  197.2  11.1   2   3   9.4e-25     1e-21   75.7   3.9   128   258   215   410   206   429 0.79 NODE_15_length_117642_cov_390.199022_78 # 92663 # 94696 # -1 # ID=15_78;partial=00;start_type=ATG;rbs_motif=AGxAG;rbs_spacer=11-12bp;gc_cont=0.531
NODE_15_length_117642_cov_390.199022:92663-94696|- -            678 761140at2            -            323   1.1e-58  197.2  11.1   3   3   3.2e-11   3.5e-08   31.2   0.0   251   314   436   508   419   512 0.81 NODE_15_length_117642_cov_390.199022_78 # 92663 # 94696 # -1 # ID=15_78;partial=00;start_type=ATG;rbs_motif=AGxAG;rbs_spacer=11-12bp;gc_cont=0.531
NODE_19_length_78649_cov_393.195120:62927-65509|-  -            861 761140at2            -            323   8.6e-10   36.5   1.6   1   4   9.1e-10     1e-06   26.4   0.0     2    58    34    95    33   107 0.81 NODE_19_length_78649_cov_393.195120_63 # 62927 # 65509 # -1 # ID=19_63;partial=00;start_type=ATG;rbs_motif=AGGA/GGAG/GAGG;rbs_spacer=11-12bp;gc_cont=0.533
NODE_19_length_78649_cov_393.195120:62927-65509|-  -            861 761140at2            -            323   8.6e-10   36.5   1.6   2   4     0.052        58    0.9   0.0   130   151   411   433   397   438 0.82 NODE_19_length_78649_cov_393.195120_63 # 62927 # 65509 # -1 # ID=19_63;partial=00;start_type=ATG;rbs_motif=AGGA/GGAG/GAGG;rbs_spacer=11-12bp;gc_cont=0.533
NODE_19_length_78649_cov_393.195120:62927-65509|-  -            861 761140at2            -            323   8.6e-10   36.5   1.6   3   4      0.49   5.4e+02   -2.3   0.0   214   253   640   681   638   716 0.63 NODE_19_length_78649_cov_393.195120_63 # 62927 # 65509 # -1 # ID=19_63;partial=00;start_type=ATG;rbs_motif=AGGA/GGAG/GAGG;rbs_spacer=11-12bp;gc_cont=0.533
NODE_19_length_78649_cov_393.195120:62927-65509|-  -            861 761140at2            -            323   8.6e-10   36.5   1.6   4   4    0.0025       2.7    5.3   0.2   251   306   720   769   694   782 0.80 NODE_19_length_78649_cov_393.195120_63 # 62927 # 65509 # -1 # ID=19_63;partial=00;start_type=ATG;rbs_motif=AGGA/GGAG/GAGG;rbs_spacer=11-12bp;gc_cont=0.533
NODE_8_length_203214_cov_402.531626:1904-4720|+    -            939 761140at2            -            323   1.6e-08   32.3   0.3   1   4   4.3e-08   4.7e-05   20.9   0.0     2    56    50   109    49   134 0.83 NODE_8_length_203214_cov_402.531626_3 # 1904 # 4720 # 1 # ID=8_3;partial=00;start_type=ATG;rbs_motif=GGA/GAG/AGG;rbs_spacer=5-10bp;gc_cont=0.558
NODE_8_length_203214_cov_402.531626:1904-4720|+    -            939 761140at2            -            323   1.6e-08   32.3   0.3   2   4     0.033        36    1.6   0.1   124   150   446   474   440   479 0.81 NODE_8_length_203214_cov_402.531626_3 # 1904 # 4720 # 1 # ID=8_3;partial=00;start_type=ATG;rbs_motif=GGA/GAG/AGG;rbs_spacer=5-10bp;gc_cont=0.558
NODE_8_length_203214_cov_402.531626:1904-4720|+    -            939 761140at2            -            323   1.6e-08   32.3   0.3   3   4      0.39   4.3e+02   -1.9   0.0   205   215   600   610   585   626 0.68 NODE_8_length_203214_cov_402.531626_3 # 1904 # 4720 # 1 # ID=8_3;partial=00;start_type=ATG;rbs_motif=GGA/GAG/AGG;rbs_spacer=5-10bp;gc_cont=0.558
NODE_8_length_203214_cov_402.531626:1904-4720|+    -            939 761140at2            -            323   1.6e-08   32.3   0.3   4   4    0.0039       4.3    4.6   0.0   221   309   692   774   685   778 0.76 NODE_8_length_203214_cov_402.531626_3 # 1904 # 4720 # 1 # ID=8_3;partial=00;start_type=ATG;rbs_motif=GGA/GAG/AGG;rbs_spacer=5-10bp;gc_cont=0.558
NODE_4_length_294422_cov_404.790256:23786-26641|+  -            952 761140at2            -            323   4.4e-07   27.6   5.0   1   5     5e-07   0.00055   17.4   0.0     2    61    34    98    33   167 0.83 NODE_4_length_294422_cov_404.790256_24 # 23786 # 26641 # 1 # ID=4_24;partial=00;start_type=ATG;rbs_motif=GGA/GAG/AGG;rbs_spacer=3-4bp;gc_cont=0.546
NODE_4_length_294422_cov_404.790256:23786-26641|+  -            952 761140at2            -            323   4.4e-07   27.6   5.0   2   5     0.028        31    1.8   0.1   136   161   420   440   383   466 0.78 NODE_4_length_294422_cov_404.790256_24 # 23786 # 26641 # 1 # ID=4_24;partial=00;start_type=ATG;rbs_motif=GGA/GAG/AGG;rbs_spacer=3-4bp;gc_cont=0.546
NODE_4_length_294422_cov_404.790256:23786-26641|+  -            952 761140at2            -            323   4.4e-07   27.6   5.0   3   5     0.029        32    1.8   0.4   169   198   495   524   489   530 0.82 NODE_4_length_294422_cov_404.790256_24 # 23786 # 26641 # 1 # ID=4_24;partial=00;start_type=ATG;rbs_motif=GGA/GAG/AGG;rbs_spacer=3-4bp;gc_cont=0.546
NODE_4_length_294422_cov_404.790256:23786-26641|+  -            952 761140at2            -            323   4.4e-07   27.6   5.0   4   5     0.017        19    2.5   0.0   182   215   532   562   523   602 0.85 NODE_4_length_294422_cov_404.790256_24 # 23786 # 26641 # 1 # ID=4_24;partial=00;start_type=ATG;rbs_motif=GGA/GAG/AGG;rbs_spacer=3-4bp;gc_cont=0.546
NODE_4_length_294422_cov_404.790256:23786-26641|+  -            952 761140at2            -            323   4.4e-07   27.6   5.0   5   5     0.071        78    0.5   0.0   282   309   734   761   704   770 0.71 NODE_4_length_294422_cov_404.790256_24 # 23786 # 26641 # 1 # ID=4_24;partial=00;start_type=ATG;rbs_motif=GGA/GAG/AGG;rbs_spacer=3-4bp;gc_cont=0.546
#
# Program:         hmmsearch
# Version:         3.1b2 (February 2015)
# Pipeline mode:   SEARCH
# Query file:      /media/saurav/DATA/ubuntu/Learning/NGS/5-denovo/busco_downloads/lineages/bacteria_odb10/hmms/761140at2.hmm
# Target file:     5-qc/BUSCO/spades_hyb_ecoli_ass.out/prodigal_output/predicted_genes/predicted.faa
# Option settings: hmmsearch --domtblout 5-qc/BUSCO/spades_hyb_ecoli_ass.out/run_bacteria_odb10/hmmer_output/761140at2.out --cpu 1 /media/saurav/DATA/ubuntu/Learning/NGS/5-denovo/busco_downloads/lineages/bacteria_odb10/hmms/761140at2.hmm 5-qc/BUSCO/spades_hyb_ecoli_ass.out/prodigal_output/predicted_genes/predicted.faa 
# Current dir:     /media/saurav/DATA/ubuntu/Learning/NGS/5-denovo
# Date:            Sun Jul 28 18:59:37 2024
# [ok]
