#                                                                                                            --- full sequence --- -------------- this domain -------------   hmm coord   ali coord   env coord
# target name                                        accession   tlen query name           accession   qlen   E-value  score  bias   #  of  c-Evalue  i-Evalue  score  bias  from    to  from    to  from    to  acc description of target
#                                ------------------- ---------- ----- -------------------- ---------- ----- --------- ------ ----- --- --- --------- --------- ------ ----- ----- ----- ----- ----- ----- ----- ---- ---------------------
NODE_2_length_312554_cov_398.527437:134227-135510|-  -            428 776861at2            -            618  8.2e-166  550.7   0.0   1   1  1.9e-168  9.3e-166  550.5   0.0     2   403     2   426     1   427 0.92 NODE_2_length_312554_cov_398.527437_118 # 134227 # 135510 # -1 # ID=2_118;partial=00;start_type=ATG;rbs_motif=GGA/GAG/AGG;rbs_spacer=5-10bp;gc_cont=0.507
NODE_2_length_312554_cov_398.527437:132438-133121|-  -            228 776861at2            -            618   4.3e-86  287.4   1.1   1   1   9.5e-89   4.6e-86  287.2   1.1   407   612     4   224     1   227 0.97 NODE_2_length_312554_cov_398.527437_116 # 132438 # 133121 # -1 # ID=2_116;partial=00;start_type=ATG;rbs_motif=AGGAG;rbs_spacer=5-10bp;gc_cont=0.537
NODE_9_length_178278_cov_394.979327:147885-149144|-  -            420 776861at2            -            618     4e-10   36.4   1.8   1   2   2.1e-12     1e-09   35.1   0.8    11   294    11   299     2   346 0.79 NODE_9_length_178278_cov_394.979327_136 # 147885 # 149144 # -1 # ID=9_136;partial=00;start_type=ATG;rbs_motif=GGA/GAG/AGG;rbs_spacer=5-10bp;gc_cont=0.533
NODE_9_length_178278_cov_394.979327:147885-149144|-  -            420 776861at2            -            618     4e-10   36.4   1.8   2   2      0.12        59   -0.5   0.0    25    66   373   415   350   418 0.75 NODE_9_length_178278_cov_394.979327_136 # 147885 # 149144 # -1 # ID=9_136;partial=00;start_type=ATG;rbs_motif=GGA/GAG/AGG;rbs_spacer=5-10bp;gc_cont=0.533
NODE_16_length_112849_cov_403.621697:106411-106938|- -            176 776861at2            -            618   0.00021   17.6   0.0   1   1   4.4e-07   0.00022   17.5   0.0   414   439    14    39     1    86 0.83 NODE_16_length_112849_cov_403.621697_97 # 106411 # 106938 # -1 # ID=16_97;partial=00;start_type=TTG;rbs_motif=GGxGG;rbs_spacer=5-10bp;gc_cont=0.498
NODE_16_length_112849_cov_403.621697:47888-48409|-   -            174 776861at2            -            618   0.00037   16.7   0.0   1   1   1.1e-06   0.00053   16.2   0.0   410   439     6    35     1    37 0.88 NODE_16_length_112849_cov_403.621697_52 # 47888 # 48409 # -1 # ID=16_52;partial=00;start_type=ATG;rbs_motif=AGxAG;rbs_spacer=5-10bp;gc_cont=0.490
NODE_12_length_133063_cov_394.001414:104289-104933|+ -            215 776861at2            -            618    0.0034   13.5   0.1   1   1   8.6e-06    0.0042   13.2   0.1   415   454     7    46     1    80 0.68 NODE_12_length_133063_cov_394.001414_100 # 104289 # 104933 # 1 # ID=12_100;partial=00;start_type=ATG;rbs_motif=GGA/GAG/AGG;rbs_spacer=5-10bp;gc_cont=0.518
NODE_19_length_78649_cov_393.195120:75256-75981|-    -            242 776861at2            -            618    0.0049   13.0   0.0   1   1   1.5e-05    0.0074   12.4   0.0   391   428    11    47     3    50 0.75 NODE_19_length_78649_cov_393.195120_73 # 75256 # 75981 # -1 # ID=19_73;partial=00;start_type=ATG;rbs_motif=AGGA;rbs_spacer=5-10bp;gc_cont=0.523
NODE_1_length_433760_cov_397.357256:305817-306563|+  -            249 776861at2            -            618     0.015   11.4   0.1   1   1   4.6e-05     0.022   10.8   0.1   411   435    30    54    19    59 0.88 NODE_1_length_433760_cov_397.357256_301 # 305817 # 306563 # 1 # ID=1_301;partial=00;start_type=ATG;rbs_motif=AGGA;rbs_spacer=5-10bp;gc_cont=0.505
NODE_25_length_54902_cov_395.355659:52230-52928|+    -            233 776861at2            -            618     0.052    9.6   0.1   1   1   0.00014     0.068    9.2   0.1   406   434     7    35     1    39 0.85 NODE_25_length_54902_cov_395.355659_57 # 52230 # 52928 # 1 # ID=25_57;partial=00;start_type=ATG;rbs_motif=None;rbs_spacer=None;gc_cont=0.506
#
# Program:         hmmsearch
# Version:         3.1b2 (February 2015)
# Pipeline mode:   SEARCH
# Query file:      /media/saurav/DATA/ubuntu/Learning/NGS/5-denovo/busco_downloads/lineages/bacteria_odb10/hmms/776861at2.hmm
# Target file:     5-qc/BUSCO/spades_hyb_ecoli_ass.out/prodigal_output/predicted_genes/predicted.faa
# Option settings: hmmsearch --domtblout 5-qc/BUSCO/spades_hyb_ecoli_ass.out/run_bacteria_odb10/hmmer_output/776861at2.out --cpu 1 /media/saurav/DATA/ubuntu/Learning/NGS/5-denovo/busco_downloads/lineages/bacteria_odb10/hmms/776861at2.hmm 5-qc/BUSCO/spades_hyb_ecoli_ass.out/prodigal_output/predicted_genes/predicted.faa 
# Current dir:     /media/saurav/DATA/ubuntu/Learning/NGS/5-denovo
# Date:            Sun Jul 28 18:59:38 2024
# [ok]
