#                                                                                                            --- full sequence --- -------------- this domain -------------   hmm coord   ali coord   env coord
# target name                                        accession   tlen query name           accession   qlen   E-value  score  bias   #  of  c-Evalue  i-Evalue  score  bias  from    to  from    to  from    to  acc description of target
#                                ------------------- ---------- ----- -------------------- ---------- ----- --------- ------ ----- --- --- --------- --------- ------ ----- ----- ----- ----- ----- ----- ----- ---- ---------------------
NODE_1_length_433760_cov_397.357256:122973-123983|+  -            337 874197at2            -            274  1.5e-129  429.0   0.3   1   1  7.6e-132  2.3e-129  428.4   0.3     1   273    20   321    20   322 0.92 NODE_1_length_433760_cov_397.357256_122 # 122973 # 123983 # 1 # ID=1_122;partial=00;start_type=ATG;rbs_motif=GGAG/GAGG;rbs_spacer=5-10bp;gc_cont=0.527
NODE_2_length_312554_cov_398.527437:154985-156328|-  -            448 874197at2            -            274   3.5e-12   44.0   0.0   1   1   2.7e-14   7.9e-12   42.9   0.0     3   115    19   138    17   154 0.74 NODE_2_length_312554_cov_398.527437_134 # 154985 # 156328 # -1 # ID=2_134;partial=00;start_type=GTG;rbs_motif=GGAG/GAGG;rbs_spacer=5-10bp;gc_cont=0.536
NODE_12_length_133063_cov_394.001414:64540-65814|+   -            425 874197at2            -            274   4.7e-07   27.2   0.0   1   1   3.4e-09     1e-06   26.1   0.0     3    84    69   165    67   198 0.70 NODE_12_length_133063_cov_394.001414_65 # 64540 # 65814 # 1 # ID=12_65;partial=00;start_type=ATG;rbs_motif=GGAG/GAGG;rbs_spacer=5-10bp;gc_cont=0.515
NODE_9_length_178278_cov_394.979327:137651-139594|-  -            648 874197at2            -            274   3.5e-06   24.4   0.0   1   2   2.6e-08   7.8e-06   23.2   0.0    32    95   185   256   147   261 0.65 NODE_9_length_178278_cov_394.979327_125 # 137651 # 139594 # -1 # ID=9_125;partial=00;start_type=TTG;rbs_motif=GGAG/GAGG;rbs_spacer=5-10bp;gc_cont=0.536
NODE_9_length_178278_cov_394.979327:137651-139594|-  -            648 874197at2            -            274   3.5e-06   24.4   0.0   2   2       5.1   1.5e+03   -3.9   0.0    38    57   351   370   334   394 0.70 NODE_9_length_178278_cov_394.979327_125 # 137651 # 139594 # -1 # ID=9_125;partial=00;start_type=TTG;rbs_motif=GGAG/GAGG;rbs_spacer=5-10bp;gc_cont=0.536
NODE_2_length_312554_cov_398.527437:168782-171058|-  -            759 874197at2            -            274   1.3e-05   22.5   1.3   1   2   0.00069       0.2    8.8   0.4    75    99   265   291   191   294 0.53 NODE_2_length_312554_cov_398.527437_143 # 168782 # 171058 # -1 # ID=2_143;partial=00;start_type=ATG;rbs_motif=GGAGG;rbs_spacer=5-10bp;gc_cont=0.527
NODE_2_length_312554_cov_398.527437:168782-171058|-  -            759 874197at2            -            274   1.3e-05   22.5   1.3   2   2   0.00043      0.13    9.4   0.0    12    63   461   516   451   530 0.79 NODE_2_length_312554_cov_398.527437_143 # 168782 # 171058 # -1 # ID=2_143;partial=00;start_type=ATG;rbs_motif=GGAGG;rbs_spacer=5-10bp;gc_cont=0.527
NODE_5_length_264618_cov_388.501291:261741-264314|+  -            858 874197at2            -            274   1.8e-05   22.1   0.2   1   2    0.0018      0.53    7.4   0.3    35    99   199   284   175   294 0.58 NODE_5_length_264618_cov_388.501291_254 # 261741 # 264314 # 1 # ID=5_254;partial=00;start_type=ATG;rbs_motif=GGAGG;rbs_spacer=3-4bp;gc_cont=0.514
NODE_5_length_264618_cov_388.501291:261741-264314|+  -            858 874197at2            -            274   1.8e-05   22.1   0.2   2   2   0.00065      0.19    8.8   0.0    12    59   571   622   563   640 0.74 NODE_5_length_264618_cov_388.501291_254 # 261741 # 264314 # 1 # ID=5_254;partial=00;start_type=ATG;rbs_motif=GGAGG;rbs_spacer=3-4bp;gc_cont=0.514
NODE_11_length_148513_cov_395.042779:91636-92373|-   -            246 874197at2            -            274    0.0003   18.0   0.1   1   1   1.8e-06   0.00054   17.2   0.1    32    99    96   175    62   193 0.70 NODE_11_length_148513_cov_395.042779_83 # 91636 # 92373 # -1 # ID=11_83;partial=00;start_type=ATG;rbs_motif=GGAG/GAGG;rbs_spacer=5-10bp;gc_cont=0.508
NODE_12_length_133063_cov_394.001414:66002-68356|+   -            785 874197at2            -            274   0.00051   17.3   0.0   1   1   6.3e-06    0.0019   15.4   0.0    10    70   323   385   319   506 0.82 NODE_12_length_133063_cov_394.001414_66 # 66002 # 68356 # 1 # ID=12_66;partial=00;start_type=ATG;rbs_motif=GGA/GAG/AGG;rbs_spacer=5-10bp;gc_cont=0.523
NODE_14_length_125752_cov_403.157446:44729-46060|+   -            444 874197at2            -            274   0.00067   16.9   1.3   1   4   4.3e-05     0.013   12.7   0.0    12    64    18    79     8   133 0.67 NODE_14_length_125752_cov_403.157446_36 # 44729 # 46060 # 1 # ID=14_36;partial=00;start_type=ATG;rbs_motif=AGGA;rbs_spacer=5-10bp;gc_cont=0.526
NODE_14_length_125752_cov_403.157446:44729-46060|+   -            444 874197at2            -            274   0.00067   16.9   1.3   2   4       2.6   7.8e+02   -3.0   0.0   206   242   155   191   154   203 0.76 NODE_14_length_125752_cov_403.157446_36 # 44729 # 46060 # 1 # ID=14_36;partial=00;start_type=ATG;rbs_motif=AGGA;rbs_spacer=5-10bp;gc_cont=0.526
NODE_14_length_125752_cov_403.157446:44729-46060|+   -            444 874197at2            -            274   0.00067   16.9   1.3   3   4     0.098        29    1.7   0.1    80    99   243   262   217   265 0.81 NODE_14_length_125752_cov_403.157446_36 # 44729 # 46060 # 1 # ID=14_36;partial=00;start_type=ATG;rbs_motif=AGGA;rbs_spacer=5-10bp;gc_cont=0.526
NODE_14_length_125752_cov_403.157446:44729-46060|+   -            444 874197at2            -            274   0.00067   16.9   1.3   4   4       6.2   1.8e+03   -4.2   0.0    96   116   400   420   398   424 0.74 NODE_14_length_125752_cov_403.157446_36 # 44729 # 46060 # 1 # ID=14_36;partial=00;start_type=ATG;rbs_motif=AGGA;rbs_spacer=5-10bp;gc_cont=0.526
NODE_18_length_88469_cov_402.845405:1577-3097|-      -            507 874197at2            -            274    0.0008   16.6   0.1   1   2   8.6e-06    0.0025   15.0   0.0     3    55   185   230   183   242 0.84 NODE_18_length_88469_cov_402.845405_3 # 1577 # 3097 # -1 # ID=18_3;partial=00;start_type=ATG;rbs_motif=AGGAGG;rbs_spacer=3-4bp;gc_cont=0.508
NODE_18_length_88469_cov_402.845405:1577-3097|-      -            507 874197at2            -            274    0.0008   16.6   0.1   2   2       2.4     7e+02   -2.9   0.0    84    98   292   306   290   333 0.76 NODE_18_length_88469_cov_402.845405_3 # 1577 # 3097 # -1 # ID=18_3;partial=00;start_type=ATG;rbs_motif=AGGAGG;rbs_spacer=3-4bp;gc_cont=0.508
NODE_12_length_133063_cov_394.001414:99206-101137|+  -            644 874197at2            -            274    0.0012   16.0   0.0   1   2   1.1e-05    0.0032   14.6   0.0     5    69    11    72     7    84 0.79 NODE_12_length_133063_cov_394.001414_96 # 99206 # 101137 # 1 # ID=12_96;partial=00;start_type=ATG;rbs_motif=GGA/GAG/AGG;rbs_spacer=5-10bp;gc_cont=0.577
NODE_12_length_133063_cov_394.001414:99206-101137|+  -            644 874197at2            -            274    0.0012   16.0   0.0   2   2         2   5.8e+02   -2.6   0.0    87   100   120   133    91   141 0.67 NODE_12_length_133063_cov_394.001414_96 # 99206 # 101137 # 1 # ID=12_96;partial=00;start_type=ATG;rbs_motif=GGA/GAG/AGG;rbs_spacer=5-10bp;gc_cont=0.577
NODE_2_length_312554_cov_398.527437:82451-84358|-    -            636 874197at2            -            274     0.004   14.3   0.0   1   2    0.0058       1.7    5.7   0.0    28    61    22    55    18    59 0.85 NODE_2_length_312554_cov_398.527437_77 # 82451 # 84358 # -1 # ID=2_77;partial=00;start_type=ATG;rbs_motif=AGGA;rbs_spacer=5-10bp;gc_cont=0.523
NODE_2_length_312554_cov_398.527437:82451-84358|-    -            636 874197at2            -            274     0.004   14.3   0.0   2   2    0.0044       1.3    6.1   0.0    36    60   346   370   332   385 0.82 NODE_2_length_312554_cov_398.527437_77 # 82451 # 84358 # -1 # ID=2_77;partial=00;start_type=ATG;rbs_motif=AGGA;rbs_spacer=5-10bp;gc_cont=0.523
NODE_1_length_433760_cov_397.357256:199487-201421|-  -            645 874197at2            -            274    0.0099   13.0   0.0   1   1   6.7e-05      0.02   12.1   0.0     6    56    73   124    69   137 0.82 NODE_1_length_433760_cov_397.357256_199 # 199487 # 201421 # -1 # ID=1_199;partial=00;start_type=ATG;rbs_motif=AGGA;rbs_spacer=5-10bp;gc_cont=0.502
NODE_11_length_148513_cov_395.042779:69356-70753|-   -            466 874197at2            -            274     0.011   12.9   0.0   1   1   7.3e-05     0.021   11.9   0.0    24    56   189   221   175   229 0.86 NODE_11_length_148513_cov_395.042779_68 # 69356 # 70753 # -1 # ID=11_68;partial=00;start_type=ATG;rbs_motif=GGAG/GAGG;rbs_spacer=5-10bp;gc_cont=0.403
NODE_12_length_133063_cov_394.001414:123033-123710|+ -            226 874197at2            -            274     0.013   12.7   0.0   1   1   7.5e-05     0.022   11.9   0.0    37   106    35   100    25   174 0.76 NODE_12_length_133063_cov_394.001414_116 # 123033 # 123710 # 1 # ID=12_116;partial=00;start_type=ATG;rbs_motif=GGA/GAG/AGG;rbs_spacer=5-10bp;gc_cont=0.454
#
# Program:         hmmsearch
# Version:         3.1b2 (February 2015)
# Pipeline mode:   SEARCH
# Query file:      /media/saurav/DATA/ubuntu/Learning/NGS/5-denovo/busco_downloads/lineages/bacteria_odb10/hmms/874197at2.hmm
# Target file:     5-qc/BUSCO/spades_hyb_ecoli_ass.out/prodigal_output/predicted_genes/predicted.faa
# Option settings: hmmsearch --domtblout 5-qc/BUSCO/spades_hyb_ecoli_ass.out/run_bacteria_odb10/hmmer_output/874197at2.out --cpu 1 /media/saurav/DATA/ubuntu/Learning/NGS/5-denovo/busco_downloads/lineages/bacteria_odb10/hmms/874197at2.hmm 5-qc/BUSCO/spades_hyb_ecoli_ass.out/prodigal_output/predicted_genes/predicted.faa 
# Current dir:     /media/saurav/DATA/ubuntu/Learning/NGS/5-denovo
# Date:            Sun Jul 28 18:59:38 2024
# [ok]
