#                                                                                                           --- full sequence --- -------------- this domain -------------   hmm coord   ali coord   env coord
# target name                                       accession   tlen query name           accession   qlen   E-value  score  bias   #  of  c-Evalue  i-Evalue  score  bias  from    to  from    to  from    to  acc description of target
#                               ------------------- ---------- ----- -------------------- ---------- ----- --------- ------ ----- --- --- --------- --------- ------ ----- ----- ----- ----- ----- ----- ----- ---- ---------------------
NODE_39_length_30887_cov_412.064232:1989-3278|+     -            430 932854at2            -           1620  3.5e-208  692.2   1.4   1   1  5.3e-211  3.9e-208  692.1   1.4     2   419     1   427     1   429 0.98 NODE_39_length_30887_cov_412.064232_2 # 1989 # 3278 # 1 # ID=39_2;partial=00;start_type=ATG;rbs_motif=GGAG/GAGG;rbs_spacer=5-10bp;gc_cont=0.582
NODE_7_length_210698_cov_397.859914:176216-180103|- -           1296 932854at2            -           1620   1.6e-46  156.4   0.0   1   3   1.4e-08     1e-05   21.1   0.0   597   667   177   247   115   270 0.87 NODE_7_length_210698_cov_397.859914_161 # 176216 # 180103 # -1 # ID=7_161;partial=00;start_type=ATG;rbs_motif=GGA/GAG/AGG;rbs_spacer=5-10bp;gc_cont=0.568
NODE_7_length_210698_cov_397.859914:176216-180103|- -           1296 932854at2            -           1620   1.6e-46  156.4   0.0   2   3   8.9e-28   6.6e-25   84.7   0.0   732  1151   288   738   275   845 0.76 NODE_7_length_210698_cov_397.859914_161 # 176216 # 180103 # -1 # ID=7_161;partial=00;start_type=ATG;rbs_motif=GGA/GAG/AGG;rbs_spacer=5-10bp;gc_cont=0.568
NODE_7_length_210698_cov_397.859914:176216-180103|- -           1296 932854at2            -           1620   1.6e-46  156.4   0.0   3   3   2.6e-16   1.9e-13   46.8   0.0  1367  1596  1040  1266  1034  1273 0.73 NODE_7_length_210698_cov_397.859914_161 # 176216 # 180103 # -1 # ID=7_161;partial=00;start_type=ATG;rbs_motif=GGA/GAG/AGG;rbs_spacer=5-10bp;gc_cont=0.568
NODE_8_length_203214_cov_402.531626:10330-13551|+   -           1074 932854at2            -           1620   7.6e-05   18.2   0.3   1   2   5.6e-05     0.041    9.2   0.0   110   187   136   212   108   269 0.91 NODE_8_length_203214_cov_402.531626_10 # 10330 # 13551 # 1 # ID=8_10;partial=00;start_type=ATG;rbs_motif=AGGAG;rbs_spacer=5-10bp;gc_cont=0.563
NODE_8_length_203214_cov_402.531626:10330-13551|+   -           1074 932854at2            -           1620   7.6e-05   18.2   0.3   2   2   0.00023      0.17    7.1   0.0    55   202   627   774   597   779 0.83 NODE_8_length_203214_cov_402.531626_10 # 10330 # 13551 # 1 # ID=8_10;partial=00;start_type=ATG;rbs_motif=AGGAG;rbs_spacer=5-10bp;gc_cont=0.563
NODE_26_length_47992_cov_405.907545:29862-31028|+   -            389 932854at2            -           1620   0.00017   17.1   0.0   1   1   3.2e-07   0.00023   16.6   0.0   106   173     8    80     6    89 0.89 NODE_26_length_47992_cov_405.907545_29 # 29862 # 31028 # 1 # ID=26_29;partial=00;start_type=ATG;rbs_motif=GGA/GAG/AGG;rbs_spacer=5-10bp;gc_cont=0.543
NODE_24_length_56917_cov_396.253818:16229-17578|-   -            450 932854at2            -           1620   0.00025   16.5   0.0   1   1   5.6e-07   0.00041   15.8   0.0    79   186    92   205    88   228 0.80 NODE_24_length_56917_cov_396.253818_18 # 16229 # 17578 # -1 # ID=24_18;partial=00;start_type=ATG;rbs_motif=GGAG/GAGG;rbs_spacer=5-10bp;gc_cont=0.535
NODE_8_length_203214_cov_402.531626:81746-82666|+   -            307 932854at2            -           1620     0.028    9.7   0.0   1   1   4.5e-05     0.033    9.5   0.0   153   195   150   193    75   201 0.76 NODE_8_length_203214_cov_402.531626_68 # 81746 # 82666 # 1 # ID=8_68;partial=00;start_type=ATG;rbs_motif=GGAGG;rbs_spacer=5-10bp;gc_cont=0.516
#
# Program:         hmmsearch
# Version:         3.1b2 (February 2015)
# Pipeline mode:   SEARCH
# Query file:      /media/saurav/DATA/ubuntu/Learning/NGS/5-denovo/busco_downloads/lineages/bacteria_odb10/hmms/932854at2.hmm
# Target file:     5-qc/BUSCO/spades_hyb_ecoli_ass.out/prodigal_output/predicted_genes/predicted.faa
# Option settings: hmmsearch --domtblout 5-qc/BUSCO/spades_hyb_ecoli_ass.out/run_bacteria_odb10/hmmer_output/932854at2.out --cpu 1 /media/saurav/DATA/ubuntu/Learning/NGS/5-denovo/busco_downloads/lineages/bacteria_odb10/hmms/932854at2.hmm 5-qc/BUSCO/spades_hyb_ecoli_ass.out/prodigal_output/predicted_genes/predicted.faa 
# Current dir:     /media/saurav/DATA/ubuntu/Learning/NGS/5-denovo
# Date:            Sun Jul 28 18:59:38 2024
# [ok]
