#                                                                                                           --- full sequence --- -------------- this domain -------------   hmm coord   ali coord   env coord
# target name                                       accession   tlen query name           accession   qlen   E-value  score  bias   #  of  c-Evalue  i-Evalue  score  bias  from    to  from    to  from    to  acc description of target
#                               ------------------- ---------- ----- -------------------- ---------- ----- --------- ------ ----- --- --- --------- --------- ------ ----- ----- ----- ----- ----- ----- ----- ---- ---------------------
NODE_2_length_312554_cov_398.527437:278775-280796|- -            674 95696at2             -            490  1.3e-232  770.8   7.7   1   3   2.9e-70   1.2e-67  226.7   0.1     1   123    35   157    35   166 0.97 NODE_2_length_312554_cov_398.527437_246 # 278775 # 280796 # -1 # ID=2_246;partial=00;start_type=ATG;rbs_motif=GGA/GAG/AGG;rbs_spacer=5-10bp;gc_cont=0.535
NODE_2_length_312554_cov_398.527437:278775-280796|- -            674 95696at2             -            490  1.3e-232  770.8   7.7   2   3  2.7e-167  1.1e-164  546.7   0.8   114   477   167   590   161   601 0.89 NODE_2_length_312554_cov_398.527437_246 # 278775 # 280796 # -1 # ID=2_246;partial=00;start_type=ATG;rbs_motif=GGA/GAG/AGG;rbs_spacer=5-10bp;gc_cont=0.535
NODE_2_length_312554_cov_398.527437:278775-280796|- -            674 95696at2             -            490  1.3e-232  770.8   7.7   3   3      0.14        58    0.1   0.1   462   490   633   662   625   662 0.83 NODE_2_length_312554_cov_398.527437_246 # 278775 # 280796 # -1 # ID=2_246;partial=00;start_type=ATG;rbs_motif=GGA/GAG/AGG;rbs_spacer=5-10bp;gc_cont=0.535
NODE_3_length_297513_cov_387.844965:221084-224578|+ -           1165 95696at2             -            490   2.4e-10   37.7   0.2   1   4     0.057        23    1.4   0.0     3    50    34    82    32   110 0.76 NODE_3_length_297513_cov_387.844965_223 # 221084 # 224578 # 1 # ID=3_223;partial=00;start_type=ATG;rbs_motif=None;rbs_spacer=None;gc_cont=0.546
NODE_3_length_297513_cov_387.844965:221084-224578|+ -           1165 95696at2             -            490   2.4e-10   37.7   0.2   2   4    0.0013       0.5    6.9   0.0   121   167   159   211   149   279 0.81 NODE_3_length_297513_cov_387.844965_223 # 221084 # 224578 # 1 # ID=3_223;partial=00;start_type=ATG;rbs_motif=None;rbs_spacer=None;gc_cont=0.546
NODE_3_length_297513_cov_387.844965:221084-224578|+ -           1165 95696at2             -            490   2.4e-10   37.7   0.2   3   4    0.0025         1    5.9   0.1   340   409   671   743   644   760 0.79 NODE_3_length_297513_cov_387.844965_223 # 221084 # 224578 # 1 # ID=3_223;partial=00;start_type=ATG;rbs_motif=None;rbs_spacer=None;gc_cont=0.546
NODE_3_length_297513_cov_387.844965:221084-224578|+ -           1165 95696at2             -            490   2.4e-10   37.7   0.2   4   4   6.4e-07   0.00026   17.8   0.1   346   439   839   926   835   954 0.79 NODE_3_length_297513_cov_387.844965_223 # 221084 # 224578 # 1 # ID=3_223;partial=00;start_type=ATG;rbs_motif=None;rbs_spacer=None;gc_cont=0.546
NODE_7_length_210698_cov_397.859914:197456-198790|+ -            445 95696at2             -            490   2.5e-09   34.3   0.0   1   2       2.6   1.1e+03   -4.1   0.0    27    47    80   100    76   113 0.52 NODE_7_length_210698_cov_397.859914_180 # 197456 # 198790 # 1 # ID=7_180;partial=00;start_type=ATG;rbs_motif=GGAG/GAGG;rbs_spacer=5-10bp;gc_cont=0.548
NODE_7_length_210698_cov_397.859914:197456-198790|+ -            445 95696at2             -            490   2.5e-09   34.3   0.0   2   2   1.3e-11   5.2e-09   33.2   0.0   335   435   247   342   205   356 0.86 NODE_7_length_210698_cov_397.859914_180 # 197456 # 198790 # 1 # ID=7_180;partial=00;start_type=ATG;rbs_motif=GGAG/GAGG;rbs_spacer=5-10bp;gc_cont=0.548
NODE_14_length_125752_cov_403.157446:39666-41864|+  -            733 95696at2             -            490     8e-08   29.3   0.1   1   2   9.2e-05     0.037   10.6   0.0     3    48   222   270   220   280 0.85 NODE_14_length_125752_cov_403.157446_32 # 39666 # 41864 # 1 # ID=14_32;partial=00;start_type=ATG;rbs_motif=AGGA;rbs_spacer=5-10bp;gc_cont=0.575
NODE_14_length_125752_cov_403.157446:39666-41864|+  -            733 95696at2             -            490     8e-08   29.3   0.1   2   2   1.5e-06    0.0006   16.5   0.0   379   441   525   596   508   602 0.74 NODE_14_length_125752_cov_403.157446_32 # 39666 # 41864 # 1 # ID=14_32;partial=00;start_type=ATG;rbs_motif=AGGA;rbs_spacer=5-10bp;gc_cont=0.575
NODE_2_length_312554_cov_398.527437:262086-263450|- -            455 95696at2             -            490   8.6e-08   29.2   0.0   1   2      0.15        59    0.1   0.0    23    46    73    98    43   110 0.65 NODE_2_length_312554_cov_398.527437_228 # 262086 # 263450 # -1 # ID=2_228;partial=00;start_type=ATG;rbs_motif=GGAG/GAGG;rbs_spacer=5-10bp;gc_cont=0.566
NODE_2_length_312554_cov_398.527437:262086-263450|- -            455 95696at2             -            490   8.6e-08   29.2   0.0   2   2   1.3e-09   5.3e-07   26.6   0.0   336   408   245   317   218   337 0.93 NODE_2_length_312554_cov_398.527437_228 # 262086 # 263450 # -1 # ID=2_228;partial=00;start_type=ATG;rbs_motif=GGAG/GAGG;rbs_spacer=5-10bp;gc_cont=0.566
NODE_9_length_178278_cov_394.979327:118621-120510|- -            630 95696at2             -            490   4.4e-07   26.9   1.6   1   2     0.011       4.2    3.9   0.0     5    48    50    99    46   113 0.72 NODE_9_length_178278_cov_394.979327_111 # 118621 # 120510 # -1 # ID=9_111;partial=00;start_type=ATG;rbs_motif=AGGA/GGAG/GAGG;rbs_spacer=11-12bp;gc_cont=0.555
NODE_9_length_178278_cov_394.979327:118621-120510|- -            630 95696at2             -            490   4.4e-07   26.9   1.6   2   2   4.4e-08   1.8e-05   21.6   0.7   339   444   248   350   241   371 0.81 NODE_9_length_178278_cov_394.979327_111 # 118621 # 120510 # -1 # ID=9_111;partial=00;start_type=ATG;rbs_motif=AGGA/GGAG/GAGG;rbs_spacer=11-12bp;gc_cont=0.555
NODE_18_length_88469_cov_402.845405:17493-18758|-   -            422 95696at2             -            490   6.9e-07   26.2   0.0   1   2      0.58   2.3e+02   -1.9   0.0    21    42    81   103    54   109 0.76 NODE_18_length_88469_cov_402.845405_16 # 17493 # 18758 # -1 # ID=18_16;partial=00;start_type=ATG;rbs_motif=None;rbs_spacer=None;gc_cont=0.525
NODE_18_length_88469_cov_402.845405:17493-18758|-   -            422 95696at2             -            490   6.9e-07   26.2   0.0   2   2   4.8e-09   1.9e-06   24.8   0.0   337   410   257   330   241   354 0.90 NODE_18_length_88469_cov_402.845405_16 # 17493 # 18758 # -1 # ID=18_16;partial=00;start_type=ATG;rbs_motif=None;rbs_spacer=None;gc_cont=0.525
NODE_15_length_117642_cov_390.199022:6604-8364|-    -            587 95696at2             -            490   1.3e-06   25.3   0.2   1   2   0.00052      0.21    8.2   0.0     6    44    32    70    27    77 0.88 NODE_15_length_117642_cov_390.199022_6 # 6604 # 8364 # -1 # ID=15_6;partial=00;start_type=ATG;rbs_motif=None;rbs_spacer=None;gc_cont=0.532
NODE_15_length_117642_cov_390.199022:6604-8364|-    -            587 95696at2             -            490   1.3e-06   25.3   0.2   2   2   4.1e-06    0.0017   15.1   0.0   328   412   244   326   233   344 0.82 NODE_15_length_117642_cov_390.199022_6 # 6604 # 8364 # -1 # ID=15_6;partial=00;start_type=ATG;rbs_motif=None;rbs_spacer=None;gc_cont=0.532
NODE_10_length_175988_cov_386.970121:59460-61541|+  -            694 95696at2             -            490   2.5e-06   24.4   0.0   1   2    0.0079       3.2    4.3   0.0     3    48   294   342   292   350 0.76 NODE_10_length_175988_cov_386.970121_61 # 59460 # 61541 # 1 # ID=10_61;partial=00;start_type=ATG;rbs_motif=GGA/GAG/AGG;rbs_spacer=5-10bp;gc_cont=0.572
NODE_10_length_175988_cov_386.970121:59460-61541|+  -            694 95696at2             -            490   2.5e-06   24.4   0.0   2   2     7e-07   0.00028   17.6   0.0   360   443   517   599   497   613 0.86 NODE_10_length_175988_cov_386.970121_61 # 59460 # 61541 # 1 # ID=10_61;partial=00;start_type=ATG;rbs_motif=GGA/GAG/AGG;rbs_spacer=5-10bp;gc_cont=0.572
NODE_35_length_35184_cov_410.985900:12345-13718|+   -            458 95696at2             -            490   5.8e-06   23.2   0.0   1   2    0.0012      0.46    7.0   0.0     5    49    47   100    43   105 0.70 NODE_35_length_35184_cov_410.985900_13 # 12345 # 13718 # 1 # ID=35_13;partial=00;start_type=GTG;rbs_motif=GGA/GAG/AGG;rbs_spacer=5-10bp;gc_cont=0.520
NODE_35_length_35184_cov_410.985900:12345-13718|+   -            458 95696at2             -            490   5.8e-06   23.2   0.0   2   2   8.4e-06    0.0034   14.1   0.0   339   412   244   317   233   355 0.85 NODE_35_length_35184_cov_410.985900_13 # 12345 # 13718 # 1 # ID=35_13;partial=00;start_type=GTG;rbs_motif=GGA/GAG/AGG;rbs_spacer=5-10bp;gc_cont=0.520
NODE_18_length_88469_cov_402.845405:58986-60821|+   -            612 95696at2             -            490      0.02   11.6   0.0   1   2       1.7   6.8e+02   -3.4   0.0   339   388    71   119    60   122 0.69 NODE_18_length_88469_cov_402.845405_54 # 58986 # 60821 # 1 # ID=18_54;partial=00;start_type=GTG;rbs_motif=GGA/GAG/AGG;rbs_spacer=5-10bp;gc_cont=0.551
NODE_18_length_88469_cov_402.845405:58986-60821|+   -            612 95696at2             -            490      0.02   11.6   0.0   2   2   0.00025       0.1    9.2   0.0   297   444   179   343   150   375 0.73 NODE_18_length_88469_cov_402.845405_54 # 58986 # 60821 # 1 # ID=18_54;partial=00;start_type=GTG;rbs_motif=GGA/GAG/AGG;rbs_spacer=5-10bp;gc_cont=0.551
#
# Program:         hmmsearch
# Version:         3.1b2 (February 2015)
# Pipeline mode:   SEARCH
# Query file:      /media/saurav/DATA/ubuntu/Learning/NGS/5-denovo/busco_downloads/lineages/bacteria_odb10/hmms/95696at2.hmm
# Target file:     5-qc/BUSCO/spades_hyb_ecoli_ass.out/prodigal_output/predicted_genes/predicted.faa
# Option settings: hmmsearch --domtblout 5-qc/BUSCO/spades_hyb_ecoli_ass.out/run_bacteria_odb10/hmmer_output/95696at2.out --cpu 1 /media/saurav/DATA/ubuntu/Learning/NGS/5-denovo/busco_downloads/lineages/bacteria_odb10/hmms/95696at2.hmm 5-qc/BUSCO/spades_hyb_ecoli_ass.out/prodigal_output/predicted_genes/predicted.faa 
# Current dir:     /media/saurav/DATA/ubuntu/Learning/NGS/5-denovo
# Date:            Sun Jul 28 18:59:38 2024
# [ok]
