#                                                                                                            --- full sequence --- -------------- this domain -------------   hmm coord   ali coord   env coord
# target name                                        accession   tlen query name           accession   qlen   E-value  score  bias   #  of  c-Evalue  i-Evalue  score  bias  from    to  from    to  from    to  acc description of target
#                                ------------------- ---------- ----- -------------------- ---------- ----- --------- ------ ----- --- --- --------- --------- ------ ----- ----- ----- ----- ----- ----- ----- ---- ---------------------
NODE_7_length_210698_cov_397.859914:187041-187946|-  -            302 984717at2            -            224   7.5e-69  229.6   7.1   1   1   4.9e-67   1.4e-64  215.6   7.1     1   221    10   291    10   297 0.78 NODE_7_length_210698_cov_397.859914_170 # 187041 # 187946 # -1 # ID=7_170;partial=00;start_type=ATG;rbs_motif=GGAG/GAGG;rbs_spacer=5-10bp;gc_cont=0.524
NODE_7_length_210698_cov_397.859914:120444-121916|-  -            491 984717at2            -            224   1.1e-31  108.0   0.0   1   2   1.8e-17   5.2e-15   53.5   0.0     1   105     4   124     4   143 0.78 NODE_7_length_210698_cov_397.859914_115 # 120444 # 121916 # -1 # ID=7_115;partial=00;start_type=ATG;rbs_motif=GGAG/GAGG;rbs_spacer=5-10bp;gc_cont=0.523
NODE_7_length_210698_cov_397.859914:120444-121916|-  -            491 984717at2            -            224   1.1e-31  108.0   0.0   2   2     5e-17   1.5e-14   52.0   0.2     2    88   205   300   204   337 0.71 NODE_7_length_210698_cov_397.859914_115 # 120444 # 121916 # -1 # ID=7_115;partial=00;start_type=ATG;rbs_motif=GGAG/GAGG;rbs_spacer=5-10bp;gc_cont=0.523
NODE_10_length_175988_cov_386.970121:121078-122442|+ -            455 984717at2            -            224   2.9e-13   47.8   0.0   1   1   1.6e-15   4.6e-13   47.2   0.0     2    84   219   307   218   347 0.87 NODE_10_length_175988_cov_386.970121_116 # 121078 # 122442 # 1 # ID=10_116;partial=00;start_type=ATG;rbs_motif=AGGA;rbs_spacer=5-10bp;gc_cont=0.563
NODE_4_length_294422_cov_404.790256:105671-106951|-  -            427 984717at2            -            224   7.6e-08   30.1   0.3   1   1   9.6e-10   2.8e-07   28.2   0.3     2   105   200   309   199   330 0.75 NODE_4_length_294422_cov_404.790256_104 # 105671 # 106951 # -1 # ID=4_104;partial=00;start_type=TTG;rbs_motif=GGAG/GAGG;rbs_spacer=5-10bp;gc_cont=0.539
NODE_30_length_40911_cov_392.920116:38393-39256|-    -            288 984717at2            -            224   9.5e-08   29.8   0.0   1   1   4.9e-10   1.4e-07   29.2   0.0     2   101    39   143    38   162 0.80 NODE_30_length_40911_cov_392.920116_48 # 38393 # 39256 # -1 # ID=30_48;partial=00;start_type=ATG;rbs_motif=AGGAG;rbs_spacer=5-10bp;gc_cont=0.568
NODE_5_length_264618_cov_388.501291:227341-228204|-  -            288 984717at2            -            224   3.1e-07   28.1   0.0   1   1   1.5e-09   4.4e-07   27.6   0.0     2    85    39   127    38   159 0.83 NODE_5_length_264618_cov_388.501291_218 # 227341 # 228204 # -1 # ID=5_218;partial=00;start_type=ATG;rbs_motif=AGGAG;rbs_spacer=5-10bp;gc_cont=0.541
NODE_16_length_112849_cov_403.621697:69752-72073|+   -            774 984717at2            -            224   7.3e-07   26.9   0.1   1   1   3.9e-09   1.1e-06   26.3   0.1     2    90     6   103     5   141 0.73 NODE_16_length_112849_cov_403.621697_71 # 69752 # 72073 # 1 # ID=16_71;partial=00;start_type=ATG;rbs_motif=None;rbs_spacer=None;gc_cont=0.547
NODE_9_length_178278_cov_394.979327:143232-144404|-  -            391 984717at2            -            224   5.3e-06   24.1   0.0   1   2   4.8e-06    0.0014   16.1   0.0     2    59   162   220   161   250 0.84 NODE_9_length_178278_cov_394.979327_130 # 143232 # 144404 # -1 # ID=9_130;partial=00;start_type=ATG;rbs_motif=GGAG/GAGG;rbs_spacer=5-10bp;gc_cont=0.531
NODE_9_length_178278_cov_394.979327:143232-144404|-  -            391 984717at2            -            224   5.3e-06   24.1   0.0   2   2    0.0064       1.9    5.9   0.0    77   119   261   303   250   312 0.77 NODE_9_length_178278_cov_394.979327_130 # 143232 # 144404 # -1 # ID=9_130;partial=00;start_type=ATG;rbs_motif=GGAG/GAGG;rbs_spacer=5-10bp;gc_cont=0.531
NODE_9_length_178278_cov_394.979327:125992-128664|-  -            891 984717at2            -            224   2.2e-05   22.0   0.1   1   3       5.6   1.6e+03   -3.7   0.4   159   199    83   123    81   127 0.84 NODE_9_length_178278_cov_394.979327_117 # 125992 # 128664 # -1 # ID=9_117;partial=00;start_type=ATG;rbs_motif=AGGA;rbs_spacer=5-10bp;gc_cont=0.535
NODE_9_length_178278_cov_394.979327:125992-128664|-  -            891 984717at2            -            224   2.2e-05   22.0   0.1   2   3       3.4     1e+03   -3.0   0.1   129   145   346   362   314   377 0.53 NODE_9_length_178278_cov_394.979327_117 # 125992 # 128664 # -1 # ID=9_117;partial=00;start_type=ATG;rbs_motif=AGGA;rbs_spacer=5-10bp;gc_cont=0.535
NODE_9_length_178278_cov_394.979327:125992-128664|-  -            891 984717at2            -            224   2.2e-05   22.0   0.1   3   3   7.6e-08   2.2e-05   22.0   0.1     2   105   394   504   393   524 0.79 NODE_9_length_178278_cov_394.979327_117 # 125992 # 128664 # -1 # ID=9_117;partial=00;start_type=ATG;rbs_motif=AGGA;rbs_spacer=5-10bp;gc_cont=0.535
NODE_4_length_294422_cov_404.790256:178260-180488|-  -            743 984717at2            -            224   3.5e-05   21.4   0.7   1   2     9e-05     0.026   12.0   0.2     2    33    72   103    71   110 0.86 NODE_4_length_294422_cov_404.790256_168 # 178260 # 180488 # -1 # ID=4_168;partial=00;start_type=ATG;rbs_motif=AGGA;rbs_spacer=5-10bp;gc_cont=0.515
NODE_4_length_294422_cov_404.790256:178260-180488|-  -            743 984717at2            -            224   3.5e-05   21.4   0.7   2   2    0.0041       1.2    6.6   0.0    40    91   224   276   220   323 0.63 NODE_4_length_294422_cov_404.790256_168 # 178260 # 180488 # -1 # ID=4_168;partial=00;start_type=ATG;rbs_motif=AGGA;rbs_spacer=5-10bp;gc_cont=0.515
NODE_14_length_125752_cov_403.157446:115711-116343|+ -            211 984717at2            -            224   9.4e-05   20.0   0.0   1   2   1.2e-06   0.00035   18.1   0.0     2    66    29    92    28   102 0.75 NODE_14_length_125752_cov_403.157446_105 # 115711 # 116343 # 1 # ID=14_105;partial=00;start_type=TTG;rbs_motif=GGAG/GAGG;rbs_spacer=5-10bp;gc_cont=0.517
NODE_14_length_125752_cov_403.157446:115711-116343|+ -            211 984717at2            -            224   9.4e-05   20.0   0.0   2   2      0.58   1.7e+02   -0.5   0.0    72    93   137   158   108   192 0.62 NODE_14_length_125752_cov_403.157446_105 # 115711 # 116343 # 1 # ID=14_105;partial=00;start_type=TTG;rbs_motif=GGAG/GAGG;rbs_spacer=5-10bp;gc_cont=0.517
NODE_3_length_297513_cov_387.844965:137284-138375|+  -            364 984717at2            -            224   0.00061   17.3   0.1   1   1   3.7e-06    0.0011   16.5   0.1     3    22     6    25     4    31 0.87 NODE_3_length_297513_cov_387.844965_134 # 137284 # 138375 # 1 # ID=3_134;partial=00;start_type=ATG;rbs_motif=GGA/GAG/AGG;rbs_spacer=11-12bp;gc_cont=0.510
NODE_7_length_210698_cov_397.859914:59538-60017|-    -            160 984717at2            -            224    0.0087   13.5   0.1   1   1   0.00028     0.083   10.4   0.1     2    81     4    73     3   118 0.65 NODE_7_length_210698_cov_397.859914_62 # 59538 # 60017 # -1 # ID=7_62;partial=00;start_type=ATG;rbs_motif=GGAG/GAGG;rbs_spacer=5-10bp;gc_cont=0.500
NODE_2_length_312554_cov_398.527437:82451-84358|-    -            636 984717at2            -            224     0.029   11.8   0.2   1   2     0.003      0.88    7.0   0.0     2    19    32    49    31    53 0.88 NODE_2_length_312554_cov_398.527437_77 # 82451 # 84358 # -1 # ID=2_77;partial=00;start_type=ATG;rbs_motif=AGGA;rbs_spacer=5-10bp;gc_cont=0.523
NODE_2_length_312554_cov_398.527437:82451-84358|-    -            636 984717at2            -            224     0.029   11.8   0.2   2   2     0.065        19    2.6   0.0     2    22   348   368   347   380 0.92 NODE_2_length_312554_cov_398.527437_77 # 82451 # 84358 # -1 # ID=2_77;partial=00;start_type=ATG;rbs_motif=AGGA;rbs_spacer=5-10bp;gc_cont=0.523
NODE_4_length_294422_cov_404.790256:116114-117166|+  -            351 984717at2            -            224     0.032   11.7   0.7   1   2       0.2        60    1.0   0.1    80   105   141   166   114   199 0.64 NODE_4_length_294422_cov_404.790256_113 # 116114 # 117166 # 1 # ID=4_113;partial=00;start_type=TTG;rbs_motif=AGGAG;rbs_spacer=5-10bp;gc_cont=0.539
NODE_4_length_294422_cov_404.790256:116114-117166|+  -            351 984717at2            -            224     0.032   11.7   0.7   2   2   0.00083      0.25    8.8   0.1     5    28   213   236   209   250 0.86 NODE_4_length_294422_cov_404.790256_113 # 116114 # 117166 # 1 # ID=4_113;partial=00;start_type=TTG;rbs_motif=AGGAG;rbs_spacer=5-10bp;gc_cont=0.539
#
# Program:         hmmsearch
# Version:         3.1b2 (February 2015)
# Pipeline mode:   SEARCH
# Query file:      /media/saurav/DATA/ubuntu/Learning/NGS/5-denovo/busco_downloads/lineages/bacteria_odb10/hmms/984717at2.hmm
# Target file:     5-qc/BUSCO/spades_hyb_ecoli_ass.out/prodigal_output/predicted_genes/predicted.faa
# Option settings: hmmsearch --domtblout 5-qc/BUSCO/spades_hyb_ecoli_ass.out/run_bacteria_odb10/hmmer_output/984717at2.out --cpu 1 /media/saurav/DATA/ubuntu/Learning/NGS/5-denovo/busco_downloads/lineages/bacteria_odb10/hmms/984717at2.hmm 5-qc/BUSCO/spades_hyb_ecoli_ass.out/prodigal_output/predicted_genes/predicted.faa 
# Current dir:     /media/saurav/DATA/ubuntu/Learning/NGS/5-denovo
# Date:            Sun Jul 28 18:59:38 2024
# [ok]
