/home/saurav/miniconda3/envs/bioinfo/bin/quast.py -o 5-qc/quast_Ecoli_ass -t 6 5-qc/abyss_ecoli_ass.fasta 5-qc/spades_ecoli_ass.fasta 5-qc/spades_hyb_ecoli_ass.fasta

Version: 5.2.0

System information:
  OS: Linux-6.5.0-1020-oem-x86_64-with-debian-bookworm-sid (linux_64)
  Python version: 3.6.15
  CPUs number: 8

Started: 2024-07-25 21:34:01

Logging to /media/saurav/DATA/ubuntu/Learning/NGS/5-denovo/5-qc/quast_Ecoli_ass/quast.log

CWD: /media/saurav/DATA/ubuntu/Learning/NGS/5-denovo
Main parameters: 
  MODE: default, threads: 6, min contig length: 500, min alignment length: 65, min alignment IDY: 95.0, \
  ambiguity: one, min local misassembly length: 200, min extensive misassembly length: 1000

Contigs:
  Pre-processing...
  1  5-qc/abyss_ecoli_ass.fasta ==> abyss_ecoli_ass
  2  5-qc/spades_ecoli_ass.fasta ==> spades_ecoli_ass
  3  5-qc/spades_hyb_ecoli_ass.fasta ==> spades_hyb_ecoli_ass

2024-07-25 21:34:02
Running Basic statistics processor...
  Contig files: 
    1  abyss_ecoli_ass
    2  spades_ecoli_ass
    3  spades_hyb_ecoli_ass
  Calculating N50 and L50...
    1  abyss_ecoli_ass, N50 = 112479, L50 = 15, auN = 114322.4, Total length = 4555493, GC % = 50.75, # N's per 100 kbp =  234.62
    2  spades_ecoli_ass, N50 = 178300, L50 = 9, auN = 185100.3, Total length = 4572278, GC % = 50.74, # N's per 100 kbp =  30.62
    3  spades_hyb_ecoli_ass, N50 = 178278, L50 = 9, auN = 195798.8, Total length = 4575014, GC % = 50.74, # N's per 100 kbp =  24.94
  Drawing Nx plot...
    saved to /media/saurav/DATA/ubuntu/Learning/NGS/5-denovo/5-qc/quast_Ecoli_ass/basic_stats/Nx_plot.pdf
  Drawing cumulative plot...
    saved to /media/saurav/DATA/ubuntu/Learning/NGS/5-denovo/5-qc/quast_Ecoli_ass/basic_stats/cumulative_plot.pdf
  Drawing GC content plot...
    saved to /media/saurav/DATA/ubuntu/Learning/NGS/5-denovo/5-qc/quast_Ecoli_ass/basic_stats/GC_content_plot.pdf
  Drawing abyss_ecoli_ass GC content plot...
    saved to /media/saurav/DATA/ubuntu/Learning/NGS/5-denovo/5-qc/quast_Ecoli_ass/basic_stats/abyss_ecoli_ass_GC_content_plot.pdf
  Drawing spades_ecoli_ass GC content plot...
    saved to /media/saurav/DATA/ubuntu/Learning/NGS/5-denovo/5-qc/quast_Ecoli_ass/basic_stats/spades_ecoli_ass_GC_content_plot.pdf
  Drawing spades_hyb_ecoli_ass GC content plot...
    saved to /media/saurav/DATA/ubuntu/Learning/NGS/5-denovo/5-qc/quast_Ecoli_ass/basic_stats/spades_hyb_ecoli_ass_GC_content_plot.pdf
  Drawing Coverage histogram (bin size: 5x)...
    saved to /media/saurav/DATA/ubuntu/Learning/NGS/5-denovo/5-qc/quast_Ecoli_ass/basic_stats/coverage_histogram.pdf
  Drawing spades_ecoli_ass coverage histogram (bin size: 5x)...
    saved to /media/saurav/DATA/ubuntu/Learning/NGS/5-denovo/5-qc/quast_Ecoli_ass/basic_stats/spades_ecoli_ass_coverage_histogram.pdf
  Drawing spades_hyb_ecoli_ass coverage histogram (bin size: 6x)...
    saved to /media/saurav/DATA/ubuntu/Learning/NGS/5-denovo/5-qc/quast_Ecoli_ass/basic_stats/spades_hyb_ecoli_ass_coverage_histogram.pdf
Done.

NOTICE: Genes are not predicted by default. Use --gene-finding or --glimmer option to enable it.

2024-07-25 21:34:04
Creating large visual summaries...
This may take a while: press Ctrl-C to skip this step..
  1 of 2: Creating PDF with all tables and plots...
  2 of 2: Creating Icarus viewers...
Done

2024-07-25 21:34:05
RESULTS:
  Text versions of total report are saved to /media/saurav/DATA/ubuntu/Learning/NGS/5-denovo/5-qc/quast_Ecoli_ass/report.txt, report.tsv, and report.tex
  Text versions of transposed total report are saved to /media/saurav/DATA/ubuntu/Learning/NGS/5-denovo/5-qc/quast_Ecoli_ass/transposed_report.txt, transposed_report.tsv, and transposed_report.tex
  HTML version (interactive tables and plots) is saved to /media/saurav/DATA/ubuntu/Learning/NGS/5-denovo/5-qc/quast_Ecoli_ass/report.html
  PDF version (tables and plots) is saved to /media/saurav/DATA/ubuntu/Learning/NGS/5-denovo/5-qc/quast_Ecoli_ass/report.pdf
  Icarus (contig browser) is saved to /media/saurav/DATA/ubuntu/Learning/NGS/5-denovo/5-qc/quast_Ecoli_ass/icarus.html
  Log is saved to /media/saurav/DATA/ubuntu/Learning/NGS/5-denovo/5-qc/quast_Ecoli_ass/quast.log

Finished: 2024-07-25 21:34:05
Elapsed time: 0:00:03.598114
NOTICEs: 1; WARNINGs: 0; non-fatal ERRORs: 0

Thank you for using QUAST!
