Aligning contigs to reference...
	Aligning contigs to the reference
Filtering alignments...
Parsing coords...
Loading reference...
	Loaded [NC_000913.3]
	Total Regions: 1
	Total Region Length: 4641652
Analyzing contigs...
CONTIG: 25 (748bp)
Best alignment score: 748.0 (LEN: 748, IDY: 100.00), Total number of alignments: 1
		One align captures most of this contig: 2471158 2471905 | 1 748 | 748 748 | 100.0 | NC_000913.3 25

CONTIG: 26 (684bp)
Best alignment score: 684.0 (LEN: 684, IDY: 100.00), Total number of alignments: 1
		One align captures most of this contig: 1207781 1208464 | 684 1 | 684 684 | 100.0 | NC_000913.3 26

CONTIG: 74 (2355bp)
Best alignment score: 2355.0 (LEN: 2355, IDY: 100.00), Total number of alignments: 1
		One align captures most of this contig: 1529380 1531734 | 1 2355 | 2355 2355 | 100.0 | NC_000913.3 74

CONTIG: 262 (584bp)
Best alignment score: 584.0 (LEN: 584, IDY: 100.00), Total number of alignments: 1
		One align captures most of this contig: 3766660 3767243 | 584 1 | 584 584 | 100.0 | NC_000913.3 262

CONTIG: 537 (3166bp)
Best alignment score: 3166.0 (LEN: 3166, IDY: 100.00), Total number of alignments: 1
		One align captures most of this contig: 1428628 1431793 | 3166 1 | 3166 3166 | 100.0 | NC_000913.3 537

CONTIG: 1010 (3883bp)
Best alignment score: 3883.0 (LEN: 3883, IDY: 100.00), Total number of alignments: 1
		One align captures most of this contig: 2062317 2066199 | 1 3883 | 3883 3883 | 100.0 | NC_000913.3 1010

CONTIG: 1095 (1191bp)
Best alignment score: 1191.0 (LEN: 1191, IDY: 100.00), Total number of alignments: 1
		One align captures most of this contig: 735135 736325 | 1 1191 | 1191 1191 | 100.0 | NC_000913.3 1095

CONTIG: 1882 (748bp)
Best alignment score: 748.0 (LEN: 748, IDY: 100.00), Total number of alignments: 1
		One align captures most of this contig: 264307 265054 | 748 1 | 748 748 | 100.0 | NC_000913.3 1882

CONTIG: 1902 (612bp)
Best alignment score: 612.0 (LEN: 612, IDY: 100.00), Total number of alignments: 1
		One align captures most of this contig: 2470245 2470856 | 612 1 | 612 612 | 100.0 | NC_000913.3 1902

CONTIG: 1934 (898bp)
Best alignment score: 898.0 (LEN: 898, IDY: 100.00), Total number of alignments: 2
		This contig has 2 significant alignments. [An ambiguously mapped contig]
		Using only first of these alignment (option --ambiguity-usage is set to "one"):
			Alignment: 525823 526720 | 898 1 | 898 898 | 100.0 | NC_000913.3 1934
			Skipping alignment 1528277 1529174 | 898 1 | 898 898 | 99.78 | NC_000913.3 1934

CONTIG: 2008 (853bp)
Best alignment score: 853.0 (LEN: 853, IDY: 100.00), Total number of alignments: 1
		One align captures most of this contig: 1208766 1209618 | 853 1 | 853 853 | 100.0 | NC_000913.3 2008

CONTIG: 2047 (747bp)
Best alignment score: 747.0 (LEN: 747, IDY: 100.00), Total number of alignments: 1
		One align captures most of this contig: 2776071 2776817 | 1 747 | 747 747 | 100.0 | NC_000913.3 2047

CONTIG: 2361 (772bp)
Best alignment score: 772.0 (LEN: 772, IDY: 100.00), Total number of alignments: 1
		One align captures most of this contig: 578473 579244 | 1 772 | 772 772 | 100.0 | NC_000913.3 2361

CONTIG: 2433 (633bp)
Best alignment score: 633.0 (LEN: 633, IDY: 100.00), Total number of alignments: 1
		One align captures most of this contig: 2769867 2770499 | 1 633 | 633 633 | 100.0 | NC_000913.3 2433

CONTIG: 2465 (757bp)
Best alignment score: 757.0 (LEN: 757, IDY: 100.00), Total number of alignments: 1
		One align captures most of this contig: 1434961 1435717 | 1 757 | 757 757 | 100.0 | NC_000913.3 2465

CONTIG: 2938 (1572bp)
Best alignment score: 1572.0 (LEN: 1572, IDY: 100.00), Total number of alignments: 2
		This contig has 2 significant alignments. [An ambiguously mapped contig]
		Using only first of these alignment (option --ambiguity-usage is set to "one"):
			Alignment: 3619411 3620982 | 1572 1 | 1572 1572 | 100.0 | NC_000913.3 2938
			Skipping alignment 3762402 3763973 | 1572 1 | 1572 1572 | 100.0 | NC_000913.3 2938

CONTIG: 3201 (4059bp)
Best alignment score: 4058.2 (LEN: 4059, IDY: 99.98), Total number of alignments: 1
		One align captures most of this contig: 275126 279185 | 4059 1 | 4060 4059 | 99.98 | NC_000913.3 3201

CONTIG: 3203 (9427bp)
Best alignment score: 9417.6 (LEN: 9427, IDY: 99.90), Total number of alignments: 1
		One align captures most of this contig: 2035120 2044555 | 1 9427 | 9436 9427 | 99.9 | NC_000913.3 3203

CONTIG: 3204 (26089bp)
Best alignment score: 26089.0 (LEN: 26089, IDY: 100.00), Total number of alignments: 1
		One align captures most of this contig: 1397220 1423308 | 1 26089 | 26089 26089 | 100.0 | NC_000913.3 3204

CONTIG: 3205 (8354bp)
Best alignment score: 8354.0 (LEN: 8354, IDY: 100.00), Total number of alignments: 1
		One align captures most of this contig: 4498806 4507159 | 8354 1 | 8354 8354 | 100.0 | NC_000913.3 3205

CONTIG: 3208 (43025bp)
Best alignment score: 43025.0 (LEN: 43025, IDY: 100.00), Total number of alignments: 1
		One align captures most of this contig: 2904385 2947410 | 1 43025 | 43026 43025 | 100.0 | NC_000913.3 3208

CONTIG: 3210 (11235bp)
Best alignment score: 11211.4 (LEN: 11235, IDY: 99.79), Total number of alignments: 1
		One align captures most of this contig: 1196328 1207586 | 11235 1 | 11259 11235 | 99.79 | NC_000913.3 3210

CONTIG: 3216 (830bp)
Best alignment score: 830.0 (LEN: 830, IDY: 100.00), Total number of alignments: 1
		One align captures most of this contig: 1050526 1051355 | 830 1 | 830 830 | 100.0 | NC_000913.3 3216

CONTIG: 3219 (32147bp)
Best alignment score: 32147.0 (LEN: 32147, IDY: 100.00), Total number of alignments: 1
		One align captures most of this contig: 2069623 2101769 | 32147 1 | 32147 32147 | 100.0 | NC_000913.3 3219

CONTIG: 3223 (32415bp)
Best alignment score: 32405.3 (LEN: 32415, IDY: 99.97), Total number of alignments: 1
		One align captures most of this contig: 697111 729535 | 32415 1 | 32425 32415 | 99.97 | NC_000913.3 3223

CONTIG: 3225 (1118bp)
Best alignment score: 1118.0 (LEN: 1118, IDY: 100.00), Total number of alignments: 1
		One align captures most of this contig: 265231 266348 | 1 1118 | 1118 1118 | 100.0 | NC_000913.3 3225

CONTIG: 3235 (2159bp)
Best alignment score: 2157.9 (LEN: 2159, IDY: 99.95), Total number of alignments: 1
		One align captures most of this contig: 1432824 1434982 | 2159 1 | 2159 2159 | 99.95 | NC_000913.3 3235

CONTIG: 3241 (7329bp)
Best alignment score: 7329.0 (LEN: 7329, IDY: 100.00), Total number of alignments: 1
		One align captures most of this contig: 689028 696338 | 1 7329 | 7311 7329 | 100.0 | NC_000913.3 3241

CONTIG: 3250 (29440bp)
Best alignment score: 29440.0 (LEN: 29440, IDY: 100.00), Total number of alignments: 1
		One align captures most of this contig: 4296410 4325846 | 29440 1 | 29437 29440 | 100.0 | NC_000913.3 3250

CONTIG: 3251 (1331bp)
Best alignment score: 1331.0 (LEN: 1331, IDY: 100.00), Total number of alignments: 6
		This contig has 6 significant alignments. [An ambiguously mapped contig]
		Using only first of these alignment (option --ambiguity-usage is set to "one"):
			Alignment: 381260 382590 | 1331 1 | 1331 1331 | 100.0 | NC_000913.3 3251
			Skipping alignment 2068941 2070271 | 1 1331 | 1331 1331 | 100.0 | NC_000913.3 3251
			Skipping alignment 2996361 2997691 | 1 1331 | 1331 1331 | 100.0 | NC_000913.3 3251
			Skipping alignment 1467910 1469240 | 1 1331 | 1331 1331 | 100.0 | NC_000913.3 3251
			Skipping alignment 4498181 4499511 | 1331 1 | 1331 1331 | 100.0 | NC_000913.3 3251
			Skipping alignment 3186096 3187426 | 1331 1 | 1331 1331 | 100.0 | NC_000913.3 3251

CONTIG: 3252 (7837bp)
Best alignment score: 7828.4 (LEN: 7837, IDY: 99.89), Total number of alignments: 1
		One align captures most of this contig: 3186721 3194566 | 1 7837 | 7846 7837 | 99.89 | NC_000913.3 3252

CONTIG: 3253 (11079bp)
Best alignment score: 11079.0 (LEN: 11079, IDY: 100.00), Total number of alignments: 1
		One align captures most of this contig: 381885 392963 | 1 11079 | 11079 11079 | 100.0 | NC_000913.3 3253

CONTIG: 3254 (2317bp)
Best alignment score: 2317.0 (LEN: 2317, IDY: 100.00), Total number of alignments: 1
		One align captures most of this contig: 2067330 2069646 | 2317 1 | 2317 2317 | 100.0 | NC_000913.3 3254

CONTIG: 3259 (10139bp)
Best alignment score: 10139.0 (LEN: 10139, IDY: 100.00), Total number of alignments: 1
		One align captures most of this contig: 228983 239121 | 10139 1 | 10139 10139 | 100.0 | NC_000913.3 3259

CONTIG: 3263 (24011bp)
Best alignment score: 18554.0 (LEN: 18554, IDY: 100.00), Total number of alignments: 2
			Looking for the best set of alignments (out of 2 total alignments)
			The best set is below. Score: 23977.0, number of alignments: 2, unaligned bases: 0
		This contig is misassembled.
			Excluding internal overlap of size 8 between Alignment 1 and 2: 258676 264146 | 18547 24011 | 5471 5465 --> 258684 264146 | 18555 24011 | 5463 5457
			Real Alignment 1: 239354 257907 | 1 18554 | 18554 18554 | 100.0 | NC_000913.3 3263
			  Gap between these two alignments (local misassembly). Inconsistency = 776
			Real Alignment 2: 258684 264146 | 18555 24011 | 5463 5457 | 99.89 | NC_000913.3 3263

CONTIG: 3266 (13662bp)
Best alignment score: 13649.7 (LEN: 13662, IDY: 99.91), Total number of alignments: 1
		One align captures most of this contig: 1209603 1223269 | 1 13662 | 13667 13662 | 99.91 | NC_000913.3 3266

CONTIG: 3267 (26801bp)
Best alignment score: 26798.3 (LEN: 26801, IDY: 99.99), Total number of alignments: 1
		One align captures most of this contig: 3270215 3297019 | 26801 1 | 26805 26801 | 99.99 | NC_000913.3 3267

CONTIG: 3273 (25587bp)
Best alignment score: 25576.8 (LEN: 25587, IDY: 99.96), Total number of alignments: 1
		One align captures most of this contig: 2878442 2904037 | 1 25587 | 25596 25587 | 99.96 | NC_000913.3 3273

CONTIG: 3276 (1812bp)
Best alignment score: 1812.0 (LEN: 1812, IDY: 100.00), Total number of alignments: 1
		One align captures most of this contig: 272167 273978 | 1812 1 | 1812 1812 | 100.0 | NC_000913.3 3276

CONTIG: 3277 (657bp)
Best alignment score: 657.0 (LEN: 657, IDY: 100.00), Total number of alignments: 1
		One align captures most of this contig: 267996 268652 | 1 657 | 657 657 | 100.0 | NC_000913.3 3277

CONTIG: 3283 (30272bp)
Best alignment score: 30269.0 (LEN: 30272, IDY: 99.99), Total number of alignments: 1
		One align captures most of this contig: 1435859 1466126 | 1 30272 | 30268 30272 | 99.99 | NC_000913.3 3283

CONTIG: 3286 (10050bp)
Best alignment score: 10037.9 (LEN: 10050, IDY: 99.88), Total number of alignments: 1
		One align captures most of this contig: 280089 290150 | 1 10050 | 10062 10050 | 99.88 | NC_000913.3 3286

CONTIG: 3290 (1740bp)
Best alignment score: 1740.0 (LEN: 1740, IDY: 100.00), Total number of alignments: 1
		One align captures most of this contig: 1466876 1468615 | 1 1740 | 1740 1740 | 100.0 | NC_000913.3 3290

CONTIG: 3293 (31908bp)
Best alignment score: 31904.8 (LEN: 31908, IDY: 99.99), Total number of alignments: 1
		One align captures most of this contig: 4175959 4207866 | 31908 1 | 31908 31908 | 99.99 | NC_000913.3 3293

CONTIG: 3297 (2122bp)
Best alignment score: 2113.1 (LEN: 2122, IDY: 99.58), Total number of alignments: 1
		One align captures most of this contig: 579241 581362 | 1 2122 | 2122 2122 | 99.58 | NC_000913.3 3297

CONTIG: 3298 (1377bp)
Best alignment score: 1370.9 (LEN: 1377, IDY: 99.56), Total number of alignments: 1
		One align captures most of this contig: 3622857 3624233 | 1 1377 | 1377 1377 | 99.56 | NC_000913.3 3298

CONTIG: 3304 (57791bp)
Best alignment score: 57785.2 (LEN: 57791, IDY: 99.99), Total number of alignments: 1
		One align captures most of this contig: 1650843 1708637 | 57791 1 | 57795 57791 | 99.99 | NC_000913.3 3304

CONTIG: 3307 (2289bp)
Best alignment score: 2289.0 (LEN: 2289, IDY: 100.00), Total number of alignments: 1
		One align captures most of this contig: 575947 578235 | 1 2289 | 2289 2289 | 100.0 | NC_000913.3 3307

CONTIG: 3309 (17662bp)
Best alignment score: 17660.2 (LEN: 17662, IDY: 99.99), Total number of alignments: 1
		One align captures most of this contig: 2044606 2062266 | 1 17662 | 17661 17662 | 99.99 | NC_000913.3 3309

CONTIG: 3323 (1279bp)
Best alignment score: 1273.0 (LEN: 1279, IDY: 99.53), Total number of alignments: 1
		One align captures most of this contig: 733273 734551 | 1 1279 | 1279 1279 | 99.53 | NC_000913.3 3323

CONTIG: 3326 (64357bp)
Best alignment score: 55744.4 (LEN: 55750, IDY: 99.99), Total number of alignments: 2
			Looking for the best set of alignments (out of 2 total alignments)
			The best set is below. Score: 64323.4, number of alignments: 2, unaligned bases: 0
		This contig is misassembled.
			Excluding internal overlap of size 8 between Alignment 1 and 2: 1969888 1978502 | 1 8615 | 8615 8615 --> 1969888 1978494 | 1 8607 | 8607 8607
			Real Alignment 1: 1969888 1978494 | 1 8607 | 8607 8607 | 100.0 | NC_000913.3 3326
			  Gap between these two alignments (local misassembly). Inconsistency = 776
			Real Alignment 2: 1979271 2035021 | 8608 64357 | 55751 55750 | 99.99 | NC_000913.3 3326

CONTIG: 3328 (59381bp)
Best alignment score: 59363.2 (LEN: 59381, IDY: 99.97), Total number of alignments: 1
		One align captures most of this contig: 2818527 2877905 | 1 59381 | 59379 59381 | 99.97 | NC_000913.3 3328

CONTIG: 3331 (5069bp)
Best alignment score: 5069.0 (LEN: 5069, IDY: 100.00), Total number of alignments: 1
		One align captures most of this contig: 2770825 2775893 | 1 5069 | 5069 5069 | 100.0 | NC_000913.3 3331

CONTIG: 3336 (14224bp)
Best alignment score: 14222.6 (LEN: 14224, IDY: 99.99), Total number of alignments: 1
		One align captures most of this contig: 3653213 3667436 | 1 14224 | 14224 14224 | 99.99 | NC_000913.3 3336

CONTIG: 3337 (43511bp)
Best alignment score: 43493.6 (LEN: 43511, IDY: 99.96), Total number of alignments: 1
		One align captures most of this contig: 2472100 2515615 | 1 43511 | 43516 43511 | 99.96 | NC_000913.3 3337

CONTIG: 3339 (612bp)
Best alignment score: 608.0 (LEN: 612, IDY: 99.35), Total number of alignments: 1
		One align captures most of this contig: 1634709 1635320 | 1 612 | 612 612 | 99.35 | NC_000913.3 3339

CONTIG: 3341 (57475bp)
Best alignment score: 57463.5 (LEN: 57475, IDY: 99.98), Total number of alignments: 1
		One align captures most of this contig: 1470493 1527976 | 1 57475 | 57484 57475 | 99.98 | NC_000913.3 3341

CONTIG: 3342 (24198bp)
Best alignment score: 24193.2 (LEN: 24198, IDY: 99.98), Total number of alignments: 1
		One align captures most of this contig: 290959 315151 | 24198 1 | 24193 24198 | 99.98 | NC_000913.3 3342

CONTIG: 3344 (4427bp)
Best alignment score: 4423.0 (LEN: 4427, IDY: 99.91), Total number of alignments: 1
		One align captures most of this contig: 15389 19819 | 1 4427 | 4431 4427 | 99.91 | NC_000913.3 3344

CONTIG: 3352 (44017bp)
Best alignment score: 44012.6 (LEN: 44017, IDY: 99.99), Total number of alignments: 1
		One align captures most of this contig: 1051478 1095499 | 44017 1 | 44022 44017 | 99.99 | NC_000913.3 3352

CONTIG: 3353 (7770bp)
Best alignment score: 7770.0 (LEN: 7770, IDY: 100.00), Total number of alignments: 1
		One align captures most of this contig: 566780 574549 | 1 7770 | 7770 7770 | 100.0 | NC_000913.3 3353

CONTIG: 3356 (68502bp)
Best alignment score: 32955.8 (LEN: 32969, IDY: 99.96), Total number of alignments: 3
			Looking for the best set of alignments (out of 3 total alignments)
			The best set is below. Score: 68229.0, number of alignments: 3, unaligned bases: 240
		This contig is misassembled.
			Real Alignment 1: 2151695 2171428 | 19724 1 | 19734 19724 | 99.95 | NC_000913.3 3356
			  Scaffold gap between these two alignments, gap lengths difference (reference vs assembly) = 3 (local)
			Real Alignment 2: 2118602 2151575 | 52809 19841 | 32974 32969 | 99.96 | NC_000913.3 3356
			  Scaffold gap between these two alignments, gap lengths difference (reference vs assembly) = -16 (local)
			Real Alignment 3: 2102925 2118493 | 68502 52934 | 15569 15569 | 100.0 | NC_000913.3 3356

CONTIG: 3358 (63788bp)
Best alignment score: 63749.7 (LEN: 63788, IDY: 99.94), Total number of alignments: 1
		One align captures most of this contig: 1570670 1634472 | 1 63788 | 63803 63788 | 99.94 | NC_000913.3 3358

CONTIG: 3362 (1351bp)
Best alignment score: 1336.0 (LEN: 1351, IDY: 98.89), Total number of alignments: 1
		One align captures most of this contig: 1635542 1636892 | 1351 1 | 1351 1351 | 98.89 | NC_000913.3 3362

CONTIG: 3365 (4995bp)
Best alignment score: 4968.0 (LEN: 4995, IDY: 99.46), Total number of alignments: 1
		One align captures most of this contig: 1423546 1428540 | 4995 1 | 4995 4995 | 99.46 | NC_000913.3 3365

CONTIG: 3367 (2914bp)
Best alignment score: 2909.0 (LEN: 2914, IDY: 99.83), Total number of alignments: 1
		One align captures most of this contig: 268672 271585 | 1 2914 | 2914 2914 | 99.83 | NC_000913.3 3367

CONTIG: 3368 (6565bp)
Best alignment score: 6452.1 (LEN: 6565, IDY: 98.28), Total number of alignments: 1
		One align captures most of this contig: 2514275 2520954 | 6565 1 | 6680 6565 | 98.28 | NC_000913.3 3368

CONTIG: 3369 (133002bp)
Best alignment score: 116627.9 (LEN: 116768, IDY: 99.88), Total number of alignments: 3
			Looking for the best set of alignments (out of 3 total alignments)
			The best set is below. Score: 132588.9, number of alignments: 3, unaligned bases: 263
		This contig is misassembled.
			Real Alignment 1: 523618 525065 | 1448 1 | 1448 1448 | 100.0 | NC_000913.3 3369
			  Scaffold gap between these two alignments, gap lengths difference (reference vs assembly) = 142 (local)
			Real Alignment 2: 508803 523325 | 16121 1599 | 14523 14523 | 100.0 | NC_000913.3 3369
			  Scaffold gap between these two alignments, gap lengths difference (reference vs assembly) = 87 (local)
			Real Alignment 3: 391709 508602 | 133002 16235 | 116894 116768 | 99.88 | NC_000913.3 3369

CONTIG: 3370 (79699bp)
Best alignment score: 77697.8 (LEN: 77760, IDY: 99.92), Total number of alignments: 2
			Looking for the best set of alignments (out of 2 total alignments)
			The best set is below. Score: 79488.8, number of alignments: 2, unaligned bases: 143
		This contig is misassembled.
			Real Alignment 1: 686074 687869 | 1796 1 | 1796 1796 | 100.0 | NC_000913.3 3370
			  Scaffold gap between these two alignments, gap lengths difference (reference vs assembly) = 134 (local)
			Real Alignment 2: 608009 685796 | 79699 1940 | 77788 77760 | 99.92 | NC_000913.3 3370

CONTIG: 3371 (26282bp)
Best alignment score: 22581.8 (LEN: 22618, IDY: 99.84), Total number of alignments: 2
			Looking for the best set of alignments (out of 2 total alignments)
			The best set is below. Score: 26185.0, number of alignments: 2, unaligned bases: 0
		This contig is misassembled.
			Excluding internal overlap of size 70 between Alignment 1 and 2: 3648308 3652053 | 22549 26282 | 3746 3734 --> 3648378 3652053 | 22619 26282 | 3676 3664
			Real Alignment 1: 3625501 3648146 | 1 22618 | 22646 22618 | 99.84 | NC_000913.3 3371
			  Gap between these two alignments (local misassembly). Inconsistency = 231
			Real Alignment 2: 3648378 3652053 | 22619 26282 | 3676 3664 | 99.65 | NC_000913.3 3371

CONTIG: 3372 (40464bp)
Best alignment score: 34662.5 (LEN: 34666, IDY: 99.99), Total number of alignments: 3
			Looking for the best set of alignments (out of 3 total alignments)
			The best set is below. Score: 40210.7, number of alignments: 3, unaligned bases: 239
		This contig is misassembled.
			Real Alignment 1: 2776978 2778159 | 1 1182 | 1182 1182 | 100.0 | NC_000913.3 3372
			  Scaffold gap between these two alignments, gap lengths difference (reference vs assembly) = 174 (local)
			Real Alignment 2: 2778445 2782822 | 1294 5670 | 4378 4377 | 99.98 | NC_000913.3 3372
			  Scaffold gap between these two alignments, gap lengths difference (reference vs assembly) = 101 (local)
			Real Alignment 3: 2783052 2817713 | 5799 40464 | 34662 34666 | 99.99 | NC_000913.3 3372

CONTIG: 3373 (34941bp)
Best alignment score: 34822.2 (LEN: 34941, IDY: 99.66), Total number of alignments: 1
		One align captures most of this contig: 3584176 3619214 | 1 34941 | 35039 34941 | 99.66 | NC_000913.3 3373

CONTIG: 3374 (164651bp)
Best alignment score: 121419.5 (LEN: 121736, IDY: 99.74), Total number of alignments: 3
			Looking for the best set of alignments (out of 3 total alignments)
		This contig has several significant sets of alignments. [An ambiguously mapped contig]
		Using only the very best set (option --ambiguity-usage is set to "one").
			The best set is below. Score: 163913.8, number of alignments: 3, unaligned bases: 293
		This contig is misassembled.
			Real Alignment 1: 2305042 2347186 | 1 42038 | 42145 42038 | 99.72 | NC_000913.3 3374
			  Scaffold gap between these two alignments, gap lengths difference (reference vs assembly) = -7 (local)
			Real Alignment 2: 2347300 2469336 | 42159 163894 | 122037 121736 | 99.74 | NC_000913.3 3374
			  Scaffold gap between these two alignments, gap lengths difference (reference vs assembly) = 14 (local)
			Real Alignment 3: 2469524 2470107 | 164068 164651 | 584 584 | 100.0 | NC_000913.3 3374

CONTIG: 3375 (41003bp)
Best alignment score: 40892.3 (LEN: 41003, IDY: 99.73), Total number of alignments: 1
		One align captures most of this contig: 526923 568034 | 1 41003 | 41112 41003 | 99.73 | NC_000913.3 3375

CONTIG: 3376 (260640bp)
Best alignment score: 260535.7 (LEN: 260640, IDY: 99.96), Total number of alignments: 1
		One align captures most of this contig: 1709045 1969788 | 260640 1 | 260744 260640 | 99.96 | NC_000913.3 3376

CONTIG: 3377 (125099bp)
Best alignment score: 112010.8 (LEN: 112269, IDY: 99.77), Total number of alignments: 2
			Looking for the best set of alignments (out of 2 total alignments)
			The best set is below. Score: 124658.8, number of alignments: 2, unaligned bases: 177
		This contig is misassembled.
			Real Alignment 1: 4153670 4166322 | 12653 1 | 12653 12653 | 100.0 | NC_000913.3 3377
			  Scaffold gap between these two alignments, gap lengths difference (reference vs assembly) = 123 (local)
			Real Alignment 2: 4040869 4153369 | 125099 12831 | 112501 112269 | 99.77 | NC_000913.3 3377

CONTIG: 3378 (41675bp)
Best alignment score: 41579.1 (LEN: 41675, IDY: 99.77), Total number of alignments: 1
		One align captures most of this contig: 738805 780576 | 41675 1 | 41772 41675 | 99.77 | NC_000913.3 3378

CONTIG: 3379 (56280bp)
Best alignment score: 30935.8 (LEN: 30942, IDY: 99.98), Total number of alignments: 2
			Looking for the best set of alignments (out of 2 total alignments)
			The best set is below. Score: 56223.3, number of alignments: 2, unaligned bases: 0
		This contig is misassembled.
			Excluding internal overlap of size 50 between Alignment 1 and 2: 3366732 3392119 | 1 25388 | 25388 25388 --> 3366732 3392069 | 1 25338 | 25338 25338
			Real Alignment 1: 3366732 3392069 | 1 25338 | 25338 25338 | 99.99 | NC_000913.3 3379
			  Gap between these two alignments (local misassembly). Inconsistency = 274
			Real Alignment 2: 3392344 3423282 | 25339 56280 | 30939 30942 | 99.98 | NC_000913.3 3379

CONTIG: 3380 (88012bp)
Best alignment score: 80151.5 (LEN: 80288, IDY: 99.83), Total number of alignments: 2
			Looking for the best set of alignments (out of 2 total alignments)
			The best set is below. Score: 87737.2, number of alignments: 2, unaligned bases: 125
		This contig is misassembled.
			Real Alignment 1: 4027582 4035188 | 7599 1 | 7607 7599 | 99.89 | NC_000913.3 3380
			  Scaffold gap between these two alignments, gap lengths difference (reference vs assembly) = 107 (local)
			Real Alignment 2: 3946926 4027349 | 88012 7725 | 80424 80288 | 99.83 | NC_000913.3 3380

CONTIG: 3381 (38252bp)
Best alignment score: 38232.9 (LEN: 38252, IDY: 99.95), Total number of alignments: 1
		One align captures most of this contig: 3231471 3269741 | 38252 1 | 38271 38252 | 99.95 | NC_000913.3 3381

CONTIG: 3382 (28881bp)
Best alignment score: 27369.5 (LEN: 27375, IDY: 99.98), Total number of alignments: 2
			Looking for the best set of alignments (out of 2 total alignments)
			The best set is below. Score: 28736.5, number of alignments: 2, unaligned bases: 125
		This contig is misassembled.
			Real Alignment 1: 581970 609349 | 27375 1 | 27380 27375 | 99.98 | NC_000913.3 3382
			  Scaffold gap between these two alignments, gap lengths difference (reference vs assembly) = 155 (local)
			Real Alignment 2: 580309 581689 | 28881 27501 | 1381 1381 | 99.35 | NC_000913.3 3382

CONTIG: 3383 (117832bp)
Best alignment score: 68505.3 (LEN: 68519, IDY: 99.98), Total number of alignments: 3
			Looking for the best set of alignments (out of 3 total alignments)
			The best set is below. Score: 117355.6, number of alignments: 3, unaligned bases: 204
		This contig is misassembled.
			Real Alignment 1: 2984739 2997066 | 12328 1 | 12328 12328 | 100.0 | NC_000913.3 3383
			  Scaffold gap between these two alignments, gap lengths difference (reference vs assembly) = 144 (local)
			Real Alignment 2: 2947660 2984440 | 49263 12483 | 36781 36781 | 99.99 | NC_000913.3 3383
			  Extensive misassembly (relocation, scaffold gap is present, inconsistency = 312570) between these two alignments
			Real Alignment 3: 3297061 3365575 | 49314 117832 | 68515 68519 | 99.98 | NC_000913.3 3383

CONTIG: 3384 (101644bp)
Best alignment score: 101257.8 (LEN: 101644, IDY: 99.62), Total number of alignments: 1
		One align captures most of this contig: 1094245 1196271 | 1 101644 | 102027 101644 | 99.62 | NC_000913.3 3384

CONTIG: 3385 (38312bp)
Best alignment score: 19517.6 (LEN: 19541, IDY: 99.88), Total number of alignments: 2
			Looking for the best set of alignments (out of 2 total alignments)
			The best set is below. Score: 38016.5, number of alignments: 2, unaligned bases: 131
		This contig is misassembled.
			Real Alignment 1: 1552344 1571901 | 19541 1 | 19558 19541 | 99.88 | NC_000913.3 3385
			  Scaffold gap between these two alignments, gap lengths difference (reference vs assembly) = 154 (local)
			Real Alignment 2: 1533282 1552058 | 38312 19673 | 18777 18640 | 99.27 | NC_000913.3 3385

CONTIG: 3386 (10757bp)
Best alignment score: 9208.0 (LEN: 9208, IDY: 100.00), Total number of alignments: 2
			Looking for the best set of alignments (out of 2 total alignments)
			The best set is below. Score: 10619.0, number of alignments: 2, unaligned bases: 133
		This contig is misassembled.
			Real Alignment 1: 4507635 4509050 | 1 1416 | 1416 1416 | 100.0 | NC_000913.3 3386
			  Scaffold gap between these two alignments, gap lengths difference (reference vs assembly) = 108 (local)
			Real Alignment 2: 4509292 4518499 | 1550 10757 | 9208 9208 | 100.0 | NC_000913.3 3386

CONTIG: 3387 (131870bp)
Best alignment score: 131817.3 (LEN: 131870, IDY: 99.96), Total number of alignments: 1
		One align captures most of this contig: 2521504 2653418 | 1 131870 | 131915 131870 | 99.96 | NC_000913.3 3387

CONTIG: 3388 (132677bp)
Best alignment score: 107664.7 (LEN: 107967, IDY: 99.72), Total number of alignments: 2
			Looking for the best set of alignments (out of 2 total alignments)
			The best set is below. Score: 132186.8, number of alignments: 2, unaligned bases: 114
		This contig is misassembled.
			Real Alignment 1: 3105500 3130164 | 24596 1 | 24665 24596 | 99.72 | NC_000913.3 3388
			  Scaffold gap between these two alignments, gap lengths difference (reference vs assembly) = 82 (local)
			Real Alignment 2: 2997043 3105303 | 132677 24711 | 108261 107967 | 99.72 | NC_000913.3 3388

CONTIG: 3389 (35905bp)
Best alignment score: 35905.0 (LEN: 35905, IDY: 100.00), Total number of alignments: 1
		One align captures most of this contig: 3195208 3231110 | 1 35905 | 35903 35905 | 100.0 | NC_000913.3 3389

CONTIG: 3390 (112479bp)
Best alignment score: 95357.5 (LEN: 95367, IDY: 99.99), Total number of alignments: 3
			Looking for the best set of alignments (out of 3 total alignments)
			The best set is below. Score: 111911.5, number of alignments: 3, unaligned bases: 50
		This contig is misassembled.
			Excluding internal overlap of size 4 between Alignment 1 and 2: 1287600 1299498 | 107261 95364 | 11899 11898 --> 1287600 1299494 | 107261 95368 | 11895 11894
			Real Alignment 1: 1300694 1396063 | 95367 1 | 95370 95367 | 99.99 | NC_000913.3 3390
			  Extensive misassembly (relocation, inconsistency = 1199) between these two alignments
			Real Alignment 2: 1287600 1299494 | 107261 95368 | 11895 11894 | 99.99 | NC_000913.3 3390
			  Extensive misassembly (relocation, scaffold gap is present, inconsistency = 2872397) between these two alignments
			Real Alignment 3: 4171942 4177109 | 107312 112479 | 5168 5168 | 99.92 | NC_000913.3 3390

CONTIG: 3391 (172293bp)
Best alignment score: 106177.4 (LEN: 106188, IDY: 99.99), Total number of alignments: 2
			Looking for the best set of alignments (out of 2 total alignments)
			The best set is below. Score: 172131.8, number of alignments: 2, unaligned bases: 106
		This contig is misassembled.
			Real Alignment 1: 4392637 4498829 | 106188 1 | 106193 106188 | 99.99 | NC_000913.3 3391
			  Scaffold gap between these two alignments, gap lengths difference (reference vs assembly) = 147 (local)
			Real Alignment 2: 4326357 4392383 | 172293 106295 | 66027 65999 | 99.94 | NC_000913.3 3391

CONTIG: 3392 (16074bp)
Best alignment score: 16011.3 (LEN: 16074, IDY: 99.61), Total number of alignments: 1
		One align captures most of this contig: 1270596 1286731 | 1 16074 | 16136 16074 | 99.61 | NC_000913.3 3392

CONTIG: 3393 (202924bp)
Best alignment score: 202802.2 (LEN: 202924, IDY: 99.94), Total number of alignments: 1
		One align captures most of this contig: 20541 223488 | 202924 1 | 202948 202924 | 99.94 | NC_000913.3 3393

CONTIG: 3394 (86752bp)
Best alignment score: 51882.8 (LEN: 51888, IDY: 99.99), Total number of alignments: 2
			Looking for the best set of alignments (out of 2 total alignments)
			The best set is below. Score: 86612.3, number of alignments: 2, unaligned bases: 126
		This contig is misassembled.
			Real Alignment 1: 4519197 4571088 | 1 51888 | 51892 51888 | 99.99 | NC_000913.3 3394
			  Scaffold gap between these two alignments, gap lengths difference (reference vs assembly) = 145 (local)
			Real Alignment 2: 4571360 4606101 | 52015 86752 | 34742 34738 | 99.99 | NC_000913.3 3394

CONTIG: 3395 (82623bp)
Best alignment score: 73302.3 (LEN: 73339, IDY: 99.95), Total number of alignments: 2
			Looking for the best set of alignments (out of 2 total alignments)
			The best set is below. Score: 82471.5, number of alignments: 2, unaligned bases: 108
		This contig is misassembled.
			Real Alignment 1: 4286681 4295855 | 9176 1 | 9175 9176 | 99.98 | NC_000913.3 3395
			  Scaffold gap between these two alignments, gap lengths difference (reference vs assembly) = 72 (local)
			Real Alignment 2: 4213143 4286500 | 82623 9285 | 73358 73339 | 99.95 | NC_000913.3 3395

CONTIG: 3396 (15448bp)
Best alignment score: 13917.1 (LEN: 14035, IDY: 99.16), Total number of alignments: 2
			Looking for the best set of alignments (out of 2 total alignments)
			The best set is below. Score: 15207.0, number of alignments: 2, unaligned bases: 103
		This contig is misassembled.
			Real Alignment 1: 1635839 1637148 | 1 1310 | 1310 1310 | 98.85 | NC_000913.3 3396
			  Scaffold gap between these two alignments, gap lengths difference (reference vs assembly) = 145 (local)
			Real Alignment 2: 1637397 1651548 | 1414 15448 | 14152 14035 | 99.16 | NC_000913.3 3396

CONTIG: 3397 (113249bp)
Best alignment score: 113192.4 (LEN: 113249, IDY: 99.95), Total number of alignments: 1
		One align captures most of this contig: 3470164 3583450 | 113249 1 | 113287 113249 | 99.95 | NC_000913.3 3397

CONTIG: 3398 (173692bp)
Best alignment score: 91590.7 (LEN: 91609, IDY: 99.98), Total number of alignments: 2
			Looking for the best set of alignments (out of 2 total alignments)
			The best set is below. Score: 173524.5, number of alignments: 2, unaligned bases: 136
		This contig is misassembled.
			Real Alignment 1: 3859514 3941465 | 81947 1 | 81952 81947 | 99.99 | NC_000913.3 3398
			  Scaffold gap between these two alignments, gap lengths difference (reference vs assembly) = 138 (local)
			Real Alignment 2: 3767626 3859239 | 173692 82084 | 91614 91609 | 99.98 | NC_000913.3 3398

CONTIG: 3399 (268126bp)
Best alignment score: 267831.1 (LEN: 268126, IDY: 99.89), Total number of alignments: 1
		One align captures most of this contig: 781821 1050220 | 1 268126 | 268400 268126 | 99.89 | NC_000913.3 3399

CONTIG: 3400 (37120bp)
Best alignment score: 37023.5 (LEN: 37120, IDY: 99.74), Total number of alignments: 1
		One align captures most of this contig: 2731462 2768674 | 1 37120 | 37213 37120 | 99.74 | NC_000913.3 3400

CONTIG: 3401 (23742bp)
Best alignment score: 17008.5 (LEN: 17017, IDY: 99.95), Total number of alignments: 3
			Looking for the best set of alignments (out of 3 total alignments)
			The best set is below. Score: 23443.5, number of alignments: 3, unaligned bases: 280
		This contig is misassembled.
			Real Alignment 1: 377507 381908 | 4402 1 | 4402 4402 | 100.0 | NC_000913.3 3401
			  Scaffold gap between these two alignments, gap lengths difference (reference vs assembly) = 60 (local)
			Real Alignment 2: 375302 377344 | 6547 4505 | 2043 2043 | 100.0 | NC_000913.3 3401
			  Scaffold gap between these two alignments, gap lengths difference (reference vs assembly) = 179 (local)
			Real Alignment 3: 357920 374944 | 23742 6726 | 17025 17017 | 99.95 | NC_000913.3 3401

CONTIG: 3402 (55254bp)
Best alignment score: 55204.3 (LEN: 55254, IDY: 99.91), Total number of alignments: 1
		One align captures most of this contig: 3131441 3186744 | 55254 1 | 55304 55254 | 99.91 | NC_000913.3 3402

CONTIG: 3403 (140911bp)
Best alignment score: 53434.9 (LEN: 53483, IDY: 99.91), Total number of alignments: 3
			Looking for the best set of alignments (out of 3 total alignments)
			The best set is below. Score: 140445.7, number of alignments: 3, unaligned bases: 149
		This contig is misassembled.
			Real Alignment 1: 1224004 1269116 | 1 45122 | 45113 45122 | 100.0 | NC_000913.3 3403
			  Extensive misassembly (relocation, scaffold gap is present, inconsistency = 2397038) between these two alignments
			Real Alignment 2: 3666205 3708342 | 45173 87329 | 42138 42157 | 99.97 | NC_000913.3 3403
			  Scaffold gap between these two alignments, gap lengths difference (reference vs assembly) = 169 (local)
			Real Alignment 3: 3708611 3762136 | 87429 140911 | 53526 53483 | 99.91 | NC_000913.3 3403

CONTIG: 3404 (118470bp)
Best alignment score: 82202.0 (LEN: 82342, IDY: 99.83), Total number of alignments: 2
			Looking for the best set of alignments (out of 2 total alignments)
			The best set is below. Score: 118158.4, number of alignments: 2, unaligned bases: 163
		This contig is misassembled.
			Real Alignment 1: 2170174 2252645 | 1 82342 | 82472 82342 | 99.83 | NC_000913.3 3404
			  Scaffold gap between these two alignments, gap lengths difference (reference vs assembly) = 164 (local)
			Real Alignment 2: 2252973 2288939 | 82506 118470 | 35967 35965 | 99.99 | NC_000913.3 3404

CONTIG: 3405 (50219bp)
Best alignment score: 26976.8 (LEN: 26993, IDY: 99.94), Total number of alignments: 3
			Looking for the best set of alignments (out of 3 total alignments)
			The best set is below. Score: 50011.3, number of alignments: 3, unaligned bases: 185
		This contig is misassembled.
			Real Alignment 1: 1 15390 | 15388 1 | 15390 15388 | 99.99 | NC_000913.3 3405
			  Not a misassembly [linear representation of circular genome] between these two alignments
			Real Alignment 2: 4614645 4641652 | 42381 15389 | 27008 26993 | 99.94 | NC_000913.3 3405
			  Scaffold gap between these two alignments, gap lengths difference (reference vs assembly) = 182 (local)
			Real Alignment 3: 4606627 4614277 | 50219 42567 | 7651 7653 | 100.0 | NC_000913.3 3405

CONTIG: 3406 (71993bp)
Best alignment score: 71748.2 (LEN: 71993, IDY: 99.66), Total number of alignments: 1
		One align captures most of this contig: 2653801 2726030 | 1 71993 | 72230 71993 | 99.66 | NC_000913.3 3406

CONTIG: 3407 (56400bp)
Best alignment score: 24515.3 (LEN: 24530, IDY: 99.94), Total number of alignments: 4
			Looking for the best set of alignments (out of 4 total alignments)
			The best set is below. Score: 55695.1, number of alignments: 4, unaligned bases: 424
		This contig is misassembled.
			Real Alignment 1: 2290090 2304423 | 1 14328 | 14334 14328 | 99.96 | NC_000913.3 3407
			  Extensive misassembly (relocation, scaffold gap is present, inconsistency = 1932543) between these two alignments
			Real Alignment 2: 349927 357496 | 21948 14379 | 7570 7570 | 100.0 | NC_000913.3 3407
			  Scaffold gap between these two alignments, gap lengths difference (reference vs assembly) = 93 (local)
			Real Alignment 3: 340094 349641 | 31688 22141 | 9548 9548 | 100.0 | NC_000913.3 3407
			  Scaffold gap between these two alignments, gap lengths difference (reference vs assembly) = 138 (local)
			Real Alignment 4: 315229 339773 | 56400 31871 | 24545 24530 | 99.94 | NC_000913.3 3407

CONTIG: 3408 (47137bp)
Best alignment score: 44014.1 (LEN: 44067, IDY: 99.88), Total number of alignments: 5
			Looking for the best set of alignments (out of 5 total alignments)
			Skipping redundant alignments after choosing the best set of alignments
		Skipping redundant alignment 3943684 3946619 | 2936 1 | 2936 2936 | 99.8 | NC_000913.3 3408
		Skipping redundant alignment 4210023 4212958 | 2936 1 | 2936 2936 | 99.62 | NC_000913.3 3408
		Skipping redundant alignment 2726269 2729204 | 1 2936 | 2936 2936 | 99.49 | NC_000913.3 3408
		This contig has several significant sets of alignments. [An ambiguously mapped contig]
		Using only the very best set (option --ambiguity-usage is set to "one").
			The best set is below. Score: 46938.1, number of alignments: 2, unaligned bases: 134
		This contig is misassembled.
			Real Alignment 1: 3423868 3426803 | 1 2936 | 2936 2936 | 99.76 | NC_000913.3 3408
			  Scaffold gap between these two alignments, gap lengths difference (reference vs assembly) = 269 (local)
			Real Alignment 2: 3427207 3471314 | 3071 47137 | 44108 44067 | 99.88 | NC_000913.3 3408

Analyzing coverage...
Writing SNPs into /media/saurav/DATA/ubuntu/Learning/NGS/5-denovo/5-qc/ref_quast_Ecoli_ass/contigs_reports/minimap_output/abyss_ecoli_ass.used_snps

Analysis is finished!
Founded SNPs were written into /media/saurav/DATA/ubuntu/Learning/NGS/5-denovo/5-qc/ref_quast_Ecoli_ass/contigs_reports/minimap_output/abyss_ecoli_ass.used_snps

Results:
	Local Misassemblies: 4
	Misassemblies: 5
		Relocations: 5
		Translocations: 0
		Inversions: 0
	Scaffold gap extensive misassemblies: 0
	Scaffold gap local misassemblies: 29
	Misassembled Contigs: 4
	Misassembled Contig Bases: 427622
	Misassemblies Inter-Contig Overlap ("Extra" Aligned Bases): 0
Unaligned Contigs: 0 + 0 part
Half Unaligned Contigs with Misassemblies: 0
Unaligned Bases in Fully and Partially Unaligned Contigs: 0

Ambiguously Mapped Contigs: 5
Total Bases in Ambiguously Mapped Contigs: 215589
"Extra" Aligned Bases in Ambiguously Mapped Contigs: 0
Note that --allow-ambiguity option was set to "one" and only first alignment per each of these contigs was used (there is no "extra" aligned bases).

	Covered Bases in Reference: 4538338
	Raw Aligned Bases in Assembly: 4551342
	Total Aligned Bases in Assembly (with "Extras"): 4551342

	SNPs: 177
	Insertions: 403
	Deletions: 4176

