#                                                                                                           --- full sequence --- -------------- this domain -------------   hmm coord   ali coord   env coord
# target name                                       accession   tlen query name           accession   qlen   E-value  score  bias   #  of  c-Evalue  i-Evalue  score  bias  from    to  from    to  from    to  acc description of target
#                               ------------------- ---------- ----- -------------------- ---------- ----- --------- ------ ----- --- --- --------- --------- ------ ----- ----- ----- ----- ----- ----- ----- ---- ---------------------
NODE_14_length_125752_cov_375.120501:17684-19507|+  -            608 143460at2            -            439    5e-170  564.0   0.6   1   2   2.7e-87     1e-84  282.8   0.4     1   191     5   240     5   260 0.89 NODE_14_length_125752_cov_375.120501_16 # 17684 # 19507 # 1 # ID=14_16;partial=00;start_type=GTG;rbs_motif=GGAG/GAGG;rbs_spacer=5-10bp;gc_cont=0.535
NODE_14_length_125752_cov_375.120501:17684-19507|+  -            608 143460at2            -            439    5e-170  564.0   0.6   2   2   6.4e-85   2.4e-82  275.0   0.0   191   439   265   590   249   590 0.87 NODE_14_length_125752_cov_375.120501_16 # 17684 # 19507 # 1 # ID=14_16;partial=00;start_type=GTG;rbs_motif=GGAG/GAGG;rbs_spacer=5-10bp;gc_cont=0.535
NODE_7_length_205025_cov_372.185906:19345-21144|+   -            600 143460at2            -            439   1.3e-36  124.3   0.2   1   2     2e-38   7.7e-36  121.8   0.0     1   193     4   228     4   237 0.81 NODE_7_length_205025_cov_372.185906_19 # 19345 # 21144 # 1 # ID=7_19;partial=00;start_type=ATG;rbs_motif=None;rbs_spacer=None;gc_cont=0.537
NODE_7_length_205025_cov_372.185906:19345-21144|+   -            600 143460at2            -            439   1.3e-36  124.3   0.2   2   2      0.21        80   -0.2   0.0   268   301   344   378   336   389 0.78 NODE_7_length_205025_cov_372.185906_19 # 19345 # 21144 # 1 # ID=7_19;partial=00;start_type=ATG;rbs_motif=None;rbs_spacer=None;gc_cont=0.537
NODE_16_length_112849_cov_374.626139:745-2859|-     -            705 143460at2            -            439   7.3e-35  118.5   1.4   1   3   6.5e-26   2.5e-23   80.5   0.1     2   122    11   156    10   190 0.83 NODE_16_length_112849_cov_374.626139_2 # 745 # 2859 # -1 # ID=16_2;partial=00;start_type=ATG;rbs_motif=GGAG/GAGG;rbs_spacer=5-10bp;gc_cont=0.508
NODE_16_length_112849_cov_374.626139:745-2859|-     -            705 143460at2            -            439   7.3e-35  118.5   1.4   2   3   2.1e-08   7.9e-06   22.9   0.0   178   308   364   503   272   514 0.71 NODE_16_length_112849_cov_374.626139_2 # 745 # 2859 # -1 # ID=16_2;partial=00;start_type=ATG;rbs_motif=GGAG/GAGG;rbs_spacer=5-10bp;gc_cont=0.508
NODE_16_length_112849_cov_374.626139:745-2859|-     -            705 143460at2            -            439   7.3e-35  118.5   1.4   3   3     0.002      0.78    6.4   0.0   294   345   618   678   601   683 0.79 NODE_16_length_112849_cov_374.626139_2 # 745 # 2859 # -1 # ID=16_2;partial=00;start_type=ATG;rbs_motif=GGAG/GAGG;rbs_spacer=5-10bp;gc_cont=0.508
NODE_16_length_112849_cov_374.626139:3-674|-        -            224 143460at2            -            439   4.8e-18   63.1   0.1   1   1   1.5e-20   5.8e-18   62.8   0.1     3   124    14   152    12   174 0.70 NODE_16_length_112849_cov_374.626139_1 # 3 # 674 # -1 # ID=16_1;partial=10;start_type=GTG;rbs_motif=AGGA;rbs_spacer=5-10bp;gc_cont=0.540
NODE_9_length_178300_cov_367.450088:49636-52308|+   -            891 143460at2            -            439   8.1e-18   62.4   0.5   1   1   5.1e-20     2e-17   61.1   0.5     4   120   394   513   392   597 0.79 NODE_9_length_178300_cov_367.450088_48 # 49636 # 52308 # 1 # ID=9_48;partial=00;start_type=ATG;rbs_motif=AGGA;rbs_spacer=5-10bp;gc_cont=0.534
NODE_11_length_148513_cov_366.871952:46113-47702|-  -            530 143460at2            -            439   5.4e-17   59.7   0.2   1   2   4.5e-19   1.7e-16   58.0   0.1     2   115    14   149    13   165 0.74 NODE_11_length_148513_cov_366.871952_43 # 46113 # 47702 # -1 # ID=11_43;partial=00;start_type=ATG;rbs_motif=AGxAG;rbs_spacer=5-10bp;gc_cont=0.540
NODE_11_length_148513_cov_366.871952:46113-47702|-  -            530 143460at2            -            439   5.4e-17   59.7   0.2   2   2      0.73   2.8e+02   -2.0   0.0   169   200   312   341   293   354 0.70 NODE_11_length_148513_cov_366.871952_43 # 46113 # 47702 # -1 # ID=11_43;partial=00;start_type=ATG;rbs_motif=AGxAG;rbs_spacer=5-10bp;gc_cont=0.540
NODE_5_length_264628_cov_361.652112:142183-143610|- -            476 143460at2            -            439   1.4e-10   38.6   0.2   1   3     0.046        18    1.9   0.1     9    32    35    59    31    71 0.76 NODE_5_length_264628_cov_361.652112_147 # 142183 # 143610 # -1 # ID=5_147;partial=00;start_type=ATG;rbs_motif=GGA/GAG/AGG;rbs_spacer=11-12bp;gc_cont=0.547
NODE_5_length_264628_cov_361.652112:142183-143610|- -            476 143460at2            -            439   1.4e-10   38.6   0.2   2   3     2e-10   7.8e-08   29.5   0.0    30   112    80   172    70   186 0.79 NODE_5_length_264628_cov_361.652112_147 # 142183 # 143610 # -1 # ID=5_147;partial=00;start_type=ATG;rbs_motif=GGA/GAG/AGG;rbs_spacer=11-12bp;gc_cont=0.547
NODE_5_length_264628_cov_361.652112:142183-143610|- -            476 143460at2            -            439   1.4e-10   38.6   0.2   3   3     0.016       6.2    3.4   0.0   139   221   227   314   211   322 0.59 NODE_5_length_264628_cov_361.652112_147 # 142183 # 143610 # -1 # ID=5_147;partial=00;start_type=ATG;rbs_motif=GGA/GAG/AGG;rbs_spacer=11-12bp;gc_cont=0.547
NODE_499_length_155_cov_371.256410:3-155|-          -             51 143460at2            -            439   6.7e-09   33.0   0.1   1   1   1.9e-11   7.4e-09   32.8   0.1    56    93     9    46     4    50 0.95 NODE_499_length_155_cov_371.256410_1 # 3 # 155 # -1 # ID=499_1;partial=11;start_type=Edge;rbs_motif=None;rbs_spacer=None;gc_cont=0.614
NODE_17_length_95774_cov_367.252056:2618-4462|+     -            615 143460at2            -            439   2.5e-08   31.1   0.0   1   1   8.9e-11   3.4e-08   30.7   0.0     4   126     3   130     1   213 0.79 NODE_17_length_95774_cov_367.252056_4 # 2618 # 4462 # 1 # ID=17_4;partial=00;start_type=ATG;rbs_motif=AGGA/GGAG/GAGG;rbs_spacer=11-12bp;gc_cont=0.564
NODE_49_length_4267_cov_360.400716:4056-4265|+      -             70 143460at2            -            439   3.7e-06   24.0   0.2   1   1   1.1e-08   4.1e-06   23.8   0.2     3    47    14    65    12    69 0.66 NODE_49_length_4267_cov_360.400716_4 # 4056 # 4265 # 1 # ID=49_4;partial=01;start_type=ATG;rbs_motif=GGAG/GAGG;rbs_spacer=5-10bp;gc_cont=0.490
NODE_7_length_205025_cov_372.185906:89113-90585|+   -            491 143460at2            -            439    0.0002   18.3   0.1   1   3    0.0078         3    4.5   0.0    72   112    79   122     4   158 0.75 NODE_7_length_205025_cov_372.185906_77 # 89113 # 90585 # 1 # ID=7_77;partial=00;start_type=ATG;rbs_motif=GGAG/GAGG;rbs_spacer=5-10bp;gc_cont=0.522
NODE_7_length_205025_cov_372.185906:89113-90585|+   -            491 143460at2            -            439    0.0002   18.3   0.1   2   3       2.3     9e+02   -3.7   0.0     4    25   205   226   204   247 0.84 NODE_7_length_205025_cov_372.185906_77 # 89113 # 90585 # 1 # ID=7_77;partial=00;start_type=ATG;rbs_motif=GGAG/GAGG;rbs_spacer=5-10bp;gc_cont=0.522
NODE_7_length_205025_cov_372.185906:89113-90585|+   -            491 143460at2            -            439    0.0002   18.3   0.1   3   3   5.9e-05     0.023   11.5   0.1    73   136   283   352   251   391 0.73 NODE_7_length_205025_cov_372.185906_77 # 89113 # 90585 # 1 # ID=7_77;partial=00;start_type=ATG;rbs_motif=GGAG/GAGG;rbs_spacer=5-10bp;gc_cont=0.522
NODE_7_length_205025_cov_372.185906:23083-23988|+   -            302 143460at2            -            439   0.00027   17.8   0.1   1   1     1e-06   0.00039   17.3   0.1     4   147    11   165     9   184 0.70 NODE_7_length_205025_cov_372.185906_22 # 23083 # 23988 # 1 # ID=7_22;partial=00;start_type=ATG;rbs_motif=GGAG/GAGG;rbs_spacer=5-10bp;gc_cont=0.523
#
# Program:         hmmsearch
# Version:         3.1b2 (February 2015)
# Pipeline mode:   SEARCH
# Query file:      /media/saurav/DATA/ubuntu/Learning/NGS/5-denovo/busco_downloads/lineages/bacteria_odb10/hmms/143460at2.hmm
# Target file:     5-qc/BUSCO/spades_ecoli_ass.out/prodigal_output/predicted_genes/predicted.faa
# Option settings: hmmsearch --domtblout 5-qc/BUSCO/spades_ecoli_ass.out/run_bacteria_odb10/hmmer_output/143460at2.out --cpu 1 /media/saurav/DATA/ubuntu/Learning/NGS/5-denovo/busco_downloads/lineages/bacteria_odb10/hmms/143460at2.hmm 5-qc/BUSCO/spades_ecoli_ass.out/prodigal_output/predicted_genes/predicted.faa 
# Current dir:     /media/saurav/DATA/ubuntu/Learning/NGS/5-denovo
# Date:            Sun Jul 28 18:58:46 2024
# [ok]
