#                                                                                                           --- full sequence --- -------------- this domain -------------   hmm coord   ali coord   env coord
# target name                                       accession   tlen query name           accession   qlen   E-value  score  bias   #  of  c-Evalue  i-Evalue  score  bias  from    to  from    to  from    to  acc description of target
#                               ------------------- ---------- ----- -------------------- ---------- ----- --------- ------ ----- --- --- --------- --------- ------ ----- ----- ----- ----- ----- ----- ----- ---- ---------------------
NODE_3_length_284896_cov_367.374543:187311-188591|+ -            427 1592033at2           -            393  9.6e-152  503.6   3.5   1   1  3.6e-154  1.3e-151  503.2   3.5     7   379     7   393     2   404 0.93 NODE_3_length_284896_cov_367.374543_168 # 187311 # 188591 # 1 # ID=3_168;partial=00;start_type=TTG;rbs_motif=GGAG/GAGG;rbs_spacer=5-10bp;gc_cont=0.539
NODE_7_length_205025_cov_372.185906:89113-90585|+   -            491 1592033at2           -            393   2.1e-26   90.9   0.0   1   2   1.4e-14     5e-12   43.6   0.0   194   379     2   192     1   201 0.78 NODE_7_length_205025_cov_372.185906_77 # 89113 # 90585 # 1 # ID=7_77;partial=00;start_type=ATG;rbs_motif=GGAG/GAGG;rbs_spacer=5-10bp;gc_cont=0.522
NODE_7_length_205025_cov_372.185906:89113-90585|+   -            491 1592033at2           -            393   2.1e-26   90.9   0.0   2   2     5e-15   1.8e-12   45.1   0.0   196   360   204   382   198   397 0.84 NODE_7_length_205025_cov_372.185906_77 # 89113 # 90585 # 1 # ID=7_77;partial=00;start_type=ATG;rbs_motif=GGAG/GAGG;rbs_spacer=5-10bp;gc_cont=0.522
NODE_10_length_175988_cov_359.617568:53547-54911|-  -            455 1592033at2           -            393     4e-15   53.8   0.0   1   1     2e-17     7e-15   53.0   0.0   165   377   189   404   179   412 0.83 NODE_10_length_175988_cov_359.617568_49 # 53547 # 54911 # -1 # ID=10_49;partial=00;start_type=ATG;rbs_motif=AGGA;rbs_spacer=5-10bp;gc_cont=0.563
NODE_9_length_178300_cov_367.450088:33896-35068|+   -            391 1592033at2           -            393   6.8e-13   46.4   0.0   1   1   3.2e-15   1.1e-12   45.7   0.0   196   355   161   338   157   371 0.81 NODE_9_length_178300_cov_367.450088_35 # 33896 # 35068 # 1 # ID=9_35;partial=00;start_type=ATG;rbs_motif=GGAG/GAGG;rbs_spacer=5-10bp;gc_cont=0.532
NODE_7_length_205025_cov_372.185906:23083-23988|+   -            302 1592033at2           -            393   4.1e-09   34.0   0.2   1   1   7.2e-11   2.5e-08   31.4   0.2   197   372    11   195     5   204 0.80 NODE_7_length_205025_cov_372.185906_22 # 23083 # 23988 # 1 # ID=7_22;partial=00;start_type=ATG;rbs_motif=GGAG/GAGG;rbs_spacer=5-10bp;gc_cont=0.523
NODE_2_length_297149_cov_360.536388:136920-138011|+ -            364 1592033at2           -            393   2.8e-07   28.0   0.0   1   1   1.4e-09   5.1e-07   27.1   0.0   197   248     5    57     2    68 0.83 NODE_2_length_297149_cov_360.536388_133 # 136920 # 138011 # 1 # ID=2_133;partial=00;start_type=ATG;rbs_motif=GGA/GAG/AGG;rbs_spacer=11-12bp;gc_cont=0.510
NODE_16_length_112849_cov_374.626139:69752-72073|+  -            774 1592033at2           -            393   2.8e-07   27.9   0.1   1   1   8.3e-09   2.9e-06   24.6   0.1   196   375     5   191     2   203 0.78 NODE_16_length_112849_cov_374.626139_71 # 69752 # 72073 # 1 # ID=16_71;partial=00;start_type=ATG;rbs_motif=None;rbs_spacer=None;gc_cont=0.547
NODE_3_length_284896_cov_367.374543:113821-116049|+ -            743 1592033at2           -            393     5e-05   20.5   0.1   1   2   9.7e-05     0.034   11.2   0.0   195   238    70   114    51   137 0.77 NODE_3_length_284896_cov_367.374543_104 # 113821 # 116049 # 1 # ID=3_104;partial=00;start_type=ATG;rbs_motif=AGGA;rbs_spacer=5-10bp;gc_cont=0.515
NODE_3_length_284896_cov_367.374543:113821-116049|+ -            743 1592033at2           -            393     5e-05   20.5   0.1   2   2    0.0026      0.92    6.5   0.1   271   333   257   318   253   327 0.79 NODE_3_length_284896_cov_367.374543_104 # 113821 # 116049 # 1 # ID=3_104;partial=00;start_type=ATG;rbs_motif=AGGA;rbs_spacer=5-10bp;gc_cont=0.515
NODE_14_length_125752_cov_375.120501:9410-10042|-   -            211 1592033at2           -            393   0.00017   18.8   0.2   1   2   1.1e-05    0.0038   14.4   0.0   195   221    27    53    16    57 0.89 NODE_14_length_125752_cov_375.120501_9 # 9410 # 10042 # -1 # ID=14_9;partial=00;start_type=TTG;rbs_motif=GGAG/GAGG;rbs_spacer=5-10bp;gc_cont=0.518
NODE_14_length_125752_cov_375.120501:9410-10042|-   -            211 1592033at2           -            393   0.00017   18.8   0.2   2   2     0.042        15    2.5   0.1   303   352   136   199    97   208 0.63 NODE_14_length_125752_cov_375.120501_9 # 9410 # 10042 # -1 # ID=14_9;partial=00;start_type=TTG;rbs_motif=GGAG/GAGG;rbs_spacer=5-10bp;gc_cont=0.518
NODE_5_length_264628_cov_361.652112:36415-37278|+   -            288 1592033at2           -            393    0.0003   18.0   0.0   1   1   3.4e-06    0.0012   16.0   0.0   193   319    35   160    21   213 0.68 NODE_5_length_264628_cov_361.652112_37 # 36415 # 37278 # 1 # ID=5_37;partial=00;start_type=ATG;rbs_motif=AGGAG;rbs_spacer=5-10bp;gc_cont=0.541
NODE_7_length_205025_cov_372.185906:151012-151491|+ -            160 1592033at2           -            393    0.0019   15.4   0.5   1   2   8.4e-05      0.03   11.4   0.1   195   221     2    28     1    32 0.87 NODE_7_length_205025_cov_372.185906_130 # 151012 # 151491 # 1 # ID=7_130;partial=00;start_type=ATG;rbs_motif=GGAG/GAGG;rbs_spacer=5-10bp;gc_cont=0.498
NODE_7_length_205025_cov_372.185906:151012-151491|+ -            160 1592033at2           -            393    0.0019   15.4   0.5   2   2     0.042        15    2.5   0.0   297   353    84   149    55   158 0.67 NODE_7_length_205025_cov_372.185906_130 # 151012 # 151491 # 1 # ID=7_130;partial=00;start_type=ATG;rbs_motif=GGAG/GAGG;rbs_spacer=5-10bp;gc_cont=0.498
NODE_31_length_40911_cov_365.866802:1656-2519|+     -            288 1592033at2           -            393    0.0026   14.9   0.0   1   1   1.6e-05    0.0056   13.8   0.0   191   248    33    91     8   220 0.72 NODE_31_length_40911_cov_365.866802_3 # 1656 # 2519 # 1 # ID=31_3;partial=00;start_type=ATG;rbs_motif=AGGAG;rbs_spacer=5-10bp;gc_cont=0.568
NODE_3_length_284896_cov_367.374543:177143-178195|- -            351 1592033at2           -            393    0.0043   14.2   0.0   1   2   0.00018     0.063   10.3   0.0   304   350   152   209   137   218 0.85 NODE_3_length_284896_cov_367.374543_159 # 177143 # 178195 # -1 # ID=3_159;partial=00;start_type=TTG;rbs_motif=AGGAG;rbs_spacer=5-10bp;gc_cont=0.539
NODE_3_length_284896_cov_367.374543:177143-178195|- -            351 1592033at2           -            393    0.0043   14.2   0.0   2   2      0.07        25    1.8   0.0   201   218   214   231   208   239 0.76 NODE_3_length_284896_cov_367.374543_159 # 177143 # 178195 # -1 # ID=3_159;partial=00;start_type=TTG;rbs_motif=AGGAG;rbs_spacer=5-10bp;gc_cont=0.539
#
# Program:         hmmsearch
# Version:         3.1b2 (February 2015)
# Pipeline mode:   SEARCH
# Query file:      /media/saurav/DATA/ubuntu/Learning/NGS/5-denovo/busco_downloads/lineages/bacteria_odb10/hmms/1592033at2.hmm
# Target file:     5-qc/BUSCO/spades_ecoli_ass.out/prodigal_output/predicted_genes/predicted.faa
# Option settings: hmmsearch --domtblout 5-qc/BUSCO/spades_ecoli_ass.out/run_bacteria_odb10/hmmer_output/1592033at2.out --cpu 1 /media/saurav/DATA/ubuntu/Learning/NGS/5-denovo/busco_downloads/lineages/bacteria_odb10/hmms/1592033at2.hmm 5-qc/BUSCO/spades_ecoli_ass.out/prodigal_output/predicted_genes/predicted.faa 
# Current dir:     /media/saurav/DATA/ubuntu/Learning/NGS/5-denovo
# Date:            Sun Jul 28 18:58:46 2024
# [ok]
