#                                                                                                           --- full sequence --- -------------- this domain -------------   hmm coord   ali coord   env coord
# target name                                       accession   tlen query name           accession   qlen   E-value  score  bias   #  of  c-Evalue  i-Evalue  score  bias  from    to  from    to  from    to  acc description of target
#                               ------------------- ---------- ----- -------------------- ---------- ----- --------- ------ ----- --- --- --------- --------- ------ ----- ----- ----- ----- ----- ----- ----- ---- ---------------------
NODE_7_length_205025_cov_372.185906:19345-21144|+   -            600 182107at2            -            492  1.7e-222  737.2   7.2   1   1  1.2e-222  4.5e-220  729.2   7.2     1   491     4   594     4   595 0.88 NODE_7_length_205025_cov_372.185906_19 # 19345 # 21144 # 1 # ID=7_19;partial=00;start_type=ATG;rbs_motif=None;rbs_spacer=None;gc_cont=0.537
NODE_14_length_125752_cov_375.120501:17684-19507|+  -            608 182107at2            -            492   5.5e-44  148.4   2.1   1   2   4.3e-41   1.6e-38  130.3   0.9     1   231     5   278     5   283 0.76 NODE_14_length_125752_cov_375.120501_16 # 17684 # 19507 # 1 # ID=14_16;partial=00;start_type=GTG;rbs_motif=GGAG/GAGG;rbs_spacer=5-10bp;gc_cont=0.535
NODE_14_length_125752_cov_375.120501:17684-19507|+  -            608 182107at2            -            492   5.5e-44  148.4   2.1   2   2   1.5e-06   0.00057   16.4   0.0   261   350   341   424   311   430 0.80 NODE_14_length_125752_cov_375.120501_16 # 17684 # 19507 # 1 # ID=14_16;partial=00;start_type=GTG;rbs_motif=GGAG/GAGG;rbs_spacer=5-10bp;gc_cont=0.535
NODE_16_length_112849_cov_374.626139:745-2859|-     -            705 182107at2            -            492   1.6e-32  110.6   0.1   1   4   3.2e-24   1.2e-21   74.7   0.0     2   133    11   167    10   194 0.81 NODE_16_length_112849_cov_374.626139_2 # 745 # 2859 # -1 # ID=16_2;partial=00;start_type=ATG;rbs_motif=GGAG/GAGG;rbs_spacer=5-10bp;gc_cont=0.508
NODE_16_length_112849_cov_374.626139:745-2859|-     -            705 182107at2            -            492   1.6e-32  110.6   0.1   2   4      0.17        65   -0.3   0.0   135   160   266   291   244   306 0.76 NODE_16_length_112849_cov_374.626139_2 # 745 # 2859 # -1 # ID=16_2;partial=00;start_type=ATG;rbs_motif=GGAG/GAGG;rbs_spacer=5-10bp;gc_cont=0.508
NODE_16_length_112849_cov_374.626139:745-2859|-     -            705 182107at2            -            492   1.6e-32  110.6   0.1   3   4   2.8e-09   1.1e-06   25.4   0.0   157   314   312   491   303   505 0.68 NODE_16_length_112849_cov_374.626139_2 # 745 # 2859 # -1 # ID=16_2;partial=00;start_type=ATG;rbs_motif=GGAG/GAGG;rbs_spacer=5-10bp;gc_cont=0.508
NODE_16_length_112849_cov_374.626139:745-2859|-     -            705 182107at2            -            492   1.6e-32  110.6   0.1   4   4      0.03        11    2.2   0.0   322   351   612   641   602   688 0.71 NODE_16_length_112849_cov_374.626139_2 # 745 # 2859 # -1 # ID=16_2;partial=00;start_type=ATG;rbs_motif=GGAG/GAGG;rbs_spacer=5-10bp;gc_cont=0.508
NODE_9_length_178300_cov_367.450088:49636-52308|+   -            891 182107at2            -            492   2.4e-26   90.2   0.2   1   1   1.5e-28   5.6e-26   89.0   0.2     5   194   395   597   393   612 0.82 NODE_9_length_178300_cov_367.450088_48 # 49636 # 52308 # 1 # ID=9_48;partial=00;start_type=ATG;rbs_motif=AGGA;rbs_spacer=5-10bp;gc_cont=0.534
NODE_11_length_148513_cov_366.871952:46113-47702|-  -            530 182107at2            -            492   1.8e-23   80.7   0.2   1   2     4e-21   1.5e-18   64.5   0.0     2   128    14   162    13   170 0.82 NODE_11_length_148513_cov_366.871952_43 # 46113 # 47702 # -1 # ID=11_43;partial=00;start_type=ATG;rbs_motif=AGxAG;rbs_spacer=5-10bp;gc_cont=0.540
NODE_11_length_148513_cov_366.871952:46113-47702|-  -            530 182107at2            -            492   1.8e-23   80.7   0.2   2   2    0.0002     0.076    9.4   0.0   220   311   372   468   202   477 0.72 NODE_11_length_148513_cov_366.871952_43 # 46113 # 47702 # -1 # ID=11_43;partial=00;start_type=ATG;rbs_motif=AGxAG;rbs_spacer=5-10bp;gc_cont=0.540
NODE_16_length_112849_cov_374.626139:3-674|-        -            224 182107at2            -            492   1.5e-12   44.7   0.1   1   1   5.9e-15   2.3e-12   44.1   0.1     3   128    14   158    13   165 0.76 NODE_16_length_112849_cov_374.626139_1 # 3 # 674 # -1 # ID=16_1;partial=10;start_type=GTG;rbs_motif=AGGA;rbs_spacer=5-10bp;gc_cont=0.540
NODE_5_length_264628_cov_361.652112:142183-143610|- -            476 182107at2            -            492   3.3e-11   40.3   0.1   1   2      0.24        93   -0.8   0.0     8    23    34    49    29    58 0.81 NODE_5_length_264628_cov_361.652112_147 # 142183 # 143610 # -1 # ID=5_147;partial=00;start_type=ATG;rbs_motif=GGA/GAG/AGG;rbs_spacer=11-12bp;gc_cont=0.547
NODE_5_length_264628_cov_361.652112:142183-143610|- -            476 182107at2            -            492   3.3e-11   40.3   0.1   2   2   3.5e-13   1.3e-10   38.3   0.0    25   120    80   180    63   193 0.81 NODE_5_length_264628_cov_361.652112_147 # 142183 # 143610 # -1 # ID=5_147;partial=00;start_type=ATG;rbs_motif=GGA/GAG/AGG;rbs_spacer=11-12bp;gc_cont=0.547
NODE_17_length_95774_cov_367.252056:2618-4462|+     -            615 182107at2            -            492   3.4e-11   40.2   0.0   1   1   1.2e-13   4.7e-11   39.8   0.0     8   196     7   209     1   217 0.75 NODE_17_length_95774_cov_367.252056_4 # 2618 # 4462 # 1 # ID=17_4;partial=00;start_type=ATG;rbs_motif=AGGA/GGAG/GAGG;rbs_spacer=11-12bp;gc_cont=0.564
NODE_7_length_205025_cov_372.185906:89113-90585|+   -            491 182107at2            -            492   4.9e-09   33.1   0.0   1   2     0.056        22    1.3   0.0    67   152    74   159     6   172 0.72 NODE_7_length_205025_cov_372.185906_77 # 89113 # 90585 # 1 # ID=7_77;partial=00;start_type=ATG;rbs_motif=GGAG/GAGG;rbs_spacer=5-10bp;gc_cont=0.522
NODE_7_length_205025_cov_372.185906:89113-90585|+   -            491 182107at2            -            492   4.9e-09   33.1   0.0   2   2   1.5e-10   5.9e-08   29.6   0.0     5   154   206   371   203   385 0.73 NODE_7_length_205025_cov_372.185906_77 # 89113 # 90585 # 1 # ID=7_77;partial=00;start_type=ATG;rbs_motif=GGAG/GAGG;rbs_spacer=5-10bp;gc_cont=0.522
NODE_7_length_205025_cov_372.185906:23083-23988|+   -            302 182107at2            -            492   4.2e-05   20.2   0.1   1   1   1.6e-07     6e-05   19.6   0.1     5   159    12   177     9   188 0.75 NODE_7_length_205025_cov_372.185906_22 # 23083 # 23988 # 1 # ID=7_22;partial=00;start_type=ATG;rbs_motif=GGAG/GAGG;rbs_spacer=5-10bp;gc_cont=0.523
NODE_499_length_155_cov_371.256410:3-155|-          -             51 182107at2            -            492   0.00017   18.1   0.0   1   1   4.5e-07   0.00017   18.1   0.0    51    89     7    45     3    51 0.89 NODE_499_length_155_cov_371.256410_1 # 3 # 155 # -1 # ID=499_1;partial=11;start_type=Edge;rbs_motif=None;rbs_spacer=None;gc_cont=0.614
NODE_49_length_4267_cov_360.400716:4056-4265|+      -             70 182107at2            -            492     0.002   14.6   0.0   1   1   7.6e-06    0.0029   14.1   0.0     3    46    14    69    13    70 0.65 NODE_49_length_4267_cov_360.400716_4 # 4056 # 4265 # 1 # ID=49_4;partial=01;start_type=ATG;rbs_motif=GGAG/GAGG;rbs_spacer=5-10bp;gc_cont=0.490
#
# Program:         hmmsearch
# Version:         3.1b2 (February 2015)
# Pipeline mode:   SEARCH
# Query file:      /media/saurav/DATA/ubuntu/Learning/NGS/5-denovo/busco_downloads/lineages/bacteria_odb10/hmms/182107at2.hmm
# Target file:     5-qc/BUSCO/spades_ecoli_ass.out/prodigal_output/predicted_genes/predicted.faa
# Option settings: hmmsearch --domtblout 5-qc/BUSCO/spades_ecoli_ass.out/run_bacteria_odb10/hmmer_output/182107at2.out --cpu 1 /media/saurav/DATA/ubuntu/Learning/NGS/5-denovo/busco_downloads/lineages/bacteria_odb10/hmms/182107at2.hmm 5-qc/BUSCO/spades_ecoli_ass.out/prodigal_output/predicted_genes/predicted.faa 
# Current dir:     /media/saurav/DATA/ubuntu/Learning/NGS/5-denovo
# Date:            Sun Jul 28 18:58:46 2024
# [ok]
