#                                                                                                            --- full sequence --- -------------- this domain -------------   hmm coord   ali coord   env coord
# target name                                        accession   tlen query name           accession   qlen   E-value  score  bias   #  of  c-Evalue  i-Evalue  score  bias  from    to  from    to  from    to  acc description of target
#                                ------------------- ---------- ----- -------------------- ---------- ----- --------- ------ ----- --- --- --------- --------- ------ ----- ----- ----- ----- ----- ----- ----- ---- ---------------------
NODE_3_length_284896_cov_367.374543:182224-182685|+  -            154 1827295at2           -             74   1.5e-24   83.8   1.4   1   1   3.2e-26   6.4e-24   81.7   1.4     8    74    20   111    12   111 0.82 NODE_3_length_284896_cov_367.374543_163 # 182224 # 182685 # 1 # ID=3_163;partial=00;start_type=ATG;rbs_motif=None;rbs_spacer=None;gc_cont=0.524
NODE_4_length_268404_cov_369.672366:228387-230294|+  -            636 1827295at2           -             74   0.00036   18.5   0.1   1   2     0.006       1.2    7.2   0.0     9    31    30    52    19    56 0.79 NODE_4_length_268404_cov_369.672366_199 # 228387 # 230294 # 1 # ID=4_199;partial=00;start_type=ATG;rbs_motif=AGGA;rbs_spacer=5-10bp;gc_cont=0.524
NODE_4_length_268404_cov_369.672366:228387-230294|+  -            636 1827295at2           -             74   0.00036   18.5   0.1   2   2    0.0022      0.44    8.6   0.1     8    33   344   370   332   374 0.80 NODE_4_length_268404_cov_369.672366_199 # 228387 # 230294 # 1 # ID=4_199;partial=00;start_type=ATG;rbs_motif=AGGA;rbs_spacer=5-10bp;gc_cont=0.524
NODE_11_length_148513_cov_366.871952:68251-69207|+   -            319 1827295at2           -             74   0.00058   17.8   0.1   1   1   5.9e-06    0.0012   16.8   0.1    10    31     6    27     2    34 0.87 NODE_11_length_148513_cov_366.871952_64 # 68251 # 69207 # 1 # ID=11_64;partial=00;start_type=ATG;rbs_motif=GGAG/GAGG;rbs_spacer=5-10bp;gc_cont=0.546
NODE_16_length_112849_cov_374.626139:47888-48409|-   -            174 1827295at2           -             74    0.0007   17.5   0.0   1   1   7.7e-06    0.0015   16.4   0.0    10    33     6    29     1    33 0.88 NODE_16_length_112849_cov_374.626139_52 # 47888 # 48409 # -1 # ID=16_52;partial=00;start_type=ATG;rbs_motif=AGxAG;rbs_spacer=5-10bp;gc_cont=0.490
NODE_5_length_264628_cov_361.652112:305-2878|-       -            858 1827295at2           -             74    0.0014   16.5   0.0   1   2    0.0069       1.4    7.0   0.0    12    36   203   228   189   230 0.82 NODE_5_length_264628_cov_361.652112_1 # 305 # 2878 # -1 # ID=5_1;partial=00;start_type=ATG;rbs_motif=GGAGG;rbs_spacer=3-4bp;gc_cont=0.514
NODE_5_length_264628_cov_361.652112:305-2878|-       -            858 1827295at2           -             74    0.0014   16.5   0.0   2   2    0.0098         2    6.5   0.0    11    30   601   620   586   625 0.85 NODE_5_length_264628_cov_361.652112_1 # 305 # 2878 # -1 # ID=5_1;partial=00;start_type=ATG;rbs_motif=GGAGG;rbs_spacer=3-4bp;gc_cont=0.514
NODE_4_length_268404_cov_369.672366:45668-47404|-    -            579 1827295at2           -             74    0.0023   15.9   0.8   1   2    0.0016      0.31    9.0   0.1    10    32    35    57    22    66 0.82 NODE_4_length_268404_cov_369.672366_45 # 45668 # 47404 # -1 # ID=4_45;partial=00;start_type=ATG;rbs_motif=GGAG/GAGG;rbs_spacer=5-10bp;gc_cont=0.556
NODE_4_length_268404_cov_369.672366:45668-47404|-    -            579 1827295at2           -             74    0.0023   15.9   0.8   2   2      0.03       5.9    5.0   0.1     8    29   351   376   336   383 0.78 NODE_4_length_268404_cov_369.672366_45 # 45668 # 47404 # -1 # ID=4_45;partial=00;start_type=ATG;rbs_motif=GGAG/GAGG;rbs_spacer=5-10bp;gc_cont=0.556
NODE_4_length_268404_cov_369.672366:141687-143963|+  -            759 1827295at2           -             74    0.0025   15.8   0.1   1   2     0.026       5.2    5.1   0.0    12    31   211   230   197   237 0.82 NODE_4_length_268404_cov_369.672366_133 # 141687 # 143963 # 1 # ID=4_133;partial=00;start_type=ATG;rbs_motif=GGAGG;rbs_spacer=5-10bp;gc_cont=0.526
NODE_4_length_268404_cov_369.672366:141687-143963|+  -            759 1827295at2           -             74    0.0025   15.8   0.1   2   2    0.0036      0.71    7.9   0.1    10    33   490   513   472   517 0.84 NODE_4_length_268404_cov_369.672366_133 # 141687 # 143963 # 1 # ID=4_133;partial=00;start_type=ATG;rbs_motif=GGAGG;rbs_spacer=5-10bp;gc_cont=0.526
NODE_4_length_268404_cov_369.672366:179624-180307|+  -            228 1827295at2           -             74    0.0025   15.8   0.1   1   1   2.3e-05    0.0046   14.9   0.1     9    34     6    31     1    54 0.88 NODE_4_length_268404_cov_369.672366_160 # 179624 # 180307 # 1 # ID=4_160;partial=00;start_type=ATG;rbs_motif=AGGAG;rbs_spacer=5-10bp;gc_cont=0.537
NODE_10_length_175988_cov_359.617568:6456-7961|-     -            502 1827295at2           -             74    0.0028   15.6   0.6   1   2    0.0057       1.1    7.2   0.1     8    28    27    50    17    55 0.80 NODE_10_length_175988_cov_359.617568_7 # 6456 # 7961 # -1 # ID=10_7;partial=00;start_type=ATG;rbs_motif=GGAG/GAGG;rbs_spacer=5-10bp;gc_cont=0.512
NODE_10_length_175988_cov_359.617568:6456-7961|-     -            502 1827295at2           -             74    0.0028   15.6   0.6   2   2     0.013       2.6    6.1   0.1     9    32   279   302   269   308 0.81 NODE_10_length_175988_cov_359.617568_7 # 6456 # 7961 # -1 # ID=10_7;partial=00;start_type=ATG;rbs_motif=GGAG/GAGG;rbs_spacer=5-10bp;gc_cont=0.512
NODE_387_length_234_cov_0.936306:2-232|+             -             77 1827295at2           -             74    0.0054   14.7   0.0   1   1   3.7e-05    0.0073   14.3   0.0     9    33    10    34     2    42 0.85 NODE_387_length_234_cov_0.936306_1 # 2 # 232 # 1 # ID=387_1;partial=11;start_type=Edge;rbs_motif=None;rbs_spacer=None;gc_cont=0.589
NODE_3_length_284896_cov_367.374543:169329-170306|+  -            326 1827295at2           -             74    0.0064   14.5   0.0   1   1   9.3e-05     0.019   13.0   0.0    28    64    99   136    94   141 0.78 NODE_3_length_284896_cov_367.374543_153 # 169329 # 170306 # 1 # ID=3_153;partial=00;start_type=ATG;rbs_motif=GGAG/GAGG;rbs_spacer=5-10bp;gc_cont=0.527
NODE_3_length_284896_cov_367.374543:237697-239199|+  -            501 1827295at2           -             74    0.0072   14.3   0.2   1   2    0.0016      0.33    9.0   0.0     8    29    33    56    23    61 0.82 NODE_3_length_284896_cov_367.374543_222 # 237697 # 239199 # 1 # ID=3_222;partial=00;start_type=ATG;rbs_motif=GGxGG;rbs_spacer=5-10bp;gc_cont=0.556
NODE_3_length_284896_cov_367.374543:237697-239199|+  -            501 1827295at2           -             74    0.0072   14.3   0.2   2   2      0.17        33    2.5   0.0     8    26   284   304   266   310 0.81 NODE_3_length_284896_cov_367.374543_222 # 237697 # 239199 # 1 # ID=3_222;partial=00;start_type=ATG;rbs_motif=GGxGG;rbs_spacer=5-10bp;gc_cont=0.556
NODE_1_length_414005_cov_357.756595:81184-82698|+    -            505 1827295at2           -             74     0.011   13.8   1.2   1   2    0.0087       1.7    6.7   0.0     9    28    34    53    20    62 0.80 NODE_1_length_414005_cov_357.756595_83 # 81184 # 82698 # 1 # ID=1_83;partial=00;start_type=ATG;rbs_motif=GGAG/GAGG;rbs_spacer=5-10bp;gc_cont=0.523
NODE_1_length_414005_cov_357.756595:81184-82698|+    -            505 1827295at2           -             74     0.011   13.8   1.2   2   2     0.021       4.2    5.4   0.2     8    32   280   306   270   311 0.82 NODE_1_length_414005_cov_357.756595_83 # 81184 # 82698 # 1 # ID=1_83;partial=00;start_type=ATG;rbs_motif=GGAG/GAGG;rbs_spacer=5-10bp;gc_cont=0.523
NODE_22_length_62449_cov_347.520666:5932-7617|-      -            562 1827295at2           -             74     0.015   13.2   0.0   1   1   0.00019     0.038   12.0   0.0     9    41   394   429   382   434 0.78 NODE_22_length_62449_cov_347.520666_4 # 5932 # 7617 # -1 # ID=22_4;partial=00;start_type=ATG;rbs_motif=None;rbs_spacer=None;gc_cont=0.437
NODE_13_length_133063_cov_365.660310:110197-113343|+ -           1049 1827295at2           -             74     0.017   13.1   0.0   1   1   0.00021     0.042   11.8   0.0    10    33    32    55    21    60 0.83 NODE_13_length_133063_cov_365.660310_100 # 110197 # 113343 # 1 # ID=13_100;partial=00;start_type=ATG;rbs_motif=GGAG/GAGG;rbs_spacer=5-10bp;gc_cont=0.538
NODE_7_length_205025_cov_372.185906:48108-49619|+    -            504 1827295at2           -             74     0.017   13.1   0.2   1   2     0.011       2.2    6.3   0.1     9    28    37    56    25    60 0.81 NODE_7_length_205025_cov_372.185906_41 # 48108 # 49619 # 1 # ID=7_41;partial=00;start_type=ATG;rbs_motif=GGAG/GAGG;rbs_spacer=5-10bp;gc_cont=0.561
NODE_7_length_205025_cov_372.185906:48108-49619|+    -            504 1827295at2           -             74     0.017   13.1   0.2   2   2     0.059        12    4.0   0.0     8    29   287   309   274   313 0.83 NODE_7_length_205025_cov_372.185906_41 # 48108 # 49619 # 1 # ID=7_41;partial=00;start_type=ATG;rbs_motif=GGAG/GAGG;rbs_spacer=5-10bp;gc_cont=0.561
NODE_13_length_133063_cov_365.660310:67250-68524|-   -            425 1827295at2           -             74     0.019   13.0   0.1   1   1   0.00021     0.043   11.8   0.1     5    33   109   137   102   144 0.85 NODE_13_length_133063_cov_365.660310_59 # 67250 # 68524 # -1 # ID=13_59;partial=00;start_type=ATG;rbs_motif=GGAG/GAGG;rbs_spacer=5-10bp;gc_cont=0.517
NODE_5_length_264628_cov_361.652112:15139-16500|-    -            454 1827295at2           -             74     0.019   12.9   0.1   1   1    0.0002     0.041   11.9   0.1     2    33    91   125    88   130 0.84 NODE_5_length_264628_cov_361.652112_17 # 15139 # 16500 # -1 # ID=5_17;partial=00;start_type=ATG;rbs_motif=GGA/GAG/AGG;rbs_spacer=5-10bp;gc_cont=0.541
NODE_7_length_205025_cov_372.185906:151012-151491|+  -            160 1827295at2           -             74     0.021   12.8   0.1   1   1   0.00019     0.038   12.0   0.1    11    30     4    23     2    31 0.86 NODE_7_length_205025_cov_372.185906_130 # 151012 # 151491 # 1 # ID=7_130;partial=00;start_type=ATG;rbs_motif=GGAG/GAGG;rbs_spacer=5-10bp;gc_cont=0.498
NODE_34_length_35227_cov_371.713001:25913-26626|+    -            238 1827295at2           -             74     0.024   12.6   0.1   1   1   0.00022     0.044   11.8   0.1     8    29    29    52    17    59 0.80 NODE_34_length_35227_cov_371.713001_29 # 25913 # 26626 # 1 # ID=34_29;partial=00;start_type=ATG;rbs_motif=GGAG/GAGG;rbs_spacer=5-10bp;gc_cont=0.567
NODE_3_length_284896_cov_367.374543:104015-104695|-  -            227 1827295at2           -             74     0.034   12.1   0.0   1   1   0.00031     0.063   11.3   0.0     8    31    32    57    23    61 0.81 NODE_3_length_284896_cov_367.374543_92 # 104015 # 104695 # -1 # ID=3_92;partial=00;start_type=ATG;rbs_motif=GGAG/GAGG;rbs_spacer=5-10bp;gc_cont=0.601
NODE_16_length_112849_cov_374.626139:87613-89211|+   -            533 1827295at2           -             74     0.043   11.8   0.0   1   1   0.00054      0.11   10.5   0.0     9    30   209   230   198   240 0.81 NODE_16_length_112849_cov_374.626139_83 # 87613 # 89211 # 1 # ID=16_83;partial=00;start_type=ATG;rbs_motif=AGGA;rbs_spacer=5-10bp;gc_cont=0.558
NODE_22_length_62449_cov_347.520666:29765-31300|+    -            512 1827295at2           -             74     0.089   10.8   1.8   1   2     0.021       4.3    5.4   0.1     9    29    38    58    26    72 0.81 NODE_22_length_62449_cov_347.520666_20 # 29765 # 31300 # 1 # ID=22_20;partial=00;start_type=ATG;rbs_motif=GGxGG;rbs_spacer=3-4bp;gc_cont=0.533
NODE_22_length_62449_cov_347.520666:29765-31300|+    -            512 1827295at2           -             74     0.089   10.8   1.8   2   2     0.053        11    4.1   0.2     9    28   290   309   276   314 0.82 NODE_22_length_62449_cov_347.520666_20 # 29765 # 31300 # 1 # ID=22_20;partial=00;start_type=ATG;rbs_motif=GGxGG;rbs_spacer=3-4bp;gc_cont=0.533
#
# Program:         hmmsearch
# Version:         3.1b2 (February 2015)
# Pipeline mode:   SEARCH
# Query file:      /media/saurav/DATA/ubuntu/Learning/NGS/5-denovo/busco_downloads/lineages/bacteria_odb10/hmms/1827295at2.hmm
# Target file:     5-qc/BUSCO/spades_ecoli_ass.out/prodigal_output/predicted_genes/predicted.faa
# Option settings: hmmsearch --domtblout 5-qc/BUSCO/spades_ecoli_ass.out/run_bacteria_odb10/hmmer_output/1827295at2.out --cpu 1 /media/saurav/DATA/ubuntu/Learning/NGS/5-denovo/busco_downloads/lineages/bacteria_odb10/hmms/1827295at2.hmm 5-qc/BUSCO/spades_ecoli_ass.out/prodigal_output/predicted_genes/predicted.faa 
# Current dir:     /media/saurav/DATA/ubuntu/Learning/NGS/5-denovo
# Date:            Sun Jul 28 18:58:47 2024
# [ok]
