#                                                                                                            --- full sequence --- -------------- this domain -------------   hmm coord   ali coord   env coord
# target name                                        accession   tlen query name           accession   qlen   E-value  score  bias   #  of  c-Evalue  i-Evalue  score  bias  from    to  from    to  from    to  acc description of target
#                                ------------------- ---------- ----- -------------------- ---------- ----- --------- ------ ----- --- --- --------- --------- ------ ----- ----- ----- ----- ----- ----- ----- ---- ---------------------
NODE_10_length_175988_cov_359.617568:58010-59413|+   -            468 219876at2            -            282  8.2e-100  331.8   0.7   1   1  4.1e-102   1.7e-99  330.8   0.7     2   278   117   449   116   452 0.88 NODE_10_length_175988_cov_359.617568_53 # 58010 # 59413 # 1 # ID=10_53;partial=00;start_type=GTG;rbs_motif=GGAG/GAGG;rbs_spacer=5-10bp;gc_cont=0.541
NODE_7_length_205025_cov_372.185906:107648-108394|+  -            249 219876at2            -            282   1.4e-07   29.2   0.0   1   1   5.9e-10   2.5e-07   28.4   0.0    20   164    31   193    26   247 0.78 NODE_7_length_205025_cov_372.185906_93 # 107648 # 108394 # 1 # ID=7_93;partial=00;start_type=GTG;rbs_motif=GGA/GAG/AGG;rbs_spacer=3-4bp;gc_cont=0.531
NODE_1_length_414005_cov_357.756595:120121-121131|+  -            337 219876at2            -            282   4.7e-06   24.2   0.0   1   1   1.8e-08   7.5e-06   23.6   0.0    45   107    53   119    28   127 0.82 NODE_1_length_414005_cov_357.756595_120 # 120121 # 121131 # 1 # ID=1_120;partial=00;start_type=ATG;rbs_motif=GGAG/GAGG;rbs_spacer=5-10bp;gc_cont=0.527
NODE_33_length_35474_cov_381.243354:9912-10658|-     -            249 219876at2            -            282   7.8e-06   23.5   0.1   1   1   4.2e-08   1.7e-05   22.4   0.1     7    86    57   145    53   189 0.73 NODE_33_length_35474_cov_381.243354_11 # 9912 # 10658 # -1 # ID=33_11;partial=00;start_type=ATG;rbs_motif=AGxAGG/AGGxGG;rbs_spacer=5-10bp;gc_cont=0.529
NODE_11_length_148513_cov_366.871952:56141-56878|+   -            246 219876at2            -            282   2.3e-05   22.0   0.2   1   1   1.5e-07   6.5e-05   20.5   0.2     8   105    56   173    51   200 0.71 NODE_11_length_148513_cov_366.871952_55 # 56141 # 56878 # 1 # ID=11_55;partial=00;start_type=ATG;rbs_motif=GGAG/GAGG;rbs_spacer=5-10bp;gc_cont=0.505
NODE_13_length_133063_cov_365.660310:119021-119545|- -            175 219876at2            -            282   0.00083   16.9   0.0   1   2   1.9e-05    0.0081   13.6   0.0    48    86     3    41     1    48 0.89 NODE_13_length_133063_cov_365.660310_108 # 119021 # 119545 # -1 # ID=13_108;partial=00;start_type=ATG;rbs_motif=GGA/GAG/AGG;rbs_spacer=5-10bp;gc_cont=0.524
NODE_13_length_133063_cov_365.660310:119021-119545|- -            175 219876at2            -            282   0.00083   16.9   0.0   2   2      0.13        56    1.0   0.0   102   135   131   163   128   173 0.68 NODE_13_length_133063_cov_365.660310_108 # 119021 # 119545 # -1 # ID=13_108;partial=00;start_type=ATG;rbs_motif=GGA/GAG/AGG;rbs_spacer=5-10bp;gc_cont=0.524
NODE_9_length_178300_cov_367.450088:38706-40649|+    -            648 219876at2            -            282    0.0088   13.5   0.0   1   1   4.8e-05      0.02   12.3   0.0    50    87   191   230   184   239 0.80 NODE_9_length_178300_cov_367.450088_40 # 38706 # 40649 # 1 # ID=9_40;partial=00;start_type=TTG;rbs_motif=GGAG/GAGG;rbs_spacer=5-10bp;gc_cont=0.535
NODE_5_length_264628_cov_361.652112:305-2878|-       -            858 219876at2            -            282     0.013   12.9   0.0   1   2     0.035        15    2.9   0.0    43    68   195   220   180   225 0.74 NODE_5_length_264628_cov_361.652112_1 # 305 # 2878 # -1 # ID=5_1;partial=00;start_type=ATG;rbs_motif=GGAGG;rbs_spacer=3-4bp;gc_cont=0.514
NODE_5_length_264628_cov_361.652112:305-2878|-       -            858 219876at2            -            282     0.013   12.9   0.0   2   2    0.0024         1    6.7   0.0    50    69   601   620   581   641 0.84 NODE_5_length_264628_cov_361.652112_1 # 305 # 2878 # -1 # ID=5_1;partial=00;start_type=ATG;rbs_motif=GGAGG;rbs_spacer=3-4bp;gc_cont=0.514
NODE_2_length_297149_cov_360.536388:141747-143666|-  -            640 219876at2            -            282      0.02   12.3   0.0   1   1   0.00011     0.045   11.2   0.0    42    71   344   372   321   375 0.86 NODE_2_length_297149_cov_360.536388_136 # 141747 # 143666 # -1 # ID=2_136;partial=00;start_type=ATG;rbs_motif=GGA/GAG/AGG;rbs_spacer=5-10bp;gc_cont=0.515
NODE_13_length_133063_cov_365.660310:64708-67062|-   -            785 219876at2            -            282     0.025   12.0   1.3   1   2      0.11        46    1.3   0.5   135   219   164   244   146   259 0.81 NODE_13_length_133063_cov_365.660310_58 # 64708 # 67062 # -1 # ID=13_58;partial=00;start_type=ATG;rbs_motif=GGA/GAG/AGG;rbs_spacer=5-10bp;gc_cont=0.524
NODE_13_length_133063_cov_365.660310:64708-67062|-   -            785 219876at2            -            282     0.025   12.0   1.3   2   2   0.00049      0.21    9.0   0.0    40    76   342   378   336   381 0.82 NODE_13_length_133063_cov_365.660310_58 # 64708 # 67062 # -1 # ID=13_58;partial=00;start_type=ATG;rbs_motif=GGA/GAG/AGG;rbs_spacer=5-10bp;gc_cont=0.524
NODE_4_length_268404_cov_369.672366:156417-157760|+  -            448 219876at2            -            282     0.027   11.9   0.0   1   1   0.00011     0.046   11.1   0.0    40   154    43   171     8   182 0.63 NODE_4_length_268404_cov_369.672366_142 # 156417 # 157760 # 1 # ID=4_142;partial=00;start_type=GTG;rbs_motif=GGAG/GAGG;rbs_spacer=5-10bp;gc_cont=0.536
#
# Program:         hmmsearch
# Version:         3.1b2 (February 2015)
# Pipeline mode:   SEARCH
# Query file:      /media/saurav/DATA/ubuntu/Learning/NGS/5-denovo/busco_downloads/lineages/bacteria_odb10/hmms/219876at2.hmm
# Target file:     5-qc/BUSCO/spades_ecoli_ass.out/prodigal_output/predicted_genes/predicted.faa
# Option settings: hmmsearch --domtblout 5-qc/BUSCO/spades_ecoli_ass.out/run_bacteria_odb10/hmmer_output/219876at2.out --cpu 1 /media/saurav/DATA/ubuntu/Learning/NGS/5-denovo/busco_downloads/lineages/bacteria_odb10/hmms/219876at2.hmm 5-qc/BUSCO/spades_ecoli_ass.out/prodigal_output/predicted_genes/predicted.faa 
# Current dir:     /media/saurav/DATA/ubuntu/Learning/NGS/5-denovo
# Date:            Sun Jul 28 18:58:47 2024
# [ok]
