#                                                                                                           --- full sequence --- -------------- this domain -------------   hmm coord   ali coord   env coord
# target name                                       accession   tlen query name           accession   qlen   E-value  score  bias   #  of  c-Evalue  i-Evalue  score  bias  from    to  from    to  from    to  acc description of target
#                               ------------------- ---------- ----- -------------------- ---------- ----- --------- ------ ----- --- --- --------- --------- ------ ----- ----- ----- ----- ----- ----- ----- ---- ---------------------
NODE_1_length_414005_cov_357.756595:114955-116727|+ -            591 226836at2            -            473  4.8e-184  610.0   0.0   1   1  9.1e-187  8.4e-184  609.2   0.0     1   473     2   579     2   579 0.84 NODE_1_length_414005_cov_357.756595_114 # 114955 # 116727 # 1 # ID=1_114;partial=00;start_type=ATG;rbs_motif=GGA/GAG/AGG;rbs_spacer=5-10bp;gc_cont=0.538
NODE_3_length_284896_cov_367.374543:139886-141403|- -            506 226836at2            -            473   6.9e-34  114.9   4.0   1   2   2.3e-22   2.1e-19   67.1   1.3     6   242    59   322    55   365 0.75 NODE_3_length_284896_cov_367.374543_126 # 139886 # 141403 # -1 # ID=3_126;partial=00;start_type=ATG;rbs_motif=GGAG/GAGG;rbs_spacer=5-10bp;gc_cont=0.474
NODE_3_length_284896_cov_367.374543:139886-141403|- -            506 226836at2            -            473   6.9e-34  114.9   4.0   2   2   1.8e-16   1.7e-13   47.6   0.1   364   450   410   500   366   504 0.77 NODE_3_length_284896_cov_367.374543_126 # 139886 # 141403 # -1 # ID=3_126;partial=00;start_type=ATG;rbs_motif=GGAG/GAGG;rbs_spacer=5-10bp;gc_cont=0.474
NODE_12_length_133233_cov_381.903129:95049-96566|+  -            506 226836at2            -            473   5.6e-33  111.9   3.1   1   2     4e-22   3.7e-19   66.3   0.8     6   241    59   321    55   364 0.74 NODE_12_length_133233_cov_381.903129_87 # 95049 # 96566 # 1 # ID=12_87;partial=00;start_type=ATG;rbs_motif=GGAG/GAGG;rbs_spacer=5-10bp;gc_cont=0.531
NODE_12_length_133233_cov_381.903129:95049-96566|+  -            506 226836at2            -            473   5.6e-33  111.9   3.1   2   2   1.2e-15   1.1e-12   45.0   0.1   364   450   410   500   368   504 0.76 NODE_12_length_133233_cov_381.903129_87 # 95049 # 96566 # 1 # ID=12_87;partial=00;start_type=ATG;rbs_motif=GGAG/GAGG;rbs_spacer=5-10bp;gc_cont=0.531
NODE_4_length_268404_cov_369.672366:206008-207408|- -            467 226836at2            -            473   4.2e-21   72.7   0.1   1   3   1.8e-08   1.7e-05   21.3   0.0    12   146    17   175    10   190 0.69 NODE_4_length_268404_cov_369.672366_180 # 206008 # 207408 # -1 # ID=4_180;partial=00;start_type=ATG;rbs_motif=GGA/GAG/AGG;rbs_spacer=5-10bp;gc_cont=0.523
NODE_4_length_268404_cov_369.672366:206008-207408|- -            467 226836at2            -            473   4.2e-21   72.7   0.1   2   3   5.6e-05     0.051    9.8   0.1   176   229   222   279   209   322 0.84 NODE_4_length_268404_cov_369.672366_180 # 206008 # 207408 # -1 # ID=4_180;partial=00;start_type=ATG;rbs_motif=GGA/GAG/AGG;rbs_spacer=5-10bp;gc_cont=0.523
NODE_4_length_268404_cov_369.672366:206008-207408|- -            467 226836at2            -            473   4.2e-21   72.7   0.1   3   3   1.6e-13   1.5e-10   37.9   0.0   362   453   374   462   345   466 0.86 NODE_4_length_268404_cov_369.672366_180 # 206008 # 207408 # -1 # ID=4_180;partial=00;start_type=ATG;rbs_motif=GGA/GAG/AGG;rbs_spacer=5-10bp;gc_cont=0.523
NODE_3_length_284896_cov_367.374543:169329-170306|+ -            326 226836at2            -            473   2.7e-19   66.8   0.3   1   2   8.1e-11   7.4e-08   29.0   0.1   122   263    27   185    14   200 0.75 NODE_3_length_284896_cov_367.374543_153 # 169329 # 170306 # 1 # ID=3_153;partial=00;start_type=ATG;rbs_motif=GGAG/GAGG;rbs_spacer=5-10bp;gc_cont=0.527
NODE_3_length_284896_cov_367.374543:169329-170306|+ -            326 226836at2            -            473   2.7e-19   66.8   0.3   2   2   5.9e-13   5.4e-10   36.1   0.0   361   449   229   321   206   325 0.80 NODE_3_length_284896_cov_367.374543_153 # 169329 # 170306 # 1 # ID=3_153;partial=00;start_type=ATG;rbs_motif=GGAG/GAGG;rbs_spacer=5-10bp;gc_cont=0.527
#
# Program:         hmmsearch
# Version:         3.1b2 (February 2015)
# Pipeline mode:   SEARCH
# Query file:      /media/saurav/DATA/ubuntu/Learning/NGS/5-denovo/busco_downloads/lineages/bacteria_odb10/hmms/226836at2.hmm
# Target file:     5-qc/BUSCO/spades_ecoli_ass.out/prodigal_output/predicted_genes/predicted.faa
# Option settings: hmmsearch --domtblout 5-qc/BUSCO/spades_ecoli_ass.out/run_bacteria_odb10/hmmer_output/226836at2.out --cpu 1 /media/saurav/DATA/ubuntu/Learning/NGS/5-denovo/busco_downloads/lineages/bacteria_odb10/hmms/226836at2.hmm 5-qc/BUSCO/spades_ecoli_ass.out/prodigal_output/predicted_genes/predicted.faa 
# Current dir:     /media/saurav/DATA/ubuntu/Learning/NGS/5-denovo
# Date:            Sun Jul 28 18:58:47 2024
# [ok]
