#                                                                                                           --- full sequence --- -------------- this domain -------------   hmm coord   ali coord   env coord
# target name                                       accession   tlen query name           accession   qlen   E-value  score  bias   #  of  c-Evalue  i-Evalue  score  bias  from    to  from    to  from    to  acc description of target
#                               ------------------- ---------- ----- -------------------- ---------- ----- --------- ------ ----- --- --- --------- --------- ------ ----- ----- ----- ----- ----- ----- ----- ---- ---------------------
NODE_8_length_203054_cov_373.375525:196570-198288|- -            573 665824at2            -            547  1.4e-247  820.9   0.0   1   1  1.5e-250  1.8e-247  820.6   0.0     1   533     1   558     1   571 0.97 NODE_8_length_203054_cov_373.375525_169 # 196570 # 198288 # -1 # ID=8_169;partial=00;start_type=ATG;rbs_motif=GGA/GAG/AGG;rbs_spacer=11-12bp;gc_cont=0.545
NODE_1_length_414005_cov_357.756595:262907-264835|+ -            643 665824at2            -            547   2.5e-40  136.8   0.4   1   2     6e-23   6.9e-20   69.4   0.2    33   195   257   418   228   434 0.86 NODE_1_length_414005_cov_357.756595_262 # 262907 # 264835 # 1 # ID=1_262;partial=00;start_type=ATG;rbs_motif=AGGA;rbs_spacer=5-10bp;gc_cont=0.496
NODE_1_length_414005_cov_357.756595:262907-264835|+ -            643 665824at2            -            547   2.5e-40  136.8   0.4   2   2   9.2e-22   1.1e-18   65.5   0.0   398   544   489   633   473   636 0.87 NODE_1_length_414005_cov_357.756595_262 # 262907 # 264835 # 1 # ID=1_262;partial=00;start_type=ATG;rbs_motif=AGGA;rbs_spacer=5-10bp;gc_cont=0.496
NODE_7_length_205025_cov_372.185906:85894-87168|+   -            425 665824at2            -            547     1e-10   39.1   0.2   1   2   2.5e-08   2.8e-05   21.1   0.0    34   109     6    83     1    88 0.92 NODE_7_length_205025_cov_372.185906_74 # 85894 # 87168 # 1 # ID=7_74;partial=00;start_type=GTG;rbs_motif=GGA/GAG/AGG;rbs_spacer=5-10bp;gc_cont=0.547
NODE_7_length_205025_cov_372.185906:85894-87168|+   -            425 665824at2            -            547     1e-10   39.1   0.2   2   2   8.8e-07     0.001   16.0   0.1   452   534   330   412   325   423 0.78 NODE_7_length_205025_cov_372.185906_74 # 85894 # 87168 # 1 # ID=7_74;partial=00;start_type=GTG;rbs_motif=GGA/GAG/AGG;rbs_spacer=5-10bp;gc_cont=0.547
NODE_4_length_268404_cov_369.672366:157851-159143|+ -            431 665824at2            -            547   3.8e-09   33.9   0.0   1   2   7.2e-12   8.3e-09   32.8   0.0    58   208   182   339   169   393 0.84 NODE_4_length_268404_cov_369.672366_143 # 157851 # 159143 # 1 # ID=4_143;partial=00;start_type=ATG;rbs_motif=AGGA;rbs_spacer=5-10bp;gc_cont=0.527
NODE_4_length_268404_cov_369.672366:157851-159143|+ -            431 665824at2            -            547   3.8e-09   33.9   0.0   2   2      0.21   2.4e+02   -1.7   0.0   400   447   368   418   355   422 0.73 NODE_4_length_268404_cov_369.672366_143 # 157851 # 159143 # 1 # ID=4_143;partial=00;start_type=ATG;rbs_motif=AGGA;rbs_spacer=5-10bp;gc_cont=0.527
#
# Program:         hmmsearch
# Version:         3.1b2 (February 2015)
# Pipeline mode:   SEARCH
# Query file:      /media/saurav/DATA/ubuntu/Learning/NGS/5-denovo/busco_downloads/lineages/bacteria_odb10/hmms/665824at2.hmm
# Target file:     5-qc/BUSCO/spades_ecoli_ass.out/prodigal_output/predicted_genes/predicted.faa
# Option settings: hmmsearch --domtblout 5-qc/BUSCO/spades_ecoli_ass.out/run_bacteria_odb10/hmmer_output/665824at2.out --cpu 1 /media/saurav/DATA/ubuntu/Learning/NGS/5-denovo/busco_downloads/lineages/bacteria_odb10/hmms/665824at2.hmm 5-qc/BUSCO/spades_ecoli_ass.out/prodigal_output/predicted_genes/predicted.faa 
# Current dir:     /media/saurav/DATA/ubuntu/Learning/NGS/5-denovo
# Date:            Sun Jul 28 18:58:48 2024
# [ok]
