#                                                                                                            --- full sequence --- -------------- this domain -------------   hmm coord   ali coord   env coord
# target name                                        accession   tlen query name           accession   qlen   E-value  score  bias   #  of  c-Evalue  i-Evalue  score  bias  from    to  from    to  from    to  acc description of target
#                                ------------------- ---------- ----- -------------------- ---------- ----- --------- ------ ----- --- --- --------- --------- ------ ----- ----- ----- ----- ----- ----- ----- ---- ---------------------
NODE_4_length_268404_cov_369.672366:177235-178518|+  -            428 776861at2            -            618  8.5e-166  550.7   0.0   1   1  2.1e-168  9.7e-166  550.5   0.0     2   403     2   426     1   427 0.92 NODE_4_length_268404_cov_369.672366_158 # 177235 # 178518 # 1 # ID=4_158;partial=00;start_type=ATG;rbs_motif=GGA/GAG/AGG;rbs_spacer=5-10bp;gc_cont=0.508
NODE_4_length_268404_cov_369.672366:179624-180307|+  -            228 776861at2            -            618   4.4e-86  287.4   1.1   1   1   1.1e-88   4.8e-86  287.2   1.1   407   612     4   224     1   227 0.97 NODE_4_length_268404_cov_369.672366_160 # 179624 # 180307 # 1 # ID=4_160;partial=00;start_type=ATG;rbs_motif=AGGAG;rbs_spacer=5-10bp;gc_cont=0.537
NODE_295_length_243_cov_0.867470:3-242|-             -             80 776861at2            -            618   3.5e-25   86.2   0.1   1   1   8.1e-28   3.7e-25   86.1   0.1   242   319     2    80     1    80 0.96 NODE_295_length_243_cov_0.867470_1 # 3 # 242 # -1 # ID=295_1;partial=11;start_type=Edge;rbs_motif=None;rbs_spacer=None;gc_cont=0.492
NODE_9_length_178300_cov_367.450088:29156-30415|+    -            420 776861at2            -            618   4.1e-10   36.4   1.8   1   2   2.3e-12   1.1e-09   35.1   0.8    11   294    11   299     2   346 0.79 NODE_9_length_178300_cov_367.450088_29 # 29156 # 30415 # 1 # ID=9_29;partial=00;start_type=ATG;rbs_motif=GGA/GAG/AGG;rbs_spacer=5-10bp;gc_cont=0.533
NODE_9_length_178300_cov_367.450088:29156-30415|+    -            420 776861at2            -            618   4.1e-10   36.4   1.8   2   2      0.13        61   -0.5   0.0    25    66   373   415   350   418 0.75 NODE_9_length_178300_cov_367.450088_29 # 29156 # 30415 # 1 # ID=9_29;partial=00;start_type=ATG;rbs_motif=GGA/GAG/AGG;rbs_spacer=5-10bp;gc_cont=0.533
NODE_16_length_112849_cov_374.626139:106411-106938|- -            176 776861at2            -            618   0.00021   17.6   0.0   1   1   4.9e-07   0.00023   17.5   0.0   414   439    14    39     1    86 0.83 NODE_16_length_112849_cov_374.626139_97 # 106411 # 106938 # -1 # ID=16_97;partial=00;start_type=TTG;rbs_motif=GGxGG;rbs_spacer=5-10bp;gc_cont=0.498
NODE_16_length_112849_cov_374.626139:47888-48409|-   -            174 776861at2            -            618   0.00038   16.7   0.0   1   1   1.2e-06   0.00055   16.2   0.0   410   439     6    35     1    37 0.88 NODE_16_length_112849_cov_374.626139_52 # 47888 # 48409 # -1 # ID=16_52;partial=00;start_type=ATG;rbs_motif=AGxAG;rbs_spacer=5-10bp;gc_cont=0.490
NODE_13_length_133063_cov_365.660310:28131-28775|-   -            215 776861at2            -            618    0.0036   13.5   0.1   1   1   9.6e-06    0.0044   13.2   0.1   415   454     7    46     1    80 0.68 NODE_13_length_133063_cov_365.660310_24 # 28131 # 28775 # -1 # ID=13_24;partial=00;start_type=ATG;rbs_motif=GGA/GAG/AGG;rbs_spacer=5-10bp;gc_cont=0.516
NODE_19_length_78649_cov_365.083732:75256-75981|-    -            242 776861at2            -            618    0.0051   13.0   0.0   1   1   1.7e-05    0.0077   12.4   0.0   391   428    11    47     3    50 0.75 NODE_19_length_78649_cov_365.083732_73 # 75256 # 75981 # -1 # ID=19_73;partial=00;start_type=ATG;rbs_motif=AGGA;rbs_spacer=5-10bp;gc_cont=0.523
NODE_1_length_414005_cov_357.756595:302965-303711|+  -            249 776861at2            -            618     0.015   11.4   0.1   1   1   5.1e-05     0.023   10.8   0.1   411   435    30    54    19    59 0.88 NODE_1_length_414005_cov_357.756595_299 # 302965 # 303711 # 1 # ID=1_299;partial=00;start_type=ATG;rbs_motif=AGGA;rbs_spacer=5-10bp;gc_cont=0.505
NODE_25_length_54904_cov_367.539388:52230-52928|+    -            233 776861at2            -            618     0.054    9.6   0.1   1   1   0.00015     0.071    9.2   0.1   406   434     7    35     1    39 0.85 NODE_25_length_54904_cov_367.539388_57 # 52230 # 52928 # 1 # ID=25_57;partial=00;start_type=ATG;rbs_motif=None;rbs_spacer=None;gc_cont=0.506
#
# Program:         hmmsearch
# Version:         3.1b2 (February 2015)
# Pipeline mode:   SEARCH
# Query file:      /media/saurav/DATA/ubuntu/Learning/NGS/5-denovo/busco_downloads/lineages/bacteria_odb10/hmms/776861at2.hmm
# Target file:     5-qc/BUSCO/spades_ecoli_ass.out/prodigal_output/predicted_genes/predicted.faa
# Option settings: hmmsearch --domtblout 5-qc/BUSCO/spades_ecoli_ass.out/run_bacteria_odb10/hmmer_output/776861at2.out --cpu 1 /media/saurav/DATA/ubuntu/Learning/NGS/5-denovo/busco_downloads/lineages/bacteria_odb10/hmms/776861at2.hmm 5-qc/BUSCO/spades_ecoli_ass.out/prodigal_output/predicted_genes/predicted.faa 
# Current dir:     /media/saurav/DATA/ubuntu/Learning/NGS/5-denovo
# Date:            Sun Jul 28 18:58:48 2024
# [ok]
