#                                                                                                           --- full sequence --- -------------- this domain -------------   hmm coord   ali coord   env coord
# target name                                       accession   tlen query name           accession   qlen   E-value  score  bias   #  of  c-Evalue  i-Evalue  score  bias  from    to  from    to  from    to  acc description of target
#                               ------------------- ---------- ----- -------------------- ---------- ----- --------- ------ ----- --- --- --------- --------- ------ ----- ----- ----- ----- ----- ----- ----- ---- ---------------------
NODE_1_length_414005_cov_357.756595:120121-121131|+ -            337 874197at2            -            274  1.6e-129  429.0   0.3   1   1  7.6e-132  2.3e-129  428.4   0.3     1   273    20   321    20   322 0.92 NODE_1_length_414005_cov_357.756595_120 # 120121 # 121131 # 1 # ID=1_120;partial=00;start_type=ATG;rbs_motif=GGAG/GAGG;rbs_spacer=5-10bp;gc_cont=0.527
NODE_4_length_268404_cov_369.672366:156417-157760|+ -            448 874197at2            -            274   3.7e-12   44.0   0.0   1   1   2.7e-14   8.2e-12   42.9   0.0     3   115    19   138    17   154 0.74 NODE_4_length_268404_cov_369.672366_142 # 156417 # 157760 # 1 # ID=4_142;partial=00;start_type=GTG;rbs_motif=GGAG/GAGG;rbs_spacer=5-10bp;gc_cont=0.536
NODE_13_length_133063_cov_365.660310:67250-68524|-  -            425 874197at2            -            274   4.9e-07   27.2   0.0   1   1   3.4e-09   1.1e-06   26.1   0.0     3    84    69   165    67   198 0.70 NODE_13_length_133063_cov_365.660310_59 # 67250 # 68524 # -1 # ID=13_59;partial=00;start_type=ATG;rbs_motif=GGAG/GAGG;rbs_spacer=5-10bp;gc_cont=0.517
NODE_9_length_178300_cov_367.450088:38706-40649|+   -            648 874197at2            -            274   3.7e-06   24.4   0.0   1   2   2.6e-08   8.1e-06   23.2   0.0    32    95   185   256   147   261 0.65 NODE_9_length_178300_cov_367.450088_40 # 38706 # 40649 # 1 # ID=9_40;partial=00;start_type=TTG;rbs_motif=GGAG/GAGG;rbs_spacer=5-10bp;gc_cont=0.535
NODE_9_length_178300_cov_367.450088:38706-40649|+   -            648 874197at2            -            274   3.7e-06   24.4   0.0   2   2       5.1   1.6e+03   -3.9   0.0    38    57   351   370   334   394 0.70 NODE_9_length_178300_cov_367.450088_40 # 38706 # 40649 # 1 # ID=9_40;partial=00;start_type=TTG;rbs_motif=GGAG/GAGG;rbs_spacer=5-10bp;gc_cont=0.535
NODE_4_length_268404_cov_369.672366:141687-143963|+ -            759 874197at2            -            274   1.3e-05   22.5   1.3   1   2   0.00069      0.21    8.8   0.4    75    99   265   291   191   294 0.53 NODE_4_length_268404_cov_369.672366_133 # 141687 # 143963 # 1 # ID=4_133;partial=00;start_type=ATG;rbs_motif=GGAGG;rbs_spacer=5-10bp;gc_cont=0.526
NODE_4_length_268404_cov_369.672366:141687-143963|+ -            759 874197at2            -            274   1.3e-05   22.5   1.3   2   2   0.00043      0.13    9.4   0.0    12    63   461   516   451   530 0.79 NODE_4_length_268404_cov_369.672366_133 # 141687 # 143963 # 1 # ID=4_133;partial=00;start_type=ATG;rbs_motif=GGAGG;rbs_spacer=5-10bp;gc_cont=0.526
NODE_5_length_264628_cov_361.652112:305-2878|-      -            858 874197at2            -            274   1.8e-05   22.1   0.2   1   2    0.0018      0.56    7.4   0.3    35    99   199   284   175   294 0.58 NODE_5_length_264628_cov_361.652112_1 # 305 # 2878 # -1 # ID=5_1;partial=00;start_type=ATG;rbs_motif=GGAGG;rbs_spacer=3-4bp;gc_cont=0.514
NODE_5_length_264628_cov_361.652112:305-2878|-      -            858 874197at2            -            274   1.8e-05   22.1   0.2   2   2   0.00065       0.2    8.8   0.0    12    59   571   622   563   640 0.74 NODE_5_length_264628_cov_361.652112_1 # 305 # 2878 # -1 # ID=5_1;partial=00;start_type=ATG;rbs_motif=GGAGG;rbs_spacer=3-4bp;gc_cont=0.514
NODE_11_length_148513_cov_366.871952:56141-56878|+  -            246 874197at2            -            274   0.00031   18.0   0.1   1   1   1.8e-06   0.00057   17.2   0.1    32    99    96   175    62   193 0.70 NODE_11_length_148513_cov_366.871952_55 # 56141 # 56878 # 1 # ID=11_55;partial=00;start_type=ATG;rbs_motif=GGAG/GAGG;rbs_spacer=5-10bp;gc_cont=0.505
NODE_13_length_133063_cov_365.660310:64708-67062|-  -            785 874197at2            -            274   0.00053   17.3   0.0   1   1   6.3e-06    0.0019   15.4   0.0    10    70   323   385   319   506 0.82 NODE_13_length_133063_cov_365.660310_58 # 64708 # 67062 # -1 # ID=13_58;partial=00;start_type=ATG;rbs_motif=GGA/GAG/AGG;rbs_spacer=5-10bp;gc_cont=0.524
NODE_14_length_125752_cov_375.120501:79693-81024|-  -            444 874197at2            -            274    0.0007   16.9   1.3   1   4   4.3e-05     0.013   12.7   0.0    12    64    18    79     8   133 0.67 NODE_14_length_125752_cov_375.120501_79 # 79693 # 81024 # -1 # ID=14_79;partial=00;start_type=ATG;rbs_motif=AGGA;rbs_spacer=5-10bp;gc_cont=0.528
NODE_14_length_125752_cov_375.120501:79693-81024|-  -            444 874197at2            -            274    0.0007   16.9   1.3   2   4       2.6   8.1e+02   -3.0   0.0   206   242   155   191   154   203 0.76 NODE_14_length_125752_cov_375.120501_79 # 79693 # 81024 # -1 # ID=14_79;partial=00;start_type=ATG;rbs_motif=AGGA;rbs_spacer=5-10bp;gc_cont=0.528
NODE_14_length_125752_cov_375.120501:79693-81024|-  -            444 874197at2            -            274    0.0007   16.9   1.3   3   4     0.098        30    1.7   0.1    80    99   243   262   217   265 0.81 NODE_14_length_125752_cov_375.120501_79 # 79693 # 81024 # -1 # ID=14_79;partial=00;start_type=ATG;rbs_motif=AGGA;rbs_spacer=5-10bp;gc_cont=0.528
NODE_14_length_125752_cov_375.120501:79693-81024|-  -            444 874197at2            -            274    0.0007   16.9   1.3   4   4       6.2   1.9e+03   -4.2   0.0    96   116   400   420   398   424 0.74 NODE_14_length_125752_cov_375.120501_79 # 79693 # 81024 # -1 # ID=14_79;partial=00;start_type=ATG;rbs_motif=AGGA;rbs_spacer=5-10bp;gc_cont=0.528
NODE_18_length_88469_cov_374.126912:1577-3097|-     -            507 874197at2            -            274   0.00083   16.6   0.1   1   2   8.6e-06    0.0026   15.0   0.0     3    55   185   230   183   242 0.84 NODE_18_length_88469_cov_374.126912_3 # 1577 # 3097 # -1 # ID=18_3;partial=00;start_type=ATG;rbs_motif=AGGAGG;rbs_spacer=3-4bp;gc_cont=0.508
NODE_18_length_88469_cov_374.126912:1577-3097|-     -            507 874197at2            -            274   0.00083   16.6   0.1   2   2       2.4   7.3e+02   -2.9   0.0    84    98   292   306   290   333 0.76 NODE_18_length_88469_cov_374.126912_3 # 1577 # 3097 # -1 # ID=18_3;partial=00;start_type=ATG;rbs_motif=AGGAGG;rbs_spacer=3-4bp;gc_cont=0.508
NODE_13_length_133063_cov_365.660310:31927-33858|-  -            644 874197at2            -            274    0.0013   16.0   0.0   1   2   1.1e-05    0.0034   14.6   0.0     5    69    11    72     7    84 0.79 NODE_13_length_133063_cov_365.660310_28 # 31927 # 33858 # -1 # ID=13_28;partial=00;start_type=ATG;rbs_motif=GGA/GAG/AGG;rbs_spacer=5-10bp;gc_cont=0.577
NODE_13_length_133063_cov_365.660310:31927-33858|-  -            644 874197at2            -            274    0.0013   16.0   0.0   2   2         2   6.1e+02   -2.6   0.0    87   100   120   133    91   141 0.67 NODE_13_length_133063_cov_365.660310_28 # 31927 # 33858 # -1 # ID=13_28;partial=00;start_type=ATG;rbs_motif=GGA/GAG/AGG;rbs_spacer=5-10bp;gc_cont=0.577
NODE_4_length_268404_cov_369.672366:228387-230294|+ -            636 874197at2            -            274    0.0042   14.3   0.0   1   2    0.0058       1.8    5.7   0.0    28    61    22    55    18    59 0.85 NODE_4_length_268404_cov_369.672366_199 # 228387 # 230294 # 1 # ID=4_199;partial=00;start_type=ATG;rbs_motif=AGGA;rbs_spacer=5-10bp;gc_cont=0.524
NODE_4_length_268404_cov_369.672366:228387-230294|+ -            636 874197at2            -            274    0.0042   14.3   0.0   2   2    0.0044       1.3    6.1   0.0    36    60   346   370   332   385 0.82 NODE_4_length_268404_cov_369.672366_199 # 228387 # 230294 # 1 # ID=4_199;partial=00;start_type=ATG;rbs_motif=AGGA;rbs_spacer=5-10bp;gc_cont=0.524
NODE_1_length_414005_cov_357.756595:196635-198569|- -            645 874197at2            -            274      0.01   13.0   0.0   1   1   6.7e-05      0.02   12.1   0.0     6    56    73   124    69   137 0.82 NODE_1_length_414005_cov_357.756595_197 # 196635 # 198569 # -1 # ID=1_197;partial=00;start_type=ATG;rbs_motif=AGGA;rbs_spacer=5-10bp;gc_cont=0.502
NODE_11_length_148513_cov_366.871952:77761-79158|+  -            466 874197at2            -            274     0.011   12.9   0.0   1   1   7.3e-05     0.022   11.9   0.0    24    56   189   221   175   229 0.86 NODE_11_length_148513_cov_366.871952_70 # 77761 # 79158 # 1 # ID=11_70;partial=00;start_type=ATG;rbs_motif=GGAG/GAGG;rbs_spacer=5-10bp;gc_cont=0.403
NODE_13_length_133063_cov_365.660310:9354-10031|-   -            226 874197at2            -            274     0.014   12.7   0.0   1   1   7.5e-05     0.023   11.9   0.0    37   106    35   100    25   174 0.76 NODE_13_length_133063_cov_365.660310_8 # 9354 # 10031 # -1 # ID=13_8;partial=00;start_type=ATG;rbs_motif=GGA/GAG/AGG;rbs_spacer=5-10bp;gc_cont=0.456
#
# Program:         hmmsearch
# Version:         3.1b2 (February 2015)
# Pipeline mode:   SEARCH
# Query file:      /media/saurav/DATA/ubuntu/Learning/NGS/5-denovo/busco_downloads/lineages/bacteria_odb10/hmms/874197at2.hmm
# Target file:     5-qc/BUSCO/spades_ecoli_ass.out/prodigal_output/predicted_genes/predicted.faa
# Option settings: hmmsearch --domtblout 5-qc/BUSCO/spades_ecoli_ass.out/run_bacteria_odb10/hmmer_output/874197at2.out --cpu 1 /media/saurav/DATA/ubuntu/Learning/NGS/5-denovo/busco_downloads/lineages/bacteria_odb10/hmms/874197at2.hmm 5-qc/BUSCO/spades_ecoli_ass.out/prodigal_output/predicted_genes/predicted.faa 
# Current dir:     /media/saurav/DATA/ubuntu/Learning/NGS/5-denovo
# Date:            Sun Jul 28 18:58:48 2024
# [ok]
