#                                                                                                            --- full sequence --- -------------- this domain -------------   hmm coord   ali coord   env coord
# target name                                        accession   tlen query name           accession   qlen   E-value  score  bias   #  of  c-Evalue  i-Evalue  score  bias  from    to  from    to  from    to  acc description of target
#                                ------------------- ---------- ----- -------------------- ---------- ----- --------- ------ ----- --- --- --------- --------- ------ ----- ----- ----- ----- ----- ----- ----- ---- ---------------------
NODE_4_length_268404_cov_369.672366:31949-33970|+    -            674 95696at2             -            490  1.4e-232  770.8   7.7   1   3   2.9e-70   1.2e-67  226.7   0.1     1   123    35   157    35   166 0.97 NODE_4_length_268404_cov_369.672366_30 # 31949 # 33970 # 1 # ID=4_30;partial=00;start_type=ATG;rbs_motif=GGA/GAG/AGG;rbs_spacer=5-10bp;gc_cont=0.536
NODE_4_length_268404_cov_369.672366:31949-33970|+    -            674 95696at2             -            490  1.4e-232  770.8   7.7   2   3  2.7e-167  1.1e-164  546.7   0.8   114   477   167   590   161   601 0.89 NODE_4_length_268404_cov_369.672366_30 # 31949 # 33970 # 1 # ID=4_30;partial=00;start_type=ATG;rbs_motif=GGA/GAG/AGG;rbs_spacer=5-10bp;gc_cont=0.536
NODE_4_length_268404_cov_369.672366:31949-33970|+    -            674 95696at2             -            490  1.4e-232  770.8   7.7   3   3      0.14        60    0.1   0.1   462   490   633   662   625   662 0.83 NODE_4_length_268404_cov_369.672366_30 # 31949 # 33970 # 1 # ID=4_30;partial=00;start_type=ATG;rbs_motif=GGA/GAG/AGG;rbs_spacer=5-10bp;gc_cont=0.536
NODE_2_length_297149_cov_360.536388:220720-224214|+  -           1165 95696at2             -            490   2.5e-10   37.7   0.2   1   4     0.057        24    1.4   0.0     3    50    34    82    32   110 0.76 NODE_2_length_297149_cov_360.536388_222 # 220720 # 224214 # 1 # ID=2_222;partial=00;start_type=ATG;rbs_motif=None;rbs_spacer=None;gc_cont=0.546
NODE_2_length_297149_cov_360.536388:220720-224214|+  -           1165 95696at2             -            490   2.5e-10   37.7   0.2   2   4    0.0013      0.53    6.9   0.0   121   167   159   211   149   279 0.81 NODE_2_length_297149_cov_360.536388_222 # 220720 # 224214 # 1 # ID=2_222;partial=00;start_type=ATG;rbs_motif=None;rbs_spacer=None;gc_cont=0.546
NODE_2_length_297149_cov_360.536388:220720-224214|+  -           1165 95696at2             -            490   2.5e-10   37.7   0.2   3   4    0.0025         1    5.9   0.1   340   409   671   743   644   760 0.79 NODE_2_length_297149_cov_360.536388_222 # 220720 # 224214 # 1 # ID=2_222;partial=00;start_type=ATG;rbs_motif=None;rbs_spacer=None;gc_cont=0.546
NODE_2_length_297149_cov_360.536388:220720-224214|+  -           1165 95696at2             -            490   2.5e-10   37.7   0.2   4   4   6.4e-07   0.00027   17.8   0.1   346   439   839   926   835   954 0.79 NODE_2_length_297149_cov_360.536388_222 # 220720 # 224214 # 1 # ID=2_222;partial=00;start_type=ATG;rbs_motif=None;rbs_spacer=None;gc_cont=0.546
NODE_7_length_205025_cov_372.185906:12239-13573|-    -            445 95696at2             -            490   2.7e-09   34.3   0.0   1   2       2.6   1.1e+03   -4.1   0.0    27    47    80   100    76   113 0.52 NODE_7_length_205025_cov_372.185906_12 # 12239 # 13573 # -1 # ID=7_12;partial=00;start_type=ATG;rbs_motif=GGAG/GAGG;rbs_spacer=5-10bp;gc_cont=0.548
NODE_7_length_205025_cov_372.185906:12239-13573|-    -            445 95696at2             -            490   2.7e-09   34.3   0.0   2   2   1.3e-11   5.5e-09   33.2   0.0   335   435   247   342   205   356 0.86 NODE_7_length_205025_cov_372.185906_12 # 12239 # 13573 # -1 # ID=7_12;partial=00;start_type=ATG;rbs_motif=GGAG/GAGG;rbs_spacer=5-10bp;gc_cont=0.548
NODE_14_length_125752_cov_375.120501:83889-86087|-   -            733 95696at2             -            490   8.4e-08   29.3   0.1   1   2   9.2e-05     0.039   10.6   0.0     3    48   222   270   220   280 0.85 NODE_14_length_125752_cov_375.120501_83 # 83889 # 86087 # -1 # ID=14_83;partial=00;start_type=ATG;rbs_motif=AGGA;rbs_spacer=5-10bp;gc_cont=0.575
NODE_14_length_125752_cov_375.120501:83889-86087|-   -            733 95696at2             -            490   8.4e-08   29.3   0.1   2   2   1.5e-06   0.00063   16.5   0.0   379   441   525   596   508   602 0.74 NODE_14_length_125752_cov_375.120501_83 # 83889 # 86087 # -1 # ID=14_83;partial=00;start_type=ATG;rbs_motif=AGGA;rbs_spacer=5-10bp;gc_cont=0.575
NODE_4_length_268404_cov_369.672366:49295-50659|+    -            455 95696at2             -            490   8.9e-08   29.2   0.0   1   2      0.15        61    0.1   0.0    23    46    73    98    43   110 0.65 NODE_4_length_268404_cov_369.672366_48 # 49295 # 50659 # 1 # ID=4_48;partial=00;start_type=ATG;rbs_motif=GGAG/GAGG;rbs_spacer=5-10bp;gc_cont=0.567
NODE_4_length_268404_cov_369.672366:49295-50659|+    -            455 95696at2             -            490   8.9e-08   29.2   0.0   2   2   1.3e-09   5.5e-07   26.6   0.0   336   408   245   317   218   337 0.93 NODE_4_length_268404_cov_369.672366_48 # 49295 # 50659 # 1 # ID=4_48;partial=00;start_type=ATG;rbs_motif=GGAG/GAGG;rbs_spacer=5-10bp;gc_cont=0.567
NODE_9_length_178300_cov_367.450088:57790-59679|+    -            630 95696at2             -            490   4.6e-07   26.9   1.6   1   2     0.011       4.4    3.9   0.0     5    48    50    99    46   113 0.72 NODE_9_length_178300_cov_367.450088_54 # 57790 # 59679 # 1 # ID=9_54;partial=00;start_type=ATG;rbs_motif=AGGA/GGAG/GAGG;rbs_spacer=11-12bp;gc_cont=0.556
NODE_9_length_178300_cov_367.450088:57790-59679|+    -            630 95696at2             -            490   4.6e-07   26.9   1.6   2   2   4.4e-08   1.8e-05   21.6   0.7   339   444   248   350   241   371 0.81 NODE_9_length_178300_cov_367.450088_54 # 57790 # 59679 # 1 # ID=9_54;partial=00;start_type=ATG;rbs_motif=AGGA/GGAG/GAGG;rbs_spacer=11-12bp;gc_cont=0.556
NODE_18_length_88469_cov_374.126912:17493-18758|-    -            422 95696at2             -            490   7.2e-07   26.2   0.0   1   2      0.58   2.4e+02   -1.9   0.0    21    42    81   103    54   109 0.76 NODE_18_length_88469_cov_374.126912_17 # 17493 # 18758 # -1 # ID=18_17;partial=00;start_type=ATG;rbs_motif=None;rbs_spacer=None;gc_cont=0.525
NODE_18_length_88469_cov_374.126912:17493-18758|-    -            422 95696at2             -            490   7.2e-07   26.2   0.0   2   2   4.8e-09     2e-06   24.8   0.0   337   410   257   330   241   354 0.90 NODE_18_length_88469_cov_374.126912_17 # 17493 # 18758 # -1 # ID=18_17;partial=00;start_type=ATG;rbs_motif=None;rbs_spacer=None;gc_cont=0.525
NODE_15_length_117642_cov_362.489899:109279-111039|+ -            587 95696at2             -            490   1.3e-06   25.3   0.2   1   2   0.00052      0.22    8.2   0.0     6    44    32    70    27    77 0.88 NODE_15_length_117642_cov_362.489899_97 # 109279 # 111039 # 1 # ID=15_97;partial=00;start_type=ATG;rbs_motif=None;rbs_spacer=None;gc_cont=0.532
NODE_15_length_117642_cov_362.489899:109279-111039|+ -            587 95696at2             -            490   1.3e-06   25.3   0.2   2   2   4.1e-06    0.0017   15.1   0.0   328   412   244   326   233   344 0.82 NODE_15_length_117642_cov_362.489899_97 # 109279 # 111039 # 1 # ID=15_97;partial=00;start_type=ATG;rbs_motif=None;rbs_spacer=None;gc_cont=0.532
NODE_10_length_175988_cov_359.617568:114448-116529|- -            694 95696at2             -            490   2.6e-06   24.4   0.0   1   2    0.0079       3.3    4.3   0.0     3    48   294   342   292   350 0.76 NODE_10_length_175988_cov_359.617568_105 # 114448 # 116529 # -1 # ID=10_105;partial=00;start_type=ATG;rbs_motif=GGA/GAG/AGG;rbs_spacer=5-10bp;gc_cont=0.572
NODE_10_length_175988_cov_359.617568:114448-116529|- -            694 95696at2             -            490   2.6e-06   24.4   0.0   2   2     7e-07   0.00029   17.6   0.0   360   443   517   599   497   613 0.86 NODE_10_length_175988_cov_359.617568_105 # 114448 # 116529 # -1 # ID=10_105;partial=00;start_type=ATG;rbs_motif=GGA/GAG/AGG;rbs_spacer=5-10bp;gc_cont=0.572
NODE_33_length_35474_cov_381.243354:21757-23130|-    -            458 95696at2             -            490   6.1e-06   23.2   0.0   1   2    0.0012      0.48    7.0   0.0     5    49    47   100    43   105 0.70 NODE_33_length_35474_cov_381.243354_28 # 21757 # 23130 # -1 # ID=33_28;partial=00;start_type=GTG;rbs_motif=GGA/GAG/AGG;rbs_spacer=5-10bp;gc_cont=0.520
NODE_33_length_35474_cov_381.243354:21757-23130|-    -            458 95696at2             -            490   6.1e-06   23.2   0.0   2   2   8.4e-06    0.0035   14.1   0.0   339   412   244   317   233   355 0.85 NODE_33_length_35474_cov_381.243354_28 # 21757 # 23130 # -1 # ID=33_28;partial=00;start_type=GTG;rbs_motif=GGA/GAG/AGG;rbs_spacer=5-10bp;gc_cont=0.520
NODE_18_length_88469_cov_374.126912:58986-60821|+    -            612 95696at2             -            490      0.02   11.6   0.0   1   2       1.7   7.1e+02   -3.4   0.0   339   388    71   119    60   122 0.69 NODE_18_length_88469_cov_374.126912_55 # 58986 # 60821 # 1 # ID=18_55;partial=00;start_type=GTG;rbs_motif=GGA/GAG/AGG;rbs_spacer=5-10bp;gc_cont=0.551
NODE_18_length_88469_cov_374.126912:58986-60821|+    -            612 95696at2             -            490      0.02   11.6   0.0   2   2   0.00025       0.1    9.2   0.0   297   444   179   343   150   375 0.73 NODE_18_length_88469_cov_374.126912_55 # 58986 # 60821 # 1 # ID=18_55;partial=00;start_type=GTG;rbs_motif=GGA/GAG/AGG;rbs_spacer=5-10bp;gc_cont=0.551
#
# Program:         hmmsearch
# Version:         3.1b2 (February 2015)
# Pipeline mode:   SEARCH
# Query file:      /media/saurav/DATA/ubuntu/Learning/NGS/5-denovo/busco_downloads/lineages/bacteria_odb10/hmms/95696at2.hmm
# Target file:     5-qc/BUSCO/spades_ecoli_ass.out/prodigal_output/predicted_genes/predicted.faa
# Option settings: hmmsearch --domtblout 5-qc/BUSCO/spades_ecoli_ass.out/run_bacteria_odb10/hmmer_output/95696at2.out --cpu 1 /media/saurav/DATA/ubuntu/Learning/NGS/5-denovo/busco_downloads/lineages/bacteria_odb10/hmms/95696at2.hmm 5-qc/BUSCO/spades_ecoli_ass.out/prodigal_output/predicted_genes/predicted.faa 
# Current dir:     /media/saurav/DATA/ubuntu/Learning/NGS/5-denovo
# Date:            Sun Jul 28 18:58:49 2024
# [ok]
