#                                                                                                           --- full sequence --- -------------- this domain -------------   hmm coord   ali coord   env coord
# target name                                       accession   tlen query name           accession   qlen   E-value  score  bias   #  of  c-Evalue  i-Evalue  score  bias  from    to  from    to  from    to  acc description of target
#                               ------------------- ---------- ----- -------------------- ---------- ----- --------- ------ ----- --- --- --------- --------- ------ ----- ----- ----- ----- ----- ----- ----- ---- ---------------------
NODE_7_length_205025_cov_372.185906:23083-23988|+   -            302 984717at2            -            224   7.8e-69  229.6   7.1   1   1   4.9e-67   1.5e-64  215.6   7.1     1   221    10   291    10   297 0.78 NODE_7_length_205025_cov_372.185906_22 # 23083 # 23988 # 1 # ID=7_22;partial=00;start_type=ATG;rbs_motif=GGAG/GAGG;rbs_spacer=5-10bp;gc_cont=0.523
NODE_7_length_205025_cov_372.185906:89113-90585|+   -            491 984717at2            -            224   1.2e-31  108.0   0.0   1   2   1.8e-17   5.4e-15   53.5   0.0     1   105     4   124     4   143 0.78 NODE_7_length_205025_cov_372.185906_77 # 89113 # 90585 # 1 # ID=7_77;partial=00;start_type=ATG;rbs_motif=GGAG/GAGG;rbs_spacer=5-10bp;gc_cont=0.522
NODE_7_length_205025_cov_372.185906:89113-90585|+   -            491 984717at2            -            224   1.2e-31  108.0   0.0   2   2     5e-17   1.5e-14   52.0   0.2     2    88   205   300   204   337 0.71 NODE_7_length_205025_cov_372.185906_77 # 89113 # 90585 # 1 # ID=7_77;partial=00;start_type=ATG;rbs_motif=GGAG/GAGG;rbs_spacer=5-10bp;gc_cont=0.522
NODE_10_length_175988_cov_359.617568:53547-54911|-  -            455 984717at2            -            224     3e-13   47.8   0.0   1   1   1.6e-15   4.8e-13   47.2   0.0     2    84   219   307   218   347 0.87 NODE_10_length_175988_cov_359.617568_49 # 53547 # 54911 # -1 # ID=10_49;partial=00;start_type=ATG;rbs_motif=AGGA;rbs_spacer=5-10bp;gc_cont=0.563
NODE_3_length_284896_cov_367.374543:187311-188591|+ -            427 984717at2            -            224   7.9e-08   30.1   0.3   1   1   9.6e-10   2.9e-07   28.2   0.3     2   105   200   309   199   330 0.75 NODE_3_length_284896_cov_367.374543_168 # 187311 # 188591 # 1 # ID=3_168;partial=00;start_type=TTG;rbs_motif=GGAG/GAGG;rbs_spacer=5-10bp;gc_cont=0.539
NODE_31_length_40911_cov_365.866802:1656-2519|+     -            288 984717at2            -            224   9.9e-08   29.8   0.0   1   1   4.9e-10   1.5e-07   29.2   0.0     2   101    39   143    38   162 0.80 NODE_31_length_40911_cov_365.866802_3 # 1656 # 2519 # 1 # ID=31_3;partial=00;start_type=ATG;rbs_motif=AGGAG;rbs_spacer=5-10bp;gc_cont=0.568
NODE_5_length_264628_cov_361.652112:36415-37278|+   -            288 984717at2            -            224   3.2e-07   28.1   0.0   1   1   1.5e-09   4.6e-07   27.6   0.0     2    85    39   127    38   159 0.83 NODE_5_length_264628_cov_361.652112_37 # 36415 # 37278 # 1 # ID=5_37;partial=00;start_type=ATG;rbs_motif=AGGAG;rbs_spacer=5-10bp;gc_cont=0.541
NODE_16_length_112849_cov_374.626139:69752-72073|+  -            774 984717at2            -            224   7.6e-07   26.9   0.1   1   1   3.9e-09   1.2e-06   26.3   0.1     2    90     6   103     5   141 0.73 NODE_16_length_112849_cov_374.626139_71 # 69752 # 72073 # 1 # ID=16_71;partial=00;start_type=ATG;rbs_motif=None;rbs_spacer=None;gc_cont=0.547
NODE_9_length_178300_cov_367.450088:33896-35068|+   -            391 984717at2            -            224   5.5e-06   24.1   0.0   1   2   4.8e-06    0.0015   16.1   0.0     2    59   162   220   161   250 0.84 NODE_9_length_178300_cov_367.450088_35 # 33896 # 35068 # 1 # ID=9_35;partial=00;start_type=ATG;rbs_motif=GGAG/GAGG;rbs_spacer=5-10bp;gc_cont=0.532
NODE_9_length_178300_cov_367.450088:33896-35068|+   -            391 984717at2            -            224   5.5e-06   24.1   0.0   2   2    0.0064         2    5.9   0.0    77   119   261   303   250   312 0.77 NODE_9_length_178300_cov_367.450088_35 # 33896 # 35068 # 1 # ID=9_35;partial=00;start_type=ATG;rbs_motif=GGAG/GAGG;rbs_spacer=5-10bp;gc_cont=0.532
NODE_9_length_178300_cov_367.450088:49636-52308|+   -            891 984717at2            -            224   2.3e-05   22.0   0.1   1   3       5.6   1.7e+03   -3.7   0.4   159   199    83   123    81   127 0.84 NODE_9_length_178300_cov_367.450088_48 # 49636 # 52308 # 1 # ID=9_48;partial=00;start_type=ATG;rbs_motif=AGGA;rbs_spacer=5-10bp;gc_cont=0.534
NODE_9_length_178300_cov_367.450088:49636-52308|+   -            891 984717at2            -            224   2.3e-05   22.0   0.1   2   3       3.4     1e+03   -3.0   0.1   129   145   346   362   314   377 0.53 NODE_9_length_178300_cov_367.450088_48 # 49636 # 52308 # 1 # ID=9_48;partial=00;start_type=ATG;rbs_motif=AGGA;rbs_spacer=5-10bp;gc_cont=0.534
NODE_9_length_178300_cov_367.450088:49636-52308|+   -            891 984717at2            -            224   2.3e-05   22.0   0.1   3   3   7.6e-08   2.3e-05   22.0   0.1     2   105   394   504   393   524 0.79 NODE_9_length_178300_cov_367.450088_48 # 49636 # 52308 # 1 # ID=9_48;partial=00;start_type=ATG;rbs_motif=AGGA;rbs_spacer=5-10bp;gc_cont=0.534
NODE_3_length_284896_cov_367.374543:113821-116049|+ -            743 984717at2            -            224   3.7e-05   21.4   0.7   1   2     9e-05     0.027   12.0   0.2     2    33    72   103    71   110 0.86 NODE_3_length_284896_cov_367.374543_104 # 113821 # 116049 # 1 # ID=3_104;partial=00;start_type=ATG;rbs_motif=AGGA;rbs_spacer=5-10bp;gc_cont=0.515
NODE_3_length_284896_cov_367.374543:113821-116049|+ -            743 984717at2            -            224   3.7e-05   21.4   0.7   2   2    0.0041       1.2    6.6   0.0    40    91   224   276   220   323 0.63 NODE_3_length_284896_cov_367.374543_104 # 113821 # 116049 # 1 # ID=3_104;partial=00;start_type=ATG;rbs_motif=AGGA;rbs_spacer=5-10bp;gc_cont=0.515
NODE_14_length_125752_cov_375.120501:9410-10042|-   -            211 984717at2            -            224   9.8e-05   20.0   0.0   1   2   1.2e-06   0.00036   18.1   0.0     2    66    29    92    28   102 0.75 NODE_14_length_125752_cov_375.120501_9 # 9410 # 10042 # -1 # ID=14_9;partial=00;start_type=TTG;rbs_motif=GGAG/GAGG;rbs_spacer=5-10bp;gc_cont=0.518
NODE_14_length_125752_cov_375.120501:9410-10042|-   -            211 984717at2            -            224   9.8e-05   20.0   0.0   2   2      0.58   1.8e+02   -0.5   0.0    72    93   137   158   108   192 0.62 NODE_14_length_125752_cov_375.120501_9 # 9410 # 10042 # -1 # ID=14_9;partial=00;start_type=TTG;rbs_motif=GGAG/GAGG;rbs_spacer=5-10bp;gc_cont=0.518
NODE_2_length_297149_cov_360.536388:136920-138011|+ -            364 984717at2            -            224   0.00064   17.3   0.1   1   1   3.7e-06    0.0011   16.5   0.1     3    22     6    25     4    31 0.87 NODE_2_length_297149_cov_360.536388_133 # 136920 # 138011 # 1 # ID=2_133;partial=00;start_type=ATG;rbs_motif=GGA/GAG/AGG;rbs_spacer=11-12bp;gc_cont=0.510
NODE_7_length_205025_cov_372.185906:151012-151491|+ -            160 984717at2            -            224    0.0091   13.5   0.1   1   1   0.00028     0.086   10.4   0.1     2    81     4    73     3   118 0.65 NODE_7_length_205025_cov_372.185906_130 # 151012 # 151491 # 1 # ID=7_130;partial=00;start_type=ATG;rbs_motif=GGAG/GAGG;rbs_spacer=5-10bp;gc_cont=0.498
NODE_4_length_268404_cov_369.672366:228387-230294|+ -            636 984717at2            -            224     0.031   11.8   0.2   1   2     0.003      0.91    7.0   0.0     2    19    32    49    31    53 0.88 NODE_4_length_268404_cov_369.672366_199 # 228387 # 230294 # 1 # ID=4_199;partial=00;start_type=ATG;rbs_motif=AGGA;rbs_spacer=5-10bp;gc_cont=0.524
NODE_4_length_268404_cov_369.672366:228387-230294|+ -            636 984717at2            -            224     0.031   11.8   0.2   2   2     0.065        20    2.6   0.0     2    22   348   368   347   380 0.92 NODE_4_length_268404_cov_369.672366_199 # 228387 # 230294 # 1 # ID=4_199;partial=00;start_type=ATG;rbs_motif=AGGA;rbs_spacer=5-10bp;gc_cont=0.524
NODE_3_length_284896_cov_367.374543:177143-178195|- -            351 984717at2            -            224     0.033   11.7   0.7   1   2       0.2        62    1.0   0.1    80   105   141   166   114   199 0.64 NODE_3_length_284896_cov_367.374543_159 # 177143 # 178195 # -1 # ID=3_159;partial=00;start_type=TTG;rbs_motif=AGGAG;rbs_spacer=5-10bp;gc_cont=0.539
NODE_3_length_284896_cov_367.374543:177143-178195|- -            351 984717at2            -            224     0.033   11.7   0.7   2   2   0.00083      0.26    8.8   0.1     5    28   213   236   209   250 0.86 NODE_3_length_284896_cov_367.374543_159 # 177143 # 178195 # -1 # ID=3_159;partial=00;start_type=TTG;rbs_motif=AGGAG;rbs_spacer=5-10bp;gc_cont=0.539
#
# Program:         hmmsearch
# Version:         3.1b2 (February 2015)
# Pipeline mode:   SEARCH
# Query file:      /media/saurav/DATA/ubuntu/Learning/NGS/5-denovo/busco_downloads/lineages/bacteria_odb10/hmms/984717at2.hmm
# Target file:     5-qc/BUSCO/spades_ecoli_ass.out/prodigal_output/predicted_genes/predicted.faa
# Option settings: hmmsearch --domtblout 5-qc/BUSCO/spades_ecoli_ass.out/run_bacteria_odb10/hmmer_output/984717at2.out --cpu 1 /media/saurav/DATA/ubuntu/Learning/NGS/5-denovo/busco_downloads/lineages/bacteria_odb10/hmms/984717at2.hmm 5-qc/BUSCO/spades_ecoli_ass.out/prodigal_output/predicted_genes/predicted.faa 
# Current dir:     /media/saurav/DATA/ubuntu/Learning/NGS/5-denovo
# Date:            Sun Jul 28 18:58:49 2024
# [ok]
