#                                                                            --- full sequence --- -------------- this domain -------------   hmm coord   ali coord   env coord
# target name        accession   tlen query name           accession   qlen   E-value  score  bias   #  of  c-Evalue  i-Evalue  score  bias  from    to  from    to  from    to  acc description of target
#------------------- ---------- ----- -------------------- ---------- ----- --------- ------ ----- --- --- --------- --------- ------ ----- ----- ----- ----- ----- ----- ----- ---- ---------------------
3384:98040-99146|-   -            369 1054741at2           -            333  1.2e-138  459.6   0.0   1   1  1.9e-141  1.4e-138  459.4   0.0     3   331     5   363     3   365 0.94 3384_104 # 98040 # 99146 # -1 # ID=812_104;partial=00;start_type=ATG;rbs_motif=GGA/GAG/AGG;rbs_spacer=5-10bp;gc_cont=0.537
3387:109416-110993|- -            526 1054741at2           -            333   1.2e-06   25.7   0.1   1   2   3.6e-09   2.7e-06   24.6   0.1     4    37   228   262   226   278 0.87 3387_114 # 109416 # 110993 # -1 # ID=815_114;partial=00;start_type=ATG;rbs_motif=GGA/GAG/AGG;rbs_spacer=5-10bp;gc_cont=0.542
3387:109416-110993|- -            526 1054741at2           -            333   1.2e-06   25.7   0.1   2   2       1.5   1.1e+03   -3.8   0.0   158   174   374   390   370   392 0.82 3387_114 # 109416 # 110993 # -1 # ID=815_114;partial=00;start_type=ATG;rbs_motif=GGA/GAG/AGG;rbs_spacer=5-10bp;gc_cont=0.542
3393:9862-11160|-    -            433 1054741at2           -            333   7.9e-05   19.8   0.0   1   1   1.5e-07   0.00011   19.3   0.0     4    68    13    77    10    85 0.90 3393_14 # 9862 # 11160 # -1 # ID=821_14;partial=00;start_type=ATG;rbs_motif=None;rbs_spacer=None;gc_cont=0.580
3369:81774-83222|-   -            483 1054741at2           -            333    0.0022   15.0   0.1   1   2   1.6e-05     0.012   12.6   0.0     4    39   178   213   176   260 0.85 3369_76 # 81774 # 83222 # -1 # ID=797_76;partial=00;start_type=ATG;rbs_motif=None;rbs_spacer=None;gc_cont=0.522
3369:81774-83222|-   -            483 1054741at2           -            333    0.0022   15.0   0.1   2   2      0.21   1.6e+02   -0.9   0.0    30    66   247   283   232   287 0.86 3369_76 # 81774 # 83222 # -1 # ID=797_76;partial=00;start_type=ATG;rbs_motif=None;rbs_spacer=None;gc_cont=0.522
3369:59249-59944|+   -            232 1054741at2           -            333    0.0045   14.0   0.1   1   1   8.2e-06    0.0062   13.6   0.1     4    65     2    56     1    71 0.80 3369_54 # 59249 # 59944 # 1 # ID=797_54;partial=00;start_type=ATG;rbs_motif=AGGA;rbs_spacer=5-10bp;gc_cont=0.517
3379:36479-37453|+   -            325 1054741at2           -            333     0.019   11.9   0.2   1   1   3.8e-05     0.028   11.4   0.2     5    36   150   180   146   199 0.81 3379_35 # 36479 # 37453 # 1 # ID=807_35;partial=00;start_type=ATG;rbs_motif=GGAG/GAGG;rbs_spacer=5-10bp;gc_cont=0.554
#
# Program:         hmmsearch
# Version:         3.1b2 (February 2015)
# Pipeline mode:   SEARCH
# Query file:      /media/saurav/DATA/ubuntu/Learning/NGS/5-denovo/busco_downloads/lineages/bacteria_odb10/hmms/1054741at2.hmm
# Target file:     5-qc/BUSCO/abyss_ecoli_ass.out/prodigal_output/predicted_genes/predicted.faa
# Option settings: hmmsearch --domtblout 5-qc/BUSCO/abyss_ecoli_ass.out/run_bacteria_odb10/hmmer_output/1054741at2.out --cpu 1 /media/saurav/DATA/ubuntu/Learning/NGS/5-denovo/busco_downloads/lineages/bacteria_odb10/hmms/1054741at2.hmm 5-qc/BUSCO/abyss_ecoli_ass.out/prodigal_output/predicted_genes/predicted.faa 
# Current dir:     /media/saurav/DATA/ubuntu/Learning/NGS/5-denovo
# Date:            Sun Jul 28 18:56:43 2024
# [ok]
