#                                                                            --- full sequence --- -------------- this domain -------------   hmm coord   ali coord   env coord
# target name        accession   tlen query name           accession   qlen   E-value  score  bias   #  of  c-Evalue  i-Evalue  score  bias  from    to  from    to  from    to  acc description of target
#------------------- ---------- ----- -------------------- ---------- ----- --------- ------ ----- --- --- --------- --------- ------ ----- ----- ----- ----- ----- ----- ----- ---- ---------------------
3400:20334-21998|+   -            555 1074831at2           -            386   4.8e-90  300.4  38.4   1   4   9.3e-22   2.1e-19   67.9   0.3     1    55     1    58     1    74 0.86 3400_22 # 20334 # 21998 # 1 # ID=828_22;partial=00;start_type=ATG;rbs_motif=AGGA;rbs_spacer=5-10bp;gc_cont=0.519
3400:20334-21998|+   -            555 1074831at2           -            386   4.8e-90  300.4  38.4   2   4     5e-22   1.1e-19   68.8   5.5    64   187    90   240    79   258 0.78 3400_22 # 20334 # 21998 # 1 # ID=828_22;partial=00;start_type=ATG;rbs_motif=AGGA;rbs_spacer=5-10bp;gc_cont=0.519
3400:20334-21998|+   -            555 1074831at2           -            386   4.8e-90  300.4  38.4   3   4     3e-07   6.9e-05   20.1  10.0   163   267   262   386   242   399 0.76 3400_22 # 20334 # 21998 # 1 # ID=828_22;partial=00;start_type=ATG;rbs_motif=AGGA;rbs_spacer=5-10bp;gc_cont=0.519
3400:20334-21998|+   -            555 1074831at2           -            386   4.8e-90  300.4  38.4   4   4     3e-45   6.9e-43  145.2   3.0   266   386   408   553   401   553 0.84 3400_22 # 20334 # 21998 # 1 # ID=828_22;partial=00;start_type=ATG;rbs_motif=AGGA;rbs_spacer=5-10bp;gc_cont=0.519
3398:60245-61318|+   -            358 1074831at2           -            386   1.7e-05   22.1   0.0   1   1   1.5e-07   3.4e-05   21.1   0.0     2    51     3    54     2    71 0.86 3398_55 # 60245 # 61318 # 1 # ID=826_55;partial=00;start_type=ATG;rbs_motif=GGA/GAG/AGG;rbs_spacer=5-10bp;gc_cont=0.550
3395:21930-24752|+   -            941 1074831at2           -            386   3.8e-05   21.0   0.8   1   4      0.18        41    1.1   0.0    21    36    25    40    10    60 0.76 3395_21 # 21930 # 24752 # 1 # ID=823_21;partial=00;start_type=ATG;rbs_motif=GGA/GAG/AGG;rbs_spacer=5-10bp;gc_cont=0.561
3395:21930-24752|+   -            941 1074831at2           -            386   3.8e-05   21.0   0.8   2   4     0.003      0.69    6.9   0.1   245   306   447   503   438   560 0.77 3395_21 # 21930 # 24752 # 1 # ID=823_21;partial=00;start_type=ATG;rbs_motif=GGA/GAG/AGG;rbs_spacer=5-10bp;gc_cont=0.561
3395:21930-24752|+   -            941 1074831at2           -            386   3.8e-05   21.0   0.8   3   4     0.013         3    4.9   0.1    22    38   635   651   625   665 0.82 3395_21 # 21930 # 24752 # 1 # ID=823_21;partial=00;start_type=ATG;rbs_motif=GGA/GAG/AGG;rbs_spacer=5-10bp;gc_cont=0.561
3395:21930-24752|+   -            941 1074831at2           -            386   3.8e-05   21.0   0.8   4   4     0.072        16    2.4   0.0   285   320   825   863   819   900 0.73 3395_21 # 21930 # 24752 # 1 # ID=823_21;partial=00;start_type=ATG;rbs_motif=GGA/GAG/AGG;rbs_spacer=5-10bp;gc_cont=0.561
3404:105831-107420|+ -            530 1074831at2           -            386   5.7e-05   20.4   2.8   1   4     0.063        14    2.6   0.1    24    37    39    52    20    61 0.72 3404_97 # 105831 # 107420 # 1 # ID=832_97;partial=00;start_type=ATG;rbs_motif=AGxAGG/AGGxGG;rbs_spacer=5-10bp;gc_cont=0.514
3404:105831-107420|+ -            530 1074831at2           -            386   5.7e-05   20.4   2.8   2   4   2.7e-05    0.0061   13.7   0.1   281   352   148   226    83   239 0.72 3404_97 # 105831 # 107420 # 1 # ID=832_97;partial=00;start_type=ATG;rbs_motif=AGxAGG/AGGxGG;rbs_spacer=5-10bp;gc_cont=0.514
3404:105831-107420|+ -            530 1074831at2           -            386   5.7e-05   20.4   2.8   3   4      0.52   1.2e+02   -0.4   0.1    25    36   317   328   297   341 0.79 3404_97 # 105831 # 107420 # 1 # ID=832_97;partial=00;start_type=ATG;rbs_motif=AGxAGG/AGGxGG;rbs_spacer=5-10bp;gc_cont=0.514
3404:105831-107420|+ -            530 1074831at2           -            386   5.7e-05   20.4   2.8   4   4      0.25        57    0.6   0.0   290   317   426   453   416   497 0.84 3404_97 # 105831 # 107420 # 1 # ID=832_97;partial=00;start_type=ATG;rbs_motif=AGxAGG/AGGxGG;rbs_spacer=5-10bp;gc_cont=0.514
3399:145490-147211|- -            574 1074831at2           -            386    0.0001   19.6   0.1   1   3      0.48   1.1e+02   -0.3   0.0   202   263   192   252   186   271 0.65 3399_137 # 145490 # 147211 # -1 # ID=827_137;partial=00;start_type=ATG;rbs_motif=AGGAG;rbs_spacer=5-10bp;gc_cont=0.537
3399:145490-147211|- -            574 1074831at2           -            386    0.0001   19.6   0.1   2   3     0.049        11    3.0   0.0    24    44   370   390   360   419 0.76 3399_137 # 145490 # 147211 # -1 # ID=827_137;partial=00;start_type=ATG;rbs_motif=AGGAG;rbs_spacer=5-10bp;gc_cont=0.537
3399:145490-147211|- -            574 1074831at2           -            386    0.0001   19.6   0.1   3   3   6.9e-05     0.016   12.4   0.0   289   341   474   531   465   534 0.79 3399_137 # 145490 # 147211 # -1 # ID=827_137;partial=00;start_type=ATG;rbs_motif=AGGAG;rbs_spacer=5-10bp;gc_cont=0.537
3369:4505-5191|-     -            229 1074831at2           -            386   0.00015   19.0   0.5   1   2     0.013       2.9    4.9   0.3    24    40    40    56    29    73 0.82 3369_3 # 4505 # 5191 # -1 # ID=797_3;partial=00;start_type=ATG;rbs_motif=AGGA;rbs_spacer=5-10bp;gc_cont=0.565
3369:4505-5191|-     -            229 1074831at2           -            386   0.00015   19.0   0.5   2   2   9.7e-05     0.022   11.9   0.0   280   355   137   219   129   228 0.78 3369_3 # 4505 # 5191 # -1 # ID=797_3;partial=00;start_type=ATG;rbs_motif=AGGA;rbs_spacer=5-10bp;gc_cont=0.565
3399:121100-121828|- -            243 1074831at2           -            386   0.00018   18.8   0.3   1   2    0.0067       1.5    5.8   0.0    24    44    32    52    27    69 0.87 3399_116 # 121100 # 121828 # -1 # ID=827_116;partial=00;start_type=ATG;rbs_motif=GGA/GAG/AGG;rbs_spacer=5-10bp;gc_cont=0.527
3399:121100-121828|- -            243 1074831at2           -            386   0.00018   18.8   0.3   2   2   0.00017     0.039   11.0   0.1   290   352   142   210   133   221 0.77 3399_116 # 121100 # 121828 # -1 # ID=827_116;partial=00;start_type=ATG;rbs_motif=GGA/GAG/AGG;rbs_spacer=5-10bp;gc_cont=0.527
3376:26369-27124|-   -            252 1074831at2           -            386    0.0003   18.0   0.3   1   2     0.097        22    2.0   0.1    24    38    34    48    19    59 0.79 3376_28 # 26369 # 27124 # -1 # ID=804_28;partial=00;start_type=ATG;rbs_motif=None;rbs_spacer=None;gc_cont=0.492
3376:26369-27124|-   -            252 1074831at2           -            386    0.0003   18.0   0.3   2   2   2.1e-05    0.0048   14.1   0.0   285   351   116   190   104   197 0.75 3376_28 # 26369 # 27124 # -1 # ID=804_28;partial=00;start_type=ATG;rbs_motif=None;rbs_spacer=None;gc_cont=0.492
3388:34934-35914|+   -            327 1074831at2           -            386   0.00044   17.5   0.0   1   1   3.1e-06   0.00069   16.8   0.0    16    54   116   154   110   180 0.80 3388_31 # 34934 # 35914 # 1 # ID=816_31;partial=00;start_type=ATG;rbs_motif=GGAG/GAGG;rbs_spacer=5-10bp;gc_cont=0.555
3369:8328-9005|-     -            226 1074831at2           -            386   0.00069   16.8   0.0   1   2    0.0049       1.1    6.3   0.0    21    43    34    56    19    83 0.85 3369_8 # 8328 # 9005 # -1 # ID=797_8;partial=00;start_type=ATG;rbs_motif=GGA/GAG/AGG;rbs_spacer=5-10bp;gc_cont=0.456
3369:8328-9005|-     -            226 1074831at2           -            386   0.00069   16.8   0.0   2   2   0.00083      0.19    8.8   0.0   290   349   138   204   127   222 0.72 3369_8 # 8328 # 9005 # -1 # ID=797_8;partial=00;start_type=ATG;rbs_motif=GGA/GAG/AGG;rbs_spacer=5-10bp;gc_cont=0.456
3373:33114-33506|+   -            131 1074831at2           -            386    0.0012   16.0   0.3   1   1   8.2e-06    0.0018   15.4   0.3   290   355    17    89     4    98 0.71 3373_36 # 33114 # 33506 # 1 # ID=801_36;partial=00;start_type=GTG;rbs_motif=None;rbs_spacer=None;gc_cont=0.575
3358:6978-8663|-     -            562 1074831at2           -            386    0.0012   16.0   0.1   1   3       2.6   5.9e+02   -2.7   0.1    99   100   239   240   211   277 0.44 3358_5 # 6978 # 8663 # -1 # ID=792_5;partial=00;start_type=ATG;rbs_motif=None;rbs_spacer=None;gc_cont=0.437
3358:6978-8663|-     -            562 1074831at2           -            386    0.0012   16.0   0.1   2   3       0.1        23    1.9   0.0    25    43   398   416   381   419 0.89 3358_5 # 6978 # 8663 # -1 # ID=792_5;partial=00;start_type=ATG;rbs_motif=None;rbs_spacer=None;gc_cont=0.437
3358:6978-8663|-     -            562 1074831at2           -            386    0.0012   16.0   0.1   3   3   0.00018     0.041   11.0   0.0   285   355   482   557   471   560 0.80 3358_5 # 6978 # 8663 # -1 # ID=792_5;partial=00;start_type=ATG;rbs_motif=None;rbs_spacer=None;gc_cont=0.437
3390:90294-91307|-   -            338 1074831at2           -            386    0.0022   15.1   0.4   1   2    0.0045         1    6.4   0.0    25   120    54   154    39   168 0.73 3390_89 # 90294 # 91307 # -1 # ID=818_89;partial=00;start_type=ATG;rbs_motif=AGGAG;rbs_spacer=5-10bp;gc_cont=0.520
3390:90294-91307|-   -            338 1074831at2           -            386    0.0022   15.1   0.4   2   2    0.0019      0.43    7.6   0.1   283   352   162   239   155   250 0.70 3390_89 # 90294 # 91307 # -1 # ID=818_89;partial=00;start_type=ATG;rbs_motif=AGGAG;rbs_spacer=5-10bp;gc_cont=0.520
3379:55434-56192|+   -            253 1074831at2           -            386    0.0026   14.9   0.1   1   2     0.009         2    5.4   0.0    24    62    42    80    24    95 0.79 3379_54 # 55434 # 56192 # 1 # ID=807_54;partial=00;start_type=ATG;rbs_motif=GGAG/GAGG;rbs_spacer=5-10bp;gc_cont=0.470
3379:55434-56192|+   -            253 1074831at2           -            386    0.0026   14.9   0.1   2   2    0.0018      0.41    7.7   0.1   286   343   144   207   128   228 0.76 3379_54 # 55434 # 56192 # 1 # ID=807_54;partial=00;start_type=ATG;rbs_motif=GGAG/GAGG;rbs_spacer=5-10bp;gc_cont=0.470
3399:138363-140309|+ -            649 1074831at2           -            386     0.003   14.7   2.1   1   2     0.057        13    2.7   0.5    22    59    36    73    23   132 0.75 3399_131 # 138363 # 140309 # 1 # ID=827_131;partial=00;start_type=ATG;rbs_motif=AGGAG;rbs_spacer=5-10bp;gc_cont=0.539
3399:138363-140309|+ -            649 1074831at2           -            386     0.003   14.7   2.1   2   2   1.3e-05     0.003   14.7   2.1   290   356   145   217   136   224 0.74 3399_131 # 138363 # 140309 # 1 # ID=827_131;partial=00;start_type=ATG;rbs_motif=AGGAG;rbs_spacer=5-10bp;gc_cont=0.539
3391:46265-47767|-   -            501 1074831at2           -            386    0.0053   13.9   0.0   1   2   0.00013     0.029   11.5   0.0    23    44    38    59    26    71 0.86 3391_41 # 46265 # 47767 # -1 # ID=819_41;partial=00;start_type=ATG;rbs_motif=GGxGG;rbs_spacer=5-10bp;gc_cont=0.556
3391:46265-47767|-   -            501 1074831at2           -            386    0.0053   13.9   0.0   2   2      0.63   1.4e+02   -0.7   0.0   289   328   402   441   395   447 0.81 3391_41 # 46265 # 47767 # -1 # ID=819_41;partial=00;start_type=ATG;rbs_motif=GGxGG;rbs_spacer=5-10bp;gc_cont=0.556
3250:7955-8635|+     -            227 1074831at2           -            386    0.0075   13.4   0.0   1   2     0.013         3    4.9   0.0    23    41    37    55    26    59 0.86 3250_11 # 7955 # 8635 # 1 # ID=758_11;partial=00;start_type=ATG;rbs_motif=GGAG/GAGG;rbs_spacer=5-10bp;gc_cont=0.602
3250:7955-8635|+     -            227 1074831at2           -            386    0.0075   13.4   0.0   2   2    0.0039      0.88    6.6   0.0   281   332   140   192   110   195 0.77 3250_11 # 7955 # 8635 # 1 # ID=758_11;partial=00;start_type=ATG;rbs_motif=GGAG/GAGG;rbs_spacer=5-10bp;gc_cont=0.602
3373:17814-18482|-   -            223 1074831at2           -            386     0.015   12.5   0.0   1   2   0.00055      0.12    9.4   0.0    22    38    30    46    22    83 0.91 3373_19 # 17814 # 18482 # -1 # ID=801_19;partial=00;start_type=ATG;rbs_motif=GGAG/GAGG;rbs_spacer=5-10bp;gc_cont=0.565
3373:17814-18482|-   -            223 1074831at2           -            386     0.015   12.5   0.0   2   2      0.23        51    0.8   0.0   290   315   138   163   129   167 0.82 3373_19 # 17814 # 18482 # -1 # ID=801_19;partial=00;start_type=ATG;rbs_motif=GGAG/GAGG;rbs_spacer=5-10bp;gc_cont=0.565
3399:134489-136147|+ -            553 1074831at2           -            386     0.018   12.2   0.0   1   1   0.00016     0.037   11.1   0.0     2    46     3    48     2    58 0.87 3399_128 # 134489 # 136147 # 1 # ID=827_128;partial=00;start_type=ATG;rbs_motif=GGAGG;rbs_spacer=3-4bp;gc_cont=0.531
3399:14734-15792|+   -            353 1074831at2           -            386     0.089    9.9   1.3   1   3   0.00077      0.17    8.9   0.1    13    43    17    47    12    62 0.84 3399_16 # 14734 # 15792 # 1 # ID=827_16;partial=00;start_type=ATG;rbs_motif=GGxGG;rbs_spacer=5-10bp;gc_cont=0.535
3399:14734-15792|+   -            353 1074831at2           -            386     0.089    9.9   1.3   2   3       1.4   3.1e+02   -1.8   0.0   289   315   128   154   122   154 0.79 3399_16 # 14734 # 15792 # 1 # ID=827_16;partial=00;start_type=ATG;rbs_motif=GGxGG;rbs_spacer=5-10bp;gc_cont=0.535
3399:14734-15792|+   -            353 1074831at2           -            386     0.089    9.9   1.3   3   3       4.1   9.4e+02   -3.4   0.0   347   360   252   265   237   288 0.68 3399_16 # 14734 # 15792 # 1 # ID=827_16;partial=00;start_type=ATG;rbs_motif=GGxGG;rbs_spacer=5-10bp;gc_cont=0.535
#
# Program:         hmmsearch
# Version:         3.1b2 (February 2015)
# Pipeline mode:   SEARCH
# Query file:      /media/saurav/DATA/ubuntu/Learning/NGS/5-denovo/busco_downloads/lineages/bacteria_odb10/hmms/1074831at2.hmm
# Target file:     5-qc/BUSCO/abyss_ecoli_ass.out/prodigal_output/predicted_genes/predicted.faa
# Option settings: hmmsearch --domtblout 5-qc/BUSCO/abyss_ecoli_ass.out/run_bacteria_odb10/hmmer_output/1074831at2.out --cpu 1 /media/saurav/DATA/ubuntu/Learning/NGS/5-denovo/busco_downloads/lineages/bacteria_odb10/hmms/1074831at2.hmm 5-qc/BUSCO/abyss_ecoli_ass.out/prodigal_output/predicted_genes/predicted.faa 
# Current dir:     /media/saurav/DATA/ubuntu/Learning/NGS/5-denovo
# Date:            Sun Jul 28 18:56:43 2024
# [ok]
