#                                                                            --- full sequence --- -------------- this domain -------------   hmm coord   ali coord   env coord
# target name        accession   tlen query name           accession   qlen   E-value  score  bias   #  of  c-Evalue  i-Evalue  score  bias  from    to  from    to  from    to  acc description of target
#------------------- ---------- ----- -------------------- ---------- ----- --------- ------ ----- --- --- --------- --------- ------ ----- ----- ----- ----- ----- ----- ----- ---- ---------------------
3377:105759-107582|- -            608 143460at2            -            439  4.9e-170  564.0   0.6   1   2   2.9e-87     1e-84  282.8   0.4     1   191     5   240     5   260 0.89 3377_102 # 105759 # 107582 # -1 # ID=805_102;partial=00;start_type=GTG;rbs_motif=GGAG/GAGG;rbs_spacer=5-10bp;gc_cont=0.535
3377:105759-107582|- -            608 143460at2            -            439  4.9e-170  564.0   0.6   2   2   6.9e-85   2.4e-82  275.0   0.0   191   439   265   590   249   590 0.87 3377_102 # 105759 # 107582 # -1 # ID=805_102;partial=00;start_type=GTG;rbs_motif=GGAG/GAGG;rbs_spacer=5-10bp;gc_cont=0.535
3406:51288-53087|-   -            600 143460at2            -            439   1.3e-36  124.3   0.2   1   2   2.2e-38   7.6e-36  121.8   0.0     1   193     4   228     4   237 0.81 3406_48 # 51288 # 53087 # -1 # ID=834_48;partial=00;start_type=ATG;rbs_motif=None;rbs_spacer=None;gc_cont=0.537
3406:51288-53087|-   -            600 143460at2            -            439   1.3e-36  124.3   0.2   2   2      0.23        79   -0.2   0.0   268   301   344   378   336   389 0.78 3406_48 # 51288 # 53087 # -1 # ID=834_48;partial=00;start_type=ATG;rbs_motif=None;rbs_spacer=None;gc_cont=0.537
3397:109899-112013|+ -            705 143460at2            -            439   7.2e-35  118.5   1.4   1   3     7e-26   2.5e-23   80.5   0.1     2   122    11   156    10   190 0.83 3397_100 # 109899 # 112013 # 1 # ID=825_100;partial=00;start_type=ATG;rbs_motif=GGAG/GAGG;rbs_spacer=5-10bp;gc_cont=0.508
3397:109899-112013|+ -            705 143460at2            -            439   7.2e-35  118.5   1.4   2   3   2.2e-08   7.8e-06   22.9   0.0   178   308   364   503   272   514 0.71 3397_100 # 109899 # 112013 # 1 # ID=825_100;partial=00;start_type=ATG;rbs_motif=GGAG/GAGG;rbs_spacer=5-10bp;gc_cont=0.508
3397:109899-112013|+ -            705 143460at2            -            439   7.2e-35  118.5   1.4   3   3    0.0022      0.77    6.4   0.0   294   345   618   678   601   683 0.79 3397_100 # 109899 # 112013 # 1 # ID=825_100;partial=00;start_type=ATG;rbs_motif=GGAG/GAGG;rbs_spacer=5-10bp;gc_cont=0.508
3390:111314-112477|+ -            388 143460at2            -            439   5.2e-19   66.3   0.7   1   2   6.5e-20   2.3e-17   60.9   0.1     3   123    14   151    12   175 0.70 3390_111 # 111314 # 112477 # 1 # ID=818_111;partial=01;start_type=ATG;rbs_motif=GGAG/GAGG;rbs_spacer=5-10bp;gc_cont=0.535
3390:111314-112477|+ -            388 143460at2            -            439   5.2e-19   66.3   0.7   2   2     0.012       4.3    3.9   0.0   169   195   224   250   202   259 0.85 3390_111 # 111314 # 112477 # 1 # ID=818_111;partial=01;start_type=ATG;rbs_motif=GGAG/GAGG;rbs_spacer=5-10bp;gc_cont=0.535
3397:112084-113247|+ -            388 143460at2            -            439   5.2e-19   66.3   0.7   1   2   6.5e-20   2.3e-17   60.9   0.1     3   123    14   151    12   175 0.70 3397_101 # 112084 # 113247 # 1 # ID=825_101;partial=01;start_type=GTG;rbs_motif=AGGA;rbs_spacer=5-10bp;gc_cont=0.535
3397:112084-113247|+ -            388 143460at2            -            439   5.2e-19   66.3   0.7   2   2     0.012       4.3    3.9   0.0   169   195   224   250   202   259 0.85 3397_101 # 112084 # 113247 # 1 # ID=825_101;partial=01;start_type=GTG;rbs_motif=AGGA;rbs_spacer=5-10bp;gc_cont=0.535
3293:30739-31908|-   -            390 143460at2            -            439   5.3e-19   66.3   0.7   1   2   6.6e-20   2.3e-17   60.9   0.1     3   123     9   146     7   170 0.70 3293_29 # 30739 # 31908 # -1 # ID=773_29;partial=01;start_type=Edge;rbs_motif=None;rbs_spacer=None;gc_cont=0.534
3293:30739-31908|-   -            390 143460at2            -            439   5.3e-19   66.3   0.7   2   2     0.013       4.4    3.9   0.0   169   195   219   245   197   254 0.85 3293_29 # 30739 # 31908 # -1 # ID=773_29;partial=01;start_type=Edge;rbs_motif=None;rbs_spacer=None;gc_cont=0.534
3408:45968-47137|-   -            390 143460at2            -            439   5.3e-19   66.3   0.7   1   2   6.6e-20   2.3e-17   60.9   0.1     3   123     9   146     7   170 0.70 3408_62 # 45968 # 47137 # -1 # ID=836_62;partial=01;start_type=Edge;rbs_motif=None;rbs_spacer=None;gc_cont=0.535
3408:45968-47137|-   -            390 143460at2            -            439   5.3e-19   66.3   0.7   2   2     0.013       4.4    3.9   0.0   169   195   219   245   197   254 0.85 3408_62 # 45968 # 47137 # -1 # ID=836_62;partial=01;start_type=Edge;rbs_motif=None;rbs_spacer=None;gc_cont=0.535
3383:65594-68266|-   -            891 143460at2            -            439     8e-18   62.4   0.5   1   1   5.6e-20   1.9e-17   61.1   0.5     4   120   394   513   392   597 0.79 3383_64 # 65594 # 68266 # -1 # ID=811_64;partial=00;start_type=ATG;rbs_motif=AGGA;rbs_spacer=5-10bp;gc_cont=0.535
3405:46278-47432|-   -            385 143460at2            -            439   2.6e-17   60.7   0.2   1   2   2.5e-19   8.9e-17   58.9   0.0     2   115    14   149    13   166 0.74 3405_45 # 46278 # 47432 # -1 # ID=833_45;partial=00;start_type=ATG;rbs_motif=AGxAG;rbs_spacer=5-10bp;gc_cont=0.547
3405:46278-47432|-   -            385 143460at2            -            439   2.6e-17   60.7   0.2   2   2      0.59   2.1e+02   -1.6   0.0   168   200   311   341   287   350 0.74 3405_45 # 46278 # 47432 # -1 # ID=833_45;partial=00;start_type=ATG;rbs_motif=AGxAG;rbs_spacer=5-10bp;gc_cont=0.547
3328:55468-56895|-   -            476 143460at2            -            439   1.3e-10   38.6   0.2   1   3      0.05        17    1.9   0.1     9    32    35    59    31    71 0.76 3328_60 # 55468 # 56895 # -1 # ID=781_60;partial=00;start_type=ATG;rbs_motif=GGA/GAG/AGG;rbs_spacer=11-12bp;gc_cont=0.547
3328:55468-56895|-   -            476 143460at2            -            439   1.3e-10   38.6   0.2   2   3   2.2e-10   7.7e-08   29.5   0.0    30   112    80   172    70   186 0.79 3328_60 # 55468 # 56895 # -1 # ID=781_60;partial=00;start_type=ATG;rbs_motif=GGA/GAG/AGG;rbs_spacer=11-12bp;gc_cont=0.547
3328:55468-56895|-   -            476 143460at2            -            439   1.3e-10   38.6   0.2   3   3     0.018       6.1    3.4   0.0   139   221   227   314   211   322 0.59 3328_60 # 55468 # 56895 # -1 # ID=781_60;partial=00;start_type=ATG;rbs_motif=GGA/GAG/AGG;rbs_spacer=11-12bp;gc_cont=0.547
3403:136790-138634|- -            615 143460at2            -            439   2.5e-08   31.1   0.0   1   1   9.7e-11   3.4e-08   30.7   0.0     4   126     3   130     1   213 0.79 3403_123 # 136790 # 138634 # -1 # ID=831_123;partial=00;start_type=ATG;rbs_motif=AGGA/GGAG/GAGG;rbs_spacer=11-12bp;gc_cont=0.564
3387:114342-115808|- -            489 143460at2            -            439   0.00011   19.1   0.1   1   3    0.0084       2.9    4.5   0.0    72   112    79   122     4   158 0.75 3387_118 # 114342 # 115808 # -1 # ID=815_118;partial=00;start_type=ATG;rbs_motif=GGAG/GAGG;rbs_spacer=5-10bp;gc_cont=0.524
3387:114342-115808|- -            489 143460at2            -            439   0.00011   19.1   0.1   2   3       2.5   8.7e+02   -3.7   0.0     4    25   205   226   204   248 0.84 3387_118 # 114342 # 115808 # -1 # ID=815_118;partial=00;start_type=ATG;rbs_motif=GGAG/GAGG;rbs_spacer=5-10bp;gc_cont=0.524
3387:114342-115808|- -            489 143460at2            -            439   0.00011   19.1   0.1   3   3   3.5e-05     0.012   12.4   0.1    73   152   283   373   251   434 0.68 3387_118 # 114342 # 115808 # -1 # ID=815_118;partial=00;start_type=ATG;rbs_motif=GGAG/GAGG;rbs_spacer=5-10bp;gc_cont=0.524
3406:48444-49349|-   -            302 143460at2            -            439   0.00027   17.8   0.1   1   1   1.1e-06   0.00039   17.3   0.1     4   147    11   165     9   184 0.70 3406_45 # 48444 # 49349 # -1 # ID=834_45;partial=00;start_type=ATG;rbs_motif=GGAG/GAGG;rbs_spacer=5-10bp;gc_cont=0.524
#
# Program:         hmmsearch
# Version:         3.1b2 (February 2015)
# Pipeline mode:   SEARCH
# Query file:      /media/saurav/DATA/ubuntu/Learning/NGS/5-denovo/busco_downloads/lineages/bacteria_odb10/hmms/143460at2.hmm
# Target file:     5-qc/BUSCO/abyss_ecoli_ass.out/prodigal_output/predicted_genes/predicted.faa
# Option settings: hmmsearch --domtblout 5-qc/BUSCO/abyss_ecoli_ass.out/run_bacteria_odb10/hmmer_output/143460at2.out --cpu 1 /media/saurav/DATA/ubuntu/Learning/NGS/5-denovo/busco_downloads/lineages/bacteria_odb10/hmms/143460at2.hmm 5-qc/BUSCO/abyss_ecoli_ass.out/prodigal_output/predicted_genes/predicted.faa 
# Current dir:     /media/saurav/DATA/ubuntu/Learning/NGS/5-denovo
# Date:            Sun Jul 28 18:56:44 2024
# [ok]
