#                                                                            --- full sequence --- -------------- this domain -------------   hmm coord   ali coord   env coord
# target name        accession   tlen query name           accession   qlen   E-value  score  bias   #  of  c-Evalue  i-Evalue  score  bias  from    to  from    to  from    to  acc description of target
#------------------- ---------- ----- -------------------- ---------- ----- --------- ------ ----- --- --- --------- --------- ------ ----- ----- ----- ----- ----- ----- ----- ---- ---------------------
3398:119274-119897|- -            208 1502854at2           -            192   8.4e-85  281.2   0.1   1   1   1.2e-86   9.9e-85  281.0   0.1     4   190     2   189     1   193 0.98 3398_108 # 119274 # 119897 # -1 # ID=826_108;partial=00;start_type=ATG;rbs_motif=None;rbs_spacer=None;gc_cont=0.490
3250:9768-10325|+    -            186 1502854at2           -            192   1.7e-18   64.9   0.0   1   1   2.4e-20     2e-18   64.7   0.0     5   189     2   180     1   183 0.83 3250_13 # 9768 # 10325 # 1 # ID=758_13;partial=00;start_type=ATG;rbs_motif=GGA/GAG/AGG;rbs_spacer=5-10bp;gc_cont=0.602
3387:114342-115808|- -            489 1502854at2           -            192   4.2e-06   24.5   0.2   1   3     0.027       2.3    5.8   0.0     8    55     4    53     1    73 0.81 3387_118 # 114342 # 115808 # -1 # ID=815_118;partial=00;start_type=ATG;rbs_motif=GGAG/GAGG;rbs_spacer=5-10bp;gc_cont=0.524
3387:114342-115808|- -            489 1502854at2           -            192   4.2e-06   24.5   0.2   2   3     3e-05    0.0025   15.4   0.0    11    81   207   279   203   304 0.84 3387_118 # 114342 # 115808 # -1 # ID=815_118;partial=00;start_type=ATG;rbs_motif=GGAG/GAGG;rbs_spacer=5-10bp;gc_cont=0.524
3387:114342-115808|- -            489 1502854at2           -            192   4.2e-06   24.5   0.2   3   3       5.2   4.5e+02   -1.7   0.0     8    32   350   374   348   388 0.73 3387_118 # 114342 # 115808 # -1 # ID=815_118;partial=00;start_type=ATG;rbs_motif=GGAG/GAGG;rbs_spacer=5-10bp;gc_cont=0.524
3399:227961-229868|+ -            636 1502854at2           -            192   0.00017   19.3   0.9   1   4    0.0073      0.63    7.6   0.0     9    29    32    52    27    90 0.88 3399_201 # 227961 # 229868 # 1 # ID=827_201;partial=00;start_type=ATG;rbs_motif=AGGA;rbs_spacer=5-10bp;gc_cont=0.524
3399:227961-229868|+ -            636 1502854at2           -            192   0.00017   19.3   0.9   2   4       6.4   5.5e+02   -2.0   0.0   153   185    93   125    77   131 0.73 3399_201 # 227961 # 229868 # 1 # ID=827_201;partial=00;start_type=ATG;rbs_motif=AGGA;rbs_spacer=5-10bp;gc_cont=0.524
3399:227961-229868|+ -            636 1502854at2           -            192   0.00017   19.3   0.9   3   4       8.7   7.4e+02   -2.4   0.0    81   100   301   320   291   328 0.82 3399_201 # 227961 # 229868 # 1 # ID=827_201;partial=00;start_type=ATG;rbs_motif=AGGA;rbs_spacer=5-10bp;gc_cont=0.524
3399:227961-229868|+ -            636 1502854at2           -            192   0.00017   19.3   0.9   4   4    0.0062      0.53    7.8   0.0     9    29   348   368   342   378 0.84 3399_201 # 227961 # 229868 # 1 # ID=827_201;partial=00;start_type=ATG;rbs_motif=AGGA;rbs_spacer=5-10bp;gc_cont=0.524
3399:63867-64589|-   -            241 1502854at2           -            192    0.0002   19.0   0.0   1   1   5.4e-06   0.00046   17.8   0.0     5    28    26    49    23    56 0.87 3399_60 # 63867 # 64589 # -1 # ID=827_60;partial=00;start_type=GTG;rbs_motif=AGGA;rbs_spacer=5-10bp;gc_cont=0.539
3399:179202-179885|+ -            228 1502854at2           -            192   0.00024   18.8   0.2   1   2   5.1e-05    0.0044   14.6   0.0     8    29     7    28     1    36 0.84 3399_161 # 179202 # 179885 # 1 # ID=827_161;partial=00;start_type=ATG;rbs_motif=AGGAG;rbs_spacer=5-10bp;gc_cont=0.537
3399:179202-179885|+ -            228 1502854at2           -            192   0.00024   18.8   0.2   2   2      0.43        36    1.9   0.1   115   157   138   180   133   222 0.77 3399_161 # 179202 # 179885 # 1 # ID=827_161;partial=00;start_type=ATG;rbs_motif=AGGAG;rbs_spacer=5-10bp;gc_cont=0.537
3370:2481-3206|+     -            242 1502854at2           -            192   0.00025   18.7   0.1   1   1   4.5e-06   0.00039   18.1   0.1     4    27    25    48    22    73 0.90 3370_3 # 2481 # 3206 # 1 # ID=798_3;partial=00;start_type=ATG;rbs_motif=AGGA;rbs_spacer=5-10bp;gc_cont=0.523
3399:45371-47107|-   -            579 1502854at2           -            192   0.00028   18.6   0.5   1   2    0.0042      0.36    8.4   0.0     7    27    34    54    30    61 0.86 3399_45 # 45371 # 47107 # -1 # ID=827_45;partial=00;start_type=ATG;rbs_motif=GGAG/GAGG;rbs_spacer=5-10bp;gc_cont=0.556
3399:45371-47107|-   -            579 1502854at2           -            192   0.00028   18.6   0.5   2   2    0.0055      0.47    8.0   0.1     4    26   353   375   351   378 0.90 3399_45 # 45371 # 47107 # -1 # ID=827_45;partial=00;start_type=ATG;rbs_motif=GGAG/GAGG;rbs_spacer=5-10bp;gc_cont=0.556
3397:5859-6386|+     -            176 1502854at2           -            192   0.00047   17.8   0.0   1   2   9.7e-05    0.0083   13.7   0.0     4    29     6    31     3    37 0.85 3397_7 # 5859 # 6386 # 1 # ID=825_7;partial=00;start_type=TTG;rbs_motif=GGxGG;rbs_spacer=5-10bp;gc_cont=0.496
3397:5859-6386|+     -            176 1502854at2           -            192   0.00047   17.8   0.0   2   2      0.31        26    2.3   0.0   115   143   102   128    74   173 0.64 3397_7 # 5859 # 6386 # 1 # ID=825_7;partial=00;start_type=TTG;rbs_motif=GGxGG;rbs_spacer=5-10bp;gc_cont=0.496
3395:47865-48980|-   -            372 1502854at2           -            192   0.00055   17.6   0.2   1   2   7.7e-05    0.0066   14.1   0.0     5    27    28    50    26    57 0.88 3395_47 # 47865 # 48980 # -1 # ID=823_47;partial=00;start_type=ATG;rbs_motif=GGAG/GAGG;rbs_spacer=5-10bp;gc_cont=0.550
3395:47865-48980|-   -            372 1502854at2           -            192   0.00055   17.6   0.2   2   2       1.1        96    0.5   0.0   102   130   297   324   293   333 0.71 3395_47 # 47865 # 48980 # -1 # ID=823_47;partial=00;start_type=ATG;rbs_motif=GGAG/GAGG;rbs_spacer=5-10bp;gc_cont=0.550
3395:21930-24752|+   -            941 1502854at2           -            192   0.00059   17.5   0.1   1   2     0.004      0.35    8.4   0.0     5    26    23    44    21    63 0.79 3395_21 # 21930 # 24752 # 1 # ID=823_21;partial=00;start_type=ATG;rbs_motif=GGA/GAG/AGG;rbs_spacer=5-10bp;gc_cont=0.561
3395:21930-24752|+   -            941 1502854at2           -            192   0.00059   17.5   0.1   2   2     0.016       1.3    6.5   0.0     6    26   633   653   631   659 0.87 3395_21 # 21930 # 24752 # 1 # ID=823_21;partial=00;start_type=ATG;rbs_motif=GGA/GAG/AGG;rbs_spacer=5-10bp;gc_cont=0.561
3397:64388-64909|+   -            174 1502854at2           -            192    0.0008   17.0   1.1   1   1   1.9e-05    0.0016   16.1   1.1     6   153     4   154     1   170 0.68 3397_52 # 64388 # 64909 # 1 # ID=825_52;partial=00;start_type=ATG;rbs_motif=AGxAG;rbs_spacer=5-10bp;gc_cont=0.492
3367:2-289|-         -             96 1502854at2           -            192     0.001   16.7   0.0   1   1   1.4e-05    0.0012   16.5   0.0     8    44    38    74    31    87 0.83 3367_1 # 2 # 289 # -1 # ID=795_1;partial=10;start_type=ATG;rbs_motif=AGGAG;rbs_spacer=5-10bp;gc_cont=0.521
3253:4323-5090|+     -            256 1502854at2           -            192    0.0011   16.5   0.0   1   1   2.2e-05    0.0019   15.8   0.0     5    27    26    48    23    74 0.86 3253_6 # 4323 # 5090 # 1 # ID=761_6;partial=00;start_type=ATG;rbs_motif=AGGAG;rbs_spacer=5-10bp;gc_cont=0.560
3250:682-1470|+      -            263 1502854at2           -            192    0.0014   16.3   0.0   1   1   3.5e-05     0.003   15.2   0.0     5    27    29    51    26    85 0.93 3250_2 # 682 # 1470 # 1 # ID=758_2;partial=00;start_type=ATG;rbs_motif=GGAGG;rbs_spacer=5-10bp;gc_cont=0.586
3201:384-1430|+      -            349 1502854at2           -            192    0.0016   16.0   0.1   1   1   4.4e-05    0.0038   14.8   0.0     5   107    31   128    28   133 0.62 3201_2 # 384 # 1430 # 1 # ID=746_2;partial=00;start_type=ATG;rbs_motif=GGAG/GAGG;rbs_spacer=5-10bp;gc_cont=0.564
3372:27566-28768|+   -            401 1502854at2           -            192    0.0023   15.6   0.1   1   1   7.2e-05    0.0062   14.2   0.0     5    27    53    75    50    82 0.89 3372_28 # 27566 # 28768 # 1 # ID=800_28;partial=00;start_type=ATG;rbs_motif=4Base/6BMM;rbs_spacer=13-15bp;gc_cont=0.490
3393:110301-110921|+ -            207 1502854at2           -            192    0.0026   15.4   1.3   1   2     0.022       1.9    6.1   0.1     7    27     3    23     1    30 0.85 3393_100 # 110301 # 110921 # 1 # ID=821_100;partial=00;start_type=ATG;rbs_motif=GGA/GAG/AGG;rbs_spacer=5-10bp;gc_cont=0.527
3393:110301-110921|+ -            207 1502854at2           -            192    0.0026   15.4   1.3   2   2    0.0043      0.37    8.4   0.1   119   179   124   184   108   196 0.78 3393_100 # 110301 # 110921 # 1 # ID=821_100;partial=00;start_type=ATG;rbs_motif=GGA/GAG/AGG;rbs_spacer=5-10bp;gc_cont=0.527
3391:107169-108221|+ -            351 1502854at2           -            192    0.0032   15.1   0.0   1   1   7.2e-05    0.0062   14.1   0.0     5    31   206   232   202   240 0.86 3391_104 # 107169 # 108221 # 1 # ID=819_104;partial=00;start_type=TTG;rbs_motif=AGGAG;rbs_spacer=5-10bp;gc_cont=0.539
3373:3935-4918|-     -            328 1502854at2           -            192    0.0033   15.1   0.1   1   1    0.0001    0.0088   13.6   0.0     5    26    29    50    26    58 0.87 3373_6 # 3935 # 4918 # -1 # ID=801_6;partial=00;start_type=ATG;rbs_motif=GGA/GAG/AGG;rbs_spacer=5-10bp;gc_cont=0.603
3376:130376-131029|- -            218 1502854at2           -            192    0.0033   15.0   0.0   1   1   5.5e-05    0.0047   14.6   0.0     5    27    26    48    23    58 0.85 3376_132 # 130376 # 131029 # -1 # ID=804_132;partial=00;start_type=ATG;rbs_motif=AGGA;rbs_spacer=5-10bp;gc_cont=0.509
3379:55434-56192|+   -            253 1502854at2           -            192    0.0034   15.0   0.0   1   1   8.2e-05    0.0071   14.0   0.0     6    29    38    61    34    72 0.78 3379_54 # 55434 # 56192 # 1 # ID=807_54;partial=00;start_type=ATG;rbs_motif=GGAG/GAGG;rbs_spacer=5-10bp;gc_cont=0.470
3326:26314-27147|-   -            278 1502854at2           -            192    0.0036   14.9   0.0   1   1   9.2e-05    0.0079   13.8   0.0     5    26    28    49    25    62 0.85 3326_27 # 26314 # 27147 # -1 # ID=780_27;partial=00;start_type=ATG;rbs_motif=AGGAG/GGAGG;rbs_spacer=11-12bp;gc_cont=0.531
3383:91502-92311|-   -            270 1502854at2           -            192    0.0037   14.9   0.0   1   1    0.0001    0.0086   13.7   0.1     5    26    33    54    30    61 0.90 3383_89 # 91502 # 92311 # -1 # ID=811_89;partial=00;start_type=ATG;rbs_motif=GGA/GAG/AGG;rbs_spacer=5-10bp;gc_cont=0.544
3400:139-2712|-      -            858 1502854at2           -            192    0.0053   14.4   2.2   1   3      0.29        25    2.4   0.0    10    28   203   221   195   227 0.84 3400_1 # 139 # 2712 # -1 # ID=828_1;partial=00;start_type=ATG;rbs_motif=GGAGG;rbs_spacer=3-4bp;gc_cont=0.514
3400:139-2712|-      -            858 1502854at2           -            192    0.0053   14.4   2.2   2   3       1.2   1.1e+02    0.3   1.2   125   163   408   452   389   482 0.68 3400_1 # 139 # 2712 # -1 # ID=828_1;partial=00;start_type=ATG;rbs_motif=GGAGG;rbs_spacer=3-4bp;gc_cont=0.514
3400:139-2712|-      -            858 1502854at2           -            192    0.0053   14.4   2.2   3   3    0.0093      0.79    7.3   0.0     9    27   601   619   598   630 0.89 3400_1 # 139 # 2712 # -1 # ID=828_1;partial=00;start_type=ATG;rbs_motif=GGAGG;rbs_spacer=3-4bp;gc_cont=0.514
3250:7955-8635|+     -            227 1502854at2           -            192     0.006   14.2   0.0   1   1    0.0001    0.0087   13.7   0.0     5    29    33    57    30    69 0.86 3250_11 # 7955 # 8635 # 1 # ID=758_11;partial=00;start_type=ATG;rbs_motif=GGAG/GAGG;rbs_spacer=5-10bp;gc_cont=0.602
3400:36156-37019|+   -            288 1502854at2           -            192    0.0066   14.1   0.0   1   1   0.00013     0.011   13.3   0.0     8    44    38    74    33    89 0.82 3400_38 # 36156 # 37019 # 1 # ID=828_38;partial=00;start_type=ATG;rbs_motif=AGGAG;rbs_spacer=5-10bp;gc_cont=0.542
3387:18210-19307|-   -            366 1502854at2           -            192     0.007   14.0   0.4   1   2   0.00018     0.016   12.8   0.0     5    27    27    49    25    68 0.87 3387_20 # 18210 # 19307 # -1 # ID=815_20;partial=00;start_type=ATG;rbs_motif=AGGAG;rbs_spacer=5-10bp;gc_cont=0.586
3387:18210-19307|-   -            366 1502854at2           -            192     0.007   14.0   0.4   2   2       9.3     8e+02   -2.5   0.1   153   178   181   202   169   214 0.51 3387_20 # 18210 # 19307 # -1 # ID=815_20;partial=00;start_type=ATG;rbs_motif=AGGAG;rbs_spacer=5-10bp;gc_cont=0.586
3376:26369-27124|-   -            252 1502854at2           -            192    0.0085   13.7   0.1   1   1   0.00016     0.013   13.1   0.1     5    27    29    51    26    56 0.90 3376_28 # 26369 # 27124 # -1 # ID=804_28;partial=00;start_type=ATG;rbs_motif=None;rbs_spacer=None;gc_cont=0.492
3399:121100-121828|- -            243 1502854at2           -            192    0.0093   13.6   0.3   1   1   0.00023      0.02   12.5   0.0     5    26    27    48    25    56 0.87 3399_116 # 121100 # 121828 # -1 # ID=827_116;partial=00;start_type=ATG;rbs_motif=GGA/GAG/AGG;rbs_spacer=5-10bp;gc_cont=0.527
3405:26504-28171|+   -            556 1502854at2           -            192    0.0099   13.5   0.3   1   2         1        86    0.6   0.1    11    27    37    53    32    60 0.80 3405_26 # 26504 # 28171 # 1 # ID=833_26;partial=00;start_type=GTG;rbs_motif=AGGA/GGAG/GAGG;rbs_spacer=11-12bp;gc_cont=0.547
3405:26504-28171|+   -            556 1502854at2           -            192    0.0099   13.5   0.3   2   2    0.0014      0.12    9.9   0.0     5    30   348   373   346   381 0.85 3405_26 # 26504 # 28171 # 1 # ID=833_26;partial=00;start_type=GTG;rbs_motif=AGGA/GGAG/GAGG;rbs_spacer=11-12bp;gc_cont=0.547
3328:54863-55468|-   -            202 1502854at2           -            192      0.01   13.5   0.1   1   1   0.00021     0.018   12.7   0.1     4    36    26    58    23    61 0.85 3328_59 # 54863 # 55468 # -1 # ID=781_59;partial=00;start_type=ATG;rbs_motif=GGA/GAG/AGG;rbs_spacer=5-10bp;gc_cont=0.521
3388:55280-55993|+   -            238 1502854at2           -            192     0.013   13.1   0.0   1   2    0.0055      0.47    8.0   0.0     4    25    41    62    39    79 0.74 3388_50 # 55280 # 55993 # 1 # ID=816_50;partial=00;start_type=GTG;rbs_motif=AGGA;rbs_spacer=5-10bp;gc_cont=0.503
3388:55280-55993|+   -            238 1502854at2           -            192     0.013   13.1   0.0   2   2      0.22        18    2.8   0.0   120   141   170   196   161   230 0.67 3388_50 # 55280 # 55993 # 1 # ID=816_50;partial=00;start_type=GTG;rbs_motif=AGGA;rbs_spacer=5-10bp;gc_cont=0.503
3373:17814-18482|-   -            223 1502854at2           -            192     0.013   13.1   0.0   1   1   0.00025     0.022   12.4   0.0     3    27    25    49    24    71 0.84 3373_19 # 17814 # 18482 # -1 # ID=801_19;partial=00;start_type=ATG;rbs_motif=GGAG/GAGG;rbs_spacer=5-10bp;gc_cont=0.565
3398:33100-33873|+   -            258 1502854at2           -            192     0.016   12.8   0.0   1   2    0.0005     0.043   11.4   0.0     5    27    35    57    33    64 0.86 3398_31 # 33100 # 33873 # 1 # ID=826_31;partial=00;start_type=ATG;rbs_motif=AGGA;rbs_spacer=5-10bp;gc_cont=0.523
3398:33100-33873|+   -            258 1502854at2           -            192     0.016   12.8   0.0   2   2       9.5   8.1e+02   -2.5   0.0   157   177   198   216   189   220 0.69 3398_31 # 33100 # 33873 # 1 # ID=826_31;partial=00;start_type=ATG;rbs_motif=AGGA;rbs_spacer=5-10bp;gc_cont=0.523
3390:14275-15243|-   -            323 1502854at2           -            192      0.02   12.5   0.0   1   1   0.00046     0.039   11.5   0.0     6    27    30    51    27    57 0.86 3390_14 # 14275 # 15243 # -1 # ID=818_14;partial=00;start_type=ATG;rbs_motif=AGGA;rbs_spacer=5-10bp;gc_cont=0.506
3391:98623-99573|-   -            317 1502854at2           -            192      0.02   12.5   0.1   1   2    0.0044      0.38    8.3   0.0     7    30    11    34     6    44 0.82 3391_97 # 98623 # 99573 # -1 # ID=819_97;partial=00;start_type=ATG;rbs_motif=None;rbs_spacer=None;gc_cont=0.533
3391:98623-99573|-   -            317 1502854at2           -            192      0.02   12.5   0.1   2   2      0.57        49    1.4   0.0   115   139   193   217   183   231 0.83 3391_97 # 98623 # 99573 # -1 # ID=819_97;partial=00;start_type=ATG;rbs_motif=None;rbs_spacer=None;gc_cont=0.533
3393:150545-151243|+ -            233 1502854at2           -            192     0.021   12.5   0.0   1   1   0.00036     0.031   11.9   0.0     5    26    24    45    21    68 0.86 3393_136 # 150545 # 151243 # 1 # ID=821_136;partial=00;start_type=ATG;rbs_motif=None;rbs_spacer=None;gc_cont=0.571
3399:10496-11968|-   -            491 1502854at2           -            192     0.021   12.4   0.0   1   2      0.28        24    2.4   0.0    10    29    33    52    27    69 0.83 3399_11 # 10496 # 11968 # -1 # ID=827_11;partial=00;start_type=ATG;rbs_motif=GGA/GAG/AGG;rbs_spacer=5-10bp;gc_cont=0.527
3399:10496-11968|-   -            491 1502854at2           -            192     0.021   12.4   0.0   2   2    0.0089      0.76    7.3   0.0    11    31   291   311   284   327 0.85 3399_11 # 10496 # 11968 # -1 # ID=827_11;partial=00;start_type=ATG;rbs_motif=GGA/GAG/AGG;rbs_spacer=5-10bp;gc_cont=0.527
3399:113114-114247|+ -            378 1502854at2           -            192     0.022   12.4   0.0   1   1   0.00048     0.041   11.5   0.0     5    27    44    66    42    73 0.90 3399_107 # 113114 # 114247 # 1 # ID=827_107;partial=00;start_type=GTG;rbs_motif=GGAG/GAGG;rbs_spacer=5-10bp;gc_cont=0.552
3384:89835-90971|-   -            379 1502854at2           -            192     0.023   12.3   0.1   1   1   0.00073     0.062   10.9   0.0     5    26    42    63    40    71 0.86 3384_97 # 89835 # 90971 # -1 # ID=812_97;partial=00;start_type=ATG;rbs_motif=None;rbs_spacer=None;gc_cont=0.508
3376:176155-176904|+ -            250 1502854at2           -            192     0.028   12.0   0.1   1   1   0.00052     0.045   11.4   0.1     5    27    25    47    22    58 0.87 3376_179 # 176155 # 176904 # 1 # ID=804_179;partial=00;start_type=ATG;rbs_motif=None;rbs_spacer=None;gc_cont=0.552
3398:6183-7688|-     -            502 1502854at2           -            192     0.029   12.0   0.4   1   2    0.0056      0.48    8.0   0.1     5    27    29    51    26    59 0.89 3398_7 # 6183 # 7688 # -1 # ID=826_7;partial=00;start_type=ATG;rbs_motif=GGAG/GAGG;rbs_spacer=5-10bp;gc_cont=0.512
3398:6183-7688|-     -            502 1502854at2           -            192     0.029   12.0   0.4   2   2      0.43        37    1.8   0.0     4    32   276   304   274   338 0.68 3398_7 # 6183 # 7688 # -1 # ID=826_7;partial=00;start_type=ATG;rbs_motif=GGAG/GAGG;rbs_spacer=5-10bp;gc_cont=0.512
3391:46265-47767|-   -            501 1502854at2           -            192     0.031   11.9   0.0   1   1   0.00086     0.073   10.6   0.0     4    27    33    56    31    63 0.91 3391_41 # 46265 # 47767 # -1 # ID=819_41;partial=00;start_type=ATG;rbs_motif=GGxGG;rbs_spacer=5-10bp;gc_cont=0.556
3376:207201-207947|+ -            249 1502854at2           -            192     0.033   11.8   0.0   1   1   0.00059      0.05   11.2   0.0     6    30    27    51    23    57 0.83 3376_207 # 207201 # 207947 # 1 # ID=804_207;partial=00;start_type=ATG;rbs_motif=AGGA;rbs_spacer=5-10bp;gc_cont=0.505
3373:9177-9944|-     -            256 1502854at2           -            192     0.033   11.8   0.0   1   1   0.00071     0.061   10.9   0.0     6    27    31    52    29    58 0.88 3373_11 # 9177 # 9944 # -1 # ID=801_11;partial=00;start_type=ATG;rbs_motif=AGGAG;rbs_spacer=5-10bp;gc_cont=0.553
3399:85649-87253|+   -            535 1502854at2           -            192     0.039   11.5   1.1   1   2       0.1       8.9    3.8   0.1     5    27    41    63    38    74 0.82 3399_80 # 85649 # 87253 # 1 # ID=827_80;partial=00;start_type=TTG;rbs_motif=GGA/GAG/AGG;rbs_spacer=5-10bp;gc_cont=0.542
3399:85649-87253|+   -            535 1502854at2           -            192     0.039   11.5   1.1   2   2     0.027       2.3    5.7   0.1     9    28   353   372   349   378 0.84 3399_80 # 85649 # 87253 # 1 # ID=827_80;partial=00;start_type=TTG;rbs_motif=GGA/GAG/AGG;rbs_spacer=5-10bp;gc_cont=0.542
3369:4505-5191|-     -            229 1502854at2           -            192     0.041   11.5   0.1   1   1   0.00078     0.067   10.8   0.1     4    27    34    57    32    69 0.86 3369_3 # 4505 # 5191 # -1 # ID=797_3;partial=00;start_type=ATG;rbs_motif=AGGA;rbs_spacer=5-10bp;gc_cont=0.565
3399:141280-143556|+ -            759 1502854at2           -            192     0.045   11.3   2.2   1   3      0.12        10    3.7   0.0    10    26   211   227   204   233 0.83 3399_134 # 141280 # 143556 # 1 # ID=827_134;partial=00;start_type=ATG;rbs_motif=GGAGG;rbs_spacer=5-10bp;gc_cont=0.526
3399:141280-143556|+ -            759 1502854at2           -            192     0.045   11.3   2.2   2   3       9.7   8.3e+02   -2.6   0.1   122   171   344   391   334   405 0.67 3399_134 # 141280 # 143556 # 1 # ID=827_134;partial=00;start_type=ATG;rbs_motif=GGAGG;rbs_spacer=5-10bp;gc_cont=0.526
3399:141280-143556|+ -            759 1502854at2           -            192     0.045   11.3   2.2   3   3     0.025       2.1    5.9   0.0     9    28   491   510   485   518 0.85 3399_134 # 141280 # 143556 # 1 # ID=827_134;partial=00;start_type=ATG;rbs_motif=GGAGG;rbs_spacer=5-10bp;gc_cont=0.526
3398:53274-54638|-   -            455 1502854at2           -            192     0.047   11.3   0.0   1   1    0.0019      0.16    9.6   0.0     6    44   216   254   213   295 0.88 3398_49 # 53274 # 54638 # -1 # ID=826_49;partial=00;start_type=ATG;rbs_motif=AGGA;rbs_spacer=5-10bp;gc_cont=0.563
3386:2948-3715|-     -            256 1502854at2           -            192     0.049   11.2   0.0   1   1     0.001     0.085   10.4   0.0     5    25    27    47    25    55 0.89 3386_6 # 2948 # 3715 # -1 # ID=814_6;partial=00;start_type=ATG;rbs_motif=GGA/GAG/AGG;rbs_spacer=5-10bp;gc_cont=0.538
3393:844-1875|+      -            344 1502854at2           -            192      0.05   11.2   0.0   1   1    0.0013      0.11   10.0   0.0     5    26    30    51    27    64 0.84 3393_2 # 844 # 1875 # 1 # ID=821_2;partial=00;start_type=ATG;rbs_motif=None;rbs_spacer=None;gc_cont=0.529
3369:108986-112117|+ -           1044 1502854at2           -            192     0.094   10.3   0.0   1   3    0.0011     0.094   10.3   0.0     6    26    30    50    27    62 0.88 3369_102 # 108986 # 112117 # 1 # ID=797_102;partial=00;start_type=ATG;rbs_motif=GGAG/GAGG;rbs_spacer=5-10bp;gc_cont=0.538
3369:108986-112117|+ -           1044 1502854at2           -            192     0.094   10.3   0.0   2   3       2.7   2.3e+02   -0.8   0.7    86   150   613   676   602   730 0.72 3369_102 # 108986 # 112117 # 1 # ID=797_102;partial=00;start_type=ATG;rbs_motif=GGAG/GAGG;rbs_spacer=5-10bp;gc_cont=0.538
3369:108986-112117|+ -           1044 1502854at2           -            192     0.094   10.3   0.0   3   3       6.4   5.5e+02   -2.0   0.1   136   187   721   772   701   776 0.66 3369_102 # 108986 # 112117 # 1 # ID=797_102;partial=00;start_type=ATG;rbs_motif=GGAG/GAGG;rbs_spacer=5-10bp;gc_cont=0.538
#
# Program:         hmmsearch
# Version:         3.1b2 (February 2015)
# Pipeline mode:   SEARCH
# Query file:      /media/saurav/DATA/ubuntu/Learning/NGS/5-denovo/busco_downloads/lineages/bacteria_odb10/hmms/1502854at2.hmm
# Target file:     5-qc/BUSCO/abyss_ecoli_ass.out/prodigal_output/predicted_genes/predicted.faa
# Option settings: hmmsearch --domtblout 5-qc/BUSCO/abyss_ecoli_ass.out/run_bacteria_odb10/hmmer_output/1502854at2.out --cpu 1 /media/saurav/DATA/ubuntu/Learning/NGS/5-denovo/busco_downloads/lineages/bacteria_odb10/hmms/1502854at2.hmm 5-qc/BUSCO/abyss_ecoli_ass.out/prodigal_output/predicted_genes/predicted.faa 
# Current dir:     /media/saurav/DATA/ubuntu/Learning/NGS/5-denovo
# Date:            Sun Jul 28 18:56:44 2024
# [ok]
