#                                                                            --- full sequence --- -------------- this domain -------------   hmm coord   ali coord   env coord
# target name        accession   tlen query name           accession   qlen   E-value  score  bias   #  of  c-Evalue  i-Evalue  score  bias  from    to  from    to  from    to  acc description of target
#------------------- ---------- ----- -------------------- ---------- ----- --------- ------ ----- --- --- --------- --------- ------ ----- ----- ----- ----- ----- ----- ----- ---- ---------------------
3391:96873-98153|-   -            427 1592033at2           -            393  9.4e-152  503.6   3.5   1   1  3.6e-154  1.2e-151  503.2   3.5     7   379     7   393     2   404 0.93 3391_95 # 96873 # 98153 # -1 # ID=819_95;partial=00;start_type=TTG;rbs_motif=GGAG/GAGG;rbs_spacer=5-10bp;gc_cont=0.539
3387:114342-115808|- -            489 1592033at2           -            393   2.4e-26   90.7   0.0   1   2   1.4e-14   4.9e-12   43.6   0.0   194   379     2   192     1   201 0.78 3387_118 # 114342 # 115808 # -1 # ID=815_118;partial=00;start_type=ATG;rbs_motif=GGAG/GAGG;rbs_spacer=5-10bp;gc_cont=0.524
3387:114342-115808|- -            489 1592033at2           -            393   2.4e-26   90.7   0.0   2   2   5.9e-15   2.1e-12   44.8   0.0   196   358   204   380   199   402 0.84 3387_118 # 114342 # 115808 # -1 # ID=815_118;partial=00;start_type=ATG;rbs_motif=GGAG/GAGG;rbs_spacer=5-10bp;gc_cont=0.524
3398:53274-54638|-   -            455 1592033at2           -            393   3.9e-15   53.8   0.0   1   1     2e-17   6.9e-15   53.0   0.0   165   377   189   404   179   412 0.83 3398_49 # 53274 # 54638 # -1 # ID=826_49;partial=00;start_type=ATG;rbs_motif=AGGA;rbs_spacer=5-10bp;gc_cont=0.563
3383:82834-84006|-   -            391 1592033at2           -            393   6.7e-13   46.4   0.0   1   1   3.2e-15   1.1e-12   45.7   0.0   196   355   161   338   157   371 0.81 3383_77 # 82834 # 84006 # -1 # ID=811_77;partial=00;start_type=ATG;rbs_motif=GGAG/GAGG;rbs_spacer=5-10bp;gc_cont=0.531
3406:48444-49349|-   -            302 1592033at2           -            393   4.1e-09   34.0   0.2   1   1   7.2e-11   2.5e-08   31.4   0.2   197   372    11   195     5   204 0.80 3406_45 # 48444 # 49349 # -1 # ID=834_45;partial=00;start_type=ATG;rbs_motif=GGAG/GAGG;rbs_spacer=5-10bp;gc_cont=0.524
3403:32725-33816|-   -            364 1592033at2           -            393   2.8e-07   28.0   0.0   1   1   1.4e-09     5e-07   27.1   0.0   197   248     5    57     2    68 0.83 3403_31 # 32725 # 33816 # -1 # ID=831_31;partial=00;start_type=ATG;rbs_motif=GGA/GAG/AGG;rbs_spacer=11-12bp;gc_cont=0.510
3397:40724-43045|-   -            774 1592033at2           -            393   2.8e-07   27.9   0.1   1   1   8.3e-09   2.9e-06   24.6   0.1   196   375     5   191     2   203 0.78 3397_33 # 40724 # 43045 # -1 # ID=825_33;partial=00;start_type=ATG;rbs_motif=None;rbs_spacer=None;gc_cont=0.548
3391:169287-171515|- -            743 1592033at2           -            393     5e-05   20.5   0.1   1   2   9.7e-05     0.034   11.2   0.0   195   238    70   114    51   137 0.77 3391_162 # 169287 # 171515 # -1 # ID=819_162;partial=00;start_type=ATG;rbs_motif=AGGA;rbs_spacer=5-10bp;gc_cont=0.515
3391:169287-171515|- -            743 1592033at2           -            393     5e-05   20.5   0.1   2   2    0.0026      0.91    6.5   0.1   271   333   257   318   253   327 0.79 3391_162 # 169287 # 171515 # -1 # ID=819_162;partial=00;start_type=ATG;rbs_motif=AGGA;rbs_spacer=5-10bp;gc_cont=0.515
3377:115199-115831|+ -            211 1592033at2           -            393   0.00017   18.8   0.2   1   2   1.1e-05    0.0037   14.4   0.0   195   221    27    53    16    57 0.89 3377_109 # 115199 # 115831 # 1 # ID=805_109;partial=00;start_type=TTG;rbs_motif=GGAG/GAGG;rbs_spacer=5-10bp;gc_cont=0.517
3377:115199-115831|+ -            211 1592033at2           -            393   0.00017   18.8   0.2   2   2     0.042        15    2.5   0.1   303   352   136   199    97   208 0.63 3377_109 # 115199 # 115831 # 1 # ID=805_109;partial=00;start_type=TTG;rbs_motif=GGAG/GAGG;rbs_spacer=5-10bp;gc_cont=0.517
3400:36156-37019|+   -            288 1592033at2           -            393   0.00027   18.1   0.0   1   1   2.6e-06   0.00091   16.4   0.0   193   320    35   161    21   213 0.71 3400_38 # 36156 # 37019 # 1 # ID=828_38;partial=00;start_type=ATG;rbs_motif=AGGAG;rbs_spacer=5-10bp;gc_cont=0.542
3367:2-289|-         -             96 1592033at2           -            393    0.0012   16.0   0.0   1   1   3.6e-06    0.0012   15.9   0.0   181   247    22    90     7    94 0.75 3367_1 # 2 # 289 # -1 # ID=795_1;partial=10;start_type=ATG;rbs_motif=AGGAG;rbs_spacer=5-10bp;gc_cont=0.521
3387:53453-53932|-   -            160 1592033at2           -            393    0.0019   15.4   0.5   1   2   8.4e-05     0.029   11.4   0.1   195   221     2    28     1    32 0.87 3387_60 # 53453 # 53932 # -1 # ID=815_60;partial=00;start_type=ATG;rbs_motif=GGAG/GAGG;rbs_spacer=5-10bp;gc_cont=0.500
3387:53453-53932|-   -            160 1592033at2           -            393    0.0019   15.4   0.5   2   2     0.042        15    2.5   0.0   297   353    84   149    55   158 0.67 3387_60 # 53453 # 53932 # -1 # ID=815_60;partial=00;start_type=ATG;rbs_motif=GGAG/GAGG;rbs_spacer=5-10bp;gc_cont=0.500
3391:107169-108221|+ -            351 1592033at2           -            393    0.0043   14.2   0.0   1   2   0.00018     0.062   10.3   0.0   304   350   152   209   137   218 0.85 3391_104 # 107169 # 108221 # 1 # ID=819_104;partial=00;start_type=TTG;rbs_motif=AGGAG;rbs_spacer=5-10bp;gc_cont=0.539
3391:107169-108221|+ -            351 1592033at2           -            393    0.0043   14.2   0.0   2   2      0.07        24    1.8   0.0   201   218   214   231   208   239 0.76 3391_104 # 107169 # 108221 # 1 # ID=819_104;partial=00;start_type=TTG;rbs_motif=AGGAG;rbs_spacer=5-10bp;gc_cont=0.539
#
# Program:         hmmsearch
# Version:         3.1b2 (February 2015)
# Pipeline mode:   SEARCH
# Query file:      /media/saurav/DATA/ubuntu/Learning/NGS/5-denovo/busco_downloads/lineages/bacteria_odb10/hmms/1592033at2.hmm
# Target file:     5-qc/BUSCO/abyss_ecoli_ass.out/prodigal_output/predicted_genes/predicted.faa
# Option settings: hmmsearch --domtblout 5-qc/BUSCO/abyss_ecoli_ass.out/run_bacteria_odb10/hmmer_output/1592033at2.out --cpu 1 /media/saurav/DATA/ubuntu/Learning/NGS/5-denovo/busco_downloads/lineages/bacteria_odb10/hmms/1592033at2.hmm 5-qc/BUSCO/abyss_ecoli_ass.out/prodigal_output/predicted_genes/predicted.faa 
# Current dir:     /media/saurav/DATA/ubuntu/Learning/NGS/5-denovo
# Date:            Sun Jul 28 18:56:44 2024
# [ok]
