#                                                                            --- full sequence --- -------------- this domain -------------   hmm coord   ali coord   env coord
# target name        accession   tlen query name           accession   qlen   E-value  score  bias   #  of  c-Evalue  i-Evalue  score  bias  from    to  from    to  from    to  acc description of target
#------------------- ---------- ----- -------------------- ---------- ----- --------- ------ ----- --- --- --------- --------- ------ ----- ----- ----- ----- ----- ----- ----- ---- ---------------------
3406:51288-53087|-   -            600 182107at2            -            492  1.6e-222  737.2   7.2   1   1  1.3e-222  4.5e-220  729.2   7.2     1   491     4   594     4   595 0.88 3406_48 # 51288 # 53087 # -1 # ID=834_48;partial=00;start_type=ATG;rbs_motif=None;rbs_spacer=None;gc_cont=0.537
3377:105759-107582|- -            608 182107at2            -            492   5.4e-44  148.4   2.1   1   2   4.6e-41   1.6e-38  130.3   0.9     1   231     5   278     5   283 0.76 3377_102 # 105759 # 107582 # -1 # ID=805_102;partial=00;start_type=GTG;rbs_motif=GGAG/GAGG;rbs_spacer=5-10bp;gc_cont=0.535
3377:105759-107582|- -            608 182107at2            -            492   5.4e-44  148.4   2.1   2   2   1.6e-06   0.00056   16.4   0.0   261   350   341   424   311   430 0.80 3377_102 # 105759 # 107582 # -1 # ID=805_102;partial=00;start_type=GTG;rbs_motif=GGAG/GAGG;rbs_spacer=5-10bp;gc_cont=0.535
3397:109899-112013|+ -            705 182107at2            -            492   1.6e-32  110.6   0.1   1   4   3.4e-24   1.2e-21   74.7   0.0     2   133    11   167    10   194 0.81 3397_100 # 109899 # 112013 # 1 # ID=825_100;partial=00;start_type=ATG;rbs_motif=GGAG/GAGG;rbs_spacer=5-10bp;gc_cont=0.508
3397:109899-112013|+ -            705 182107at2            -            492   1.6e-32  110.6   0.1   2   4      0.18        64   -0.3   0.0   135   160   266   291   244   306 0.76 3397_100 # 109899 # 112013 # 1 # ID=825_100;partial=00;start_type=ATG;rbs_motif=GGAG/GAGG;rbs_spacer=5-10bp;gc_cont=0.508
3397:109899-112013|+ -            705 182107at2            -            492   1.6e-32  110.6   0.1   3   4   3.1e-09   1.1e-06   25.4   0.0   157   314   312   491   303   505 0.68 3397_100 # 109899 # 112013 # 1 # ID=825_100;partial=00;start_type=ATG;rbs_motif=GGAG/GAGG;rbs_spacer=5-10bp;gc_cont=0.508
3397:109899-112013|+ -            705 182107at2            -            492   1.6e-32  110.6   0.1   4   4     0.032        11    2.2   0.0   322   351   612   641   602   688 0.71 3397_100 # 109899 # 112013 # 1 # ID=825_100;partial=00;start_type=ATG;rbs_motif=GGAG/GAGG;rbs_spacer=5-10bp;gc_cont=0.508
3383:65594-68266|-   -            891 182107at2            -            492   2.3e-26   90.2   0.2   1   1   1.6e-28   5.6e-26   89.0   0.2     5   194   395   597   393   612 0.82 3383_64 # 65594 # 68266 # -1 # ID=811_64;partial=00;start_type=ATG;rbs_motif=AGGA;rbs_spacer=5-10bp;gc_cont=0.535
3405:46278-47432|-   -            385 182107at2            -            492   4.5e-21   72.8   0.1   1   2   2.2e-21   7.7e-19   65.5   0.0     2   128    14   162    13   171 0.82 3405_45 # 46278 # 47432 # -1 # ID=833_45;partial=00;start_type=ATG;rbs_motif=AGxAG;rbs_spacer=5-10bp;gc_cont=0.547
3405:46278-47432|-   -            385 182107at2            -            492   4.5e-21   72.8   0.1   2   2     0.037        13    2.0   0.0   138   198   259   319   202   351 0.69 3405_45 # 46278 # 47432 # -1 # ID=833_45;partial=00;start_type=ATG;rbs_motif=AGxAG;rbs_spacer=5-10bp;gc_cont=0.547
3390:111314-112477|+ -            388 182107at2            -            492   5.2e-13   46.2   0.1   1   1   3.2e-15   1.1e-12   45.1   0.1     3   201    14   250    13   277 0.69 3390_111 # 111314 # 112477 # 1 # ID=818_111;partial=01;start_type=ATG;rbs_motif=GGAG/GAGG;rbs_spacer=5-10bp;gc_cont=0.535
3397:112084-113247|+ -            388 182107at2            -            492   5.2e-13   46.2   0.1   1   1   3.2e-15   1.1e-12   45.1   0.1     3   201    14   250    13   277 0.69 3397_101 # 112084 # 113247 # 1 # ID=825_101;partial=01;start_type=GTG;rbs_motif=AGGA;rbs_spacer=5-10bp;gc_cont=0.535
3408:45968-47137|-   -            390 182107at2            -            492   5.3e-13   46.2   0.1   1   1   3.3e-15   1.1e-12   45.1   0.1     3   200     9   244     8   272 0.69 3408_62 # 45968 # 47137 # -1 # ID=836_62;partial=01;start_type=Edge;rbs_motif=None;rbs_spacer=None;gc_cont=0.535
3293:30739-31908|-   -            390 182107at2            -            492   5.3e-13   46.2   0.1   1   1   3.3e-15   1.1e-12   45.1   0.1     3   200     9   244     8   272 0.69 3293_29 # 30739 # 31908 # -1 # ID=773_29;partial=01;start_type=Edge;rbs_motif=None;rbs_spacer=None;gc_cont=0.534
3328:55468-56895|-   -            476 182107at2            -            492   3.2e-11   40.3   0.1   1   2      0.26        92   -0.8   0.0     8    23    34    49    29    58 0.81 3328_60 # 55468 # 56895 # -1 # ID=781_60;partial=00;start_type=ATG;rbs_motif=GGA/GAG/AGG;rbs_spacer=11-12bp;gc_cont=0.547
3328:55468-56895|-   -            476 182107at2            -            492   3.2e-11   40.3   0.1   2   2   3.8e-13   1.3e-10   38.3   0.0    25   120    80   180    63   193 0.81 3328_60 # 55468 # 56895 # -1 # ID=781_60;partial=00;start_type=ATG;rbs_motif=GGA/GAG/AGG;rbs_spacer=11-12bp;gc_cont=0.547
3403:136790-138634|- -            615 182107at2            -            492   3.4e-11   40.2   0.0   1   1   1.3e-13   4.6e-11   39.8   0.0     8   196     7   209     1   217 0.75 3403_123 # 136790 # 138634 # -1 # ID=831_123;partial=00;start_type=ATG;rbs_motif=AGGA/GGAG/GAGG;rbs_spacer=11-12bp;gc_cont=0.564
3387:114342-115808|- -            489 182107at2            -            492   4.8e-09   33.1   0.0   1   2      0.06        21    1.3   0.0    67   152    74   159     6   172 0.72 3387_118 # 114342 # 115808 # -1 # ID=815_118;partial=00;start_type=ATG;rbs_motif=GGAG/GAGG;rbs_spacer=5-10bp;gc_cont=0.524
3387:114342-115808|- -            489 182107at2            -            492   4.8e-09   33.1   0.0   2   2   1.7e-10   5.8e-08   29.6   0.0     5   154   206   371   203   385 0.73 3387_118 # 114342 # 115808 # -1 # ID=815_118;partial=00;start_type=ATG;rbs_motif=GGAG/GAGG;rbs_spacer=5-10bp;gc_cont=0.524
3406:48444-49349|-   -            302 182107at2            -            492   4.2e-05   20.2   0.1   1   1   1.7e-07   5.9e-05   19.6   0.1     5   159    12   177     9   188 0.75 3406_45 # 48444 # 49349 # -1 # ID=834_45;partial=00;start_type=ATG;rbs_motif=GGAG/GAGG;rbs_spacer=5-10bp;gc_cont=0.524
#
# Program:         hmmsearch
# Version:         3.1b2 (February 2015)
# Pipeline mode:   SEARCH
# Query file:      /media/saurav/DATA/ubuntu/Learning/NGS/5-denovo/busco_downloads/lineages/bacteria_odb10/hmms/182107at2.hmm
# Target file:     5-qc/BUSCO/abyss_ecoli_ass.out/prodigal_output/predicted_genes/predicted.faa
# Option settings: hmmsearch --domtblout 5-qc/BUSCO/abyss_ecoli_ass.out/run_bacteria_odb10/hmmer_output/182107at2.out --cpu 1 /media/saurav/DATA/ubuntu/Learning/NGS/5-denovo/busco_downloads/lineages/bacteria_odb10/hmms/182107at2.hmm 5-qc/BUSCO/abyss_ecoli_ass.out/prodigal_output/predicted_genes/predicted.faa 
# Current dir:     /media/saurav/DATA/ubuntu/Learning/NGS/5-denovo
# Date:            Sun Jul 28 18:56:45 2024
# [ok]
