#                                                                            --- full sequence --- -------------- this domain -------------   hmm coord   ali coord   env coord
# target name        accession   tlen query name           accession   qlen   E-value  score  bias   #  of  c-Evalue  i-Evalue  score  bias  from    to  from    to  from    to  acc description of target
#------------------- ---------- ----- -------------------- ---------- ----- --------- ------ ----- --- --- --------- --------- ------ ----- ----- ----- ----- ----- ----- ----- ---- ---------------------
3391:102779-103240|- -            154 1827295at2           -             74   1.4e-24   83.8   1.4   1   1     3e-26   6.3e-24   81.7   1.4     8    74    20   111    12   111 0.82 3391_100 # 102779 # 103240 # -1 # ID=819_100;partial=00;start_type=ATG;rbs_motif=None;rbs_spacer=None;gc_cont=0.526
3399:227961-229868|+ -            636 1827295at2           -             74   0.00035   18.5   0.1   1   2    0.0057       1.2    7.2   0.0     9    31    30    52    19    56 0.79 3399_201 # 227961 # 229868 # 1 # ID=827_201;partial=00;start_type=ATG;rbs_motif=AGGA;rbs_spacer=5-10bp;gc_cont=0.524
3399:227961-229868|+ -            636 1827295at2           -             74   0.00035   18.5   0.1   2   2    0.0021      0.43    8.6   0.1     8    33   344   370   332   374 0.80 3399_201 # 227961 # 229868 # 1 # ID=827_201;partial=00;start_type=ATG;rbs_motif=AGGA;rbs_spacer=5-10bp;gc_cont=0.524
3394:68563-69519|-   -            319 1827295at2           -             74   0.00058   17.8   0.1   1   1   5.7e-06    0.0012   16.8   0.1    10    31     6    27     2    34 0.87 3394_64 # 68563 # 69519 # -1 # ID=822_64;partial=00;start_type=ATG;rbs_motif=GGAG/GAGG;rbs_spacer=5-10bp;gc_cont=0.548
3397:64388-64909|+   -            174 1827295at2           -             74   0.00069   17.5   0.0   1   1   7.4e-06    0.0015   16.4   0.0    10    33     6    29     1    33 0.88 3397_52 # 64388 # 64909 # 1 # ID=825_52;partial=00;start_type=ATG;rbs_motif=AGxAG;rbs_spacer=5-10bp;gc_cont=0.492
3400:139-2712|-      -            858 1827295at2           -             74    0.0014   16.5   0.0   1   2    0.0066       1.4    7.0   0.0    12    36   203   228   189   230 0.82 3400_1 # 139 # 2712 # -1 # ID=828_1;partial=00;start_type=ATG;rbs_motif=GGAGG;rbs_spacer=3-4bp;gc_cont=0.514
3400:139-2712|-      -            858 1827295at2           -             74    0.0014   16.5   0.0   2   2    0.0093       1.9    6.5   0.0    11    30   601   620   586   625 0.85 3400_1 # 139 # 2712 # -1 # ID=828_1;partial=00;start_type=ATG;rbs_motif=GGAGG;rbs_spacer=3-4bp;gc_cont=0.514
3399:45371-47107|-   -            579 1827295at2           -             74    0.0022   15.9   0.8   1   2    0.0015      0.31    9.0   0.1    10    32    35    57    22    66 0.82 3399_45 # 45371 # 47107 # -1 # ID=827_45;partial=00;start_type=ATG;rbs_motif=GGAG/GAGG;rbs_spacer=5-10bp;gc_cont=0.556
3399:45371-47107|-   -            579 1827295at2           -             74    0.0022   15.9   0.8   2   2     0.028       5.8    5.0   0.1     8    29   351   376   336   383 0.78 3399_45 # 45371 # 47107 # -1 # ID=827_45;partial=00;start_type=ATG;rbs_motif=GGAG/GAGG;rbs_spacer=5-10bp;gc_cont=0.556
3399:141280-143556|+ -            759 1827295at2           -             74    0.0025   15.8   0.1   1   2     0.025       5.1    5.1   0.0    12    31   211   230   197   237 0.82 3399_134 # 141280 # 143556 # 1 # ID=827_134;partial=00;start_type=ATG;rbs_motif=GGAGG;rbs_spacer=5-10bp;gc_cont=0.526
3399:141280-143556|+ -            759 1827295at2           -             74    0.0025   15.8   0.1   2   2    0.0034       0.7    7.9   0.1    10    33   490   513   472   517 0.84 3399_134 # 141280 # 143556 # 1 # ID=827_134;partial=00;start_type=ATG;rbs_motif=GGAGG;rbs_spacer=5-10bp;gc_cont=0.526
3399:179202-179885|+ -            228 1827295at2           -             74    0.0025   15.8   0.1   1   1   2.2e-05    0.0045   14.9   0.1     9    34     6    31     1    54 0.88 3399_161 # 179202 # 179885 # 1 # ID=827_161;partial=00;start_type=ATG;rbs_motif=AGGAG;rbs_spacer=5-10bp;gc_cont=0.537
3398:6183-7688|-     -            502 1827295at2           -             74    0.0028   15.6   0.6   1   2    0.0055       1.1    7.2   0.1     8    28    27    50    17    55 0.80 3398_7 # 6183 # 7688 # -1 # ID=826_7;partial=00;start_type=ATG;rbs_motif=GGAG/GAGG;rbs_spacer=5-10bp;gc_cont=0.512
3398:6183-7688|-     -            502 1827295at2           -             74    0.0028   15.6   0.6   2   2     0.013       2.6    6.1   0.1     9    32   279   302   269   308 0.81 3398_7 # 6183 # 7688 # -1 # ID=826_7;partial=00;start_type=ATG;rbs_motif=GGAG/GAGG;rbs_spacer=5-10bp;gc_cont=0.512
3391:115058-116035|- -            326 1827295at2           -             74    0.0063   14.5   0.0   1   1   8.9e-05     0.018   13.0   0.0    28    64    99   136    94   141 0.78 3391_110 # 115058 # 116035 # -1 # ID=819_110;partial=00;start_type=ATG;rbs_motif=GGAG/GAGG;rbs_spacer=5-10bp;gc_cont=0.527
3391:46265-47767|-   -            501 1827295at2           -             74    0.0071   14.3   0.2   1   2    0.0016      0.32    9.0   0.0     8    29    33    56    23    61 0.82 3391_41 # 46265 # 47767 # -1 # ID=819_41;partial=00;start_type=ATG;rbs_motif=GGxGG;rbs_spacer=5-10bp;gc_cont=0.556
3391:46265-47767|-   -            501 1827295at2           -             74    0.0071   14.3   0.2   2   2      0.16        33    2.5   0.0     8    26   284   304   266   310 0.81 3391_41 # 46265 # 47767 # -1 # ID=819_41;partial=00;start_type=ATG;rbs_motif=GGxGG;rbs_spacer=5-10bp;gc_cont=0.556
3326:12892-14406|-   -            505 1827295at2           -             74      0.01   13.8   1.2   1   2    0.0083       1.7    6.7   0.0     9    28    34    53    20    62 0.80 3326_13 # 12892 # 14406 # -1 # ID=780_13;partial=00;start_type=ATG;rbs_motif=GGAG/GAGG;rbs_spacer=5-10bp;gc_cont=0.521
3326:12892-14406|-   -            505 1827295at2           -             74      0.01   13.8   1.2   2   2      0.02       4.1    5.4   0.2     8    32   280   306   270   311 0.82 3326_13 # 12892 # 14406 # -1 # ID=780_13;partial=00;start_type=ATG;rbs_motif=GGAG/GAGG;rbs_spacer=5-10bp;gc_cont=0.521
3358:6978-8663|-     -            562 1827295at2           -             74     0.015   13.2   0.0   1   1   0.00018     0.037   12.0   0.0     9    41   394   429   382   434 0.78 3358_5 # 6978 # 8663 # -1 # ID=792_5;partial=00;start_type=ATG;rbs_motif=None;rbs_spacer=None;gc_cont=0.437
3369:108986-112117|+ -           1044 1827295at2           -             74     0.017   13.1   0.0   1   1    0.0002     0.042   11.8   0.0    10    33    32    55    21    60 0.83 3369_102 # 108986 # 112117 # 1 # ID=797_102;partial=00;start_type=ATG;rbs_motif=GGAG/GAGG;rbs_spacer=5-10bp;gc_cont=0.538
3406:22812-24323|-   -            504 1827295at2           -             74     0.017   13.1   0.2   1   2     0.011       2.2    6.3   0.1     9    28    37    56    25    60 0.81 3406_26 # 22812 # 24323 # -1 # ID=834_26;partial=00;start_type=ATG;rbs_motif=GGAG/GAGG;rbs_spacer=5-10bp;gc_cont=0.561
3406:22812-24323|-   -            504 1827295at2           -             74     0.017   13.1   0.2   2   2     0.057        12    4.0   0.0     8    29   287   309   274   313 0.83 3406_26 # 22812 # 24323 # -1 # ID=834_26;partial=00;start_type=ATG;rbs_motif=GGAG/GAGG;rbs_spacer=5-10bp;gc_cont=0.561
3369:66096-67370|-   -            425 1827295at2           -             74     0.019   13.0   0.1   1   1    0.0002     0.042   11.8   0.1     5    33   109   137   102   144 0.85 3369_60 # 66096 # 67370 # -1 # ID=797_60;partial=00;start_type=ATG;rbs_motif=GGAG/GAGG;rbs_spacer=5-10bp;gc_cont=0.517
3400:14973-16334|-   -            454 1827295at2           -             74     0.019   12.9   0.1   1   1    0.0002      0.04   11.9   0.1     2    33    91   125    88   130 0.84 3400_17 # 14973 # 16334 # -1 # ID=828_17;partial=00;start_type=ATG;rbs_motif=GGA/GAG/AGG;rbs_spacer=5-10bp;gc_cont=0.541
3387:53453-53932|-   -            160 1827295at2           -             74      0.02   12.8   0.1   1   1   0.00018     0.038   12.0   0.1    11    30     4    23     2    31 0.86 3387_60 # 53453 # 53932 # -1 # ID=815_60;partial=00;start_type=ATG;rbs_motif=GGAG/GAGG;rbs_spacer=5-10bp;gc_cont=0.500
3373:8462-9175|-     -            238 1827295at2           -             74     0.024   12.6   0.1   1   1   0.00021     0.043   11.8   0.1     8    29    29    52    17    59 0.80 3373_10 # 8462 # 9175 # -1 # ID=801_10;partial=00;start_type=ATG;rbs_motif=GGAG/GAGG;rbs_spacer=5-10bp;gc_cont=0.566
3250:7955-8635|+     -            227 1827295at2           -             74     0.033   12.1   0.0   1   1    0.0003     0.062   11.3   0.0     8    31    32    57    23    61 0.81 3250_11 # 7955 # 8635 # 1 # ID=758_11;partial=00;start_type=ATG;rbs_motif=GGAG/GAGG;rbs_spacer=5-10bp;gc_cont=0.602
3397:23586-25184|-   -            533 1827295at2           -             74     0.043   11.8   0.0   1   1   0.00052      0.11   10.5   0.0     9    30   209   230   198   240 0.81 3397_21 # 23586 # 25184 # -1 # ID=825_21;partial=00;start_type=ATG;rbs_motif=AGGA;rbs_spacer=5-10bp;gc_cont=0.558
3358:30810-32345|+   -            512 1827295at2           -             74     0.088   10.8   1.8   1   2      0.02       4.2    5.4   0.1     9    29    38    58    26    72 0.81 3358_21 # 30810 # 32345 # 1 # ID=792_21;partial=00;start_type=ATG;rbs_motif=GGxGG;rbs_spacer=3-4bp;gc_cont=0.533
3358:30810-32345|+   -            512 1827295at2           -             74     0.088   10.8   1.8   2   2     0.051        11    4.1   0.2     9    28   290   309   276   314 0.82 3358_21 # 30810 # 32345 # 1 # ID=792_21;partial=00;start_type=ATG;rbs_motif=GGxGG;rbs_spacer=3-4bp;gc_cont=0.533
#
# Program:         hmmsearch
# Version:         3.1b2 (February 2015)
# Pipeline mode:   SEARCH
# Query file:      /media/saurav/DATA/ubuntu/Learning/NGS/5-denovo/busco_downloads/lineages/bacteria_odb10/hmms/1827295at2.hmm
# Target file:     5-qc/BUSCO/abyss_ecoli_ass.out/prodigal_output/predicted_genes/predicted.faa
# Option settings: hmmsearch --domtblout 5-qc/BUSCO/abyss_ecoli_ass.out/run_bacteria_odb10/hmmer_output/1827295at2.out --cpu 1 /media/saurav/DATA/ubuntu/Learning/NGS/5-denovo/busco_downloads/lineages/bacteria_odb10/hmms/1827295at2.hmm 5-qc/BUSCO/abyss_ecoli_ass.out/prodigal_output/predicted_genes/predicted.faa 
# Current dir:     /media/saurav/DATA/ubuntu/Learning/NGS/5-denovo
# Date:            Sun Jul 28 18:56:45 2024
# [ok]
