#                                                                            --- full sequence --- -------------- this domain -------------   hmm coord   ali coord   env coord
# target name        accession   tlen query name           accession   qlen   E-value  score  bias   #  of  c-Evalue  i-Evalue  score  bias  from    to  from    to  from    to  acc description of target
#------------------- ---------- ----- -------------------- ---------- ----- --------- ------ ----- --- --- --------- --------- ------ ----- ----- ----- ----- ----- ----- ----- ---- ---------------------
3373:20128-20724|+   -            199 1827334at2           -             97   3.2e-29   98.9   0.0   1   2   4.8e-28   4.4e-25   85.7   0.0     1    75    12    95    12   110 0.86 3373_21 # 20128 # 20724 # 1 # ID=801_21;partial=00;start_type=ATG;rbs_motif=GGA/GAG/AGG;rbs_spacer=5-10bp;gc_cont=0.539
3373:20128-20724|+   -            199 1827334at2           -             97   3.2e-29   98.9   0.0   2   2   5.9e-05     0.054   11.7   0.0    55    91   102   140    94   160 0.63 3373_21 # 20128 # 20724 # 1 # ID=801_21;partial=00;start_type=ATG;rbs_motif=GGA/GAG/AGG;rbs_spacer=5-10bp;gc_cont=0.539
3406:57990-58727|-   -            246 1827334at2           -             97   0.00025   19.1   0.2   1   2    0.0004      0.36    9.0   0.1    34    61    46    72    42    91 0.77 3406_54 # 57990 # 58727 # -1 # ID=834_54;partial=00;start_type=ATG;rbs_motif=GGA/GAG/AGG;rbs_spacer=5-10bp;gc_cont=0.524
3406:57990-58727|-   -            246 1827334at2           -             97   0.00025   19.1   0.2   2   2   0.00074      0.67    8.1   0.0    65    84   108   127    95   141 0.78 3406_54 # 57990 # 58727 # -1 # ID=834_54;partial=00;start_type=ATG;rbs_motif=GGA/GAG/AGG;rbs_spacer=5-10bp;gc_cont=0.524
3399:225841-227949|+ -            703 1827334at2           -             97    0.0052   14.9   0.4   1   5     0.074        67    1.7   0.0    36    53   193   210   189   219 0.85 3399_200 # 225841 # 227949 # 1 # ID=827_200;partial=00;start_type=ATG;rbs_motif=3Base/5BMM;rbs_spacer=13-15bp;gc_cont=0.542
3399:225841-227949|+ -            703 1827334at2           -             97    0.0052   14.9   0.4   2   5       3.5   3.2e+03   -3.7   0.0    75    86   305   316   303   319 0.78 3399_200 # 225841 # 227949 # 1 # ID=827_200;partial=00;start_type=ATG;rbs_motif=3Base/5BMM;rbs_spacer=13-15bp;gc_cont=0.542
3399:225841-227949|+ -            703 1827334at2           -             97    0.0052   14.9   0.4   3   5       2.2     2e+03   -3.0   0.0    23    37   453   467   451   471 0.79 3399_200 # 225841 # 227949 # 1 # ID=827_200;partial=00;start_type=ATG;rbs_motif=3Base/5BMM;rbs_spacer=13-15bp;gc_cont=0.542
3399:225841-227949|+ -            703 1827334at2           -             97    0.0052   14.9   0.4   4   5      0.11     1e+02    1.1   0.0    35    67   541   573   535   583 0.88 3399_200 # 225841 # 227949 # 1 # ID=827_200;partial=00;start_type=ATG;rbs_motif=3Base/5BMM;rbs_spacer=13-15bp;gc_cont=0.542
3399:225841-227949|+ -            703 1827334at2           -             97    0.0052   14.9   0.4   5   5    0.0023       2.1    6.5   0.0    68    81   604   617   578   634 0.80 3399_200 # 225841 # 227949 # 1 # ID=827_200;partial=00;start_type=ATG;rbs_motif=3Base/5BMM;rbs_spacer=13-15bp;gc_cont=0.542
3379:44648-45532|+   -            295 1827334at2           -             97     0.017   13.2   0.0   1   2   0.00034      0.31    9.2   0.0    72    84    33    51    11    72 0.77 3379_43 # 44648 # 45532 # 1 # ID=807_43;partial=00;start_type=ATG;rbs_motif=GGAG/GAGG;rbs_spacer=5-10bp;gc_cont=0.475
3379:44648-45532|+   -            295 1827334at2           -             97     0.017   13.2   0.0   2   2     0.092        84    1.4   0.0    36    56   218   238   213   254 0.79 3379_43 # 44648 # 45532 # 1 # ID=807_43;partial=00;start_type=ATG;rbs_motif=GGAG/GAGG;rbs_spacer=5-10bp;gc_cont=0.475
3399:246776-247951|- -            392 1827334at2           -             97      0.04   12.0   0.1   1   2   0.00068      0.62    8.2   0.0    34    65   217   248   203   262 0.87 3399_219 # 246776 # 247951 # -1 # ID=827_219;partial=00;start_type=GTG;rbs_motif=GGA/GAG/AGG;rbs_spacer=5-10bp;gc_cont=0.520
3399:246776-247951|- -            392 1827334at2           -             97      0.04   12.0   0.1   2   2      0.14   1.2e+02    0.9   0.0    72    81   288   297   269   307 0.88 3399_219 # 246776 # 247951 # -1 # ID=827_219;partial=00;start_type=GTG;rbs_motif=GGA/GAG/AGG;rbs_spacer=5-10bp;gc_cont=0.520
#
# Program:         hmmsearch
# Version:         3.1b2 (February 2015)
# Pipeline mode:   SEARCH
# Query file:      /media/saurav/DATA/ubuntu/Learning/NGS/5-denovo/busco_downloads/lineages/bacteria_odb10/hmms/1827334at2.hmm
# Target file:     5-qc/BUSCO/abyss_ecoli_ass.out/prodigal_output/predicted_genes/predicted.faa
# Option settings: hmmsearch --domtblout 5-qc/BUSCO/abyss_ecoli_ass.out/run_bacteria_odb10/hmmer_output/1827334at2.out --cpu 1 /media/saurav/DATA/ubuntu/Learning/NGS/5-denovo/busco_downloads/lineages/bacteria_odb10/hmms/1827334at2.hmm 5-qc/BUSCO/abyss_ecoli_ass.out/prodigal_output/predicted_genes/predicted.faa 
# Current dir:     /media/saurav/DATA/ubuntu/Learning/NGS/5-denovo
# Date:            Sun Jul 28 18:56:45 2024
# [ok]
