#                                                                            --- full sequence --- -------------- this domain -------------   hmm coord   ali coord   env coord
# target name        accession   tlen query name           accession   qlen   E-value  score  bias   #  of  c-Evalue  i-Evalue  score  bias  from    to  from    to  from    to  acc description of target
#------------------- ---------- ----- -------------------- ---------- ----- --------- ------ ----- --- --- --------- --------- ------ ----- ----- ----- ----- ----- ----- ----- ---- ---------------------
3398:57737-59140|+   -            468 219876at2            -            282  8.1e-100  331.8   0.7   1   1  4.1e-102   1.7e-99  330.8   0.7     2   278   117   449   116   452 0.88 3398_53 # 57737 # 59140 # 1 # ID=826_53;partial=00;start_type=GTG;rbs_motif=GGAG/GAGG;rbs_spacer=5-10bp;gc_cont=0.541
3387:96536-97282|-   -            249 219876at2            -            282   1.4e-07   29.2   0.0   1   1   5.9e-10   2.4e-07   28.4   0.0    20   164    31   193    26   247 0.78 3387_100 # 96536 # 97282 # -1 # ID=815_100;partial=00;start_type=GTG;rbs_motif=GGA/GAG/AGG;rbs_spacer=3-4bp;gc_cont=0.531
3376:24430-25440|+   -            337 219876at2            -            282   4.7e-06   24.2   0.0   1   1   1.8e-08   7.4e-06   23.6   0.0    45   107    53   119    28   127 0.82 3376_26 # 24430 # 25440 # 1 # ID=804_26;partial=00;start_type=ATG;rbs_motif=GGAG/GAGG;rbs_spacer=5-10bp;gc_cont=0.527
3204:24764-25510|+   -            249 219876at2            -            282   7.7e-06   23.5   0.1   1   1   4.2e-08   1.7e-05   22.4   0.1     7    86    57   145    53   189 0.73 3204_29 # 24764 # 25510 # 1 # ID=748_29;partial=00;start_type=ATG;rbs_motif=AGxAGG/AGGxGG;rbs_spacer=5-10bp;gc_cont=0.527
3394:80892-81629|-   -            246 219876at2            -            282   2.3e-05   22.0   0.2   1   1   1.5e-07   6.4e-05   20.5   0.2     8   105    56   173    51   200 0.71 3394_73 # 80892 # 81629 # -1 # ID=822_73;partial=00;start_type=ATG;rbs_motif=GGAG/GAGG;rbs_spacer=5-10bp;gc_cont=0.508
3369:117787-118311|- -            175 219876at2            -            282   0.00081   16.9   0.0   1   2   1.9e-05     0.008   13.6   0.0    48    86     3    41     1    48 0.89 3369_110 # 117787 # 118311 # -1 # ID=797_110;partial=00;start_type=ATG;rbs_motif=GGA/GAG/AGG;rbs_spacer=5-10bp;gc_cont=0.524
3369:117787-118311|- -            175 219876at2            -            282   0.00081   16.9   0.0   2   2      0.13        55    1.0   0.0   102   135   131   163   128   173 0.68 3369_110 # 117787 # 118311 # -1 # ID=797_110;partial=00;start_type=ATG;rbs_motif=GGA/GAG/AGG;rbs_spacer=5-10bp;gc_cont=0.524
3383:77253-79196|-   -            648 219876at2            -            282    0.0086   13.5   0.0   1   1   4.8e-05      0.02   12.3   0.0    50    87   191   230   184   239 0.80 3383_72 # 77253 # 79196 # -1 # ID=811_72;partial=00;start_type=TTG;rbs_motif=GGAG/GAGG;rbs_spacer=5-10bp;gc_cont=0.536
3400:139-2712|-      -            858 219876at2            -            282     0.013   12.9   0.0   1   2     0.035        15    2.9   0.0    43    68   195   220   180   225 0.74 3400_1 # 139 # 2712 # -1 # ID=828_1;partial=00;start_type=ATG;rbs_motif=GGAGG;rbs_spacer=3-4bp;gc_cont=0.514
3400:139-2712|-      -            858 219876at2            -            282     0.013   12.9   0.0   2   2    0.0024      0.98    6.7   0.0    50    69   601   620   581   641 0.84 3400_1 # 139 # 2712 # -1 # ID=828_1;partial=00;start_type=ATG;rbs_motif=GGAGG;rbs_spacer=3-4bp;gc_cont=0.514
3403:27067-28989|+   -            641 219876at2            -            282     0.023   12.1   0.0   1   1   0.00011     0.045   11.1   0.0    42    71   345   373   322   376 0.86 3403_28 # 27067 # 28989 # 1 # ID=831_28;partial=00;start_type=ATG;rbs_motif=GGA/GAG/AGG;rbs_spacer=5-10bp;gc_cont=0.522
3369:63554-65908|-   -            785 219876at2            -            282     0.024   12.0   1.3   1   2      0.11        45    1.3   0.5   135   219   164   244   146   259 0.81 3369_59 # 63554 # 65908 # -1 # ID=797_59;partial=00;start_type=ATG;rbs_motif=GGA/GAG/AGG;rbs_spacer=5-10bp;gc_cont=0.524
3369:63554-65908|-   -            785 219876at2            -            282     0.024   12.0   1.3   2   2   0.00049       0.2    9.0   0.0    40    76   342   378   336   381 0.82 3369_59 # 63554 # 65908 # -1 # ID=797_59;partial=00;start_type=ATG;rbs_motif=GGA/GAG/AGG;rbs_spacer=5-10bp;gc_cont=0.524
3399:156010-157353|+ -            448 219876at2            -            282     0.027   11.9   0.0   1   1   0.00011     0.046   11.1   0.0    40   154    43   171     8   182 0.63 3399_143 # 156010 # 157353 # 1 # ID=827_143;partial=00;start_type=GTG;rbs_motif=GGAG/GAGG;rbs_spacer=5-10bp;gc_cont=0.536
#
# Program:         hmmsearch
# Version:         3.1b2 (February 2015)
# Pipeline mode:   SEARCH
# Query file:      /media/saurav/DATA/ubuntu/Learning/NGS/5-denovo/busco_downloads/lineages/bacteria_odb10/hmms/219876at2.hmm
# Target file:     5-qc/BUSCO/abyss_ecoli_ass.out/prodigal_output/predicted_genes/predicted.faa
# Option settings: hmmsearch --domtblout 5-qc/BUSCO/abyss_ecoli_ass.out/run_bacteria_odb10/hmmer_output/219876at2.out --cpu 1 /media/saurav/DATA/ubuntu/Learning/NGS/5-denovo/busco_downloads/lineages/bacteria_odb10/hmms/219876at2.hmm 5-qc/BUSCO/abyss_ecoli_ass.out/prodigal_output/predicted_genes/predicted.faa 
# Current dir:     /media/saurav/DATA/ubuntu/Learning/NGS/5-denovo
# Date:            Sun Jul 28 18:56:45 2024
# [ok]
