#                                                                            --- full sequence --- -------------- this domain -------------   hmm coord   ali coord   env coord
# target name        accession   tlen query name           accession   qlen   E-value  score  bias   #  of  c-Evalue  i-Evalue  score  bias  from    to  from    to  from    to  acc description of target
#------------------- ---------- ----- -------------------- ---------- ----- --------- ------ ----- --- --- --------- --------- ------ ----- ----- ----- ----- ----- ----- ----- ---- ---------------------
3376:19264-21036|+   -            591 226836at2            -            473  4.7e-184  610.0   0.0   1   1  9.1e-187  8.3e-184  609.2   0.0     1   473     2   579     2   579 0.84 3376_20 # 19264 # 21036 # 1 # ID=804_20;partial=00;start_type=ATG;rbs_motif=GGA/GAG/AGG;rbs_spacer=5-10bp;gc_cont=0.538
3391:143945-145462|+ -            506 226836at2            -            473   6.8e-34  114.9   4.0   1   2   2.3e-22   2.1e-19   67.1   1.3     6   242    59   322    55   365 0.75 3391_140 # 143945 # 145462 # 1 # ID=819_140;partial=00;start_type=ATG;rbs_motif=GGAG/GAGG;rbs_spacer=5-10bp;gc_cont=0.474
3391:143945-145462|+ -            506 226836at2            -            473   6.8e-34  114.9   4.0   2   2   1.8e-16   1.7e-13   47.6   0.1   364   450   410   500   366   504 0.77 3391_140 # 143945 # 145462 # 1 # ID=819_140;partial=00;start_type=ATG;rbs_motif=GGAG/GAGG;rbs_spacer=5-10bp;gc_cont=0.474
3388:94725-96242|+   -            506 226836at2            -            473   5.5e-33  111.9   3.1   1   2     4e-22   3.6e-19   66.3   0.8     6   241    59   321    55   364 0.74 3388_87 # 94725 # 96242 # 1 # ID=816_87;partial=00;start_type=ATG;rbs_motif=GGAG/GAGG;rbs_spacer=5-10bp;gc_cont=0.531
3388:94725-96242|+   -            506 226836at2            -            473   5.5e-33  111.9   3.1   2   2   1.2e-15   1.1e-12   45.0   0.1   364   450   410   500   368   504 0.76 3388_87 # 94725 # 96242 # 1 # ID=816_87;partial=00;start_type=ATG;rbs_motif=GGAG/GAGG;rbs_spacer=5-10bp;gc_cont=0.531
3399:205587-206987|- -            467 226836at2            -            473   4.2e-21   72.7   0.1   1   3   1.8e-08   1.6e-05   21.3   0.0    12   146    17   175    10   190 0.69 3399_181 # 205587 # 206987 # -1 # ID=827_181;partial=00;start_type=ATG;rbs_motif=GGA/GAG/AGG;rbs_spacer=5-10bp;gc_cont=0.523
3399:205587-206987|- -            467 226836at2            -            473   4.2e-21   72.7   0.1   2   3   5.6e-05     0.051    9.8   0.1   176   229   222   279   209   322 0.84 3399_181 # 205587 # 206987 # -1 # ID=827_181;partial=00;start_type=ATG;rbs_motif=GGA/GAG/AGG;rbs_spacer=5-10bp;gc_cont=0.523
3399:205587-206987|- -            467 226836at2            -            473   4.2e-21   72.7   0.1   3   3   1.6e-13   1.5e-10   37.9   0.0   362   453   374   462   345   466 0.86 3399_181 # 205587 # 206987 # -1 # ID=827_181;partial=00;start_type=ATG;rbs_motif=GGA/GAG/AGG;rbs_spacer=5-10bp;gc_cont=0.523
3391:115058-116035|- -            326 226836at2            -            473   2.6e-19   66.8   0.3   1   2   8.1e-11   7.3e-08   29.0   0.1   122   263    27   185    14   200 0.75 3391_110 # 115058 # 116035 # -1 # ID=819_110;partial=00;start_type=ATG;rbs_motif=GGAG/GAGG;rbs_spacer=5-10bp;gc_cont=0.527
3391:115058-116035|- -            326 226836at2            -            473   2.6e-19   66.8   0.3   2   2   5.9e-13   5.3e-10   36.1   0.0   361   449   229   321   206   325 0.80 3391_110 # 115058 # 116035 # -1 # ID=819_110;partial=00;start_type=ATG;rbs_motif=GGAG/GAGG;rbs_spacer=5-10bp;gc_cont=0.527
#
# Program:         hmmsearch
# Version:         3.1b2 (February 2015)
# Pipeline mode:   SEARCH
# Query file:      /media/saurav/DATA/ubuntu/Learning/NGS/5-denovo/busco_downloads/lineages/bacteria_odb10/hmms/226836at2.hmm
# Target file:     5-qc/BUSCO/abyss_ecoli_ass.out/prodigal_output/predicted_genes/predicted.faa
# Option settings: hmmsearch --domtblout 5-qc/BUSCO/abyss_ecoli_ass.out/run_bacteria_odb10/hmmer_output/226836at2.out --cpu 1 /media/saurav/DATA/ubuntu/Learning/NGS/5-denovo/busco_downloads/lineages/bacteria_odb10/hmms/226836at2.hmm 5-qc/BUSCO/abyss_ecoli_ass.out/prodigal_output/predicted_genes/predicted.faa 
# Current dir:     /media/saurav/DATA/ubuntu/Learning/NGS/5-denovo
# Date:            Sun Jul 28 18:56:46 2024
# [ok]
