#                                                                            --- full sequence --- -------------- this domain -------------   hmm coord   ali coord   env coord
# target name        accession   tlen query name           accession   qlen   E-value  score  bias   #  of  c-Evalue  i-Evalue  score  bias  from    to  from    to  from    to  acc description of target
#------------------- ---------- ----- -------------------- ---------- ----- --------- ------ ----- --- --- --------- --------- ------ ----- ----- ----- ----- ----- ----- ----- ---- ---------------------
3374:123285-124802|- -            506 267682at2            -            304   5.7e-81  269.9   3.4   1   2   3.7e-15   3.3e-12   44.1   0.3     7    73    15   115     2   155 0.77 3374_112 # 123285 # 124802 # -1 # ID=802_112;partial=00;start_type=ATG;rbs_motif=GGAG/GAGG;rbs_spacer=5-10bp;gc_cont=0.529
3374:123285-124802|- -            506 267682at2            -            304   5.7e-81  269.9   3.4   2   2   1.2e-66   1.1e-63  213.2   0.2    83   296   163   447   136   451 0.80 3374_112 # 123285 # 124802 # -1 # ID=802_112;partial=00;start_type=ATG;rbs_motif=GGAG/GAGG;rbs_spacer=5-10bp;gc_cont=0.529
3397:37887-38570|-   -            228 267682at2            -            304   0.00023   18.4   0.0   1   1   3.4e-07   0.00031   17.9   0.0   202   259   165   221   150   226 0.76 3397_29 # 37887 # 38570 # -1 # ID=825_29;partial=00;start_type=ATG;rbs_motif=AGGA;rbs_spacer=5-10bp;gc_cont=0.558
3403:36932-37945|-   -            338 267682at2            -            304   0.00039   17.6   0.4   1   2       1.1     1e+03   -3.5   0.0   124   143    64    83    61    83 0.83 3403_35 # 36932 # 37945 # -1 # ID=831_35;partial=00;start_type=ATG;rbs_motif=GGA/GAG/AGG;rbs_spacer=5-10bp;gc_cont=0.527
3403:36932-37945|-   -            338 267682at2            -            304   0.00039   17.6   0.4   2   2   6.7e-07   0.00061   17.0   0.1   206   263   216   273   195   289 0.88 3403_35 # 36932 # 37945 # -1 # ID=831_35;partial=00;start_type=ATG;rbs_motif=GGA/GAG/AGG;rbs_spacer=5-10bp;gc_cont=0.527
3398:27798-29627|+   -            610 267682at2            -            304    0.0069   13.5   0.1   1   2     0.017        15    2.5   0.0     8    53    16    64    10    67 0.79 3398_27 # 27798 # 29627 # 1 # ID=826_27;partial=00;start_type=ATG;rbs_motif=GGA/GAG/AGG;rbs_spacer=5-10bp;gc_cont=0.536
3398:27798-29627|+   -            610 267682at2            -            304    0.0069   13.5   0.1   2   2   0.00026      0.24    8.5   0.0    37    75    69   114    56   136 0.78 3398_27 # 27798 # 29627 # 1 # ID=826_27;partial=00;start_type=ATG;rbs_motif=GGA/GAG/AGG;rbs_spacer=5-10bp;gc_cont=0.536
3398:125557-126198|+ -            214 267682at2            -            304     0.019   12.0   0.0   1   1   2.6e-05     0.024   11.7   0.0   226   255   118   147    74   156 0.89 3398_114 # 125557 # 126198 # 1 # ID=826_114;partial=00;start_type=ATG;rbs_motif=AGGAG;rbs_spacer=5-10bp;gc_cont=0.531
#
# Program:         hmmsearch
# Version:         3.1b2 (February 2015)
# Pipeline mode:   SEARCH
# Query file:      /media/saurav/DATA/ubuntu/Learning/NGS/5-denovo/busco_downloads/lineages/bacteria_odb10/hmms/267682at2.hmm
# Target file:     5-qc/BUSCO/abyss_ecoli_ass.out/prodigal_output/predicted_genes/predicted.faa
# Option settings: hmmsearch --domtblout 5-qc/BUSCO/abyss_ecoli_ass.out/run_bacteria_odb10/hmmer_output/267682at2.out --cpu 1 /media/saurav/DATA/ubuntu/Learning/NGS/5-denovo/busco_downloads/lineages/bacteria_odb10/hmms/267682at2.hmm 5-qc/BUSCO/abyss_ecoli_ass.out/prodigal_output/predicted_genes/predicted.faa 
# Current dir:     /media/saurav/DATA/ubuntu/Learning/NGS/5-denovo
# Date:            Sun Jul 28 18:56:46 2024
# [ok]
