#                                                                            --- full sequence --- -------------- this domain -------------   hmm coord   ali coord   env coord
# target name        accession   tlen query name           accession   qlen   E-value  score  bias   #  of  c-Evalue  i-Evalue  score  bias  from    to  from    to  from    to  acc description of target
#------------------- ---------- ----- -------------------- ---------- ----- --------- ------ ----- --- --- --------- --------- ------ ----- ----- ----- ----- ----- ----- ----- ---- ---------------------
3404:24125-26158|+   -            678 761140at2            -            323   1.1e-58  197.2  11.1   1   3   4.6e-28   5.2e-25   86.5   0.1     1   115     6   154     6   158 0.80 3404_27 # 24125 # 26158 # 1 # ID=832_27;partial=00;start_type=ATG;rbs_motif=None;rbs_spacer=None;gc_cont=0.530
3404:24125-26158|+   -            678 761140at2            -            323   1.1e-58  197.2  11.1   2   3   9.4e-25   1.1e-21   75.7   3.9   128   258   215   410   206   429 0.79 3404_27 # 24125 # 26158 # 1 # ID=832_27;partial=00;start_type=ATG;rbs_motif=None;rbs_spacer=None;gc_cont=0.530
3404:24125-26158|+   -            678 761140at2            -            323   1.1e-58  197.2  11.1   3   3   3.2e-11   3.6e-08   31.2   0.0   251   314   436   508   419   512 0.81 3404_27 # 24125 # 26158 # 1 # ID=832_27;partial=00;start_type=ATG;rbs_motif=None;rbs_spacer=None;gc_cont=0.530
3370:12953-15535|+   -            861 761140at2            -            323   8.8e-10   36.5   1.6   1   4   9.1e-10     1e-06   26.4   0.0     2    58    34    95    33   107 0.81 3370_13 # 12953 # 15535 # 1 # ID=798_13;partial=00;start_type=ATG;rbs_motif=AGGA/GGAG/GAGG;rbs_spacer=11-12bp;gc_cont=0.533
3370:12953-15535|+   -            861 761140at2            -            323   8.8e-10   36.5   1.6   2   4     0.052        60    0.9   0.0   130   151   411   433   397   438 0.82 3370_13 # 12953 # 15535 # 1 # ID=798_13;partial=00;start_type=ATG;rbs_motif=AGGA/GGAG/GAGG;rbs_spacer=11-12bp;gc_cont=0.533
3370:12953-15535|+   -            861 761140at2            -            323   8.8e-10   36.5   1.6   3   4      0.49   5.5e+02   -2.3   0.0   214   253   640   681   638   716 0.63 3370_13 # 12953 # 15535 # 1 # ID=798_13;partial=00;start_type=ATG;rbs_motif=AGGA/GGAG/GAGG;rbs_spacer=11-12bp;gc_cont=0.533
3370:12953-15535|+   -            861 761140at2            -            323   8.8e-10   36.5   1.6   4   4    0.0025       2.8    5.3   0.2   251   306   720   769   694   782 0.80 3370_13 # 12953 # 15535 # 1 # ID=798_13;partial=00;start_type=ATG;rbs_motif=AGGA/GGAG/GAGG;rbs_spacer=11-12bp;gc_cont=0.533
3393:198258-201074|- -            939 761140at2            -            323   1.7e-08   32.3   0.3   1   4   4.3e-08   4.9e-05   20.9   0.0     2    56    50   109    49   134 0.83 3393_176 # 198258 # 201074 # -1 # ID=821_176;partial=00;start_type=ATG;rbs_motif=GGA/GAG/AGG;rbs_spacer=5-10bp;gc_cont=0.557
3393:198258-201074|- -            939 761140at2            -            323   1.7e-08   32.3   0.3   2   4     0.033        37    1.6   0.1   124   150   446   474   440   479 0.81 3393_176 # 198258 # 201074 # -1 # ID=821_176;partial=00;start_type=ATG;rbs_motif=GGA/GAG/AGG;rbs_spacer=5-10bp;gc_cont=0.557
3393:198258-201074|- -            939 761140at2            -            323   1.7e-08   32.3   0.3   3   4      0.39   4.4e+02   -1.9   0.0   205   215   600   610   585   626 0.68 3393_176 # 198258 # 201074 # -1 # ID=821_176;partial=00;start_type=ATG;rbs_motif=GGA/GAG/AGG;rbs_spacer=5-10bp;gc_cont=0.557
3393:198258-201074|- -            939 761140at2            -            323   1.7e-08   32.3   0.3   4   4    0.0039       4.4    4.6   0.0   221   309   692   774   685   778 0.76 3393_176 # 198258 # 201074 # -1 # ID=821_176;partial=00;start_type=ATG;rbs_motif=GGA/GAG/AGG;rbs_spacer=5-10bp;gc_cont=0.557
3391:14998-17853|+   -            952 761140at2            -            323   4.5e-07   27.6   5.0   1   5     5e-07   0.00057   17.4   0.0     2    61    34    98    33   167 0.83 3391_15 # 14998 # 17853 # 1 # ID=819_15;partial=00;start_type=ATG;rbs_motif=GGA/GAG/AGG;rbs_spacer=3-4bp;gc_cont=0.546
3391:14998-17853|+   -            952 761140at2            -            323   4.5e-07   27.6   5.0   2   5     0.028        31    1.8   0.1   136   161   420   440   383   466 0.78 3391_15 # 14998 # 17853 # 1 # ID=819_15;partial=00;start_type=ATG;rbs_motif=GGA/GAG/AGG;rbs_spacer=3-4bp;gc_cont=0.546
3391:14998-17853|+   -            952 761140at2            -            323   4.5e-07   27.6   5.0   3   5     0.029        33    1.8   0.4   169   198   495   524   489   530 0.82 3391_15 # 14998 # 17853 # 1 # ID=819_15;partial=00;start_type=ATG;rbs_motif=GGA/GAG/AGG;rbs_spacer=3-4bp;gc_cont=0.546
3391:14998-17853|+   -            952 761140at2            -            323   4.5e-07   27.6   5.0   4   5     0.017        19    2.5   0.0   182   215   532   562   523   602 0.85 3391_15 # 14998 # 17853 # 1 # ID=819_15;partial=00;start_type=ATG;rbs_motif=GGA/GAG/AGG;rbs_spacer=3-4bp;gc_cont=0.546
3391:14998-17853|+   -            952 761140at2            -            323   4.5e-07   27.6   5.0   5   5     0.071        80    0.5   0.0   282   309   734   761   704   770 0.71 3391_15 # 14998 # 17853 # 1 # ID=819_15;partial=00;start_type=ATG;rbs_motif=GGA/GAG/AGG;rbs_spacer=3-4bp;gc_cont=0.546
#
# Program:         hmmsearch
# Version:         3.1b2 (February 2015)
# Pipeline mode:   SEARCH
# Query file:      /media/saurav/DATA/ubuntu/Learning/NGS/5-denovo/busco_downloads/lineages/bacteria_odb10/hmms/761140at2.hmm
# Target file:     5-qc/BUSCO/abyss_ecoli_ass.out/prodigal_output/predicted_genes/predicted.faa
# Option settings: hmmsearch --domtblout 5-qc/BUSCO/abyss_ecoli_ass.out/run_bacteria_odb10/hmmer_output/761140at2.out --cpu 1 /media/saurav/DATA/ubuntu/Learning/NGS/5-denovo/busco_downloads/lineages/bacteria_odb10/hmms/761140at2.hmm 5-qc/BUSCO/abyss_ecoli_ass.out/prodigal_output/predicted_genes/predicted.faa 
# Current dir:     /media/saurav/DATA/ubuntu/Learning/NGS/5-denovo
# Date:            Sun Jul 28 18:56:46 2024
# [ok]
