#                                                                            --- full sequence --- -------------- this domain -------------   hmm coord   ali coord   env coord
# target name        accession   tlen query name           accession   qlen   E-value  score  bias   #  of  c-Evalue  i-Evalue  score  bias  from    to  from    to  from    to  acc description of target
#------------------- ---------- ----- -------------------- ---------- ----- --------- ------ ----- --- --- --------- --------- ------ ----- ----- ----- ----- ----- ----- ----- ---- ---------------------
3376:24430-25440|+   -            337 874197at2            -            274  1.5e-129  429.0   0.3   1   1  7.6e-132  2.3e-129  428.4   0.3     1   273    20   321    20   322 0.92 3376_26 # 24430 # 25440 # 1 # ID=804_26;partial=00;start_type=ATG;rbs_motif=GGAG/GAGG;rbs_spacer=5-10bp;gc_cont=0.527
3399:156010-157353|+ -            448 874197at2            -            274   3.6e-12   44.0   0.0   1   1   2.7e-14   8.1e-12   42.9   0.0     3   115    19   138    17   154 0.74 3399_143 # 156010 # 157353 # 1 # ID=827_143;partial=00;start_type=GTG;rbs_motif=GGAG/GAGG;rbs_spacer=5-10bp;gc_cont=0.536
3369:66096-67370|-   -            425 874197at2            -            274   4.8e-07   27.2   0.0   1   1   3.4e-09     1e-06   26.1   0.0     3    84    69   165    67   198 0.70 3369_60 # 66096 # 67370 # -1 # ID=797_60;partial=00;start_type=ATG;rbs_motif=GGAG/GAGG;rbs_spacer=5-10bp;gc_cont=0.517
3383:77253-79196|-   -            648 874197at2            -            274   3.6e-06   24.4   0.0   1   2   2.6e-08     8e-06   23.2   0.0    32    95   185   256   147   261 0.65 3383_72 # 77253 # 79196 # -1 # ID=811_72;partial=00;start_type=TTG;rbs_motif=GGAG/GAGG;rbs_spacer=5-10bp;gc_cont=0.536
3383:77253-79196|-   -            648 874197at2            -            274   3.6e-06   24.4   0.0   2   2       5.1   1.5e+03   -3.9   0.0    38    57   351   370   334   394 0.70 3383_72 # 77253 # 79196 # -1 # ID=811_72;partial=00;start_type=TTG;rbs_motif=GGAG/GAGG;rbs_spacer=5-10bp;gc_cont=0.536
3399:141280-143556|+ -            759 874197at2            -            274   1.3e-05   22.5   1.3   1   2   0.00069      0.21    8.8   0.4    75    99   265   291   191   294 0.53 3399_134 # 141280 # 143556 # 1 # ID=827_134;partial=00;start_type=ATG;rbs_motif=GGAGG;rbs_spacer=5-10bp;gc_cont=0.526
3399:141280-143556|+ -            759 874197at2            -            274   1.3e-05   22.5   1.3   2   2   0.00043      0.13    9.4   0.0    12    63   461   516   451   530 0.79 3399_134 # 141280 # 143556 # 1 # ID=827_134;partial=00;start_type=ATG;rbs_motif=GGAGG;rbs_spacer=5-10bp;gc_cont=0.526
3400:139-2712|-      -            858 874197at2            -            274   1.8e-05   22.1   0.2   1   2    0.0018      0.55    7.4   0.3    35    99   199   284   175   294 0.58 3400_1 # 139 # 2712 # -1 # ID=828_1;partial=00;start_type=ATG;rbs_motif=GGAGG;rbs_spacer=3-4bp;gc_cont=0.514
3400:139-2712|-      -            858 874197at2            -            274   1.8e-05   22.1   0.2   2   2   0.00065       0.2    8.8   0.0    12    59   571   622   563   640 0.74 3400_1 # 139 # 2712 # -1 # ID=828_1;partial=00;start_type=ATG;rbs_motif=GGAGG;rbs_spacer=3-4bp;gc_cont=0.514
3394:80892-81629|-   -            246 874197at2            -            274   0.00031   18.0   0.1   1   1   1.8e-06   0.00056   17.2   0.1    32    99    96   175    62   193 0.70 3394_73 # 80892 # 81629 # -1 # ID=822_73;partial=00;start_type=ATG;rbs_motif=GGAG/GAGG;rbs_spacer=5-10bp;gc_cont=0.508
3369:63554-65908|-   -            785 874197at2            -            274   0.00053   17.3   0.0   1   1   6.3e-06    0.0019   15.4   0.0    10    70   323   385   319   506 0.82 3369_59 # 63554 # 65908 # -1 # ID=797_59;partial=00;start_type=ATG;rbs_motif=GGA/GAG/AGG;rbs_spacer=5-10bp;gc_cont=0.524
3377:44440-45771|+   -            444 874197at2            -            274   0.00069   16.9   1.3   1   4   4.3e-05     0.013   12.7   0.0    12    64    18    79     8   133 0.67 3377_37 # 44440 # 45771 # 1 # ID=805_37;partial=00;start_type=ATG;rbs_motif=AGGA;rbs_spacer=5-10bp;gc_cont=0.526
3377:44440-45771|+   -            444 874197at2            -            274   0.00069   16.9   1.3   2   4       2.6     8e+02   -3.0   0.0   206   242   155   191   154   203 0.76 3377_37 # 44440 # 45771 # 1 # ID=805_37;partial=00;start_type=ATG;rbs_motif=AGGA;rbs_spacer=5-10bp;gc_cont=0.526
3377:44440-45771|+   -            444 874197at2            -            274   0.00069   16.9   1.3   3   4     0.098        30    1.7   0.1    80    99   243   262   217   265 0.81 3377_37 # 44440 # 45771 # 1 # ID=805_37;partial=00;start_type=ATG;rbs_motif=AGGA;rbs_spacer=5-10bp;gc_cont=0.526
3377:44440-45771|+   -            444 874197at2            -            274   0.00069   16.9   1.3   4   4       6.2   1.9e+03   -4.2   0.0    96   116   400   420   398   424 0.74 3377_37 # 44440 # 45771 # 1 # ID=805_37;partial=00;start_type=ATG;rbs_motif=AGGA;rbs_spacer=5-10bp;gc_cont=0.526
3380:84969-86489|+   -            507 874197at2            -            274   0.00082   16.6   0.1   1   2   8.6e-06    0.0026   15.0   0.0     3    55   185   230   183   242 0.84 3380_82 # 84969 # 86489 # 1 # ID=808_82;partial=00;start_type=ATG;rbs_motif=AGGAGG;rbs_spacer=3-4bp;gc_cont=0.509
3380:84969-86489|+   -            507 874197at2            -            274   0.00082   16.6   0.1   2   2       2.4   7.2e+02   -2.9   0.0    84    98   292   306   290   333 0.76 3380_82 # 84969 # 86489 # 1 # ID=808_82;partial=00;start_type=ATG;rbs_motif=AGGAGG;rbs_spacer=3-4bp;gc_cont=0.509
3369:30813-32744|-   -            644 874197at2            -            274    0.0013   16.0   0.0   1   2   1.1e-05    0.0033   14.6   0.0     5    69    11    72     7    84 0.79 3369_28 # 30813 # 32744 # -1 # ID=797_28;partial=00;start_type=ATG;rbs_motif=GGA/GAG/AGG;rbs_spacer=5-10bp;gc_cont=0.577
3369:30813-32744|-   -            644 874197at2            -            274    0.0013   16.0   0.0   2   2         2     6e+02   -2.6   0.0    87   100   120   133    91   141 0.67 3369_28 # 30813 # 32744 # -1 # ID=797_28;partial=00;start_type=ATG;rbs_motif=GGA/GAG/AGG;rbs_spacer=5-10bp;gc_cont=0.577
3399:227961-229868|+ -            636 874197at2            -            274    0.0042   14.3   0.0   1   2    0.0058       1.8    5.7   0.0    28    61    22    55    18    59 0.85 3399_201 # 227961 # 229868 # 1 # ID=827_201;partial=00;start_type=ATG;rbs_motif=AGGA;rbs_spacer=5-10bp;gc_cont=0.524
3399:227961-229868|+ -            636 874197at2            -            274    0.0042   14.3   0.0   2   2    0.0044       1.3    6.1   0.0    36    60   346   370   332   385 0.82 3399_201 # 227961 # 229868 # 1 # ID=827_201;partial=00;start_type=ATG;rbs_motif=AGGA;rbs_spacer=5-10bp;gc_cont=0.524
3376:100944-102875|- -            644 874197at2            -            274      0.01   13.1   0.0   1   1   6.7e-05      0.02   12.1   0.0     6    56    73   124    69   137 0.82 3376_103 # 100944 # 102875 # -1 # ID=804_103;partial=00;start_type=ATG;rbs_motif=AGGA;rbs_spacer=5-10bp;gc_cont=0.502
3394:58613-60010|-   -            466 874197at2            -            274     0.011   12.9   0.0   1   1   7.3e-05     0.022   11.9   0.0    24    56   189   221   175   229 0.86 3394_57 # 58613 # 60010 # -1 # ID=822_57;partial=00;start_type=ATG;rbs_motif=GGAG/GAGG;rbs_spacer=5-10bp;gc_cont=0.403
3369:8328-9005|-     -            226 874197at2            -            274     0.013   12.7   0.0   1   1   7.5e-05     0.023   11.9   0.0    37   106    35   100    25   174 0.76 3369_8 # 8328 # 9005 # -1 # ID=797_8;partial=00;start_type=ATG;rbs_motif=GGA/GAG/AGG;rbs_spacer=5-10bp;gc_cont=0.456
#
# Program:         hmmsearch
# Version:         3.1b2 (February 2015)
# Pipeline mode:   SEARCH
# Query file:      /media/saurav/DATA/ubuntu/Learning/NGS/5-denovo/busco_downloads/lineages/bacteria_odb10/hmms/874197at2.hmm
# Target file:     5-qc/BUSCO/abyss_ecoli_ass.out/prodigal_output/predicted_genes/predicted.faa
# Option settings: hmmsearch --domtblout 5-qc/BUSCO/abyss_ecoli_ass.out/run_bacteria_odb10/hmmer_output/874197at2.out --cpu 1 /media/saurav/DATA/ubuntu/Learning/NGS/5-denovo/busco_downloads/lineages/bacteria_odb10/hmms/874197at2.hmm 5-qc/BUSCO/abyss_ecoli_ass.out/prodigal_output/predicted_genes/predicted.faa 
# Current dir:     /media/saurav/DATA/ubuntu/Learning/NGS/5-denovo
# Date:            Sun Jul 28 18:56:47 2024
# [ok]
