#                                                                            --- full sequence --- -------------- this domain -------------   hmm coord   ali coord   env coord
# target name        accession   tlen query name           accession   qlen   E-value  score  bias   #  of  c-Evalue  i-Evalue  score  bias  from    to  from    to  from    to  acc description of target
#------------------- ---------- ----- -------------------- ---------- ----- --------- ------ ----- --- --- --------- --------- ------ ----- ----- ----- ----- ----- ----- ----- ---- ---------------------
3293:1936-3225|+     -            430 932854at2            -           1620  3.6e-208  692.2   1.4   1   1  5.3e-211    4e-208  692.1   1.4     2   419     1   427     1   429 0.98 3293_2 # 1936 # 3225 # 1 # ID=773_2;partial=00;start_type=ATG;rbs_motif=GGAG/GAGG;rbs_spacer=5-10bp;gc_cont=0.582
3406:37619-41506|-   -           1296 932854at2            -           1620   1.6e-46  156.4   0.0   1   3   1.4e-08   1.1e-05   21.1   0.0   597   667   177   247   115   270 0.87 3406_36 # 37619 # 41506 # -1 # ID=834_36;partial=00;start_type=ATG;rbs_motif=GGA/GAG/AGG;rbs_spacer=5-10bp;gc_cont=0.568
3406:37619-41506|-   -           1296 932854at2            -           1620   1.6e-46  156.4   0.0   2   3   8.9e-28   6.7e-25   84.7   0.0   732  1151   288   738   275   845 0.76 3406_36 # 37619 # 41506 # -1 # ID=834_36;partial=00;start_type=ATG;rbs_motif=GGA/GAG/AGG;rbs_spacer=5-10bp;gc_cont=0.568
3406:37619-41506|-   -           1296 932854at2            -           1620   1.6e-46  156.4   0.0   3   3   2.6e-16   1.9e-13   46.8   0.0  1367  1596  1040  1266  1034  1273 0.73 3406_36 # 37619 # 41506 # -1 # ID=834_36;partial=00;start_type=ATG;rbs_motif=GGA/GAG/AGG;rbs_spacer=5-10bp;gc_cont=0.568
3393:189428-192649|- -           1074 932854at2            -           1620   7.8e-05   18.2   0.3   1   2   5.6e-05     0.042    9.2   0.0   110   187   136   212   108   269 0.91 3393_169 # 189428 # 192649 # -1 # ID=821_169;partial=00;start_type=ATG;rbs_motif=AGGAG;rbs_spacer=5-10bp;gc_cont=0.563
3393:189428-192649|- -           1074 932854at2            -           1620   7.8e-05   18.2   0.3   2   2   0.00023      0.17    7.1   0.0    55   202   627   774   597   779 0.83 3393_169 # 189428 # 192649 # -1 # ID=821_169;partial=00;start_type=ATG;rbs_motif=AGGAG;rbs_spacer=5-10bp;gc_cont=0.563
3378:16305-17471|-   -            389 932854at2            -           1620   0.00017   17.1   0.0   1   1   3.2e-07   0.00024   16.6   0.0   106   173     8    80     6    89 0.89 3378_17 # 16305 # 17471 # -1 # ID=806_17;partial=00;start_type=ATG;rbs_motif=GGA/GAG/AGG;rbs_spacer=5-10bp;gc_cont=0.544
3379:38912-40261|+   -            450 932854at2            -           1620   0.00026   16.5   0.0   1   1   5.6e-07   0.00042   15.8   0.0    79   186    92   205    88   228 0.80 3379_37 # 38912 # 40261 # 1 # ID=807_37;partial=00;start_type=ATG;rbs_motif=GGAG/GAGG;rbs_spacer=5-10bp;gc_cont=0.534
3393:120320-121240|- -            307 932854at2            -           1620     0.029    9.7   0.0   1   1   4.5e-05     0.034    9.5   0.0   153   195   150   193    75   201 0.76 3393_110 # 120320 # 121240 # -1 # ID=821_110;partial=00;start_type=ATG;rbs_motif=GGAGG;rbs_spacer=5-10bp;gc_cont=0.516
#
# Program:         hmmsearch
# Version:         3.1b2 (February 2015)
# Pipeline mode:   SEARCH
# Query file:      /media/saurav/DATA/ubuntu/Learning/NGS/5-denovo/busco_downloads/lineages/bacteria_odb10/hmms/932854at2.hmm
# Target file:     5-qc/BUSCO/abyss_ecoli_ass.out/prodigal_output/predicted_genes/predicted.faa
# Option settings: hmmsearch --domtblout 5-qc/BUSCO/abyss_ecoli_ass.out/run_bacteria_odb10/hmmer_output/932854at2.out --cpu 1 /media/saurav/DATA/ubuntu/Learning/NGS/5-denovo/busco_downloads/lineages/bacteria_odb10/hmms/932854at2.hmm 5-qc/BUSCO/abyss_ecoli_ass.out/prodigal_output/predicted_genes/predicted.faa 
# Current dir:     /media/saurav/DATA/ubuntu/Learning/NGS/5-denovo
# Date:            Sun Jul 28 18:56:47 2024
# [ok]
