#                                                                            --- full sequence --- -------------- this domain -------------   hmm coord   ali coord   env coord
# target name        accession   tlen query name           accession   qlen   E-value  score  bias   #  of  c-Evalue  i-Evalue  score  bias  from    to  from    to  from    to  acc description of target
#------------------- ---------- ----- -------------------- ---------- ----- --------- ------ ----- --- --- --------- --------- ------ ----- ----- ----- ----- ----- ----- ----- ---- ---------------------
3399:31654-33675|+   -            674 95696at2             -            490  1.3e-232  770.8   7.7   1   3   2.9e-70   1.2e-67  226.7   0.1     1   123    35   157    35   166 0.97 3399_30 # 31654 # 33675 # 1 # ID=827_30;partial=00;start_type=ATG;rbs_motif=GGA/GAG/AGG;rbs_spacer=5-10bp;gc_cont=0.536
3399:31654-33675|+   -            674 95696at2             -            490  1.3e-232  770.8   7.7   2   3  2.7e-167  1.1e-164  546.7   0.8   114   477   167   590   161   601 0.89 3399_30 # 31654 # 33675 # 1 # ID=827_30;partial=00;start_type=ATG;rbs_motif=GGA/GAG/AGG;rbs_spacer=5-10bp;gc_cont=0.536
3399:31654-33675|+   -            674 95696at2             -            490  1.3e-232  770.8   7.7   3   3      0.14        59    0.1   0.1   462   490   633   662   625   662 0.83 3399_30 # 31654 # 33675 # 1 # ID=827_30;partial=00;start_type=ATG;rbs_motif=GGA/GAG/AGG;rbs_spacer=5-10bp;gc_cont=0.536
3384:75895-79389|-   -           1165 95696at2             -            490   2.4e-10   37.7   0.2   1   4     0.057        24    1.4   0.0     3    50    34    82    32   110 0.76 3384_85 # 75895 # 79389 # -1 # ID=812_85;partial=00;start_type=ATG;rbs_motif=None;rbs_spacer=None;gc_cont=0.546
3384:75895-79389|-   -           1165 95696at2             -            490   2.4e-10   37.7   0.2   2   4    0.0013      0.52    6.9   0.0   121   167   159   211   149   279 0.81 3384_85 # 75895 # 79389 # -1 # ID=812_85;partial=00;start_type=ATG;rbs_motif=None;rbs_spacer=None;gc_cont=0.546
3384:75895-79389|-   -           1165 95696at2             -            490   2.4e-10   37.7   0.2   3   4    0.0025         1    5.9   0.1   340   409   671   743   644   760 0.79 3384_85 # 75895 # 79389 # -1 # ID=812_85;partial=00;start_type=ATG;rbs_motif=None;rbs_spacer=None;gc_cont=0.546
3384:75895-79389|-   -           1165 95696at2             -            490   2.4e-10   37.7   0.2   4   4   6.4e-07   0.00026   17.8   0.1   346   439   839   926   835   954 0.79 3384_85 # 75895 # 79389 # -1 # ID=812_85;partial=00;start_type=ATG;rbs_motif=None;rbs_spacer=None;gc_cont=0.546
3406:58859-60193|+   -            445 95696at2             -            490   2.6e-09   34.3   0.0   1   2       2.6   1.1e+03   -4.1   0.0    27    47    80   100    76   113 0.52 3406_55 # 58859 # 60193 # 1 # ID=834_55;partial=00;start_type=ATG;rbs_motif=GGAG/GAGG;rbs_spacer=5-10bp;gc_cont=0.548
3406:58859-60193|+   -            445 95696at2             -            490   2.6e-09   34.3   0.0   2   2   1.3e-11   5.4e-09   33.2   0.0   335   435   247   342   205   356 0.86 3406_55 # 58859 # 60193 # 1 # ID=834_55;partial=00;start_type=ATG;rbs_motif=GGAG/GAGG;rbs_spacer=5-10bp;gc_cont=0.548
3377:39377-41575|+   -            733 95696at2             -            490   8.2e-08   29.3   0.1   1   2   9.2e-05     0.038   10.6   0.0     3    48   222   270   220   280 0.85 3377_33 # 39377 # 41575 # 1 # ID=805_33;partial=00;start_type=ATG;rbs_motif=AGGA;rbs_spacer=5-10bp;gc_cont=0.575
3377:39377-41575|+   -            733 95696at2             -            490   8.2e-08   29.3   0.1   2   2   1.5e-06   0.00062   16.5   0.0   379   441   525   596   508   602 0.74 3377_33 # 39377 # 41575 # 1 # ID=805_33;partial=00;start_type=ATG;rbs_motif=AGGA;rbs_spacer=5-10bp;gc_cont=0.575
3399:48998-50362|+   -            455 95696at2             -            490   8.8e-08   29.2   0.0   1   2      0.15        60    0.1   0.0    23    46    73    98    43   110 0.65 3399_48 # 48998 # 50362 # 1 # ID=827_48;partial=00;start_type=ATG;rbs_motif=GGAG/GAGG;rbs_spacer=5-10bp;gc_cont=0.567
3399:48998-50362|+   -            455 95696at2             -            490   8.8e-08   29.2   0.0   2   2   1.3e-09   5.4e-07   26.6   0.0   336   408   245   317   218   337 0.93 3399_48 # 48998 # 50362 # 1 # ID=827_48;partial=00;start_type=ATG;rbs_motif=GGAG/GAGG;rbs_spacer=5-10bp;gc_cont=0.567
3383:58214-60112|-   -            633 95696at2             -            490   4.5e-07   26.9   1.6   1   2     0.011       4.4    3.8   0.0     5    48    50    99    46   113 0.72 3383_58 # 58214 # 60112 # -1 # ID=811_58;partial=00;start_type=ATG;rbs_motif=AGGA/GGAG/GAGG;rbs_spacer=11-12bp;gc_cont=0.558
3383:58214-60112|-   -            633 95696at2             -            490   4.5e-07   26.9   1.6   2   2   4.4e-08   1.8e-05   21.6   0.7   339   444   248   350   241   371 0.81 3383_58 # 58214 # 60112 # -1 # ID=811_58;partial=00;start_type=ATG;rbs_motif=AGGA/GGAG/GAGG;rbs_spacer=11-12bp;gc_cont=0.558
3380:69308-70573|+   -            422 95696at2             -            490   7.1e-07   26.2   0.0   1   2      0.58   2.4e+02   -1.9   0.0    21    42    81   103    54   109 0.76 3380_68 # 69308 # 70573 # 1 # ID=808_68;partial=00;start_type=ATG;rbs_motif=None;rbs_spacer=None;gc_cont=0.525
3380:69308-70573|+   -            422 95696at2             -            490   7.1e-07   26.2   0.0   2   2   4.8e-09     2e-06   24.8   0.0   337   410   257   330   241   354 0.90 3380_68 # 69308 # 70573 # 1 # ID=808_68;partial=00;start_type=ATG;rbs_motif=None;rbs_spacer=None;gc_cont=0.525
3404:110163-111923|+ -            587 95696at2             -            490   1.3e-06   25.3   0.2   1   2   0.00052      0.21    8.2   0.0     6    44    32    70    27    77 0.88 3404_101 # 110163 # 111923 # 1 # ID=832_101;partial=00;start_type=ATG;rbs_motif=None;rbs_spacer=None;gc_cont=0.532
3404:110163-111923|+ -            587 95696at2             -            490   1.3e-06   25.3   0.2   2   2   4.1e-06    0.0017   15.1   0.0   328   412   244   326   233   344 0.82 3404_101 # 110163 # 111923 # 1 # ID=832_101;partial=00;start_type=ATG;rbs_motif=None;rbs_spacer=None;gc_cont=0.532
3398:114034-116115|- -            694 95696at2             -            490   2.5e-06   24.4   0.0   1   2    0.0079       3.2    4.3   0.0     3    48   294   342   292   350 0.76 3398_104 # 114034 # 116115 # -1 # ID=826_104;partial=00;start_type=ATG;rbs_motif=GGA/GAG/AGG;rbs_spacer=5-10bp;gc_cont=0.572
3398:114034-116115|- -            694 95696at2             -            490   2.5e-06   24.4   0.0   2   2     7e-07   0.00029   17.6   0.0   360   443   517   599   497   613 0.86 3398_104 # 114034 # 116115 # -1 # ID=826_104;partial=00;start_type=ATG;rbs_motif=GGA/GAG/AGG;rbs_spacer=5-10bp;gc_cont=0.572
3204:12292-13665|+   -            458 95696at2             -            490     6e-06   23.2   0.0   1   2    0.0012      0.47    7.0   0.0     5    49    47   100    43   105 0.70 3204_13 # 12292 # 13665 # 1 # ID=748_13;partial=00;start_type=GTG;rbs_motif=GGA/GAG/AGG;rbs_spacer=5-10bp;gc_cont=0.520
3204:12292-13665|+   -            458 95696at2             -            490     6e-06   23.2   0.0   2   2   8.4e-06    0.0035   14.1   0.0   339   412   244   317   233   355 0.85 3204_13 # 12292 # 13665 # 1 # ID=748_13;partial=00;start_type=GTG;rbs_motif=GGA/GAG/AGG;rbs_spacer=5-10bp;gc_cont=0.520
3380:27381-29216|-   -            612 95696at2             -            490      0.02   11.6   0.0   1   2       1.7     7e+02   -3.4   0.0   339   388    71   119    60   122 0.69 3380_29 # 27381 # 29216 # -1 # ID=808_29;partial=00;start_type=GTG;rbs_motif=GGA/GAG/AGG;rbs_spacer=5-10bp;gc_cont=0.551
3380:27381-29216|-   -            612 95696at2             -            490      0.02   11.6   0.0   2   2   0.00025       0.1    9.2   0.0   297   444   179   343   150   375 0.73 3380_29 # 27381 # 29216 # -1 # ID=808_29;partial=00;start_type=GTG;rbs_motif=GGA/GAG/AGG;rbs_spacer=5-10bp;gc_cont=0.551
#
# Program:         hmmsearch
# Version:         3.1b2 (February 2015)
# Pipeline mode:   SEARCH
# Query file:      /media/saurav/DATA/ubuntu/Learning/NGS/5-denovo/busco_downloads/lineages/bacteria_odb10/hmms/95696at2.hmm
# Target file:     5-qc/BUSCO/abyss_ecoli_ass.out/prodigal_output/predicted_genes/predicted.faa
# Option settings: hmmsearch --domtblout 5-qc/BUSCO/abyss_ecoli_ass.out/run_bacteria_odb10/hmmer_output/95696at2.out --cpu 1 /media/saurav/DATA/ubuntu/Learning/NGS/5-denovo/busco_downloads/lineages/bacteria_odb10/hmms/95696at2.hmm 5-qc/BUSCO/abyss_ecoli_ass.out/prodigal_output/predicted_genes/predicted.faa 
# Current dir:     /media/saurav/DATA/ubuntu/Learning/NGS/5-denovo
# Date:            Sun Jul 28 18:56:47 2024
# [ok]
