#                                                                            --- full sequence --- -------------- this domain -------------   hmm coord   ali coord   env coord
# target name        accession   tlen query name           accession   qlen   E-value  score  bias   #  of  c-Evalue  i-Evalue  score  bias  from    to  from    to  from    to  acc description of target
#------------------- ---------- ----- -------------------- ---------- ----- --------- ------ ----- --- --- --------- --------- ------ ----- ----- ----- ----- ----- ----- ----- ---- ---------------------
3406:48444-49349|-   -            302 984717at2            -            224   7.7e-69  229.6   7.1   1   1   4.9e-67   1.5e-64  215.6   7.1     1   221    10   291    10   297 0.78 3406_45 # 48444 # 49349 # -1 # ID=834_45;partial=00;start_type=ATG;rbs_motif=GGAG/GAGG;rbs_spacer=5-10bp;gc_cont=0.524
3387:114342-115808|- -            489 984717at2            -            224   1.2e-31  108.0   0.0   1   2   1.7e-17   5.3e-15   53.5   0.0     1   105     4   124     4   143 0.78 3387_118 # 114342 # 115808 # -1 # ID=815_118;partial=00;start_type=ATG;rbs_motif=GGAG/GAGG;rbs_spacer=5-10bp;gc_cont=0.524
3387:114342-115808|- -            489 984717at2            -            224   1.2e-31  108.0   0.0   2   2     5e-17   1.5e-14   52.1   0.2     2    88   205   300   204   337 0.71 3387_118 # 114342 # 115808 # -1 # ID=815_118;partial=00;start_type=ATG;rbs_motif=GGAG/GAGG;rbs_spacer=5-10bp;gc_cont=0.524
3398:53274-54638|-   -            455 984717at2            -            224     3e-13   47.8   0.0   1   1   1.6e-15   4.7e-13   47.2   0.0     2    84   219   307   218   347 0.87 3398_49 # 53274 # 54638 # -1 # ID=826_49;partial=00;start_type=ATG;rbs_motif=AGGA;rbs_spacer=5-10bp;gc_cont=0.563
3391:96873-98153|-   -            427 984717at2            -            224   7.8e-08   30.1   0.3   1   1   9.6e-10   2.9e-07   28.2   0.3     2   105   200   309   199   330 0.75 3391_95 # 96873 # 98153 # -1 # ID=819_95;partial=00;start_type=TTG;rbs_motif=GGAG/GAGG;rbs_spacer=5-10bp;gc_cont=0.539
3400:36156-37019|+   -            288 984717at2            -            224   6.8e-07   27.0   0.0   1   1   3.2e-09   9.8e-07   26.5   0.0     2    85    39   127    38   159 0.82 3400_38 # 36156 # 37019 # 1 # ID=828_38;partial=00;start_type=ATG;rbs_motif=AGGAG;rbs_spacer=5-10bp;gc_cont=0.542
3397:40724-43045|-   -            774 984717at2            -            224   7.5e-07   26.9   0.1   1   1   3.9e-09   1.2e-06   26.3   0.1     2    90     6   103     5   141 0.73 3397_33 # 40724 # 43045 # -1 # ID=825_33;partial=00;start_type=ATG;rbs_motif=None;rbs_spacer=None;gc_cont=0.548
3367:2-289|-         -             96 984717at2            -            224     1e-06   26.5   0.0   1   1   4.1e-09   1.2e-06   26.2   0.0     2    56    39    94    38    96 0.90 3367_1 # 2 # 289 # -1 # ID=795_1;partial=10;start_type=ATG;rbs_motif=AGGAG;rbs_spacer=5-10bp;gc_cont=0.521
3383:82834-84006|-   -            391 984717at2            -            224   5.4e-06   24.1   0.0   1   2   4.8e-06    0.0014   16.1   0.0     2    59   162   220   161   250 0.84 3383_77 # 82834 # 84006 # -1 # ID=811_77;partial=00;start_type=ATG;rbs_motif=GGAG/GAGG;rbs_spacer=5-10bp;gc_cont=0.531
3383:82834-84006|-   -            391 984717at2            -            224   5.4e-06   24.1   0.0   2   2    0.0064       1.9    5.9   0.0    77   119   261   303   250   312 0.77 3383_77 # 82834 # 84006 # -1 # ID=811_77;partial=00;start_type=ATG;rbs_motif=GGAG/GAGG;rbs_spacer=5-10bp;gc_cont=0.531
3383:65594-68266|-   -            891 984717at2            -            224   2.3e-05   22.0   0.1   1   3       5.6   1.7e+03   -3.7   0.4   159   199    83   123    81   127 0.84 3383_64 # 65594 # 68266 # -1 # ID=811_64;partial=00;start_type=ATG;rbs_motif=AGGA;rbs_spacer=5-10bp;gc_cont=0.535
3383:65594-68266|-   -            891 984717at2            -            224   2.3e-05   22.0   0.1   2   3       3.4     1e+03   -3.0   0.1   129   145   346   362   314   377 0.53 3383_64 # 65594 # 68266 # -1 # ID=811_64;partial=00;start_type=ATG;rbs_motif=AGGA;rbs_spacer=5-10bp;gc_cont=0.535
3383:65594-68266|-   -            891 984717at2            -            224   2.3e-05   22.0   0.1   3   3   7.6e-08   2.3e-05   22.0   0.1     2   105   394   504   393   524 0.79 3383_64 # 65594 # 68266 # -1 # ID=811_64;partial=00;start_type=ATG;rbs_motif=AGGA;rbs_spacer=5-10bp;gc_cont=0.535
3391:169287-171515|- -            743 984717at2            -            224   3.6e-05   21.4   0.7   1   2     9e-05     0.027   12.0   0.2     2    33    72   103    71   110 0.86 3391_162 # 169287 # 171515 # -1 # ID=819_162;partial=00;start_type=ATG;rbs_motif=AGGA;rbs_spacer=5-10bp;gc_cont=0.515
3391:169287-171515|- -            743 984717at2            -            224   3.6e-05   21.4   0.7   2   2    0.0041       1.2    6.6   0.0    40    91   224   276   220   323 0.63 3391_162 # 169287 # 171515 # -1 # ID=819_162;partial=00;start_type=ATG;rbs_motif=AGGA;rbs_spacer=5-10bp;gc_cont=0.515
3377:115199-115831|+ -            211 984717at2            -            224   9.6e-05   20.0   0.0   1   2   1.2e-06   0.00035   18.1   0.0     2    66    29    92    28   102 0.75 3377_109 # 115199 # 115831 # 1 # ID=805_109;partial=00;start_type=TTG;rbs_motif=GGAG/GAGG;rbs_spacer=5-10bp;gc_cont=0.517
3377:115199-115831|+ -            211 984717at2            -            224   9.6e-05   20.0   0.0   2   2      0.58   1.8e+02   -0.5   0.0    72    93   137   158   108   192 0.62 3377_109 # 115199 # 115831 # 1 # ID=805_109;partial=00;start_type=TTG;rbs_motif=GGAG/GAGG;rbs_spacer=5-10bp;gc_cont=0.517
3403:32725-33816|-   -            364 984717at2            -            224   0.00063   17.3   0.1   1   1   3.7e-06    0.0011   16.5   0.1     3    22     6    25     4    31 0.87 3403_31 # 32725 # 33816 # -1 # ID=831_31;partial=00;start_type=ATG;rbs_motif=GGA/GAG/AGG;rbs_spacer=11-12bp;gc_cont=0.510
3387:53453-53932|-   -            160 984717at2            -            224     0.009   13.5   0.1   1   1   0.00028     0.085   10.4   0.1     2    81     4    73     3   118 0.65 3387_60 # 53453 # 53932 # -1 # ID=815_60;partial=00;start_type=ATG;rbs_motif=GGAG/GAGG;rbs_spacer=5-10bp;gc_cont=0.500
3399:227961-229868|+ -            636 984717at2            -            224      0.03   11.8   0.2   1   2     0.003       0.9    7.0   0.0     2    19    32    49    31    53 0.88 3399_201 # 227961 # 229868 # 1 # ID=827_201;partial=00;start_type=ATG;rbs_motif=AGGA;rbs_spacer=5-10bp;gc_cont=0.524
3399:227961-229868|+ -            636 984717at2            -            224      0.03   11.8   0.2   2   2     0.065        20    2.6   0.0     2    22   348   368   347   380 0.92 3399_201 # 227961 # 229868 # 1 # ID=827_201;partial=00;start_type=ATG;rbs_motif=AGGA;rbs_spacer=5-10bp;gc_cont=0.524
3391:107169-108221|+ -            351 984717at2            -            224     0.033   11.7   0.7   1   2       0.2        61    1.0   0.1    80   105   141   166   114   199 0.64 3391_104 # 107169 # 108221 # 1 # ID=819_104;partial=00;start_type=TTG;rbs_motif=AGGAG;rbs_spacer=5-10bp;gc_cont=0.539
3391:107169-108221|+ -            351 984717at2            -            224     0.033   11.7   0.7   2   2   0.00083      0.25    8.8   0.1     5    28   213   236   209   250 0.86 3391_104 # 107169 # 108221 # 1 # ID=819_104;partial=00;start_type=TTG;rbs_motif=AGGAG;rbs_spacer=5-10bp;gc_cont=0.539
#
# Program:         hmmsearch
# Version:         3.1b2 (February 2015)
# Pipeline mode:   SEARCH
# Query file:      /media/saurav/DATA/ubuntu/Learning/NGS/5-denovo/busco_downloads/lineages/bacteria_odb10/hmms/984717at2.hmm
# Target file:     5-qc/BUSCO/abyss_ecoli_ass.out/prodigal_output/predicted_genes/predicted.faa
# Option settings: hmmsearch --domtblout 5-qc/BUSCO/abyss_ecoli_ass.out/run_bacteria_odb10/hmmer_output/984717at2.out --cpu 1 /media/saurav/DATA/ubuntu/Learning/NGS/5-denovo/busco_downloads/lineages/bacteria_odb10/hmms/984717at2.hmm 5-qc/BUSCO/abyss_ecoli_ass.out/prodigal_output/predicted_genes/predicted.faa 
# Current dir:     /media/saurav/DATA/ubuntu/Learning/NGS/5-denovo
# Date:            Sun Jul 28 18:56:47 2024
# [ok]
